#
# There is insufficient memory for the Java Runtime Environment to continue.
# Native memory allocation (malloc) failed to allocate 888640 bytes for Chunk::new
# Possible reasons:
#   The system is out of physical RAM or swap space
#   The process is running with CompressedOops enabled, and the Java Heap may be blocking the growth of the native heap
# Possible solutions:
#   Reduce memory load on the system
#   Increase physical memory or swap space
#   Check if swap backing store is full
#   Decrease Java heap size (-Xmx/-Xms)
#   Decrease number of Java threads
#   Decrease Java thread stack sizes (-Xss)
#   Set larger code cache with -XX:ReservedCodeCacheSize=
#   JVM is running with Unscaled Compressed Oops mode in which the Java heap is
#     placed in the first 4GB address space. The Java Heap base address is the
#     maximum limit for the native heap growth. Please use -XX:HeapBaseMinAddress
#     to set the Java Heap base and to place the Java Heap above 4GB virtual address.
# This output file may be truncated or incomplete.
#
#  Out of Memory Error (arena.cpp:189), pid=4696, tid=6228
#
# JRE version: OpenJDK Runtime Environment Temurin-17.0.7+7 (17.0.7+7) (build 17.0.7+7)
# Java VM: OpenJDK 64-Bit Server VM Temurin-17.0.7+7 (17.0.7+7, mixed mode, tiered, compressed oops, compressed class ptrs, parallel gc, windows-amd64)
# No core dump will be written. Minidumps are not enabled by default on client versions of Windows
#

---------------  S U M M A R Y ------------

Command Line: --add-modules=ALL-SYSTEM --add-opens=java.base/java.util=ALL-UNNAMED --add-opens=java.base/java.lang=ALL-UNNAMED --add-opens=java.base/sun.nio.fs=ALL-UNNAMED -Declipse.application=org.eclipse.jdt.ls.core.id1 -Dosgi.bundles.defaultStartLevel=4 -Declipse.product=org.eclipse.jdt.ls.core.product -Djava.import.generatesMetadataFilesAtProjectRoot=false -Dfile.encoding=utf8 -XX:+UseParallelGC -XX:GCTimeRatio=4 -XX:AdaptiveSizePolicyWeight=90 -Dsun.zip.disableMemoryMapping=true -Xmx1G -Xms100m -Xlog:disable -javaagent:c:\Users\shiden\.vscode\extensions\redhat.java-1.21.0-win32-x64\lombok\lombok-1.18.28.jar -XX:+HeapDumpOnOutOfMemoryError -XX:HeapDumpPath=c:\Users\shiden\AppData\Roaming\Code\User\workspaceStorage\d4d7edd73409818630550ea46e1e96b1\redhat.java -Daether.dependencyCollector.impl=bf c:\Users\shiden\.vscode\extensions\redhat.java-1.21.0-win32-x64\server\plugins\org.eclipse.equinox.launcher_1.6.500.v20230717-2134.jar -configuration c:\Users\shiden\AppData\Roaming\Code\User\globalStorage\redhat.java\1.21.0\config_win -data c:\Users\shiden\AppData\Roaming\Code\User\workspaceStorage\d4d7edd73409818630550ea46e1e96b1\redhat.java\jdt_ws

Host: AMD Ryzen 3 5300U with Radeon Graphics         , 8 cores, 3G,  Windows 10 , 64 bit Build 19041 (10.0.19041.2913)
Time: Fri Aug 11 13:09:28 2023 Türkiye Standart Saati elapsed time: 3.287774 seconds (0d 0h 0m 3s)

---------------  T H R E A D  ---------------

Current thread (0x00000193795c1270):  JavaThread "C2 CompilerThread0" daemon [_thread_in_native, id=6228, stack(0x000000466dc00000,0x000000466dd00000)]


Current CompileTask:
C2:   3287 2770       4       lombok.patcher.PatchScript$MethodPatcher::visitMethod (158 bytes)

Stack: [0x000000466dc00000,0x000000466dd00000]
Native frames: (J=compiled Java code, j=interpreted, Vv=VM code, C=native code)
V  [jvm.dll+0x67754a]
V  [jvm.dll+0x834304]
V  [jvm.dll+0x835aae]
V  [jvm.dll+0x836113]
V  [jvm.dll+0x24696f]
V  [jvm.dll+0xac0ac]
V  [jvm.dll+0xac67c]
V  [jvm.dll+0x364e37]
V  [jvm.dll+0x32f6b1]
V  [jvm.dll+0x32eb5a]
V  [jvm.dll+0x219641]
V  [jvm.dll+0x218a61]
V  [jvm.dll+0x1a4d8d]
V  [jvm.dll+0x2284da]
V  [jvm.dll+0x226615]
V  [jvm.dll+0x7ea90b]
V  [jvm.dll+0x7e4e7a]
V  [jvm.dll+0x676395]
C  [ucrtbase.dll+0x21bb2]
C  [KERNEL32.DLL+0x17614]
C  [ntdll.dll+0x526a1]


---------------  P R O C E S S  ---------------

Threads class SMR info:
_java_thread_list=0x000001937bc8bff0, length=25, elements={
0x00000193603b0080, 0x000001937422f750, 0x0000019374230840, 0x000001937423b1a0,
0x000001937423c010, 0x000001937423d620, 0x000001937423e870, 0x00000193795c1270,
0x00000193795e4420, 0x00000193795ed5e0, 0x000001936046fab0, 0x00000193798c24e0,
0x000001937ab086f0, 0x000001937aed6de0, 0x000001937af7af30, 0x000001937ae6aaa0,
0x000001937afd08f0, 0x000001937b0f4970, 0x000001937b088e20, 0x000001937b0892f0,
0x000001937b0897c0, 0x000001937b087fb0, 0x000001937b088480, 0x000001937b762f00,
0x000001937b761bc0
}

Java Threads: ( => current thread )
  0x00000193603b0080 JavaThread "main" [_thread_blocked, id=11356, stack(0x000000466d300000,0x000000466d400000)]
  0x000001937422f750 JavaThread "Reference Handler" daemon [_thread_blocked, id=5164, stack(0x000000466d600000,0x000000466d700000)]
  0x0000019374230840 JavaThread "Finalizer" daemon [_thread_blocked, id=8140, stack(0x000000466d700000,0x000000466d800000)]
  0x000001937423b1a0 JavaThread "Signal Dispatcher" daemon [_thread_blocked, id=2728, stack(0x000000466d800000,0x000000466d900000)]
  0x000001937423c010 JavaThread "Attach Listener" daemon [_thread_blocked, id=7216, stack(0x000000466d900000,0x000000466da00000)]
  0x000001937423d620 JavaThread "Service Thread" daemon [_thread_blocked, id=10012, stack(0x000000466da00000,0x000000466db00000)]
  0x000001937423e870 JavaThread "Monitor Deflation Thread" daemon [_thread_blocked, id=11848, stack(0x000000466db00000,0x000000466dc00000)]
=>0x00000193795c1270 JavaThread "C2 CompilerThread0" daemon [_thread_in_native, id=6228, stack(0x000000466dc00000,0x000000466dd00000)]
  0x00000193795e4420 JavaThread "C1 CompilerThread0" daemon [_thread_in_native, id=2420, stack(0x000000466dd00000,0x000000466de00000)]
  0x00000193795ed5e0 JavaThread "Sweeper thread" daemon [_thread_blocked, id=6164, stack(0x000000466de00000,0x000000466df00000)]
  0x000001936046fab0 JavaThread "Common-Cleaner" daemon [_thread_blocked, id=11440, stack(0x000000466df00000,0x000000466e000000)]
  0x00000193798c24e0 JavaThread "Notification Thread" daemon [_thread_blocked, id=6372, stack(0x000000466e100000,0x000000466e200000)]
  0x000001937ab086f0 JavaThread "Active Thread: Equinox Container: dbc40267-128e-4c22-b487-d831bb343d56" [_thread_blocked, id=11120, stack(0x000000466e900000,0x000000466ea00000)]
  0x000001937aed6de0 JavaThread "Framework Event Dispatcher: Equinox Container: dbc40267-128e-4c22-b487-d831bb343d56" daemon [_thread_blocked, id=10148, stack(0x000000466ea00000,0x000000466eb00000)]
  0x000001937af7af30 JavaThread "Start Level: Equinox Container: dbc40267-128e-4c22-b487-d831bb343d56" daemon [_thread_blocked, id=4976, stack(0x000000466eb00000,0x000000466ec00000)]
  0x000001937ae6aaa0 JavaThread "SCR Component Actor" daemon [_thread_blocked, id=8284, stack(0x000000466ec00000,0x000000466ed00000)]
  0x000001937afd08f0 JavaThread "SCR Component Registry" daemon [_thread_blocked, id=2032, stack(0x000000466ee00000,0x000000466ef00000)]
  0x000001937b0f4970 JavaThread "Worker-JM" [_thread_blocked, id=3536, stack(0x000000466e000000,0x000000466e100000)]
  0x000001937b088e20 JavaThread "Worker-0: Updating Maven Dependencies" [_thread_in_Java, id=7948, stack(0x000000466ef00000,0x000000466f000000)]
  0x000001937b0892f0 JavaThread "Worker-1" [_thread_blocked, id=2108, stack(0x000000466f000000,0x000000466f100000)]
  0x000001937b0897c0 JavaThread "Java indexing" daemon [_thread_blocked, id=4432, stack(0x000000466f100000,0x000000466f200000)]
  0x000001937b087fb0 JavaThread "JNA Cleaner" daemon [_thread_blocked, id=2740, stack(0x000000466f200000,0x000000466f300000)]
  0x000001937b088480 JavaThread "pool-2-thread-1" [_thread_blocked, id=11556, stack(0x000000466f300000,0x000000466f400000)]
  0x000001937b762f00 JavaThread "WorkspaceEventsHandler" [_thread_blocked, id=9516, stack(0x000000466f400000,0x000000466f500000)]
  0x000001937b761bc0 JavaThread "pool-1-thread-1" [_thread_in_vm, id=7264, stack(0x000000466f500000,0x000000466f600000)]

Other Threads:
  0x000001936047ec80 VMThread "VM Thread" [stack: 0x000000466d500000,0x000000466d600000] [id=6528]
  0x00000193798c29b0 WatcherThread [stack: 0x000000466e200000,0x000000466e300000] [id=4348]
  0x00000193603c8800 GCTaskThread "GC Thread#0" [stack: 0x000000466d400000,0x000000466d500000] [id=3256]
  0x000001937ab0fc90 GCTaskThread "GC Thread#1" [stack: 0x000000466e300000,0x000000466e400000] [id=10540]
  0x000001937abe5fe0 GCTaskThread "GC Thread#2" [stack: 0x000000466e400000,0x000000466e500000] [id=10408]
  0x000001937abc1430 GCTaskThread "GC Thread#3" [stack: 0x000000466e500000,0x000000466e600000] [id=10632]
  0x000001937abc16e0 GCTaskThread "GC Thread#4" [stack: 0x000000466e600000,0x000000466e700000] [id=1052]
  0x000001937abc1990 GCTaskThread "GC Thread#5" [stack: 0x000000466e700000,0x000000466e800000] [id=10788]
  0x000001937af155c0 GCTaskThread "GC Thread#6" [stack: 0x000000466e800000,0x000000466e900000] [id=5100]
  0x000001937af93020 GCTaskThread "GC Thread#7" [stack: 0x000000466ed00000,0x000000466ee00000] [id=8664]

Threads with active compile tasks:
C2 CompilerThread0     3299 2770       4       lombok.patcher.PatchScript$MethodPatcher::visitMethod (158 bytes)
C1 CompilerThread0     3299 3222       2       com.google.gson.internal.$Gson$Types::resolve (499 bytes)

VM state: not at safepoint (normal execution)

VM Mutex/Monitor currently owned by a thread:  ([mutex/lock_event])
[0x00000193603aafe0] SystemDictionary_lock - owner thread: 0x0000000000000000

Heap address: 0x00000000c0000000, size: 1024 MB, Compressed Oops mode: 32-bit

CDS archive(s) not mapped
Compressed class space mapped at: 0x0000000100000000-0x0000000140000000, reserved size: 1073741824
Narrow klass base: 0x0000000000000000, Narrow klass shift: 3, Narrow klass range: 0x140000000

GC Precious Log:
 CPUs: 8 total, 8 available
 Memory: 3429M
 Large Page Support: Disabled
 NUMA Support: Disabled
 Compressed Oops: Enabled (32-bit)
 Alignments: Space 512K, Generation 512K, Heap 2M
 Heap Min Capacity: 100M
 Heap Initial Capacity: 100M
 Heap Max Capacity: 1G
 Pre-touch: Disabled
 Parallel Workers: 8

Heap:
 PSYoungGen      total 24576K, used 8018K [0x00000000eab00000, 0x00000000ec800000, 0x0000000100000000)
  eden space 23040K, 34% used [0x00000000eab00000,0x00000000eb2d49e0,0x00000000ec180000)
  from space 1536K, 0% used [0x00000000ec180000,0x00000000ec180000,0x00000000ec300000)
  to   space 3072K, 0% used [0x00000000ec500000,0x00000000ec500000,0x00000000ec800000)
 ParOldGen       total 68608K, used 12617K [0x00000000c0000000, 0x00000000c4300000, 0x00000000eab00000)
  object space 68608K, 18% used [0x00000000c0000000,0x00000000c0c52728,0x00000000c4300000)
 Metaspace       used 36308K, committed 37056K, reserved 1114112K
  class space    used 3727K, committed 4032K, reserved 1048576K

Card table byte_map: [0x000001935fd90000,0x000001935ffa0000] _byte_map_base: 0x000001935f790000

Marking Bits: (ParMarkBitMap*) 0x00007ffa614552c0
 Begin Bits: [0x0000019372040000, 0x0000019373040000)
 End Bits:   [0x0000019373040000, 0x0000019374040000)

Polling page: 0x000001935fb80000

Metaspace:

Usage:
  Non-class:     31.83 MB used.
      Class:      3.64 MB used.
       Both:     35.47 MB used.

Virtual space:
  Non-class space:       64.00 MB reserved,      32.25 MB ( 50%) committed,  1 nodes.
      Class space:        1.00 GB reserved,       3.94 MB ( <1%) committed,  1 nodes.
             Both:        1.06 GB reserved,      36.19 MB (  3%) committed. 

Chunk freelists:
   Non-Class:  15.70 MB
       Class:  12.01 MB
        Both:  27.71 MB

MaxMetaspaceSize: unlimited
CompressedClassSpaceSize: 1.00 GB
Initial GC threshold: 21.00 MB
Current GC threshold: 58.38 MB
CDS: off
MetaspaceReclaimPolicy: balanced
 - commit_granule_bytes: 65536.
 - commit_granule_words: 8192.
 - virtual_space_node_default_size: 8388608.
 - enlarge_chunks_in_place: 1.
 - new_chunks_are_fully_committed: 0.
 - uncommit_free_chunks: 1.
 - use_allocation_guard: 0.
 - handle_deallocations: 1.


Internal statistics:

num_allocs_failed_limit: 6.
num_arena_births: 374.
num_arena_deaths: 14.
num_vsnodes_births: 2.
num_vsnodes_deaths: 0.
num_space_committed: 579.
num_space_uncommitted: 0.
num_chunks_returned_to_freelist: 20.
num_chunks_taken_from_freelist: 1496.
num_chunk_merges: 10.
num_chunk_splits: 979.
num_chunks_enlarged: 660.
num_inconsistent_stats: 0.

CodeHeap 'non-profiled nmethods': size=120000Kb used=1246Kb max_used=1246Kb free=118753Kb
 bounds [0x000001936ab10000, 0x000001936ad80000, 0x0000019372040000]
CodeHeap 'profiled nmethods': size=120000Kb used=6274Kb max_used=6274Kb free=113725Kb
 bounds [0x0000019363040000, 0x0000019363670000, 0x000001936a570000]
CodeHeap 'non-nmethods': size=5760Kb used=1268Kb max_used=1310Kb free=4491Kb
 bounds [0x000001936a570000, 0x000001936a7e0000, 0x000001936ab10000]
 total_blobs=3794 nmethods=3202 adapters=505
 compilation: enabled
              stopped_count=0, restarted_count=0
 full_count=0

Compilation events (20 events):
Event: 3.266 Thread 0x00000193795e4420 3196       2       sun.reflect.generics.scope.AbstractScope::<init> (10 bytes)
Event: 3.266 Thread 0x00000193795e4420 nmethod 3196 0x0000019363658890 code [0x0000019363658a20, 0x0000019363658b38]
Event: 3.266 Thread 0x00000193795e4420 3197       2       sun.reflect.generics.factory.CoreReflectionFactory::make (10 bytes)
Event: 3.266 Thread 0x00000193795e4420 nmethod 3197 0x0000019363658c10 code [0x0000019363658da0, 0x0000019363658f18]
Event: 3.266 Thread 0x00000193795e4420 3198       2       sun.reflect.generics.factory.CoreReflectionFactory::<init> (15 bytes)
Event: 3.267 Thread 0x00000193795e4420 nmethod 3198 0x0000019363659010 code [0x00000193636591a0, 0x00000193636592d8]
Event: 3.269 Thread 0x00000193795e4420 3199       1       com.google.gson.reflect.TypeToken::getRawType (5 bytes)
Event: 3.269 Thread 0x00000193795e4420 nmethod 3199 0x000001936ac46410 code [0x000001936ac465a0, 0x000001936ac46678]
Event: 3.274 Thread 0x00000193795e4420 3200       1       java.util.Collections$SingletonList::size (2 bytes)
Event: 3.274 Thread 0x00000193795e4420 nmethod 3200 0x000001936ac46710 code [0x000001936ac468a0, 0x000001936ac46978]
Event: 3.278 Thread 0x00000193795e4420 3202       1       com.google.gson.reflect.TypeToken::getType (5 bytes)
Event: 3.278 Thread 0x00000193795e4420 nmethod 3202 0x000001936ac46e10 code [0x000001936ac46fa0, 0x000001936ac47078]
Event: 3.278 Thread 0x00000193795e4420 3203       2       java.lang.Class::isLocalOrAnonymousClass (5 bytes)
Event: 3.278 Thread 0x00000193795e4420 nmethod 3203 0x0000019363659390 code [0x0000019363659540, 0x0000019363659698]
Event: 3.278 Thread 0x00000193795e4420 3204       2       java.lang.Class::hasEnclosingMethodInfo (17 bytes)
Event: 3.278 Thread 0x00000193795e4420 nmethod 3204 0x0000019363659790 code [0x0000019363659940, 0x0000019363659ab8]
Event: 3.278 Thread 0x00000193795e4420 3205       2       com.google.gson.internal.bind.TypeAdapters$31::create (20 bytes)
Event: 3.278 Thread 0x00000193795e4420 nmethod 3205 0x0000019363659b90 code [0x0000019363659d20, 0x0000019363659e78]
Event: 3.278 Thread 0x00000193795e4420 3206       1       com.google.gson.reflect.TypeToken::hashCode (5 bytes)
Event: 3.278 Thread 0x00000193795e4420 nmethod 3206 0x000001936ac47110 code [0x000001936ac472a0, 0x000001936ac47378]

GC Heap History (20 events):
Event: 1.360 GC heap before
{Heap before GC invocations=2 (full 0):
 PSYoungGen      total 29696K, used 28761K [0x00000000eab00000, 0x00000000ecc00000, 0x0000000100000000)
  eden space 25600K, 100% used [0x00000000eab00000,0x00000000ec400000,0x00000000ec400000)
  from space 4096K, 77% used [0x00000000ec400000,0x00000000ec7164a0,0x00000000ec800000)
  to   space 4096K, 0% used [0x00000000ec800000,0x00000000ec800000,0x00000000ecc00000)
 ParOldGen       total 68608K, used 16K [0x00000000c0000000, 0x00000000c4300000, 0x00000000eab00000)
  object space 68608K, 0% used [0x00000000c0000000,0x00000000c0004000,0x00000000c4300000)
 Metaspace       used 14936K, committed 15232K, reserved 1114112K
  class space    used 1516K, committed 1664K, reserved 1048576K
}
Event: 1.367 GC heap after
{Heap after GC invocations=2 (full 0):
 PSYoungGen      total 29696K, used 4079K [0x00000000eab00000, 0x00000000ecc00000, 0x0000000100000000)
  eden space 25600K, 0% used [0x00000000eab00000,0x00000000eab00000,0x00000000ec400000)
  from space 4096K, 99% used [0x00000000ec800000,0x00000000ecbfbce0,0x00000000ecc00000)
  to   space 4096K, 0% used [0x00000000ec400000,0x00000000ec400000,0x00000000ec800000)
 ParOldGen       total 68608K, used 1398K [0x00000000c0000000, 0x00000000c4300000, 0x00000000eab00000)
  object space 68608K, 2% used [0x00000000c0000000,0x00000000c015d860,0x00000000c4300000)
 Metaspace       used 14936K, committed 15232K, reserved 1114112K
  class space    used 1516K, committed 1664K, reserved 1048576K
}
Event: 1.814 GC heap before
{Heap before GC invocations=3 (full 0):
 PSYoungGen      total 29696K, used 29679K [0x00000000eab00000, 0x00000000ecc00000, 0x0000000100000000)
  eden space 25600K, 100% used [0x00000000eab00000,0x00000000ec400000,0x00000000ec400000)
  from space 4096K, 99% used [0x00000000ec800000,0x00000000ecbfbce0,0x00000000ecc00000)
  to   space 4096K, 0% used [0x00000000ec400000,0x00000000ec400000,0x00000000ec800000)
 ParOldGen       total 68608K, used 1398K [0x00000000c0000000, 0x00000000c4300000, 0x00000000eab00000)
  object space 68608K, 2% used [0x00000000c0000000,0x00000000c015d860,0x00000000c4300000)
 Metaspace       used 19899K, committed 20288K, reserved 1114112K
  class space    used 2022K, committed 2176K, reserved 1048576K
}
Event: 1.820 GC heap after
{Heap after GC invocations=3 (full 0):
 PSYoungGen      total 29696K, used 4077K [0x00000000eab00000, 0x00000000ecc00000, 0x0000000100000000)
  eden space 25600K, 0% used [0x00000000eab00000,0x00000000eab00000,0x00000000ec400000)
  from space 4096K, 99% used [0x00000000ec400000,0x00000000ec7fb548,0x00000000ec800000)
  to   space 4096K, 0% used [0x00000000ec800000,0x00000000ec800000,0x00000000ecc00000)
 ParOldGen       total 68608K, used 3419K [0x00000000c0000000, 0x00000000c4300000, 0x00000000eab00000)
  object space 68608K, 4% used [0x00000000c0000000,0x00000000c0356c30,0x00000000c4300000)
 Metaspace       used 19899K, committed 20288K, reserved 1114112K
  class space    used 2022K, committed 2176K, reserved 1048576K
}
Event: 1.942 GC heap before
{Heap before GC invocations=4 (full 0):
 PSYoungGen      total 29696K, used 10788K [0x00000000eab00000, 0x00000000ecc00000, 0x0000000100000000)
  eden space 25600K, 26% used [0x00000000eab00000,0x00000000eb18dc10,0x00000000ec400000)
  from space 4096K, 99% used [0x00000000ec400000,0x00000000ec7fb548,0x00000000ec800000)
  to   space 4096K, 0% used [0x00000000ec800000,0x00000000ec800000,0x00000000ecc00000)
 ParOldGen       total 68608K, used 3419K [0x00000000c0000000, 0x00000000c4300000, 0x00000000eab00000)
  object space 68608K, 4% used [0x00000000c0000000,0x00000000c0356c30,0x00000000c4300000)
 Metaspace       used 21018K, committed 21504K, reserved 1114112K
  class space    used 2144K, committed 2368K, reserved 1048576K
}
Event: 1.946 GC heap after
{Heap after GC invocations=4 (full 0):
 PSYoungGen      total 29696K, used 4081K [0x00000000eab00000, 0x00000000ecc00000, 0x0000000100000000)
  eden space 25600K, 0% used [0x00000000eab00000,0x00000000eab00000,0x00000000ec400000)
  from space 4096K, 99% used [0x00000000ec800000,0x00000000ecbfc6f8,0x00000000ecc00000)
  to   space 4096K, 0% used [0x00000000ec400000,0x00000000ec400000,0x00000000ec800000)
 ParOldGen       total 68608K, used 3715K [0x00000000c0000000, 0x00000000c4300000, 0x00000000eab00000)
  object space 68608K, 5% used [0x00000000c0000000,0x00000000c03a0c30,0x00000000c4300000)
 Metaspace       used 21018K, committed 21504K, reserved 1114112K
  class space    used 2144K, committed 2368K, reserved 1048576K
}
Event: 1.946 GC heap before
{Heap before GC invocations=5 (full 1):
 PSYoungGen      total 29696K, used 4081K [0x00000000eab00000, 0x00000000ecc00000, 0x0000000100000000)
  eden space 25600K, 0% used [0x00000000eab00000,0x00000000eab00000,0x00000000ec400000)
  from space 4096K, 99% used [0x00000000ec800000,0x00000000ecbfc6f8,0x00000000ecc00000)
  to   space 4096K, 0% used [0x00000000ec400000,0x00000000ec400000,0x00000000ec800000)
 ParOldGen       total 68608K, used 3715K [0x00000000c0000000, 0x00000000c4300000, 0x00000000eab00000)
  object space 68608K, 5% used [0x00000000c0000000,0x00000000c03a0c30,0x00000000c4300000)
 Metaspace       used 21018K, committed 21504K, reserved 1114112K
  class space    used 2144K, committed 2368K, reserved 1048576K
}
Event: 1.965 GC heap after
{Heap after GC invocations=5 (full 1):
 PSYoungGen      total 29696K, used 0K [0x00000000eab00000, 0x00000000ecc00000, 0x0000000100000000)
  eden space 25600K, 0% used [0x00000000eab00000,0x00000000eab00000,0x00000000ec400000)
  from space 4096K, 0% used [0x00000000ec800000,0x00000000ec800000,0x00000000ecc00000)
  to   space 4096K, 0% used [0x00000000ec400000,0x00000000ec400000,0x00000000ec800000)
 ParOldGen       total 68608K, used 7582K [0x00000000c0000000, 0x00000000c4300000, 0x00000000eab00000)
  object space 68608K, 11% used [0x00000000c0000000,0x00000000c0767990,0x00000000c4300000)
 Metaspace       used 21004K, committed 21504K, reserved 1114112K
  class space    used 2140K, committed 2368K, reserved 1048576K
}
Event: 2.318 GC heap before
{Heap before GC invocations=6 (full 1):
 PSYoungGen      total 29696K, used 25600K [0x00000000eab00000, 0x00000000ecc00000, 0x0000000100000000)
  eden space 25600K, 100% used [0x00000000eab00000,0x00000000ec400000,0x00000000ec400000)
  from space 4096K, 0% used [0x00000000ec800000,0x00000000ec800000,0x00000000ecc00000)
  to   space 4096K, 0% used [0x00000000ec400000,0x00000000ec400000,0x00000000ec800000)
 ParOldGen       total 68608K, used 7582K [0x00000000c0000000, 0x00000000c4300000, 0x00000000eab00000)
  object space 68608K, 11% used [0x00000000c0000000,0x00000000c0767990,0x00000000c4300000)
 Metaspace       used 24500K, committed 25088K, reserved 1114112K
  class space    used 2545K, committed 2816K, reserved 1048576K
}
Event: 2.319 GC heap after
{Heap after GC invocations=6 (full 1):
 PSYoungGen      total 28160K, used 2664K [0x00000000eab00000, 0x00000000eca80000, 0x0000000100000000)
  eden space 25088K, 0% used [0x00000000eab00000,0x00000000eab00000,0x00000000ec380000)
  from space 3072K, 86% used [0x00000000ec400000,0x00000000ec69a058,0x00000000ec700000)
  to   space 3584K, 0% used [0x00000000ec700000,0x00000000ec700000,0x00000000eca80000)
 ParOldGen       total 68608K, used 7590K [0x00000000c0000000, 0x00000000c4300000, 0x00000000eab00000)
  object space 68608K, 11% used [0x00000000c0000000,0x00000000c0769990,0x00000000c4300000)
 Metaspace       used 24500K, committed 25088K, reserved 1114112K
  class space    used 2545K, committed 2816K, reserved 1048576K
}
Event: 2.496 GC heap before
{Heap before GC invocations=7 (full 1):
 PSYoungGen      total 28160K, used 27752K [0x00000000eab00000, 0x00000000eca80000, 0x0000000100000000)
  eden space 25088K, 100% used [0x00000000eab00000,0x00000000ec380000,0x00000000ec380000)
  from space 3072K, 86% used [0x00000000ec400000,0x00000000ec69a058,0x00000000ec700000)
  to   space 3584K, 0% used [0x00000000ec700000,0x00000000ec700000,0x00000000eca80000)
 ParOldGen       total 68608K, used 7590K [0x00000000c0000000, 0x00000000c4300000, 0x00000000eab00000)
  object space 68608K, 11% used [0x00000000c0000000,0x00000000c0769990,0x00000000c4300000)
 Metaspace       used 28040K, committed 28672K, reserved 1114112K
  class space    used 2800K, committed 3072K, reserved 1048576K
}
Event: 2.498 GC heap after
{Heap after GC invocations=7 (full 1):
 PSYoungGen      total 28160K, used 3175K [0x00000000eab00000, 0x00000000eca80000, 0x0000000100000000)
  eden space 24576K, 0% used [0x00000000eab00000,0x00000000eab00000,0x00000000ec300000)
  from space 3584K, 88% used [0x00000000ec700000,0x00000000eca19ea0,0x00000000eca80000)
  to   space 3584K, 0% used [0x00000000ec380000,0x00000000ec380000,0x00000000ec700000)
 ParOldGen       total 68608K, used 7590K [0x00000000c0000000, 0x00000000c4300000, 0x00000000eab00000)
  object space 68608K, 11% used [0x00000000c0000000,0x00000000c0769990,0x00000000c4300000)
 Metaspace       used 28040K, committed 28672K, reserved 1114112K
  class space    used 2800K, committed 3072K, reserved 1048576K
}
Event: 2.670 GC heap before
{Heap before GC invocations=8 (full 1):
 PSYoungGen      total 28160K, used 27751K [0x00000000eab00000, 0x00000000eca80000, 0x0000000100000000)
  eden space 24576K, 100% used [0x00000000eab00000,0x00000000ec300000,0x00000000ec300000)
  from space 3584K, 88% used [0x00000000ec700000,0x00000000eca19ea0,0x00000000eca80000)
  to   space 3584K, 0% used [0x00000000ec380000,0x00000000ec380000,0x00000000ec700000)
 ParOldGen       total 68608K, used 7590K [0x00000000c0000000, 0x00000000c4300000, 0x00000000eab00000)
  object space 68608K, 11% used [0x00000000c0000000,0x00000000c0769990,0x00000000c4300000)
 Metaspace       used 30743K, committed 31424K, reserved 1114112K
  class space    used 3022K, committed 3328K, reserved 1048576K
}
Event: 2.673 GC heap after
{Heap after GC invocations=8 (full 1):
 PSYoungGen      total 27648K, used 3566K [0x00000000eab00000, 0x00000000eca80000, 0x0000000100000000)
  eden space 24064K, 0% used [0x00000000eab00000,0x00000000eab00000,0x00000000ec280000)
  from space 3584K, 99% used [0x00000000ec380000,0x00000000ec6fbbc8,0x00000000ec700000)
  to   space 3584K, 0% used [0x00000000ec700000,0x00000000ec700000,0x00000000eca80000)
 ParOldGen       total 68608K, used 7861K [0x00000000c0000000, 0x00000000c4300000, 0x00000000eab00000)
  object space 68608K, 11% used [0x00000000c0000000,0x00000000c07ad540,0x00000000c4300000)
 Metaspace       used 30743K, committed 31424K, reserved 1114112K
  class space    used 3022K, committed 3328K, reserved 1048576K
}
Event: 3.152 GC heap before
{Heap before GC invocations=9 (full 1):
 PSYoungGen      total 27648K, used 27630K [0x00000000eab00000, 0x00000000eca80000, 0x0000000100000000)
  eden space 24064K, 100% used [0x00000000eab00000,0x00000000ec280000,0x00000000ec280000)
  from space 3584K, 99% used [0x00000000ec380000,0x00000000ec6fbbc8,0x00000000ec700000)
  to   space 3584K, 0% used [0x00000000ec700000,0x00000000ec700000,0x00000000eca80000)
 ParOldGen       total 68608K, used 7861K [0x00000000c0000000, 0x00000000c4300000, 0x00000000eab00000)
  object space 68608K, 11% used [0x00000000c0000000,0x00000000c07ad540,0x00000000c4300000)
 Metaspace       used 34861K, committed 35584K, reserved 1114112K
  class space    used 3534K, committed 3840K, reserved 1048576K
}
Event: 3.156 GC heap after
{Heap after GC invocations=9 (full 1):
 PSYoungGen      total 26624K, used 3579K [0x00000000eab00000, 0x00000000ecd00000, 0x0000000100000000)
  eden space 23040K, 0% used [0x00000000eab00000,0x00000000eab00000,0x00000000ec180000)
  from space 3584K, 99% used [0x00000000ec700000,0x00000000eca7ef38,0x00000000eca80000)
  to   space 5632K, 0% used [0x00000000ec180000,0x00000000ec180000,0x00000000ec700000)
 ParOldGen       total 68608K, used 9213K [0x00000000c0000000, 0x00000000c4300000, 0x00000000eab00000)
  object space 68608K, 13% used [0x00000000c0000000,0x00000000c08ff610,0x00000000c4300000)
 Metaspace       used 34861K, committed 35584K, reserved 1114112K
  class space    used 3534K, committed 3840K, reserved 1048576K
}
Event: 3.180 GC heap before
{Heap before GC invocations=10 (full 1):
 PSYoungGen      total 26624K, used 5778K [0x00000000eab00000, 0x00000000ecd00000, 0x0000000100000000)
  eden space 23040K, 9% used [0x00000000eab00000,0x00000000ead259a8,0x00000000ec180000)
  from space 3584K, 99% used [0x00000000ec700000,0x00000000eca7ef38,0x00000000eca80000)
  to   space 5632K, 0% used [0x00000000ec180000,0x00000000ec180000,0x00000000ec700000)
 ParOldGen       total 68608K, used 9213K [0x00000000c0000000, 0x00000000c4300000, 0x00000000eab00000)
  object space 68608K, 13% used [0x00000000c0000000,0x00000000c08ff610,0x00000000c4300000)
 Metaspace       used 35133K, committed 35840K, reserved 1114112K
  class space    used 3570K, committed 3904K, reserved 1048576K
}
Event: 3.183 GC heap after
{Heap after GC invocations=10 (full 1):
 PSYoungGen      total 24576K, used 1531K [0x00000000eab00000, 0x00000000ec800000, 0x0000000100000000)
  eden space 23040K, 0% used [0x00000000eab00000,0x00000000eab00000,0x00000000ec180000)
  from space 1536K, 99% used [0x00000000ec180000,0x00000000ec2fef50,0x00000000ec300000)
  to   space 3072K, 0% used [0x00000000ec500000,0x00000000ec500000,0x00000000ec800000)
 ParOldGen       total 68608K, used 11501K [0x00000000c0000000, 0x00000000c4300000, 0x00000000eab00000)
  object space 68608K, 16% used [0x00000000c0000000,0x00000000c0b3b618,0x00000000c4300000)
 Metaspace       used 35133K, committed 35840K, reserved 1114112K
  class space    used 3570K, committed 3904K, reserved 1048576K
}
Event: 3.183 GC heap before
{Heap before GC invocations=11 (full 2):
 PSYoungGen      total 24576K, used 1531K [0x00000000eab00000, 0x00000000ec800000, 0x0000000100000000)
  eden space 23040K, 0% used [0x00000000eab00000,0x00000000eab00000,0x00000000ec180000)
  from space 1536K, 99% used [0x00000000ec180000,0x00000000ec2fef50,0x00000000ec300000)
  to   space 3072K, 0% used [0x00000000ec500000,0x00000000ec500000,0x00000000ec800000)
 ParOldGen       total 68608K, used 11501K [0x00000000c0000000, 0x00000000c4300000, 0x00000000eab00000)
  object space 68608K, 16% used [0x00000000c0000000,0x00000000c0b3b618,0x00000000c4300000)
 Metaspace       used 35133K, committed 35840K, reserved 1114112K
  class space    used 3570K, committed 3904K, reserved 1048576K
}
Event: 3.203 GC heap after
{Heap after GC invocations=11 (full 2):
 PSYoungGen      total 24576K, used 0K [0x00000000eab00000, 0x00000000ec800000, 0x0000000100000000)
  eden space 23040K, 0% used [0x00000000eab00000,0x00000000eab00000,0x00000000ec180000)
  from space 1536K, 0% used [0x00000000ec180000,0x00000000ec180000,0x00000000ec300000)
  to   space 3072K, 0% used [0x00000000ec500000,0x00000000ec500000,0x00000000ec800000)
 ParOldGen       total 68608K, used 12617K [0x00000000c0000000, 0x00000000c4300000, 0x00000000eab00000)
  object space 68608K, 18% used [0x00000000c0000000,0x00000000c0c52728,0x00000000c4300000)
 Metaspace       used 35133K, committed 35840K, reserved 1114112K
  class space    used 3570K, committed 3904K, reserved 1048576K
}

Dll operation events (10 events):
Event: 0.005 Loaded shared library c:\Users\shiden\.vscode\extensions\redhat.java-1.21.0-win32-x64\jre\17.0.7-win32-x86_64\bin\java.dll
Event: 0.152 Loaded shared library c:\Users\shiden\.vscode\extensions\redhat.java-1.21.0-win32-x64\jre\17.0.7-win32-x86_64\bin\zip.dll
Event: 0.154 Loaded shared library C:\Users\shiden\.vscode\extensions\redhat.java-1.21.0-win32-x64\jre\17.0.7-win32-x86_64\bin\instrument.dll
Event: 0.164 Loaded shared library C:\Users\shiden\.vscode\extensions\redhat.java-1.21.0-win32-x64\jre\17.0.7-win32-x86_64\bin\net.dll
Event: 0.166 Loaded shared library C:\Users\shiden\.vscode\extensions\redhat.java-1.21.0-win32-x64\jre\17.0.7-win32-x86_64\bin\nio.dll
Event: 0.172 Loaded shared library C:\Users\shiden\.vscode\extensions\redhat.java-1.21.0-win32-x64\jre\17.0.7-win32-x86_64\bin\zip.dll
Event: 0.184 Loaded shared library C:\Users\shiden\.vscode\extensions\redhat.java-1.21.0-win32-x64\jre\17.0.7-win32-x86_64\bin\jimage.dll
Event: 0.222 Loaded shared library c:\Users\shiden\.vscode\extensions\redhat.java-1.21.0-win32-x64\jre\17.0.7-win32-x86_64\bin\verify.dll
Event: 1.234 Loaded shared library C:\Users\shiden\AppData\Roaming\Code\User\globalStorage\redhat.java\1.21.0\config_win\org.eclipse.equinox.launcher\org.eclipse.equinox.launcher.win32.win32.x86_64_1.2.700.v20221108-1024\eclipse_11801.dll
Event: 2.902 Loaded shared library C:\Users\shiden\AppData\Local\Temp\jna--903341351\jna13196954377890769710.dll

Deoptimization events (20 events):
Event: 2.663 Thread 0x000001937af7af30 DEOPT PACKING pc=0x000001936ab96758 sp=0x000000466ebfde70
Event: 2.663 Thread 0x000001937af7af30 DEOPT UNPACKING pc=0x000001936a5c66a3 sp=0x000000466ebfddf8 mode 2
Event: 2.884 Thread 0x000001937af7af30 Uncommon trap: trap_request=0xffffff45 fr.pc=0x000001936ab58278 relative=0x0000000000000678
Event: 2.884 Thread 0x000001937af7af30 Uncommon trap: reason=unstable_if action=reinterpret pc=0x000001936ab58278 method=java.lang.String.replace(Ljava/lang/CharSequence;Ljava/lang/CharSequence;)Ljava/lang/String; @ 42 c2
Event: 2.884 Thread 0x000001937af7af30 DEOPT PACKING pc=0x000001936ab58278 sp=0x000000466ebfbbe0
Event: 2.884 Thread 0x000001937af7af30 DEOPT UNPACKING pc=0x000001936a5c66a3 sp=0x000000466ebfbb70 mode 2
Event: 2.924 Thread 0x000001937af7af30 Uncommon trap: trap_request=0xffffff45 fr.pc=0x000001936abecfa0 relative=0x0000000000000aa0
Event: 2.924 Thread 0x000001937af7af30 Uncommon trap: reason=unstable_if action=reinterpret pc=0x000001936abecfa0 method=jdk.internal.org.objectweb.asm.SymbolTable.put(Ljdk/internal/org/objectweb/asm/SymbolTable$Entry;)Ljdk/internal/org/objectweb/asm/SymbolTable$Entry; @ 13 c2
Event: 2.924 Thread 0x000001937af7af30 DEOPT PACKING pc=0x000001936abecfa0 sp=0x000000466ebfc0d0
Event: 2.924 Thread 0x000001937af7af30 DEOPT UNPACKING pc=0x000001936a5c66a3 sp=0x000000466ebfc018 mode 2
Event: 2.959 Thread 0x000001937af7af30 DEOPT PACKING pc=0x000001936352034e sp=0x000000466ebfe420
Event: 2.959 Thread 0x000001937af7af30 DEOPT UNPACKING pc=0x000001936a5c6e43 sp=0x000000466ebfd930 mode 0
Event: 3.066 Thread 0x000001937b0892f0 Uncommon trap: trap_request=0xffffff45 fr.pc=0x000001936ab45e20 relative=0x0000000000000460
Event: 3.066 Thread 0x000001937b0892f0 Uncommon trap: reason=unstable_if action=reinterpret pc=0x000001936ab45e20 method=java.util.HashMap$HashIterator.<init>(Ljava/util/HashMap;)V @ 45 c2
Event: 3.066 Thread 0x000001937b0892f0 DEOPT PACKING pc=0x000001936ab45e20 sp=0x000000466f0fef80
Event: 3.066 Thread 0x000001937b0892f0 DEOPT UNPACKING pc=0x000001936a5c66a3 sp=0x000000466f0fedf0 mode 2
Event: 3.242 Thread 0x00000193603b0080 Uncommon trap: trap_request=0xffffff45 fr.pc=0x000001936abca2b4 relative=0x0000000000000114
Event: 3.242 Thread 0x00000193603b0080 Uncommon trap: reason=unstable_if action=reinterpret pc=0x000001936abca2b4 method=jdk.internal.org.objectweb.asm.SymbolTable.put(Ljdk/internal/org/objectweb/asm/SymbolTable$Entry;)Ljdk/internal/org/objectweb/asm/SymbolTable$Entry; @ 13 c2
Event: 3.242 Thread 0x00000193603b0080 DEOPT PACKING pc=0x000001936abca2b4 sp=0x000000466d3fdb00
Event: 3.242 Thread 0x00000193603b0080 DEOPT UNPACKING pc=0x000001936a5c66a3 sp=0x000000466d3fda60 mode 2

Classes unloaded (7 events):
Event: 1.949 Thread 0x000001936047ec80 Unloading class 0x0000000100218000 'java/lang/invoke/LambdaForm$MH+0x0000000100218000'
Event: 1.949 Thread 0x000001936047ec80 Unloading class 0x0000000100217c00 'java/lang/invoke/LambdaForm$MH+0x0000000100217c00'
Event: 1.949 Thread 0x000001936047ec80 Unloading class 0x0000000100217800 'java/lang/invoke/LambdaForm$MH+0x0000000100217800'
Event: 1.949 Thread 0x000001936047ec80 Unloading class 0x0000000100217400 'java/lang/invoke/LambdaForm$MH+0x0000000100217400'
Event: 1.949 Thread 0x000001936047ec80 Unloading class 0x0000000100217000 'java/lang/invoke/LambdaForm$BMH+0x0000000100217000'
Event: 1.949 Thread 0x000001936047ec80 Unloading class 0x0000000100216c00 'java/lang/invoke/LambdaForm$DMH+0x0000000100216c00'
Event: 1.949 Thread 0x000001936047ec80 Unloading class 0x0000000100214000 'java/lang/invoke/LambdaForm$DMH+0x0000000100214000'

Classes redefined (0 events):
No events

Internal exceptions (20 events):
Event: 2.310 Thread 0x000001937b088e20 Exception <a 'java/io/FileNotFoundException'{0x00000000ec2bcb90}> (0x00000000ec2bcb90) 
thrown [s\src\hotspot\share\prims\jni.cpp, line 516]
Event: 2.637 Thread 0x000001937af7af30 Exception <a 'java/lang/ClassNotFoundException'{0x00000000ec105f00}: com/sun/org/apache/xerces/internal/impl/msg/spi/DOMMessagesProvider> (0x00000000ec105f00) 
thrown [s\src\hotspot\share\classfile\systemDictionary.cpp, line 256]
Event: 2.638 Thread 0x000001937af7af30 Exception <a 'java/lang/ClassNotFoundException'{0x00000000ec121bc8}: com/sun/org/apache/xerces/internal/impl/msg/spi/XMLSerializerMessagesProvider> (0x00000000ec121bc8) 
thrown [s\src\hotspot\share\classfile\systemDictionary.cpp, line 256]
Event: 2.639 Thread 0x000001937af7af30 Exception <a 'java/lang/ClassNotFoundException'{0x00000000ec12ee50}: com/sun/org/apache/xerces/internal/impl/msg/spi/XMLMessagesProvider> (0x00000000ec12ee50) 
thrown [s\src\hotspot\share\classfile\systemDictionary.cpp, line 256]
Event: 2.650 Thread 0x000001937af7af30 Exception <a 'java/lang/NoSuchMethodError'{0x00000000ec1d5040}: 'void java.lang.invoke.DirectMethodHandle$Holder.invokeVirtual(java.lang.Object, java.lang.Object)'> (0x00000000ec1d5040) 
thrown [s\src\hotspot\share\interpreter\linkResolver.cpp, line 759]
Event: 2.677 Thread 0x000001937af7af30 Exception <a 'java/lang/NoSuchMethodError'{0x00000000eab389e8}: 'java.lang.Object java.lang.invoke.DirectMethodHandle$Holder.invokeStaticInit(java.lang.Object, int, int, int, int)'> (0x00000000eab389e8) 
thrown [s\src\hotspot\share\interpreter\linkResolver.cpp, line 759]
Event: 2.725 Thread 0x000001937af7af30 Exception <a 'java/lang/NoSuchMethodError'{0x00000000eabef148}: 'java.lang.Object java.lang.invoke.DirectMethodHandle$Holder.invokeStaticInit(java.lang.Object, java.lang.Object, int, int, int, int)'> (0x00000000eabef148) 
thrown [s\src\hotspot\share\interpreter\linkResolver.cpp, line 759]
Event: 2.779 Thread 0x000001937af7af30 Exception <a 'java/lang/ClassNotFoundException'{0x00000000eaf59a18}: com/sun/org/apache/xml/internal/serializer/spi/XMLEntitiesProvider> (0x00000000eaf59a18) 
thrown [s\src\hotspot\share\classfile\systemDictionary.cpp, line 256]
Event: 2.863 Thread 0x000001937af7af30 Exception <a 'java/io/FileNotFoundException'{0x00000000eb2c5118}> (0x00000000eb2c5118) 
thrown [s\src\hotspot\share\prims\jni.cpp, line 516]
Event: 2.930 Thread 0x000001937af7af30 Exception <a 'java/lang/UnsatisfiedLinkError'{0x00000000eb571e28}: Belirtilen yordam bulunamadÄ±.
> (0x00000000eb571e28) 
thrown [s\src\hotspot\share\prims\jni.cpp, line 535]
Event: 2.934 Thread 0x000001937af7af30 Exception <a 'java/io/FileNotFoundException'{0x00000000eb595260}> (0x00000000eb595260) 
thrown [s\src\hotspot\share\prims\jni.cpp, line 516]
Event: 2.942 Thread 0x000001937af7af30 Exception <a 'java/io/FileNotFoundException'{0x00000000eb60a3b0}> (0x00000000eb60a3b0) 
thrown [s\src\hotspot\share\prims\jni.cpp, line 516]
Event: 2.952 Thread 0x000001937af7af30 Exception <a 'java/lang/UnsatisfiedLinkError'{0x00000000eb6967c8}: Belirtilen yordam bulunamadÄ±.
> (0x00000000eb6967c8) 
thrown [s\src\hotspot\share\prims\jni.cpp, line 535]
Event: 3.058 Thread 0x000001937b0892f0 Exception <a 'java/lang/NoSuchMethodError'{0x00000000eaed5510}: 'int java.lang.invoke.DirectMethodHandle$Holder.invokeVirtual(java.lang.Object, java.lang.Object)'> (0x00000000eaed5510) 
thrown [s\src\hotspot\share\interpreter\linkResolver.cpp, line 759]
Event: 3.070 Thread 0x00000193603b0080 Exception <a 'java/lang/NoSuchMethodError'{0x00000000ebcb8f30}: 'java.lang.Object java.lang.invoke.DirectMethodHandle$Holder.invokeStatic(java.lang.Object, java.lang.Object, long, java.lang.Object)'> (0x00000000ebcb8f30) 
thrown [s\src\hotspot\share\interpreter\linkResolver.cpp, line 759]
Event: 3.070 Thread 0x00000193603b0080 Exception <a 'java/lang/NoSuchMethodError'{0x00000000ebcbc9c8}: 'java.lang.Object java.lang.invoke.DirectMethodHandle$Holder.invokeStaticInit(java.lang.Object, java.lang.Object, long, java.lang.Object)'> (0x00000000ebcbc9c8) 
thrown [s\src\hotspot\share\interpreter\linkResolver.cpp, line 759]
Event: 3.070 Thread 0x00000193603b0080 Exception <a 'java/lang/NoSuchMethodError'{0x00000000ebcc3258}: 'java.lang.Object java.lang.invoke.DirectMethodHandle$Holder.newInvokeSpecial(java.lang.Object, java.lang.Object, long)'> (0x00000000ebcc3258) 
thrown [s\src\hotspot\share\interpreter\linkResolver.cpp, line 759]
Event: 3.100 Thread 0x00000193603b0080 Exception <a 'java/lang/NoSuchMethodError'{0x00000000ebe5a280}: 'void java.lang.invoke.DirectMethodHandle$Holder.invokeStatic(java.lang.Object, java.lang.Object, java.lang.Object, java.lang.Object)'> (0x00000000ebe5a280) 
thrown [s\src\hotspot\share\interpreter\linkResolver.cpp, line 759]
Event: 3.233 Thread 0x00000193603b0080 Exception <a 'java/lang/NoSuchMethodError'{0x00000000eae36890}: 'void java.lang.invoke.DirectMethodHandle$Holder.invokeSpecial(java.lang.Object, java.lang.Object, java.lang.Object, java.lang.Object, java.lang.Object, java.lang.Object)'> (0x00000000eae36890) 
thrown [s\src\hotspot\share\interpreter\linkResolver.cpp, line 759]
Event: 3.234 Thread 0x00000193603b0080 Exception <a 'java/lang/IncompatibleClassChangeError'{0x00000000eae40140}: Found class java.lang.Object, but interface was expected> (0x00000000eae40140) 
thrown [s\src\hotspot\share\interpreter\linkResolver.cpp, line 826]

VM Operations (20 events):
Event: 2.115 Executing VM operation: HandshakeAllThreads
Event: 2.115 Executing VM operation: HandshakeAllThreads done
Event: 2.317 Executing VM operation: ParallelGCFailedAllocation
Event: 2.319 Executing VM operation: ParallelGCFailedAllocation done
Event: 2.496 Executing VM operation: ParallelGCFailedAllocation
Event: 2.498 Executing VM operation: ParallelGCFailedAllocation done
Event: 2.662 Executing VM operation: HandshakeAllThreads
Event: 2.662 Executing VM operation: HandshakeAllThreads done
Event: 2.670 Executing VM operation: ParallelGCFailedAllocation
Event: 2.673 Executing VM operation: ParallelGCFailedAllocation done
Event: 2.723 Executing VM operation: HandshakeAllThreads
Event: 2.723 Executing VM operation: HandshakeAllThreads done
Event: 2.803 Executing VM operation: HandshakeAllThreads
Event: 2.803 Executing VM operation: HandshakeAllThreads done
Event: 2.917 Executing VM operation: HandshakeAllThreads
Event: 2.917 Executing VM operation: HandshakeAllThreads done
Event: 3.152 Executing VM operation: ParallelGCFailedAllocation
Event: 3.156 Executing VM operation: ParallelGCFailedAllocation done
Event: 3.180 Executing VM operation: CollectForMetadataAllocation
Event: 3.203 Executing VM operation: CollectForMetadataAllocation done

Events (20 events):
Event: 3.157 loading class sun/reflect/generics/tree/ArrayTypeSignature
Event: 3.158 loading class sun/reflect/generics/tree/ArrayTypeSignature done
Event: 3.160 loading class sun/reflect/generics/tree/BooleanSignature
Event: 3.160 loading class sun/reflect/generics/tree/BooleanSignature done
Event: 3.205 loading class java/math/BigDecimal
Event: 3.206 loading class java/math/BigDecimal done
Event: 3.219 loading class java/util/concurrent/atomic/AtomicIntegerArray
Event: 3.219 loading class java/util/concurrent/atomic/AtomicIntegerArray done
Event: 3.220 loading class java/util/Currency
Event: 3.220 loading class java/util/Currency done
Event: 3.223 loading class java/util/concurrent/atomic/AtomicLongArray
Event: 3.223 loading class java/util/concurrent/atomic/AtomicLongArray done
Event: 3.247 loading class sun/util/locale/provider/DateFormatProviderImpl
Event: 3.247 loading class sun/util/locale/provider/DateFormatProviderImpl done
Event: 3.255 Thread 0x000001937b762f00 Thread added: 0x000001937b762f00
Event: 3.255 Thread 0x000001937b761bc0 Thread added: 0x000001937b761bc0
Event: 3.273 loading class sun/reflect/generics/repository/FieldRepository
Event: 3.273 loading class sun/reflect/generics/repository/FieldRepository done
Event: 3.276 loading class jdk/internal/reflect/UnsafeQualifiedIntegerFieldAccessorImpl
Event: 3.276 loading class jdk/internal/reflect/UnsafeQualifiedIntegerFieldAccessorImpl done


Dynamic libraries:
0x00007ff7d5c10000 - 0x00007ff7d5c1e000 	c:\Users\shiden\.vscode\extensions\redhat.java-1.21.0-win32-x64\jre\17.0.7-win32-x86_64\bin\java.exe
0x00007ffa92750000 - 0x00007ffa92948000 	C:\Windows\SYSTEM32\ntdll.dll
0x00007ffa92650000 - 0x00007ffa9270f000 	C:\Windows\System32\KERNEL32.DLL
0x00007ffa8fee0000 - 0x00007ffa901d6000 	C:\Windows\System32\KERNELBASE.dll
0x00007ffa90550000 - 0x00007ffa90650000 	C:\Windows\System32\ucrtbase.dll
0x00007ffa775e0000 - 0x00007ffa775f9000 	c:\Users\shiden\.vscode\extensions\redhat.java-1.21.0-win32-x64\jre\17.0.7-win32-x86_64\bin\VCRUNTIME140.dll
0x00007ffa79660000 - 0x00007ffa79677000 	c:\Users\shiden\.vscode\extensions\redhat.java-1.21.0-win32-x64\jre\17.0.7-win32-x86_64\bin\jli.dll
0x00007ffa91e30000 - 0x00007ffa91fcd000 	C:\Windows\System32\USER32.dll
0x00007ffa86af0000 - 0x00007ffa86d8a000 	C:\Windows\WinSxS\amd64_microsoft.windows.common-controls_6595b64144ccf1df_6.0.19041.1110_none_60b5254171f9507e\COMCTL32.dll
0x00007ffa906e0000 - 0x00007ffa90702000 	C:\Windows\System32\win32u.dll
0x00007ffa91e00000 - 0x00007ffa91e2c000 	C:\Windows\System32\GDI32.dll
0x00007ffa912d0000 - 0x00007ffa9136e000 	C:\Windows\System32\msvcrt.dll
0x00007ffa901e0000 - 0x00007ffa902f5000 	C:\Windows\System32\gdi32full.dll
0x00007ffa90710000 - 0x00007ffa907ad000 	C:\Windows\System32\msvcp_win.dll
0x00007ffa90fe0000 - 0x00007ffa91010000 	C:\Windows\System32\IMM32.DLL
0x00007ffa7d490000 - 0x00007ffa7d49c000 	c:\Users\shiden\.vscode\extensions\redhat.java-1.21.0-win32-x64\jre\17.0.7-win32-x86_64\bin\vcruntime140_1.dll
0x00007ffa67420000 - 0x00007ffa674b1000 	c:\Users\shiden\.vscode\extensions\redhat.java-1.21.0-win32-x64\jre\17.0.7-win32-x86_64\bin\msvcp140.dll
0x00007ffa608d0000 - 0x00007ffa61518000 	c:\Users\shiden\.vscode\extensions\redhat.java-1.21.0-win32-x64\jre\17.0.7-win32-x86_64\bin\server\jvm.dll
0x00007ffa924c0000 - 0x00007ffa9256f000 	C:\Windows\System32\ADVAPI32.dll
0x00007ffa91880000 - 0x00007ffa9191c000 	C:\Windows\System32\sechost.dll
0x00007ffa92390000 - 0x00007ffa924b6000 	C:\Windows\System32\RPCRT4.dll
0x00007ffa87e60000 - 0x00007ffa87e69000 	C:\Windows\SYSTEM32\WSOCK32.dll
0x00007ffa88e80000 - 0x00007ffa88ea7000 	C:\Windows\SYSTEM32\WINMM.dll
0x00007ffa88980000 - 0x00007ffa8898a000 	C:\Windows\SYSTEM32\VERSION.dll
0x00007ffa91920000 - 0x00007ffa9198b000 	C:\Windows\System32\WS2_32.dll
0x00007ffa8dcf0000 - 0x00007ffa8dd02000 	C:\Windows\SYSTEM32\kernel.appcore.dll
0x00007ffa7cd30000 - 0x00007ffa7cd3a000 	c:\Users\shiden\.vscode\extensions\redhat.java-1.21.0-win32-x64\jre\17.0.7-win32-x86_64\bin\jimage.dll
0x00007ffa84ce0000 - 0x00007ffa84ec4000 	C:\Windows\SYSTEM32\DBGHELP.DLL
0x00007ffa85120000 - 0x00007ffa85154000 	C:\Windows\SYSTEM32\dbgcore.DLL
0x00007ffa90650000 - 0x00007ffa906d2000 	C:\Windows\System32\bcryptPrimitives.dll
0x00007ffa79c80000 - 0x00007ffa79c8e000 	c:\Users\shiden\.vscode\extensions\redhat.java-1.21.0-win32-x64\jre\17.0.7-win32-x86_64\bin\instrument.dll
0x00007ffa6dc20000 - 0x00007ffa6dc45000 	c:\Users\shiden\.vscode\extensions\redhat.java-1.21.0-win32-x64\jre\17.0.7-win32-x86_64\bin\java.dll
0x00007ffa77470000 - 0x00007ffa77488000 	c:\Users\shiden\.vscode\extensions\redhat.java-1.21.0-win32-x64\jre\17.0.7-win32-x86_64\bin\zip.dll
0x00007ffa907b0000 - 0x00007ffa90ef4000 	C:\Windows\System32\SHELL32.dll
0x00007ffa8def0000 - 0x00007ffa8e683000 	C:\Windows\SYSTEM32\windows.storage.dll
0x00007ffa91370000 - 0x00007ffa916c4000 	C:\Windows\System32\combase.dll
0x00007ffa8f7a0000 - 0x00007ffa8f7ce000 	C:\Windows\SYSTEM32\Wldp.dll
0x00007ffa917a0000 - 0x00007ffa9184d000 	C:\Windows\System32\SHCORE.dll
0x00007ffa92330000 - 0x00007ffa92385000 	C:\Windows\System32\shlwapi.dll
0x00007ffa8fd70000 - 0x00007ffa8fd8f000 	C:\Windows\SYSTEM32\profapi.dll
0x00007ffa772a0000 - 0x00007ffa772b9000 	C:\Users\shiden\.vscode\extensions\redhat.java-1.21.0-win32-x64\jre\17.0.7-win32-x86_64\bin\net.dll
0x00007ffa89b20000 - 0x00007ffa89c2a000 	C:\Windows\SYSTEM32\WINHTTP.dll
0x00007ffa8f510000 - 0x00007ffa8f57a000 	C:\Windows\system32\mswsock.dll
0x00007ffa8f500000 - 0x00007ffa8f50a000 	C:\Windows\system32\wshqos.dll
0x00007ffa8f4f0000 - 0x00007ffa8f4f8000 	C:\Windows\SYSTEM32\wshtcpip.DLL
0x00007ffa8f4e0000 - 0x00007ffa8f4e8000 	C:\Windows\SYSTEM32\wship6.dll
0x00007ffa6d5e0000 - 0x00007ffa6d5f5000 	C:\Users\shiden\.vscode\extensions\redhat.java-1.21.0-win32-x64\jre\17.0.7-win32-x86_64\bin\nio.dll
0x00007ffa79c50000 - 0x00007ffa79c60000 	c:\Users\shiden\.vscode\extensions\redhat.java-1.21.0-win32-x64\jre\17.0.7-win32-x86_64\bin\verify.dll
0x00007ffa66f20000 - 0x00007ffa66f5e000 	C:\Users\shiden\AppData\Roaming\Code\User\globalStorage\redhat.java\1.21.0\config_win\org.eclipse.equinox.launcher\org.eclipse.equinox.launcher.win32.win32.x86_64_1.2.700.v20221108-1024\eclipse_11801.dll
0x00007ffa910d0000 - 0x00007ffa911fa000 	C:\Windows\System32\ole32.dll
0x00007ffa8f700000 - 0x00007ffa8f718000 	C:\Windows\SYSTEM32\CRYPTSP.dll
0x00007ffa8ee00000 - 0x00007ffa8ee34000 	C:\Windows\system32\rsaenh.dll
0x00007ffa903c0000 - 0x00007ffa903e7000 	C:\Windows\System32\bcrypt.dll
0x00007ffa8fd30000 - 0x00007ffa8fd5e000 	C:\Windows\SYSTEM32\USERENV.dll
0x00007ffa8fbc0000 - 0x00007ffa8fbcc000 	C:\Windows\SYSTEM32\CRYPTBASE.dll
0x00007ffa8f1d0000 - 0x00007ffa8f20c000 	C:\Windows\SYSTEM32\IPHLPAPI.DLL
0x00007ffa91790000 - 0x00007ffa91798000 	C:\Windows\System32\NSI.dll
0x00007ffa89a60000 - 0x00007ffa89a77000 	C:\Windows\SYSTEM32\dhcpcsvc6.DLL
0x00007ffa89a40000 - 0x00007ffa89a5d000 	C:\Windows\SYSTEM32\dhcpcsvc.DLL
0x00007ffa8f210000 - 0x00007ffa8f2db000 	C:\Windows\SYSTEM32\DNSAPI.dll
0x00007ffa66ed0000 - 0x00007ffa66f15000 	C:\Users\shiden\AppData\Local\Temp\jna--903341351\jna13196954377890769710.dll
0x00007ffa916d0000 - 0x00007ffa916d8000 	C:\Windows\System32\PSAPI.DLL

dbghelp: loaded successfully - version: 4.0.5 - missing functions: none
symbol engine: initialized successfully - sym options: 0x614 - pdb path: .;c:\Users\shiden\.vscode\extensions\redhat.java-1.21.0-win32-x64\jre\17.0.7-win32-x86_64\bin;C:\Windows\SYSTEM32;C:\Windows\WinSxS\amd64_microsoft.windows.common-controls_6595b64144ccf1df_6.0.19041.1110_none_60b5254171f9507e;c:\Users\shiden\.vscode\extensions\redhat.java-1.21.0-win32-x64\jre\17.0.7-win32-x86_64\bin\server;C:\Users\shiden\AppData\Roaming\Code\User\globalStorage\redhat.java\1.21.0\config_win\org.eclipse.equinox.launcher\org.eclipse.equinox.launcher.win32.win32.x86_64_1.2.700.v20221108-1024;C:\Users\shiden\AppData\Local\Temp\jna--903341351

VM Arguments:
jvm_args: --add-modules=ALL-SYSTEM --add-opens=java.base/java.util=ALL-UNNAMED --add-opens=java.base/java.lang=ALL-UNNAMED --add-opens=java.base/sun.nio.fs=ALL-UNNAMED -Declipse.application=org.eclipse.jdt.ls.core.id1 -Dosgi.bundles.defaultStartLevel=4 -Declipse.product=org.eclipse.jdt.ls.core.product -Djava.import.generatesMetadataFilesAtProjectRoot=false -Dfile.encoding=utf8 -XX:+UseParallelGC -XX:GCTimeRatio=4 -XX:AdaptiveSizePolicyWeight=90 -Dsun.zip.disableMemoryMapping=true -Xmx1G -Xms100m -Xlog:disable -javaagent:c:\Users\shiden\.vscode\extensions\redhat.java-1.21.0-win32-x64\lombok\lombok-1.18.28.jar -XX:+HeapDumpOnOutOfMemoryError -XX:HeapDumpPath=c:\Users\shiden\AppData\Roaming\Code\User\workspaceStorage\d4d7edd73409818630550ea46e1e96b1\redhat.java -Daether.dependencyCollector.impl=bf 
java_command: c:\Users\shiden\.vscode\extensions\redhat.java-1.21.0-win32-x64\server\plugins\org.eclipse.equinox.launcher_1.6.500.v20230717-2134.jar -configuration c:\Users\shiden\AppData\Roaming\Code\User\globalStorage\redhat.java\1.21.0\config_win -data c:\Users\shiden\AppData\Roaming\Code\User\workspaceStorage\d4d7edd73409818630550ea46e1e96b1\redhat.java\jdt_ws
java_class_path (initial): c:\Users\shiden\.vscode\extensions\redhat.java-1.21.0-win32-x64\server\plugins\org.eclipse.equinox.launcher_1.6.500.v20230717-2134.jar
Launcher Type: SUN_STANDARD

[Global flags]
    uintx AdaptiveSizePolicyWeight                 = 90                                        {product} {command line}
     intx CICompilerCount                          = 4                                         {product} {ergonomic}
    uintx GCTimeRatio                              = 4                                         {product} {command line}
     bool HeapDumpOnOutOfMemoryError               = true                                   {manageable} {command line}
    ccstr HeapDumpPath                             = c:\Users\shiden\AppData\Roaming\Code\User\workspaceStorage\d4d7edd73409818630550ea46e1e96b1\redhat.java         {manageable} {command line}
   size_t InitialHeapSize                          = 104857600                                 {product} {command line}
   size_t MaxHeapSize                              = 1073741824                                {product} {command line}
   size_t MaxNewSize                               = 357564416                                 {product} {ergonomic}
   size_t MinHeapDeltaBytes                        = 524288                                    {product} {ergonomic}
   size_t MinHeapSize                              = 104857600                                 {product} {command line}
   size_t NewSize                                  = 34603008                                  {product} {ergonomic}
    uintx NonNMethodCodeHeapSize                   = 5839372                                {pd product} {ergonomic}
    uintx NonProfiledCodeHeapSize                  = 122909434                              {pd product} {ergonomic}
   size_t OldSize                                  = 70254592                                  {product} {ergonomic}
    uintx ProfiledCodeHeapSize                     = 122909434                              {pd product} {ergonomic}
    uintx ReservedCodeCacheSize                    = 251658240                              {pd product} {ergonomic}
     bool SegmentedCodeCache                       = true                                      {product} {ergonomic}
   size_t SoftMaxHeapSize                          = 1073741824                             {manageable} {ergonomic}
     bool UseCompressedClassPointers               = true                           {product lp64_product} {ergonomic}
     bool UseCompressedOops                        = true                           {product lp64_product} {ergonomic}
     bool UseLargePagesIndividualAllocation        = false                                  {pd product} {ergonomic}
     bool UseParallelGC                            = true                                      {product} {command line}

Logging:
Log output configuration:
 #0: stdout all=off uptime,level,tags
 #1: stderr all=off uptime,level,tags

Environment Variables:
JAVA_HOME=C:\Program Files\Unity\Hub\Editor\2021.3.29f1\Editor\Data\PlaybackEngines\AndroidPlayer\OpenJDK
PATH=C:\Program Files\Common Files\Oracle\Java\javapath;C:\Windows\system32;C:\Windows;C:\Windows\System32\Wbem;C:\Windows\System32\WindowsPowerShell\v1.0\;C:\Program Files\dotnet\;C:\Program Files\Microsoft SQL Server\150\Tools\Binn\;C:\Program Files\Microsoft SQL Server\Client SDK\ODBC\170\Tools\Binn\;C:\Users\shiden\AppData\Local\Microsoft\WindowsApps;C:\ortamlar\java\bin;C:\Program Files\JetBrains\JetBrains Rider 2023.1.3\bin;;C:\Users\shiden\AppData\Local\Programs\Microsoft VS Code\bin;C:\Users\shiden\.dotnet\tools;C:\Users\shiden\AppData\Local\GitHubDesktop\bin;C:\ortam\java\bin;;C:\Program Files\Azure Data Studio\bin
USERNAME=shiden
OS=Windows_NT
PROCESSOR_IDENTIFIER=AMD64 Family 23 Model 104 Stepping 1, AuthenticAMD
TMP=C:\Users\shiden\AppData\Local\Temp
TEMP=C:\Users\shiden\AppData\Local\Temp



---------------  S Y S T E M  ---------------

OS:
 Windows 10 , 64 bit Build 19041 (10.0.19041.2913)
OS uptime: 0 days 6:56 hours

CPU: total 8 (initial active 8) (8 cores per cpu, 2 threads per core) family 23 model 104 stepping 1 microcode 0x0, cx8, cmov, fxsr, ht, mmx, 3dnowpref, sse, sse2, sse3, ssse3, sse4a, sse4.1, sse4.2, popcnt, lzcnt, tsc, tscinvbit, avx, avx2, aes, clmul, bmi1, bmi2, adx, sha, fma, vzeroupper, clflush, clflushopt

Memory: 4k page, system-wide physical 3429M (241M free)
TotalPageFile size 11621M (AvailPageFile size 15M)
current process WorkingSet (physical memory assigned to process): 160M, peak: 160M
current process commit charge ("private bytes"): 261M, peak: 265M

vm_info: OpenJDK 64-Bit Server VM (17.0.7+7) for windows-amd64 JRE (17.0.7+7), built on Apr 18 2023 22:10:42 by "temurin" with MS VC++ 16.7 (VS2019)

END.
