#
# There is insufficient memory for the Java Runtime Environment to continue.
# Native memory allocation (mmap) failed to map 65536 bytes for Failed to commit metaspace.
# Possible reasons:
#   The system is out of physical RAM or swap space
#   The process is running with CompressedOops enabled, and the Java Heap may be blocking the growth of the native heap
# Possible solutions:
#   Reduce memory load on the system
#   Increase physical memory or swap space
#   Check if swap backing store is full
#   Decrease Java heap size (-Xmx/-Xms)
#   Decrease number of Java threads
#   Decrease Java thread stack sizes (-Xss)
#   Set larger code cache with -XX:ReservedCodeCacheSize=
#   JVM is running with Unscaled Compressed Oops mode in which the Java heap is
#     placed in the first 4GB address space. The Java Heap base address is the
#     maximum limit for the native heap growth. Please use -XX:HeapBaseMinAddress
#     to set the Java Heap base and to place the Java Heap above 4GB virtual address.
# This output file may be truncated or incomplete.
#
#  Out of Memory Error (virtualSpaceNode.cpp:110), pid=1644, tid=6120
#
# JRE version: OpenJDK Runtime Environment Temurin-17.0.7+7 (17.0.7+7) (build 17.0.7+7)
# Java VM: OpenJDK 64-Bit Server VM Temurin-17.0.7+7 (17.0.7+7, mixed mode, tiered, compressed oops, compressed class ptrs, parallel gc, windows-amd64)
# No core dump will be written. Minidumps are not enabled by default on client versions of Windows
#

---------------  S U M M A R Y ------------

Command Line: --add-modules=ALL-SYSTEM --add-opens=java.base/java.util=ALL-UNNAMED --add-opens=java.base/java.lang=ALL-UNNAMED --add-opens=java.base/sun.nio.fs=ALL-UNNAMED -Declipse.application=org.eclipse.jdt.ls.core.id1 -Dosgi.bundles.defaultStartLevel=4 -Declipse.product=org.eclipse.jdt.ls.core.product -Djava.import.generatesMetadataFilesAtProjectRoot=false -Dfile.encoding=utf8 -XX:+UseParallelGC -XX:GCTimeRatio=4 -XX:AdaptiveSizePolicyWeight=90 -Dsun.zip.disableMemoryMapping=true -Xmx1G -Xms100m -Xlog:disable -javaagent:c:\Users\shiden\.vscode\extensions\redhat.java-1.21.0-win32-x64\lombok\lombok-1.18.28.jar c:\Users\shiden\.vscode\extensions\redhat.java-1.21.0-win32-x64\server\plugins\org.eclipse.equinox.launcher_1.6.500.v20230717-2134.jar -configuration c:\Users\shiden\AppData\Roaming\Code\User\globalStorage\redhat.java\1.21.0\config_ss_win -data c:\Users\shiden\AppData\Roaming\Code\User\workspaceStorage\d4d7edd73409818630550ea46e1e96b1\redhat.java\ss_ws

Host: AMD Ryzen 3 5300U with Radeon Graphics         , 8 cores, 3G,  Windows 10 , 64 bit Build 19041 (10.0.19041.2913)
Time: Fri Aug 11 13:09:21 2023 Türkiye Standart Saati elapsed time: 3.061598 seconds (0d 0h 0m 3s)

---------------  T H R E A D  ---------------

Current thread (0x00000211460bed40):  JavaThread "Start Level: Equinox Container: 75f49f90-a362-44f8-89f2-a796eda9082d" daemon [_thread_in_vm, id=6120, stack(0x000000ff3c100000,0x000000ff3c200000)]

Stack: [0x000000ff3c100000,0x000000ff3c200000]
Native frames: (J=compiled Java code, j=interpreted, Vv=VM code, C=native code)
V  [jvm.dll+0x67754a]
V  [jvm.dll+0x834304]
V  [jvm.dll+0x835aae]
V  [jvm.dll+0x836113]
V  [jvm.dll+0x24696f]
V  [jvm.dll+0x83039b]
V  [jvm.dll+0x61c006]
V  [jvm.dll+0x1c169e]
V  [jvm.dll+0x61e961]
V  [jvm.dll+0x61c9a6]
V  [jvm.dll+0x62d7e9]
V  [jvm.dll+0x626b54]
V  [jvm.dll+0x3812a1]
C  0x0000021136f5c6fe

Java frames: (J=compiled Java code, j=interpreted, Vv=VM code)
j  org.eclipse.core.internal.preferences.EclipsePreferences.convertToProperties(Ljava/util/Properties;Ljava/lang/String;)Ljava/util/Properties;+0
j  org.eclipse.core.internal.preferences.EclipsePreferences.save(Lorg/eclipse/core/runtime/IPath;)V+51
j  org.eclipse.core.internal.preferences.EclipsePreferences.save()V+12
j  org.eclipse.core.internal.preferences.EclipsePreferences.internalFlush()Lorg/eclipse/core/runtime/preferences/IEclipsePreferences;+76
j  org.eclipse.core.internal.preferences.EclipsePreferences.flush()V+10
j  org.eclipse.jdt.internal.core.JavaModelManager.setOptions(Ljava/util/Hashtable;)V+175
j  org.eclipse.jdt.core.JavaCore.setOptions(Ljava/util/Hashtable;)V+4
j  org.eclipse.jdt.ls.core.internal.preferences.PreferenceManager.initializeJavaCoreOptions()V+100
j  org.eclipse.jdt.ls.core.internal.preferences.PreferenceManager.initialize()V+0
j  org.eclipse.jdt.ls.core.internal.preferences.PreferenceManager.<init>()V+40
j  org.eclipse.jdt.ls.core.internal.JavaLanguageServerPlugin.start(Lorg/osgi/framework/BundleContext;)V+32
j  org.eclipse.osgi.internal.framework.BundleContextImpl$2.run()Ljava/lang/Void;+23
j  org.eclipse.osgi.internal.framework.BundleContextImpl$2.run()Ljava/lang/Object;+1
J 1171 c1 java.security.AccessController.executePrivileged(Ljava/security/PrivilegedExceptionAction;Ljava/security/AccessControlContext;Ljava/lang/Class;)Ljava/lang/Object; java.base@17.0.7 (65 bytes) @ 0x000002112fc23eb4 [0x000002112fc23d60+0x0000000000000154]
j  java.security.AccessController.doPrivileged(Ljava/security/PrivilegedExceptionAction;)Ljava/lang/Object;+9 java.base@17.0.7
j  org.eclipse.osgi.internal.framework.BundleContextImpl.startActivator(Lorg/osgi/framework/BundleActivator;)V+9
j  org.eclipse.osgi.internal.framework.BundleContextImpl.start()V+134
j  org.eclipse.osgi.internal.framework.EquinoxBundle.startWorker0()V+35
j  org.eclipse.osgi.internal.framework.EquinoxBundle$EquinoxModule.startWorker()V+4
j  org.eclipse.osgi.container.Module.doStart([Lorg/eclipse/osgi/container/Module$StartOptions;)Lorg/eclipse/osgi/container/ModuleContainerAdaptor$ModuleEvent;+190
j  org.eclipse.osgi.container.Module.start([Lorg/eclipse/osgi/container/Module$StartOptions;)V+460
j  org.eclipse.osgi.container.ModuleContainer$ContainerStartLevel$2.run()V+71
j  org.eclipse.osgi.internal.framework.EquinoxContainerAdaptor$1$1.execute(Ljava/lang/Runnable;)V+1
j  org.eclipse.osgi.container.ModuleContainer$ContainerStartLevel.incStartLevel(ILjava/util/List;Z)V+192
j  org.eclipse.osgi.container.ModuleContainer$ContainerStartLevel.incStartLevel(ILjava/util/List;Ljava/util/List;Ljava/util/List;Ljava/util/List;)V+19
j  org.eclipse.osgi.container.ModuleContainer$ContainerStartLevel.doContainerStartLevel(Lorg/eclipse/osgi/container/Module;I[Lorg/osgi/framework/FrameworkListener;)V+349
j  org.eclipse.osgi.container.ModuleContainer$ContainerStartLevel.dispatchEvent(Lorg/eclipse/osgi/container/Module;[Lorg/osgi/framework/FrameworkListener;ILjava/lang/Integer;)V+32
j  org.eclipse.osgi.container.ModuleContainer$ContainerStartLevel.dispatchEvent(Ljava/lang/Object;Ljava/lang/Object;ILjava/lang/Object;)V+15
j  org.eclipse.osgi.framework.eventmgr.EventManager.dispatchEvent(Ljava/util/Set;Lorg/eclipse/osgi/framework/eventmgr/EventDispatcher;ILjava/lang/Object;)V+48
j  org.eclipse.osgi.framework.eventmgr.EventManager$EventThread.run()V+26
v  ~StubRoutines::call_stub

---------------  P R O C E S S  ---------------

Threads class SMR info:
_java_thread_list=0x0000021147525900, length=20, elements={
0x000002112cd8d920, 0x0000021140c10750, 0x0000021140c11840, 0x0000021140c1dbf0,
0x0000021140c1ea60, 0x0000021145f27650, 0x0000021145f2abe0, 0x0000021145f33700,
0x0000021145f34940, 0x0000021145f38650, 0x00000211460be870, 0x00000211460c0080,
0x00000211460bd530, 0x00000211460bf6e0, 0x00000211460bed40, 0x00000211460c0a20,
0x00000211460be3a0, 0x00000211460bd060, 0x00000211460bded0, 0x00000211460bf210
}

Java Threads: ( => current thread )
  0x000002112cd8d920 JavaThread "main" [_thread_in_vm, id=11776, stack(0x000000ff3a900000,0x000000ff3aa00000)]
  0x0000021140c10750 JavaThread "Reference Handler" daemon [_thread_blocked, id=1652, stack(0x000000ff3ac00000,0x000000ff3ad00000)]
  0x0000021140c11840 JavaThread "Finalizer" daemon [_thread_blocked, id=11744, stack(0x000000ff3ad00000,0x000000ff3ae00000)]
  0x0000021140c1dbf0 JavaThread "Signal Dispatcher" daemon [_thread_blocked, id=9888, stack(0x000000ff3ae00000,0x000000ff3af00000)]
  0x0000021140c1ea60 JavaThread "Attach Listener" daemon [_thread_blocked, id=4304, stack(0x000000ff3af00000,0x000000ff3b000000)]
  0x0000021145f27650 JavaThread "Service Thread" daemon [_thread_blocked, id=5860, stack(0x000000ff3b000000,0x000000ff3b100000)]
  0x0000021145f2abe0 JavaThread "Monitor Deflation Thread" daemon [_thread_blocked, id=4148, stack(0x000000ff3b100000,0x000000ff3b200000)]
  0x0000021145f33700 JavaThread "C2 CompilerThread0" daemon [_thread_blocked, id=5692, stack(0x000000ff3b200000,0x000000ff3b300000)]
  0x0000021145f34940 JavaThread "C1 CompilerThread0" daemon [_thread_blocked, id=11768, stack(0x000000ff3b300000,0x000000ff3b400000)]
  0x0000021145f38650 JavaThread "Sweeper thread" daemon [_thread_blocked, id=2944, stack(0x000000ff3b400000,0x000000ff3b500000)]
  0x00000211460be870 JavaThread "Common-Cleaner" daemon [_thread_blocked, id=3588, stack(0x000000ff3b500000,0x000000ff3b600000)]
  0x00000211460c0080 JavaThread "Notification Thread" daemon [_thread_blocked, id=4396, stack(0x000000ff3b700000,0x000000ff3b800000)]
  0x00000211460bd530 JavaThread "Active Thread: Equinox Container: 75f49f90-a362-44f8-89f2-a796eda9082d" [_thread_blocked, id=5520, stack(0x000000ff3bf00000,0x000000ff3c000000)]
  0x00000211460bf6e0 JavaThread "Framework Event Dispatcher: Equinox Container: 75f49f90-a362-44f8-89f2-a796eda9082d" daemon [_thread_blocked, id=12260, stack(0x000000ff3c000000,0x000000ff3c100000)]
=>0x00000211460bed40 JavaThread "Start Level: Equinox Container: 75f49f90-a362-44f8-89f2-a796eda9082d" daemon [_thread_in_vm, id=6120, stack(0x000000ff3c100000,0x000000ff3c200000)]
  0x00000211460c0a20 JavaThread "SCR Component Actor" daemon [_thread_blocked, id=10700, stack(0x000000ff3c200000,0x000000ff3c300000)]
  0x00000211460be3a0 JavaThread "SCR Component Registry" daemon [_thread_blocked, id=7488, stack(0x000000ff3c400000,0x000000ff3c500000)]
  0x00000211460bd060 JavaThread "Worker-JM" [_thread_blocked, id=9556, stack(0x000000ff3b600000,0x000000ff3b700000)]
  0x00000211460bded0 JavaThread "Worker-0: Synchronizing projects" [_thread_in_vm, id=5616, stack(0x000000ff3c500000,0x000000ff3c600000)]
  0x00000211460bf210 JavaThread "Worker-1" [_thread_blocked, id=5720, stack(0x000000ff3c600000,0x000000ff3c700000)]

Other Threads:
  0x0000021145f00dc0 VMThread "VM Thread" [stack: 0x000000ff3ab00000,0x000000ff3ac00000] [id=10624]
  0x0000021146f220d0 WatcherThread [stack: 0x000000ff3b800000,0x000000ff3b900000] [id=4556]
  0x000002112cda2e90 GCTaskThread "GC Thread#0" [stack: 0x000000ff3aa00000,0x000000ff3ab00000] [id=9492]
  0x00000211470c33a0 GCTaskThread "GC Thread#1" [stack: 0x000000ff3b900000,0x000000ff3ba00000] [id=11800]
  0x00000211471c2de0 GCTaskThread "GC Thread#2" [stack: 0x000000ff3ba00000,0x000000ff3bb00000] [id=8784]
  0x00000211470c3650 GCTaskThread "GC Thread#3" [stack: 0x000000ff3bb00000,0x000000ff3bc00000] [id=5356]
  0x00000211474024a0 GCTaskThread "GC Thread#4" [stack: 0x000000ff3bc00000,0x000000ff3bd00000] [id=4516]
  0x0000021147402750 GCTaskThread "GC Thread#5" [stack: 0x000000ff3bd00000,0x000000ff3be00000] [id=11488]
  0x0000021147871870 GCTaskThread "GC Thread#6" [stack: 0x000000ff3be00000,0x000000ff3bf00000] [id=10496]
  0x000002114760d1c0 GCTaskThread "GC Thread#7" [stack: 0x000000ff3c300000,0x000000ff3c400000] [id=4296]

Threads with active compile tasks:

VM state: not at safepoint (normal execution)

VM Mutex/Monitor currently owned by a thread:  ([mutex/lock_event])
[0x000002112cd86a00] Metaspace_lock - owner thread: 0x00000211460bed40

Heap address: 0x00000000c0000000, size: 1024 MB, Compressed Oops mode: 32-bit

CDS archive(s) not mapped
Compressed class space mapped at: 0x0000000100000000-0x0000000140000000, reserved size: 1073741824
Narrow klass base: 0x0000000000000000, Narrow klass shift: 3, Narrow klass range: 0x140000000

GC Precious Log:
 CPUs: 8 total, 8 available
 Memory: 3429M
 Large Page Support: Disabled
 NUMA Support: Disabled
 Compressed Oops: Enabled (32-bit)
 Alignments: Space 512K, Generation 512K, Heap 2M
 Heap Min Capacity: 100M
 Heap Initial Capacity: 100M
 Heap Max Capacity: 1G
 Pre-touch: Disabled
 Parallel Workers: 8

Heap:
 PSYoungGen      total 26112K, used 4871K [0x00000000eab00000, 0x00000000ec780000, 0x0000000100000000)
  eden space 24576K, 14% used [0x00000000eab00000,0x00000000eae63648,0x00000000ec300000)
  from space 1536K, 91% used [0x00000000ec600000,0x00000000ec75e8b8,0x00000000ec780000)
  to   space 2048K, 0% used [0x00000000ec380000,0x00000000ec380000,0x00000000ec580000)
 ParOldGen       total 68608K, used 6605K [0x00000000c0000000, 0x00000000c4300000, 0x00000000eab00000)
  object space 68608K, 9% used [0x00000000c0000000,0x00000000c0673740,0x00000000c4300000)
 Metaspace       used 28100K, committed 28608K, reserved 1114112K
  class space    used 2724K, committed 2944K, reserved 1048576K

Card table byte_map: [0x000002112c760000,0x000002112c970000] _byte_map_base: 0x000002112c160000

Marking Bits: (ParMarkBitMap*) 0x00007ffa614552c0
 Begin Bits: [0x000002113ea20000, 0x000002113fa20000)
 End Bits:   [0x000002113fa20000, 0x0000021140a20000)

Polling page: 0x000002112acb0000

Metaspace:

Usage:
  Non-class:     24.78 MB used.
      Class:      2.66 MB used.
       Both:     27.44 MB used.

Virtual space:
  Non-class space:       64.00 MB reserved,      25.06 MB ( 39%) committed,  1 nodes.
      Class space:        1.00 GB reserved,       2.88 MB ( <1%) committed,  1 nodes.
             Both:        1.06 GB reserved,      27.94 MB (  3%) committed. 

Chunk freelists:
   Non-Class:  6.42 MB
       Class:  12.98 MB
        Both:  19.41 MB

MaxMetaspaceSize: unlimited
CompressedClassSpaceSize: 1.00 GB
Initial GC threshold: 21.00 MB
Current GC threshold: 35.00 MB
CDS: off
MetaspaceReclaimPolicy: balanced
 - commit_granule_bytes: 65536.
 - commit_granule_words: 8192.
 - virtual_space_node_default_size: 8388608.
 - enlarge_chunks_in_place: 1.
 - new_chunks_are_fully_committed: 0.
 - uncommit_free_chunks: 1.
 - use_allocation_guard: 0.
 - handle_deallocations: 1.


Internal statistics:

num_allocs_failed_limit: 3.
num_arena_births: 288.
num_arena_deaths: 14.
num_vsnodes_births: 2.
num_vsnodes_deaths: 0.
num_space_committed: 447.
num_space_uncommitted: 0.
num_chunks_returned_to_freelist: 17.
num_chunks_taken_from_freelist: 1056.
num_chunk_merges: 7.
num_chunk_splits: 699.
num_chunks_enlarged: 480.
num_inconsistent_stats: 0.

CodeHeap 'non-profiled nmethods': size=120000Kb used=997Kb max_used=997Kb free=119002Kb
 bounds [0x00000211374f0000, 0x0000021137760000, 0x000002113ea20000]
CodeHeap 'profiled nmethods': size=120000Kb used=4887Kb max_used=4887Kb free=115112Kb
 bounds [0x000002112fa20000, 0x000002112fef0000, 0x0000021136f50000]
CodeHeap 'non-nmethods': size=5760Kb used=1235Kb max_used=1276Kb free=4524Kb
 bounds [0x0000021136f50000, 0x00000211371c0000, 0x00000211374f0000]
 total_blobs=2978 nmethods=2430 adapters=462
 compilation: enabled
              stopped_count=0, restarted_count=0
 full_count=0

Compilation events (20 events):
Event: 3.045 Thread 0x0000021145f34940 nmethod 2422 0x000002112fee1c10 code [0x000002112fee1de0, 0x000002112fee2228]
Event: 3.045 Thread 0x0000021145f34940 2425       3       java.util.Hashtable$Enumerator::hasNext (5 bytes)
Event: 3.045 Thread 0x0000021145f34940 nmethod 2425 0x000002112fee2390 code [0x000002112fee2520, 0x000002112fee2668]
Event: 3.045 Thread 0x0000021145f34940 2426       3       java.util.Hashtable$Enumerator::next (27 bytes)
Event: 3.046 Thread 0x0000021145f34940 nmethod 2426 0x000002112fee2710 code [0x000002112fee28c0, 0x000002112fee2b18]
Event: 3.046 Thread 0x0000021145f34940 2423       1       java.util.Hashtable$Entry::getKey (5 bytes)
Event: 3.046 Thread 0x0000021145f34940 nmethod 2423 0x00000211375e7f10 code [0x00000211375e80a0, 0x00000211375e8178]
Event: 3.046 Thread 0x0000021145f34940 2424       1       java.util.Hashtable$Entry::getValue (5 bytes)
Event: 3.046 Thread 0x0000021145f34940 nmethod 2424 0x00000211375e8210 code [0x00000211375e83a0, 0x00000211375e8478]
Event: 3.055 Thread 0x0000021145f33700 2427       4       java.util.ArrayList$SubList$1::hasNext (20 bytes)
Event: 3.056 Thread 0x0000021145f33700 nmethod 2427 0x00000211375e8510 code [0x00000211375e8680, 0x00000211375e8718]
Event: 3.057 Thread 0x0000021145f34940 2428       3       org.eclipse.jdt.internal.core.JavaModelManager::getOptionLevel (30 bytes)
Event: 3.058 Thread 0x0000021145f34940 nmethod 2428 0x000002112fee2c90 code [0x000002112fee2e60, 0x000002112fee32b8]
Event: 3.058 Thread 0x0000021145f34940 2429       3       org.eclipse.jdt.internal.core.JavaModelManager::storePreference (168 bytes)
Event: 3.058 Thread 0x0000021145f33700 2431       4       java.lang.ref.Reference::refersTo (6 bytes)
Event: 3.059 Thread 0x0000021145f34940 nmethod 2429 0x000002112fee3410 code [0x000002112fee36a0, 0x000002112fee4568]
Event: 3.059 Thread 0x0000021145f34940 2430   !   3       org.eclipse.core.internal.preferences.EclipsePreferences::remove (59 bytes)
Event: 3.059 Thread 0x0000021145f33700 nmethod 2431 0x00000211375e8810 code [0x00000211375e8980, 0x00000211375e8a18]
Event: 3.060 Thread 0x0000021145f33700 2432  s    4       java.util.Hashtable::get (69 bytes)
Event: 3.060 Thread 0x0000021145f34940 nmethod 2430 0x000002112fee4990 code [0x000002112fee4c00, 0x000002112fee59c8]

GC Heap History (14 events):
Event: 0.785 GC heap before
{Heap before GC invocations=1 (full 0):
 PSYoungGen      total 29696K, used 25600K [0x00000000eab00000, 0x00000000ecc00000, 0x0000000100000000)
  eden space 25600K, 100% used [0x00000000eab00000,0x00000000ec400000,0x00000000ec400000)
  from space 4096K, 0% used [0x00000000ec800000,0x00000000ec800000,0x00000000ecc00000)
  to   space 4096K, 0% used [0x00000000ec400000,0x00000000ec400000,0x00000000ec800000)
 ParOldGen       total 68608K, used 0K [0x00000000c0000000, 0x00000000c4300000, 0x00000000eab00000)
  object space 68608K, 0% used [0x00000000c0000000,0x00000000c0000000,0x00000000c4300000)
 Metaspace       used 11190K, committed 11392K, reserved 1114112K
  class space    used 1123K, committed 1216K, reserved 1048576K
}
Event: 0.790 GC heap after
{Heap after GC invocations=1 (full 0):
 PSYoungGen      total 29696K, used 3177K [0x00000000eab00000, 0x00000000ecc00000, 0x0000000100000000)
  eden space 25600K, 0% used [0x00000000eab00000,0x00000000eab00000,0x00000000ec400000)
  from space 4096K, 77% used [0x00000000ec400000,0x00000000ec71a4b0,0x00000000ec800000)
  to   space 4096K, 0% used [0x00000000ec800000,0x00000000ec800000,0x00000000ecc00000)
 ParOldGen       total 68608K, used 16K [0x00000000c0000000, 0x00000000c4300000, 0x00000000eab00000)
  object space 68608K, 0% used [0x00000000c0000000,0x00000000c0004000,0x00000000c4300000)
 Metaspace       used 11190K, committed 11392K, reserved 1114112K
  class space    used 1123K, committed 1216K, reserved 1048576K
}
Event: 1.401 GC heap before
{Heap before GC invocations=2 (full 0):
 PSYoungGen      total 29696K, used 28777K [0x00000000eab00000, 0x00000000ecc00000, 0x0000000100000000)
  eden space 25600K, 100% used [0x00000000eab00000,0x00000000ec400000,0x00000000ec400000)
  from space 4096K, 77% used [0x00000000ec400000,0x00000000ec71a4b0,0x00000000ec800000)
  to   space 4096K, 0% used [0x00000000ec800000,0x00000000ec800000,0x00000000ecc00000)
 ParOldGen       total 68608K, used 16K [0x00000000c0000000, 0x00000000c4300000, 0x00000000eab00000)
  object space 68608K, 0% used [0x00000000c0000000,0x00000000c0004000,0x00000000c4300000)
 Metaspace       used 15418K, committed 15680K, reserved 1114112K
  class space    used 1576K, committed 1728K, reserved 1048576K
}
Event: 1.407 GC heap after
{Heap after GC invocations=2 (full 0):
 PSYoungGen      total 29696K, used 4079K [0x00000000eab00000, 0x00000000ecc00000, 0x0000000100000000)
  eden space 25600K, 0% used [0x00000000eab00000,0x00000000eab00000,0x00000000ec400000)
  from space 4096K, 99% used [0x00000000ec800000,0x00000000ecbfbce0,0x00000000ecc00000)
  to   space 4096K, 0% used [0x00000000ec400000,0x00000000ec400000,0x00000000ec800000)
 ParOldGen       total 68608K, used 750K [0x00000000c0000000, 0x00000000c4300000, 0x00000000eab00000)
  object space 68608K, 1% used [0x00000000c0000000,0x00000000c00bb830,0x00000000c4300000)
 Metaspace       used 15418K, committed 15680K, reserved 1114112K
  class space    used 1576K, committed 1728K, reserved 1048576K
}
Event: 1.887 GC heap before
{Heap before GC invocations=3 (full 0):
 PSYoungGen      total 29696K, used 29679K [0x00000000eab00000, 0x00000000ecc00000, 0x0000000100000000)
  eden space 25600K, 100% used [0x00000000eab00000,0x00000000ec400000,0x00000000ec400000)
  from space 4096K, 99% used [0x00000000ec800000,0x00000000ecbfbce0,0x00000000ecc00000)
  to   space 4096K, 0% used [0x00000000ec400000,0x00000000ec400000,0x00000000ec800000)
 ParOldGen       total 68608K, used 750K [0x00000000c0000000, 0x00000000c4300000, 0x00000000eab00000)
  object space 68608K, 1% used [0x00000000c0000000,0x00000000c00bb830,0x00000000c4300000)
 Metaspace       used 20390K, committed 20864K, reserved 1114112K
  class space    used 2092K, committed 2304K, reserved 1048576K
}
Event: 1.893 GC heap after
{Heap after GC invocations=3 (full 0):
 PSYoungGen      total 29696K, used 4085K [0x00000000eab00000, 0x00000000ecc00000, 0x0000000100000000)
  eden space 25600K, 0% used [0x00000000eab00000,0x00000000eab00000,0x00000000ec400000)
  from space 4096K, 99% used [0x00000000ec400000,0x00000000ec7fd650,0x00000000ec800000)
  to   space 4096K, 0% used [0x00000000ec800000,0x00000000ec800000,0x00000000ecc00000)
 ParOldGen       total 68608K, used 2542K [0x00000000c0000000, 0x00000000c4300000, 0x00000000eab00000)
  object space 68608K, 3% used [0x00000000c0000000,0x00000000c027ba18,0x00000000c4300000)
 Metaspace       used 20390K, committed 20864K, reserved 1114112K
  class space    used 2092K, committed 2304K, reserved 1048576K
}
Event: 1.969 GC heap before
{Heap before GC invocations=4 (full 0):
 PSYoungGen      total 29696K, used 8626K [0x00000000eab00000, 0x00000000ecc00000, 0x0000000100000000)
  eden space 25600K, 17% used [0x00000000eab00000,0x00000000eaf6f598,0x00000000ec400000)
  from space 4096K, 99% used [0x00000000ec400000,0x00000000ec7fd650,0x00000000ec800000)
  to   space 4096K, 0% used [0x00000000ec800000,0x00000000ec800000,0x00000000ecc00000)
 ParOldGen       total 68608K, used 2542K [0x00000000c0000000, 0x00000000c4300000, 0x00000000eab00000)
  object space 68608K, 3% used [0x00000000c0000000,0x00000000c027ba18,0x00000000c4300000)
 Metaspace       used 21061K, committed 21504K, reserved 1114112K
  class space    used 2167K, committed 2368K, reserved 1048576K
}
Event: 1.972 GC heap after
{Heap after GC invocations=4 (full 0):
 PSYoungGen      total 29696K, used 4070K [0x00000000eab00000, 0x00000000ecc00000, 0x0000000100000000)
  eden space 25600K, 0% used [0x00000000eab00000,0x00000000eab00000,0x00000000ec400000)
  from space 4096K, 99% used [0x00000000ec800000,0x00000000ecbf9968,0x00000000ecc00000)
  to   space 4096K, 0% used [0x00000000ec400000,0x00000000ec400000,0x00000000ec800000)
 ParOldGen       total 68608K, used 2734K [0x00000000c0000000, 0x00000000c4300000, 0x00000000eab00000)
  object space 68608K, 3% used [0x00000000c0000000,0x00000000c02aba18,0x00000000c4300000)
 Metaspace       used 21061K, committed 21504K, reserved 1114112K
  class space    used 2167K, committed 2368K, reserved 1048576K
}
Event: 1.972 GC heap before
{Heap before GC invocations=5 (full 1):
 PSYoungGen      total 29696K, used 4070K [0x00000000eab00000, 0x00000000ecc00000, 0x0000000100000000)
  eden space 25600K, 0% used [0x00000000eab00000,0x00000000eab00000,0x00000000ec400000)
  from space 4096K, 99% used [0x00000000ec800000,0x00000000ecbf9968,0x00000000ecc00000)
  to   space 4096K, 0% used [0x00000000ec400000,0x00000000ec400000,0x00000000ec800000)
 ParOldGen       total 68608K, used 2734K [0x00000000c0000000, 0x00000000c4300000, 0x00000000eab00000)
  object space 68608K, 3% used [0x00000000c0000000,0x00000000c02aba18,0x00000000c4300000)
 Metaspace       used 21061K, committed 21504K, reserved 1114112K
  class space    used 2167K, committed 2368K, reserved 1048576K
}
Event: 1.991 GC heap after
{Heap after GC invocations=5 (full 1):
 PSYoungGen      total 29696K, used 0K [0x00000000eab00000, 0x00000000ecc00000, 0x0000000100000000)
  eden space 25600K, 0% used [0x00000000eab00000,0x00000000eab00000,0x00000000ec400000)
  from space 4096K, 0% used [0x00000000ec800000,0x00000000ec800000,0x00000000ecc00000)
  to   space 4096K, 0% used [0x00000000ec400000,0x00000000ec400000,0x00000000ec800000)
 ParOldGen       total 68608K, used 6597K [0x00000000c0000000, 0x00000000c4300000, 0x00000000eab00000)
  object space 68608K, 9% used [0x00000000c0000000,0x00000000c0671740,0x00000000c4300000)
 Metaspace       used 21048K, committed 21504K, reserved 1114112K
  class space    used 2164K, committed 2368K, reserved 1048576K
}
Event: 2.197 GC heap before
{Heap before GC invocations=6 (full 1):
 PSYoungGen      total 29696K, used 25600K [0x00000000eab00000, 0x00000000ecc00000, 0x0000000100000000)
  eden space 25600K, 100% used [0x00000000eab00000,0x00000000ec400000,0x00000000ec400000)
  from space 4096K, 0% used [0x00000000ec800000,0x00000000ec800000,0x00000000ecc00000)
  to   space 4096K, 0% used [0x00000000ec400000,0x00000000ec400000,0x00000000ec800000)
 ParOldGen       total 68608K, used 6597K [0x00000000c0000000, 0x00000000c4300000, 0x00000000eab00000)
  object space 68608K, 9% used [0x00000000c0000000,0x00000000c0671740,0x00000000c4300000)
 Metaspace       used 24549K, committed 25024K, reserved 1114112K
  class space    used 2417K, committed 2624K, reserved 1048576K
}
Event: 2.198 GC heap after
{Heap after GC invocations=6 (full 1):
 PSYoungGen      total 26112K, used 714K [0x00000000eab00000, 0x00000000ec880000, 0x0000000100000000)
  eden space 25088K, 0% used [0x00000000eab00000,0x00000000eab00000,0x00000000ec380000)
  from space 1024K, 69% used [0x00000000ec400000,0x00000000ec4b2818,0x00000000ec500000)
  to   space 2560K, 0% used [0x00000000ec600000,0x00000000ec600000,0x00000000ec880000)
 ParOldGen       total 68608K, used 6597K [0x00000000c0000000, 0x00000000c4300000, 0x00000000eab00000)
  object space 68608K, 9% used [0x00000000c0000000,0x00000000c0671740,0x00000000c4300000)
 Metaspace       used 24549K, committed 25024K, reserved 1114112K
  class space    used 2417K, committed 2624K, reserved 1048576K
}
Event: 2.404 GC heap before
{Heap before GC invocations=7 (full 1):
 PSYoungGen      total 26112K, used 25802K [0x00000000eab00000, 0x00000000ec880000, 0x0000000100000000)
  eden space 25088K, 100% used [0x00000000eab00000,0x00000000ec380000,0x00000000ec380000)
  from space 1024K, 69% used [0x00000000ec400000,0x00000000ec4b2818,0x00000000ec500000)
  to   space 2560K, 0% used [0x00000000ec600000,0x00000000ec600000,0x00000000ec880000)
 ParOldGen       total 68608K, used 6597K [0x00000000c0000000, 0x00000000c4300000, 0x00000000eab00000)
  object space 68608K, 9% used [0x00000000c0000000,0x00000000c0671740,0x00000000c4300000)
 Metaspace       used 27380K, committed 27904K, reserved 1114112K
  class space    used 2647K, committed 2880K, reserved 1048576K
}
Event: 2.405 GC heap after
{Heap after GC invocations=7 (full 1):
 PSYoungGen      total 26112K, used 1402K [0x00000000eab00000, 0x00000000ec780000, 0x0000000100000000)
  eden space 24576K, 0% used [0x00000000eab00000,0x00000000eab00000,0x00000000ec300000)
  from space 1536K, 91% used [0x00000000ec600000,0x00000000ec75e8b8,0x00000000ec780000)
  to   space 2048K, 0% used [0x00000000ec380000,0x00000000ec380000,0x00000000ec580000)
 ParOldGen       total 68608K, used 6605K [0x00000000c0000000, 0x00000000c4300000, 0x00000000eab00000)
  object space 68608K, 9% used [0x00000000c0000000,0x00000000c0673740,0x00000000c4300000)
 Metaspace       used 27380K, committed 27904K, reserved 1114112K
  class space    used 2647K, committed 2880K, reserved 1048576K
}

Dll operation events (9 events):
Event: 0.007 Loaded shared library c:\Users\shiden\.vscode\extensions\redhat.java-1.21.0-win32-x64\jre\17.0.7-win32-x86_64\bin\java.dll
Event: 0.128 Loaded shared library c:\Users\shiden\.vscode\extensions\redhat.java-1.21.0-win32-x64\jre\17.0.7-win32-x86_64\bin\zip.dll
Event: 0.132 Loaded shared library C:\Users\shiden\.vscode\extensions\redhat.java-1.21.0-win32-x64\jre\17.0.7-win32-x86_64\bin\instrument.dll
Event: 0.142 Loaded shared library C:\Users\shiden\.vscode\extensions\redhat.java-1.21.0-win32-x64\jre\17.0.7-win32-x86_64\bin\net.dll
Event: 0.144 Loaded shared library C:\Users\shiden\.vscode\extensions\redhat.java-1.21.0-win32-x64\jre\17.0.7-win32-x86_64\bin\nio.dll
Event: 0.150 Loaded shared library C:\Users\shiden\.vscode\extensions\redhat.java-1.21.0-win32-x64\jre\17.0.7-win32-x86_64\bin\zip.dll
Event: 0.160 Loaded shared library C:\Users\shiden\.vscode\extensions\redhat.java-1.21.0-win32-x64\jre\17.0.7-win32-x86_64\bin\jimage.dll
Event: 0.199 Loaded shared library c:\Users\shiden\.vscode\extensions\redhat.java-1.21.0-win32-x64\jre\17.0.7-win32-x86_64\bin\verify.dll
Event: 1.226 Loaded shared library C:\Users\shiden\AppData\Roaming\Code\User\globalStorage\redhat.java\1.21.0\config_ss_win\org.eclipse.equinox.launcher\org.eclipse.equinox.launcher.win32.win32.x86_64_1.2.700.v20221108-1024\eclipse_11801.dll

Deoptimization events (20 events):
Event: 2.381 Thread 0x00000211460bed40 DEOPT PACKING pc=0x000002112faf541e sp=0x000000ff3c1f8d70
Event: 2.381 Thread 0x00000211460bed40 DEOPT UNPACKING pc=0x0000021136fa6e43 sp=0x000000ff3c1f8268 mode 0
Event: 2.381 Thread 0x00000211460bed40 DEOPT PACKING pc=0x000002112faf541e sp=0x000000ff3c1f8d70
Event: 2.381 Thread 0x00000211460bed40 DEOPT UNPACKING pc=0x0000021136fa6e43 sp=0x000000ff3c1f8268 mode 0
Event: 2.408 Thread 0x00000211460bed40 Uncommon trap: trap_request=0xffffffc6 fr.pc=0x0000021137570880 relative=0x0000000000000940
Event: 2.408 Thread 0x00000211460bed40 Uncommon trap: reason=bimorphic_or_optimized_type_check action=maybe_recompile pc=0x0000021137570880 method=java.util.HashMap.putVal(ILjava/lang/Object;Ljava/lang/Object;ZZ)Ljava/lang/Object; @ 56 c2
Event: 2.408 Thread 0x00000211460bed40 DEOPT PACKING pc=0x0000021137570880 sp=0x000000ff3c1fdc70
Event: 2.408 Thread 0x00000211460bed40 DEOPT UNPACKING pc=0x0000021136fa66a3 sp=0x000000ff3c1fdbc8 mode 2
Event: 2.408 Thread 0x00000211460bed40 Uncommon trap: trap_request=0xffffffc6 fr.pc=0x0000021137570880 relative=0x0000000000000940
Event: 2.408 Thread 0x00000211460bed40 Uncommon trap: reason=bimorphic_or_optimized_type_check action=maybe_recompile pc=0x0000021137570880 method=java.util.HashMap.putVal(ILjava/lang/Object;Ljava/lang/Object;ZZ)Ljava/lang/Object; @ 56 c2
Event: 2.408 Thread 0x00000211460bed40 DEOPT PACKING pc=0x0000021137570880 sp=0x000000ff3c1fdc70
Event: 2.408 Thread 0x00000211460bed40 DEOPT UNPACKING pc=0x0000021136fa66a3 sp=0x000000ff3c1fdbc8 mode 2
Event: 2.408 Thread 0x00000211460bed40 Uncommon trap: trap_request=0xffffffc6 fr.pc=0x0000021137570880 relative=0x0000000000000940
Event: 2.408 Thread 0x00000211460bed40 Uncommon trap: reason=bimorphic_or_optimized_type_check action=maybe_recompile pc=0x0000021137570880 method=java.util.HashMap.putVal(ILjava/lang/Object;Ljava/lang/Object;ZZ)Ljava/lang/Object; @ 56 c2
Event: 2.408 Thread 0x00000211460bed40 DEOPT PACKING pc=0x0000021137570880 sp=0x000000ff3c1fdc70
Event: 2.408 Thread 0x00000211460bed40 DEOPT UNPACKING pc=0x0000021136fa66a3 sp=0x000000ff3c1fdbc8 mode 2
Event: 2.408 Thread 0x00000211460bed40 Uncommon trap: trap_request=0xffffffc6 fr.pc=0x0000021137570880 relative=0x0000000000000940
Event: 2.408 Thread 0x00000211460bed40 Uncommon trap: reason=bimorphic_or_optimized_type_check action=maybe_recompile pc=0x0000021137570880 method=java.util.HashMap.putVal(ILjava/lang/Object;Ljava/lang/Object;ZZ)Ljava/lang/Object; @ 56 c2
Event: 2.408 Thread 0x00000211460bed40 DEOPT PACKING pc=0x0000021137570880 sp=0x000000ff3c1fdc70
Event: 2.408 Thread 0x00000211460bed40 DEOPT UNPACKING pc=0x0000021136fa66a3 sp=0x000000ff3c1fdbc8 mode 2

Classes unloaded (7 events):
Event: 1.974 Thread 0x0000021145f00dc0 Unloading class 0x000000010021e000 'java/lang/invoke/LambdaForm$MH+0x000000010021e000'
Event: 1.974 Thread 0x0000021145f00dc0 Unloading class 0x000000010021dc00 'java/lang/invoke/LambdaForm$MH+0x000000010021dc00'
Event: 1.974 Thread 0x0000021145f00dc0 Unloading class 0x000000010021d800 'java/lang/invoke/LambdaForm$MH+0x000000010021d800'
Event: 1.974 Thread 0x0000021145f00dc0 Unloading class 0x000000010021d400 'java/lang/invoke/LambdaForm$MH+0x000000010021d400'
Event: 1.974 Thread 0x0000021145f00dc0 Unloading class 0x000000010021d000 'java/lang/invoke/LambdaForm$BMH+0x000000010021d000'
Event: 1.975 Thread 0x0000021145f00dc0 Unloading class 0x000000010021cc00 'java/lang/invoke/LambdaForm$DMH+0x000000010021cc00'
Event: 1.975 Thread 0x0000021145f00dc0 Unloading class 0x000000010021a000 'java/lang/invoke/LambdaForm$DMH+0x000000010021a000'

Classes redefined (0 events):
No events

Internal exceptions (20 events):
Event: 1.839 Thread 0x00000211460bed40 Exception <a 'java/lang/NoSuchMethodError'{0x00000000ec1f8068}: 'java.lang.Object java.lang.invoke.DirectMethodHandle$Holder.newInvokeSpecial(java.lang.Object, java.lang.Object, java.lang.Object, java.lang.Object, java.lang.Object)'> (0x00000000ec1f8068) 
thrown [s\src\hotspot\share\interpreter\linkResolver.cpp, line 759]
Event: 1.922 Thread 0x00000211460bed40 Exception <a 'java/lang/NoSuchMethodError'{0x00000000eac362e8}: 'java.lang.Object java.lang.invoke.DirectMethodHandle$Holder.invokeSpecial(java.lang.Object, java.lang.Object, java.lang.Object, long, java.lang.Object)'> (0x00000000eac362e8) 
thrown [s\src\hotspot\share\interpreter\linkResolver.cpp, line 759]
Event: 1.923 Thread 0x00000211460bed40 Exception <a 'java/lang/NoSuchMethodError'{0x00000000eac3e4a0}: 'java.lang.Object java.lang.invoke.DirectMethodHandle$Holder.newInvokeSpecial(java.lang.Object, java.lang.Object, java.lang.Object, long)'> (0x00000000eac3e4a0) 
thrown [s\src\hotspot\share\interpreter\linkResolver.cpp, line 759]
Event: 1.924 Thread 0x00000211460bed40 Exception <a 'java/lang/NoSuchMethodError'{0x00000000eac42a40}: 'java.lang.Object java.lang.invoke.DirectMethodHandle$Holder.invokeSpecial(java.lang.Object, java.lang.Object, java.lang.Object, java.lang.Object, long)'> (0x00000000eac42a40) 
thrown [s\src\hotspot\share\interpreter\linkResolver.cpp, line 759]
Event: 1.924 Thread 0x00000211460bed40 Exception <a 'java/lang/NoSuchMethodError'{0x00000000eac468b8}: 'java.lang.Object java.lang.invoke.Invokers$Holder.linkToTargetMethod(java.lang.Object, java.lang.Object, long, java.lang.Object)'> (0x00000000eac468b8) 
thrown [s\src\hotspot\share\interpreter\linkResolver.cpp, line 759]
Event: 1.936 Thread 0x00000211460bed40 Exception <a 'java/lang/NoSuchMethodError'{0x00000000ead26ec8}: 'int java.lang.invoke.DirectMethodHandle$Holder.invokeStaticInit(java.lang.Object, java.lang.Object, java.lang.Object)'> (0x00000000ead26ec8) 
thrown [s\src\hotspot\share\interpreter\linkResolver.cpp, line 759]
Event: 1.942 Thread 0x00000211460bed40 Exception <a 'java/lang/IncompatibleClassChangeError'{0x00000000ead8f818}: Found class java.lang.Object, but interface was expected> (0x00000000ead8f818) 
thrown [s\src\hotspot\share\interpreter\linkResolver.cpp, line 826]
Event: 1.948 Thread 0x00000211460bed40 Exception <a 'java/lang/NoSuchMethodError'{0x00000000eada9900}: 'java.lang.Object java.lang.invoke.DirectMethodHandle$Holder.invokeSpecial(java.lang.Object, java.lang.Object, java.lang.Object, int, java.lang.Object, java.lang.Object)'> (0x00000000eada9900) 
thrown [s\src\hotspot\share\interpreter\linkResolver.cpp, line 759]
Event: 1.949 Thread 0x00000211460bed40 Exception <a 'java/lang/NoSuchMethodError'{0x00000000eadb2088}: 'java.lang.Object java.lang.invoke.DirectMethodHandle$Holder.newInvokeSpecial(java.lang.Object, java.lang.Object, java.lang.Object, int, java.lang.Object)'> (0x00000000eadb2088) 
thrown [s\src\hotspot\share\interpreter\linkResolver.cpp, line 759]
Event: 1.950 Thread 0x00000211460bed40 Exception <a 'java/lang/NoSuchMethodError'{0x00000000eadb64e0}: 'java.lang.Object java.lang.invoke.DirectMethodHandle$Holder.invokeSpecial(java.lang.Object, java.lang.Object, java.lang.Object, java.lang.Object, int, java.lang.Object)'> (0x00000000eadb64e0) 
thrown [s\src\hotspot\share\interpreter\linkResolver.cpp, line 759]
Event: 1.951 Thread 0x00000211460bded0 Exception <a 'java/lang/NoSuchMethodError'{0x00000000eacdb908}: 'java.lang.Object java.lang.invoke.DirectMethodHandle$Holder.invokeSpecial(java.lang.Object, java.lang.Object, int, java.lang.Object, java.lang.Object)'> (0x00000000eacdb908) 
thrown [s\src\hotspot\share\interpreter\linkResolver.cpp, line 759]
Event: 1.952 Thread 0x00000211460bded0 Exception <a 'java/lang/NoSuchMethodError'{0x00000000eace2fd8}: 'java.lang.Object java.lang.invoke.DirectMethodHandle$Holder.newInvokeSpecial(java.lang.Object, java.lang.Object, int, java.lang.Object)'> (0x00000000eace2fd8) 
thrown [s\src\hotspot\share\interpreter\linkResolver.cpp, line 759]
Event: 1.952 Thread 0x00000211460bded0 Exception <a 'java/lang/NoSuchMethodError'{0x00000000eace6ae8}: 'java.lang.Object java.lang.invoke.DirectMethodHandle$Holder.invokeSpecial(java.lang.Object, java.lang.Object, java.lang.Object, int, java.lang.Object)'> (0x00000000eace6ae8) 
thrown [s\src\hotspot\share\interpreter\linkResolver.cpp, line 759]
Event: 1.994 Thread 0x00000211460bded0 Exception <a 'java/io/FileNotFoundException'{0x00000000eab09148}> (0x00000000eab09148) 
thrown [s\src\hotspot\share\prims\jni.cpp, line 516]
Event: 2.375 Thread 0x00000211460bed40 Exception <a 'java/lang/ClassNotFoundException'{0x00000000ec14afa0}: com/sun/org/apache/xerces/internal/impl/msg/spi/DOMMessagesProvider> (0x00000000ec14afa0) 
thrown [s\src\hotspot\share\classfile\systemDictionary.cpp, line 256]
Event: 2.379 Thread 0x00000211460bed40 Exception <a 'java/lang/ClassNotFoundException'{0x00000000ec1770e0}: com/sun/org/apache/xerces/internal/impl/msg/spi/XMLSerializerMessagesProvider> (0x00000000ec1770e0) 
thrown [s\src\hotspot\share\classfile\systemDictionary.cpp, line 256]
Event: 2.380 Thread 0x00000211460bed40 Exception <a 'java/lang/ClassNotFoundException'{0x00000000ec184368}: com/sun/org/apache/xerces/internal/impl/msg/spi/XMLMessagesProvider> (0x00000000ec184368) 
thrown [s\src\hotspot\share\classfile\systemDictionary.cpp, line 256]
Event: 2.390 Thread 0x00000211460bed40 Exception <a 'java/lang/NoSuchMethodError'{0x00000000ec22a838}: 'void java.lang.invoke.DirectMethodHandle$Holder.invokeVirtual(java.lang.Object, java.lang.Object)'> (0x00000000ec22a838) 
thrown [s\src\hotspot\share\interpreter\linkResolver.cpp, line 759]
Event: 2.931 Thread 0x00000211460bed40 Exception <a 'java/lang/NoSuchMethodError'{0x00000000eac25928}: 'java.lang.Object java.lang.invoke.DirectMethodHandle$Holder.invokeStaticInit(java.lang.Object, int, int, int, int)'> (0x00000000eac25928) 
thrown [s\src\hotspot\share\interpreter\linkResolver.cpp, line 759]
Event: 3.002 Thread 0x00000211460bed40 Exception <a 'java/lang/NoSuchMethodError'{0x00000000eacbd728}: 'java.lang.Object java.lang.invoke.DirectMethodHandle$Holder.invokeStaticInit(java.lang.Object, java.lang.Object, int, int, int, int)'> (0x00000000eacbd728) 
thrown [s\src\hotspot\share\interpreter\linkResolver.cpp, line 759]

VM Operations (20 events):
Event: 1.401 Executing VM operation: ParallelGCFailedAllocation
Event: 1.407 Executing VM operation: ParallelGCFailedAllocation done
Event: 1.639 Executing VM operation: HandshakeAllThreads
Event: 1.639 Executing VM operation: HandshakeAllThreads done
Event: 1.740 Executing VM operation: HandshakeAllThreads
Event: 1.740 Executing VM operation: HandshakeAllThreads done
Event: 1.887 Executing VM operation: ParallelGCFailedAllocation
Event: 1.893 Executing VM operation: ParallelGCFailedAllocation done
Event: 1.962 Executing VM operation: HandshakeAllThreads
Event: 1.962 Executing VM operation: HandshakeAllThreads done
Event: 1.969 Executing VM operation: CollectForMetadataAllocation
Event: 1.991 Executing VM operation: CollectForMetadataAllocation done
Event: 2.181 Executing VM operation: HandshakeAllThreads
Event: 2.181 Executing VM operation: HandshakeAllThreads done
Event: 2.197 Executing VM operation: ParallelGCFailedAllocation
Event: 2.198 Executing VM operation: ParallelGCFailedAllocation done
Event: 2.404 Executing VM operation: ParallelGCFailedAllocation
Event: 2.405 Executing VM operation: ParallelGCFailedAllocation done
Event: 2.408 Executing VM operation: HandshakeAllThreads
Event: 2.408 Executing VM operation: HandshakeAllThreads done

Events (20 events):
Event: 2.996 loading class sun/nio/fs/WindowsDirectoryStream
Event: 2.996 loading class java/nio/file/DirectoryStream
Event: 2.996 loading class java/nio/file/DirectoryStream done
Event: 2.997 loading class sun/nio/fs/WindowsDirectoryStream done
Event: 2.997 loading class sun/nio/fs/WindowsDirectoryStream$WindowsDirectoryIterator
Event: 2.997 loading class sun/nio/fs/WindowsDirectoryStream$WindowsDirectoryIterator done
Event: 2.998 loading class sun/nio/fs/WindowsPath$WindowsPathWithAttributes
Event: 2.998 loading class sun/nio/fs/BasicFileAttributesHolder
Event: 2.998 loading class sun/nio/fs/BasicFileAttributesHolder done
Event: 2.998 loading class sun/nio/fs/WindowsPath$WindowsPathWithAttributes done
Event: 3.004 loading class sun/security/provider/AbstractDrbg$NonceProvider
Event: 3.004 loading class sun/security/provider/AbstractDrbg$NonceProvider done
Event: 3.017 loading class java/util/DualPivotQuicksort
Event: 3.017 loading class java/util/DualPivotQuicksort done
Event: 3.023 loading class java/lang/StringIndexOutOfBoundsException
Event: 3.024 loading class java/lang/StringIndexOutOfBoundsException done
Event: 3.028 loading class sun/nio/fs/WindowsPath$1
Event: 3.028 loading class sun/nio/fs/WindowsPath$1 done
Event: 3.044 loading class java/util/Hashtable$EntrySet
Event: 3.045 loading class java/util/Hashtable$EntrySet done


Dynamic libraries:
0x00007ff7d5c10000 - 0x00007ff7d5c1e000 	c:\Users\shiden\.vscode\extensions\redhat.java-1.21.0-win32-x64\jre\17.0.7-win32-x86_64\bin\java.exe
0x00007ffa92750000 - 0x00007ffa92948000 	C:\Windows\SYSTEM32\ntdll.dll
0x00007ffa92650000 - 0x00007ffa9270f000 	C:\Windows\System32\KERNEL32.DLL
0x00007ffa8fee0000 - 0x00007ffa901d6000 	C:\Windows\System32\KERNELBASE.dll
0x00007ffa90550000 - 0x00007ffa90650000 	C:\Windows\System32\ucrtbase.dll
0x00007ffa79660000 - 0x00007ffa79677000 	c:\Users\shiden\.vscode\extensions\redhat.java-1.21.0-win32-x64\jre\17.0.7-win32-x86_64\bin\jli.dll
0x00007ffa775e0000 - 0x00007ffa775f9000 	c:\Users\shiden\.vscode\extensions\redhat.java-1.21.0-win32-x64\jre\17.0.7-win32-x86_64\bin\VCRUNTIME140.dll
0x00007ffa86af0000 - 0x00007ffa86d8a000 	C:\Windows\WinSxS\amd64_microsoft.windows.common-controls_6595b64144ccf1df_6.0.19041.1110_none_60b5254171f9507e\COMCTL32.dll
0x00007ffa912d0000 - 0x00007ffa9136e000 	C:\Windows\System32\msvcrt.dll
0x00007ffa91e00000 - 0x00007ffa91e2c000 	C:\Windows\System32\GDI32.dll
0x00007ffa906e0000 - 0x00007ffa90702000 	C:\Windows\System32\win32u.dll
0x00007ffa901e0000 - 0x00007ffa902f5000 	C:\Windows\System32\gdi32full.dll
0x00007ffa90710000 - 0x00007ffa907ad000 	C:\Windows\System32\msvcp_win.dll
0x00007ffa91e30000 - 0x00007ffa91fcd000 	C:\Windows\System32\USER32.dll
0x00007ffa90fe0000 - 0x00007ffa91010000 	C:\Windows\System32\IMM32.DLL
0x00007ffa7d490000 - 0x00007ffa7d49c000 	c:\Users\shiden\.vscode\extensions\redhat.java-1.21.0-win32-x64\jre\17.0.7-win32-x86_64\bin\vcruntime140_1.dll
0x00007ffa67420000 - 0x00007ffa674b1000 	c:\Users\shiden\.vscode\extensions\redhat.java-1.21.0-win32-x64\jre\17.0.7-win32-x86_64\bin\msvcp140.dll
0x00007ffa608d0000 - 0x00007ffa61518000 	c:\Users\shiden\.vscode\extensions\redhat.java-1.21.0-win32-x64\jre\17.0.7-win32-x86_64\bin\server\jvm.dll
0x00007ffa924c0000 - 0x00007ffa9256f000 	C:\Windows\System32\ADVAPI32.dll
0x00007ffa91880000 - 0x00007ffa9191c000 	C:\Windows\System32\sechost.dll
0x00007ffa92390000 - 0x00007ffa924b6000 	C:\Windows\System32\RPCRT4.dll
0x00007ffa87e60000 - 0x00007ffa87e69000 	C:\Windows\SYSTEM32\WSOCK32.dll
0x00007ffa91920000 - 0x00007ffa9198b000 	C:\Windows\System32\WS2_32.dll
0x00007ffa88e80000 - 0x00007ffa88ea7000 	C:\Windows\SYSTEM32\WINMM.dll
0x00007ffa88980000 - 0x00007ffa8898a000 	C:\Windows\SYSTEM32\VERSION.dll
0x00007ffa8dcf0000 - 0x00007ffa8dd02000 	C:\Windows\SYSTEM32\kernel.appcore.dll
0x00007ffa79c80000 - 0x00007ffa79c8a000 	c:\Users\shiden\.vscode\extensions\redhat.java-1.21.0-win32-x64\jre\17.0.7-win32-x86_64\bin\jimage.dll
0x00007ffa84ce0000 - 0x00007ffa84ec4000 	C:\Windows\SYSTEM32\DBGHELP.DLL
0x00007ffa85120000 - 0x00007ffa85154000 	C:\Windows\SYSTEM32\dbgcore.DLL
0x00007ffa90650000 - 0x00007ffa906d2000 	C:\Windows\System32\bcryptPrimitives.dll
0x00007ffa79c50000 - 0x00007ffa79c5e000 	c:\Users\shiden\.vscode\extensions\redhat.java-1.21.0-win32-x64\jre\17.0.7-win32-x86_64\bin\instrument.dll
0x00007ffa6dc20000 - 0x00007ffa6dc45000 	c:\Users\shiden\.vscode\extensions\redhat.java-1.21.0-win32-x64\jre\17.0.7-win32-x86_64\bin\java.dll
0x00007ffa77470000 - 0x00007ffa77488000 	c:\Users\shiden\.vscode\extensions\redhat.java-1.21.0-win32-x64\jre\17.0.7-win32-x86_64\bin\zip.dll
0x00007ffa907b0000 - 0x00007ffa90ef4000 	C:\Windows\System32\SHELL32.dll
0x00007ffa8def0000 - 0x00007ffa8e683000 	C:\Windows\SYSTEM32\windows.storage.dll
0x00007ffa91370000 - 0x00007ffa916c4000 	C:\Windows\System32\combase.dll
0x00007ffa8f7a0000 - 0x00007ffa8f7ce000 	C:\Windows\SYSTEM32\Wldp.dll
0x00007ffa917a0000 - 0x00007ffa9184d000 	C:\Windows\System32\SHCORE.dll
0x00007ffa92330000 - 0x00007ffa92385000 	C:\Windows\System32\shlwapi.dll
0x00007ffa8fd70000 - 0x00007ffa8fd8f000 	C:\Windows\SYSTEM32\profapi.dll
0x00007ffa772a0000 - 0x00007ffa772b9000 	C:\Users\shiden\.vscode\extensions\redhat.java-1.21.0-win32-x64\jre\17.0.7-win32-x86_64\bin\net.dll
0x00007ffa89b20000 - 0x00007ffa89c2a000 	C:\Windows\SYSTEM32\WINHTTP.dll
0x00007ffa8f510000 - 0x00007ffa8f57a000 	C:\Windows\system32\mswsock.dll
0x00007ffa8f500000 - 0x00007ffa8f50a000 	C:\Windows\system32\wshqos.dll
0x00007ffa8f4f0000 - 0x00007ffa8f4f8000 	C:\Windows\SYSTEM32\wshtcpip.DLL
0x00007ffa8f4e0000 - 0x00007ffa8f4e8000 	C:\Windows\SYSTEM32\wship6.dll
0x00007ffa6d5e0000 - 0x00007ffa6d5f5000 	C:\Users\shiden\.vscode\extensions\redhat.java-1.21.0-win32-x64\jre\17.0.7-win32-x86_64\bin\nio.dll
0x00007ffa7cd30000 - 0x00007ffa7cd40000 	c:\Users\shiden\.vscode\extensions\redhat.java-1.21.0-win32-x64\jre\17.0.7-win32-x86_64\bin\verify.dll
0x00007ffa670a0000 - 0x00007ffa670de000 	C:\Users\shiden\AppData\Roaming\Code\User\globalStorage\redhat.java\1.21.0\config_ss_win\org.eclipse.equinox.launcher\org.eclipse.equinox.launcher.win32.win32.x86_64_1.2.700.v20221108-1024\eclipse_11801.dll
0x00007ffa910d0000 - 0x00007ffa911fa000 	C:\Windows\System32\ole32.dll
0x00007ffa8f700000 - 0x00007ffa8f718000 	C:\Windows\SYSTEM32\CRYPTSP.dll
0x00007ffa8ee00000 - 0x00007ffa8ee34000 	C:\Windows\system32\rsaenh.dll
0x00007ffa903c0000 - 0x00007ffa903e7000 	C:\Windows\System32\bcrypt.dll
0x00007ffa8fd30000 - 0x00007ffa8fd5e000 	C:\Windows\SYSTEM32\USERENV.dll
0x00007ffa8fbc0000 - 0x00007ffa8fbcc000 	C:\Windows\SYSTEM32\CRYPTBASE.dll
0x00007ffa8f1d0000 - 0x00007ffa8f20c000 	C:\Windows\SYSTEM32\IPHLPAPI.DLL
0x00007ffa91790000 - 0x00007ffa91798000 	C:\Windows\System32\NSI.dll
0x00007ffa89a60000 - 0x00007ffa89a77000 	C:\Windows\SYSTEM32\dhcpcsvc6.DLL
0x00007ffa89a40000 - 0x00007ffa89a5d000 	C:\Windows\SYSTEM32\dhcpcsvc.DLL
0x00007ffa8f210000 - 0x00007ffa8f2db000 	C:\Windows\SYSTEM32\DNSAPI.dll

dbghelp: loaded successfully - version: 4.0.5 - missing functions: none
symbol engine: initialized successfully - sym options: 0x614 - pdb path: .;c:\Users\shiden\.vscode\extensions\redhat.java-1.21.0-win32-x64\jre\17.0.7-win32-x86_64\bin;C:\Windows\SYSTEM32;C:\Windows\WinSxS\amd64_microsoft.windows.common-controls_6595b64144ccf1df_6.0.19041.1110_none_60b5254171f9507e;c:\Users\shiden\.vscode\extensions\redhat.java-1.21.0-win32-x64\jre\17.0.7-win32-x86_64\bin\server;C:\Users\shiden\AppData\Roaming\Code\User\globalStorage\redhat.java\1.21.0\config_ss_win\org.eclipse.equinox.launcher\org.eclipse.equinox.launcher.win32.win32.x86_64_1.2.700.v20221108-1024

VM Arguments:
jvm_args: --add-modules=ALL-SYSTEM --add-opens=java.base/java.util=ALL-UNNAMED --add-opens=java.base/java.lang=ALL-UNNAMED --add-opens=java.base/sun.nio.fs=ALL-UNNAMED -Declipse.application=org.eclipse.jdt.ls.core.id1 -Dosgi.bundles.defaultStartLevel=4 -Declipse.product=org.eclipse.jdt.ls.core.product -Djava.import.generatesMetadataFilesAtProjectRoot=false -Dfile.encoding=utf8 -XX:+UseParallelGC -XX:GCTimeRatio=4 -XX:AdaptiveSizePolicyWeight=90 -Dsun.zip.disableMemoryMapping=true -Xmx1G -Xms100m -Xlog:disable -javaagent:c:\Users\shiden\.vscode\extensions\redhat.java-1.21.0-win32-x64\lombok\lombok-1.18.28.jar 
java_command: c:\Users\shiden\.vscode\extensions\redhat.java-1.21.0-win32-x64\server\plugins\org.eclipse.equinox.launcher_1.6.500.v20230717-2134.jar -configuration c:\Users\shiden\AppData\Roaming\Code\User\globalStorage\redhat.java\1.21.0\config_ss_win -data c:\Users\shiden\AppData\Roaming\Code\User\workspaceStorage\d4d7edd73409818630550ea46e1e96b1\redhat.java\ss_ws
java_class_path (initial): c:\Users\shiden\.vscode\extensions\redhat.java-1.21.0-win32-x64\server\plugins\org.eclipse.equinox.launcher_1.6.500.v20230717-2134.jar
Launcher Type: SUN_STANDARD

[Global flags]
    uintx AdaptiveSizePolicyWeight                 = 90                                        {product} {command line}
     intx CICompilerCount                          = 4                                         {product} {ergonomic}
    uintx GCTimeRatio                              = 4                                         {product} {command line}
   size_t InitialHeapSize                          = 104857600                                 {product} {command line}
   size_t MaxHeapSize                              = 1073741824                                {product} {command line}
   size_t MaxNewSize                               = 357564416                                 {product} {ergonomic}
   size_t MinHeapDeltaBytes                        = 524288                                    {product} {ergonomic}
   size_t MinHeapSize                              = 104857600                                 {product} {command line}
   size_t NewSize                                  = 34603008                                  {product} {ergonomic}
    uintx NonNMethodCodeHeapSize                   = 5839372                                {pd product} {ergonomic}
    uintx NonProfiledCodeHeapSize                  = 122909434                              {pd product} {ergonomic}
   size_t OldSize                                  = 70254592                                  {product} {ergonomic}
    uintx ProfiledCodeHeapSize                     = 122909434                              {pd product} {ergonomic}
    uintx ReservedCodeCacheSize                    = 251658240                              {pd product} {ergonomic}
     bool SegmentedCodeCache                       = true                                      {product} {ergonomic}
   size_t SoftMaxHeapSize                          = 1073741824                             {manageable} {ergonomic}
     bool UseCompressedClassPointers               = true                           {product lp64_product} {ergonomic}
     bool UseCompressedOops                        = true                           {product lp64_product} {ergonomic}
     bool UseLargePagesIndividualAllocation        = false                                  {pd product} {ergonomic}
     bool UseParallelGC                            = true                                      {product} {command line}

Logging:
Log output configuration:
 #0: stdout all=off uptime,level,tags
 #1: stderr all=off uptime,level,tags

Environment Variables:
JAVA_HOME=C:\Program Files\Unity\Hub\Editor\2021.3.29f1\Editor\Data\PlaybackEngines\AndroidPlayer\OpenJDK
PATH=C:\Program Files\Common Files\Oracle\Java\javapath;C:\Windows\system32;C:\Windows;C:\Windows\System32\Wbem;C:\Windows\System32\WindowsPowerShell\v1.0\;C:\Program Files\dotnet\;C:\Program Files\Microsoft SQL Server\150\Tools\Binn\;C:\Program Files\Microsoft SQL Server\Client SDK\ODBC\170\Tools\Binn\;C:\Users\shiden\AppData\Local\Microsoft\WindowsApps;C:\ortamlar\java\bin;C:\Program Files\JetBrains\JetBrains Rider 2023.1.3\bin;;C:\Users\shiden\AppData\Local\Programs\Microsoft VS Code\bin;C:\Users\shiden\.dotnet\tools;C:\Users\shiden\AppData\Local\GitHubDesktop\bin;C:\ortam\java\bin;;C:\Program Files\Azure Data Studio\bin
USERNAME=shiden
OS=Windows_NT
PROCESSOR_IDENTIFIER=AMD64 Family 23 Model 104 Stepping 1, AuthenticAMD
TMP=C:\Users\shiden\AppData\Local\Temp
TEMP=C:\Users\shiden\AppData\Local\Temp



---------------  S Y S T E M  ---------------

OS:
 Windows 10 , 64 bit Build 19041 (10.0.19041.2913)
OS uptime: 0 days 6:56 hours

CPU: total 8 (initial active 8) (8 cores per cpu, 2 threads per core) family 23 model 104 stepping 1 microcode 0x0, cx8, cmov, fxsr, ht, mmx, 3dnowpref, sse, sse2, sse3, ssse3, sse4a, sse4.1, sse4.2, popcnt, lzcnt, tsc, tscinvbit, avx, avx2, aes, clmul, bmi1, bmi2, adx, sha, fma, vzeroupper, clflush, clflushopt

Memory: 4k page, system-wide physical 3429M (263M free)
TotalPageFile size 11621M (AvailPageFile size 4M)
current process WorkingSet (physical memory assigned to process): 134M, peak: 138M
current process commit charge ("private bytes"): 242M, peak: 248M

vm_info: OpenJDK 64-Bit Server VM (17.0.7+7) for windows-amd64 JRE (17.0.7+7), built on Apr 18 2023 22:10:42 by "temurin" with MS VC++ 16.7 (VS2019)

END.
