#
# There is insufficient memory for the Java Runtime Environment to continue.
# Native memory allocation (malloc) failed to allocate 1052144 bytes for Chunk::new
# Possible reasons:
#   The system is out of physical RAM or swap space
#   The process is running with CompressedOops enabled, and the Java Heap may be blocking the growth of the native heap
# Possible solutions:
#   Reduce memory load on the system
#   Increase physical memory or swap space
#   Check if swap backing store is full
#   Decrease Java heap size (-Xmx/-Xms)
#   Decrease number of Java threads
#   Decrease Java thread stack sizes (-Xss)
#   Set larger code cache with -XX:ReservedCodeCacheSize=
#   JVM is running with Unscaled Compressed Oops mode in which the Java heap is
#     placed in the first 4GB address space. The Java Heap base address is the
#     maximum limit for the native heap growth. Please use -XX:HeapBaseMinAddress
#     to set the Java Heap base and to place the Java Heap above 4GB virtual address.
# This output file may be truncated or incomplete.
#
#  Out of Memory Error (arena.cpp:189), pid=4768, tid=11720
#
# JRE version: OpenJDK Runtime Environment Temurin-17.0.7+7 (17.0.7+7) (build 17.0.7+7)
# Java VM: OpenJDK 64-Bit Server VM Temurin-17.0.7+7 (17.0.7+7, mixed mode, tiered, compressed oops, compressed class ptrs, parallel gc, windows-amd64)
# No core dump will be written. Minidumps are not enabled by default on client versions of Windows
#

---------------  S U M M A R Y ------------

Command Line: --add-modules=ALL-SYSTEM --add-opens=java.base/java.util=ALL-UNNAMED --add-opens=java.base/java.lang=ALL-UNNAMED --add-opens=java.base/sun.nio.fs=ALL-UNNAMED -Declipse.application=org.eclipse.jdt.ls.core.id1 -Dosgi.bundles.defaultStartLevel=4 -Declipse.product=org.eclipse.jdt.ls.core.product -Djava.import.generatesMetadataFilesAtProjectRoot=false -Dfile.encoding=utf8 -XX:+UseParallelGC -XX:GCTimeRatio=4 -XX:AdaptiveSizePolicyWeight=90 -Dsun.zip.disableMemoryMapping=true -Xmx1G -Xms100m -Xlog:disable -javaagent:c:\Users\shiden\.vscode\extensions\redhat.java-1.21.0-win32-x64\lombok\lombok-1.18.28.jar c:\Users\shiden\.vscode\extensions\redhat.java-1.21.0-win32-x64\server\plugins\org.eclipse.equinox.launcher_1.6.500.v20230717-2134.jar -configuration c:\Users\shiden\AppData\Roaming\Code\User\globalStorage\redhat.java\1.21.0\config_ss_win -data c:\Users\shiden\AppData\Roaming\Code\User\workspaceStorage\d4d7edd73409818630550ea46e1e96b1\redhat.java\ss_ws

Host: AMD Ryzen 3 5300U with Radeon Graphics         , 8 cores, 3G,  Windows 10 , 64 bit Build 19041 (10.0.19041.2913)
Time: Fri Aug 11 13:09:18 2023 Türkiye Standart Saati elapsed time: 3.933669 seconds (0d 0h 0m 3s)

---------------  T H R E A D  ---------------

Current thread (0x0000026b0448b0f0):  JavaThread "C2 CompilerThread0" daemon [_thread_in_native, id=11720, stack(0x0000009e1f400000,0x0000009e1f500000)]


Current CompileTask:
C2:   3933 2894       4       jdk.internal.org.objectweb.asm.Frame::execute (2318 bytes)

Stack: [0x0000009e1f400000,0x0000009e1f500000]
Native frames: (J=compiled Java code, j=interpreted, Vv=VM code, C=native code)
V  [jvm.dll+0x67754a]
V  [jvm.dll+0x834304]
V  [jvm.dll+0x835aae]
V  [jvm.dll+0x836113]
V  [jvm.dll+0x24696f]
V  [jvm.dll+0xac0ac]
V  [jvm.dll+0xac67c]
V  [jvm.dll+0x364e37]
V  [jvm.dll+0x1bcde8]
V  [jvm.dll+0x219799]
V  [jvm.dll+0x218a61]
V  [jvm.dll+0x1a4d8d]
V  [jvm.dll+0x2284da]
V  [jvm.dll+0x226615]
V  [jvm.dll+0x7ea90b]
V  [jvm.dll+0x7e4e7a]
V  [jvm.dll+0x676395]
C  [ucrtbase.dll+0x21bb2]
C  [KERNEL32.DLL+0x17614]
C  [ntdll.dll+0x526a1]


---------------  P R O C E S S  ---------------

Threads class SMR info:
_java_thread_list=0x0000026b0699a410, length=25, elements={
0x0000026b6b36f120, 0x0000026b7f1ef750, 0x0000026b7f1f3000, 0x0000026b7f1f8ad0,
0x0000026b044853c0, 0x0000026b04486230, 0x0000026b04488350, 0x0000026b0448b0f0,
0x0000026b044a1f40, 0x0000026b044a50e0, 0x0000026b04584060, 0x0000026b047e3be0,
0x0000026b058f66b0, 0x0000026b05a45b70, 0x0000026b05a46310, 0x0000026b05db1e60,
0x0000026b05d715e0, 0x0000026b060a53d0, 0x0000026b061e69c0, 0x0000026b060e2400,
0x0000026b060e28d0, 0x0000026b060e3270, 0x0000026b060e3740, 0x0000026b060e2da0,
0x0000026b060e3c10
}

Java Threads: ( => current thread )
  0x0000026b6b36f120 JavaThread "main" [_thread_blocked, id=4912, stack(0x0000009e1eb00000,0x0000009e1ec00000)]
  0x0000026b7f1ef750 JavaThread "Reference Handler" daemon [_thread_blocked, id=6312, stack(0x0000009e1ee00000,0x0000009e1ef00000)]
  0x0000026b7f1f3000 JavaThread "Finalizer" daemon [_thread_blocked, id=3808, stack(0x0000009e1ef00000,0x0000009e1f000000)]
  0x0000026b7f1f8ad0 JavaThread "Signal Dispatcher" daemon [_thread_blocked, id=11240, stack(0x0000009e1f000000,0x0000009e1f100000)]
  0x0000026b044853c0 JavaThread "Attach Listener" daemon [_thread_blocked, id=11396, stack(0x0000009e1f100000,0x0000009e1f200000)]
  0x0000026b04486230 JavaThread "Service Thread" daemon [_thread_blocked, id=7228, stack(0x0000009e1f200000,0x0000009e1f300000)]
  0x0000026b04488350 JavaThread "Monitor Deflation Thread" daemon [_thread_blocked, id=6624, stack(0x0000009e1f300000,0x0000009e1f400000)]
=>0x0000026b0448b0f0 JavaThread "C2 CompilerThread0" daemon [_thread_in_native, id=11720, stack(0x0000009e1f400000,0x0000009e1f500000)]
  0x0000026b044a1f40 JavaThread "C1 CompilerThread0" daemon [_thread_blocked, id=7672, stack(0x0000009e1f500000,0x0000009e1f600000)]
  0x0000026b044a50e0 JavaThread "Sweeper thread" daemon [_thread_blocked, id=7764, stack(0x0000009e1f600000,0x0000009e1f700000)]
  0x0000026b04584060 JavaThread "Common-Cleaner" daemon [_thread_blocked, id=4364, stack(0x0000009e1f700000,0x0000009e1f800000)]
  0x0000026b047e3be0 JavaThread "Notification Thread" daemon [_thread_blocked, id=4016, stack(0x0000009e1f900000,0x0000009e1fa00000)]
  0x0000026b058f66b0 JavaThread "Active Thread: Equinox Container: fb37ddef-90bb-41ea-81af-76f297b07fdd" [_thread_blocked, id=7296, stack(0x0000009e20200000,0x0000009e20300000)]
  0x0000026b05a45b70 JavaThread "Framework Event Dispatcher: Equinox Container: fb37ddef-90bb-41ea-81af-76f297b07fdd" daemon [_thread_blocked, id=12044, stack(0x0000009e20300000,0x0000009e20400000)]
  0x0000026b05a46310 JavaThread "Start Level: Equinox Container: fb37ddef-90bb-41ea-81af-76f297b07fdd" daemon [_thread_blocked, id=8700, stack(0x0000009e20400000,0x0000009e20500000)]
  0x0000026b05db1e60 JavaThread "SCR Component Actor" daemon [_thread_blocked, id=6768, stack(0x0000009e20500000,0x0000009e20600000)]
  0x0000026b05d715e0 JavaThread "SCR Component Registry" daemon [_thread_blocked, id=5096, stack(0x0000009e20700000,0x0000009e20800000)]
  0x0000026b060a53d0 JavaThread "Worker-JM" [_thread_blocked, id=896, stack(0x0000009e20800000,0x0000009e20900000)]
  0x0000026b061e69c0 JavaThread "Worker-0" [_thread_blocked, id=9228, stack(0x0000009e20900000,0x0000009e20a00000)]
  0x0000026b060e2400 JavaThread "Worker-1: Initialize Workspace" [_thread_in_native, id=4808, stack(0x0000009e20a00000,0x0000009e20b00000)]
  0x0000026b060e28d0 JavaThread "Worker-2" [_thread_blocked, id=12252, stack(0x0000009e1fb00000,0x0000009e1fc00000)]
  0x0000026b060e3270 JavaThread "JNA Cleaner" daemon [_thread_blocked, id=10188, stack(0x0000009e20b00000,0x0000009e20c00000)]
  0x0000026b060e3740 JavaThread "pool-2-thread-1" [_thread_blocked, id=9280, stack(0x0000009e20c00000,0x0000009e20d00000)]
  0x0000026b060e2da0 JavaThread "WorkspaceEventsHandler" [_thread_blocked, id=9796, stack(0x0000009e20d00000,0x0000009e20e00000)]
  0x0000026b060e3c10 JavaThread "pool-1-thread-1" [_thread_blocked, id=11668, stack(0x0000009e20e00000,0x0000009e20f00000)]

Other Threads:
  0x0000026b04460c20 VMThread "VM Thread" [stack: 0x0000009e1ed00000,0x0000009e1ee00000] [id=4712]
  0x0000026b05428790 WatcherThread [stack: 0x0000009e1fa00000,0x0000009e1fb00000] [id=984]
  0x0000026b6b386500 GCTaskThread "GC Thread#0" [stack: 0x0000009e1ec00000,0x0000009e1ed00000] [id=11304]
  0x0000026b05bc9ba0 GCTaskThread "GC Thread#1" [stack: 0x0000009e1fc00000,0x0000009e1fd00000] [id=4580]
  0x0000026b05d20cb0 GCTaskThread "GC Thread#2" [stack: 0x0000009e1fd00000,0x0000009e1fe00000] [id=12028]
  0x0000026b0571f060 GCTaskThread "GC Thread#3" [stack: 0x0000009e1fe00000,0x0000009e1ff00000] [id=8888]
  0x0000026b0571f310 GCTaskThread "GC Thread#4" [stack: 0x0000009e1ff00000,0x0000009e20000000] [id=2388]
  0x0000026b0571f5c0 GCTaskThread "GC Thread#5" [stack: 0x0000009e20000000,0x0000009e20100000] [id=2104]
  0x0000026b0571f870 GCTaskThread "GC Thread#6" [stack: 0x0000009e20100000,0x0000009e20200000] [id=8088]
  0x0000026b05806940 GCTaskThread "GC Thread#7" [stack: 0x0000009e20600000,0x0000009e20700000] [id=6428]

Threads with active compile tasks:
C2 CompilerThread0     3947 2894       4       jdk.internal.org.objectweb.asm.Frame::execute (2318 bytes)
C1 CompilerThread0     3947 3129       2       org.eclipse.jdt.internal.compiler.classfmt.ClassFileStruct::u2At (35 bytes)

VM state: not at safepoint (normal execution)

VM Mutex/Monitor currently owned by a thread: None

Heap address: 0x00000000c0000000, size: 1024 MB, Compressed Oops mode: 32-bit

CDS archive(s) not mapped
Compressed class space mapped at: 0x0000000100000000-0x0000000140000000, reserved size: 1073741824
Narrow klass base: 0x0000000000000000, Narrow klass shift: 3, Narrow klass range: 0x140000000

GC Precious Log:
 CPUs: 8 total, 8 available
 Memory: 3429M
 Large Page Support: Disabled
 NUMA Support: Disabled
 Compressed Oops: Enabled (32-bit)
 Alignments: Space 512K, Generation 512K, Heap 2M
 Heap Min Capacity: 100M
 Heap Initial Capacity: 100M
 Heap Max Capacity: 1G
 Pre-touch: Disabled
 Parallel Workers: 8

Heap:
 PSYoungGen      total 27648K, used 17469K [0x00000000eab00000, 0x00000000ec980000, 0x0000000100000000)
  eden space 24064K, 72% used [0x00000000eab00000,0x00000000ebc0f7c8,0x00000000ec280000)
  from space 3584K, 0% used [0x00000000ec600000,0x00000000ec600000,0x00000000ec980000)
  to   space 3584K, 0% used [0x00000000ec280000,0x00000000ec280000,0x00000000ec600000)
 ParOldGen       total 68608K, used 11166K [0x00000000c0000000, 0x00000000c4300000, 0x00000000eab00000)
  object space 68608K, 16% used [0x00000000c0000000,0x00000000c0ae7a10,0x00000000c4300000)
 Metaspace       used 35653K, committed 36288K, reserved 1114112K
  class space    used 3648K, committed 3904K, reserved 1048576K

Card table byte_map: [0x0000026b6ad20000,0x0000026b6af30000] _byte_map_base: 0x0000026b6a720000

Marking Bits: (ParMarkBitMap*) 0x00007ffa614552c0
 Begin Bits: [0x0000026b7d000000, 0x0000026b7e000000)
 End Bits:   [0x0000026b7e000000, 0x0000026b7f000000)

Polling page: 0x0000026b69350000

Metaspace:

Usage:
  Non-class:     31.25 MB used.
      Class:      3.56 MB used.
       Both:     34.82 MB used.

Virtual space:
  Non-class space:       64.00 MB reserved,      31.62 MB ( 49%) committed,  1 nodes.
      Class space:        1.00 GB reserved,       3.81 MB ( <1%) committed,  1 nodes.
             Both:        1.06 GB reserved,      35.44 MB (  3%) committed. 

Chunk freelists:
   Non-Class:  15.88 MB
       Class:  12.12 MB
        Both:  28.00 MB

MaxMetaspaceSize: unlimited
CompressedClassSpaceSize: 1.00 GB
Initial GC threshold: 21.00 MB
Current GC threshold: 58.38 MB
CDS: off
MetaspaceReclaimPolicy: balanced
 - commit_granule_bytes: 65536.
 - commit_granule_words: 8192.
 - virtual_space_node_default_size: 8388608.
 - enlarge_chunks_in_place: 1.
 - new_chunks_are_fully_committed: 0.
 - uncommit_free_chunks: 1.
 - use_allocation_guard: 0.
 - handle_deallocations: 1.


Internal statistics:

num_allocs_failed_limit: 6.
num_arena_births: 356.
num_arena_deaths: 14.
num_vsnodes_births: 2.
num_vsnodes_deaths: 0.
num_space_committed: 567.
num_space_uncommitted: 0.
num_chunks_returned_to_freelist: 20.
num_chunks_taken_from_freelist: 1451.
num_chunk_merges: 10.
num_chunk_splits: 924.
num_chunks_enlarged: 610.
num_inconsistent_stats: 0.

CodeHeap 'non-profiled nmethods': size=120000Kb used=1217Kb max_used=1217Kb free=118782Kb
 bounds [0x0000026b75ad0000, 0x0000026b75d40000, 0x0000026b7d000000]
CodeHeap 'profiled nmethods': size=120000Kb used=6394Kb max_used=6394Kb free=113605Kb
 bounds [0x0000026b6e000000, 0x0000026b6e640000, 0x0000026b75530000]
CodeHeap 'non-nmethods': size=5760Kb used=1270Kb max_used=1276Kb free=4489Kb
 bounds [0x0000026b75530000, 0x0000026b757a0000, 0x0000026b75ad0000]
 total_blobs=3695 nmethods=3102 adapters=507
 compilation: enabled
              stopped_count=0, restarted_count=0
 full_count=0

Compilation events (20 events):
Event: 3.898 Thread 0x0000026b044a1f40 3092       3       org.eclipse.jdt.internal.compiler.parser.Scanner::internalScanIdentifierOrKeyword (4773 bytes)
Event: 3.916 Thread 0x0000026b044a1f40 nmethod 3092 0x0000026b6e625f90 code [0x0000026b6e626dc0, 0x0000026b6e632138]
Event: 3.916 Thread 0x0000026b044a1f40 3103       3       org.eclipse.jdt.internal.core.util.WeakHashSet::add (105 bytes)
Event: 3.916 Thread 0x0000026b044a1f40 nmethod 3103 0x0000026b6e634210 code [0x0000026b6e634440, 0x0000026b6e634ee8]
Event: 3.916 Thread 0x0000026b044a1f40 3093  s    3       org.eclipse.jdt.core.JavaConventions::scannedIdentifier (9 bytes)
Event: 3.917 Thread 0x0000026b044a1f40 nmethod 3093 0x0000026b6e635290 code [0x0000026b6e635440, 0x0000026b6e635628]
Event: 3.917 Thread 0x0000026b044a1f40 3094  s!   3       org.eclipse.jdt.core.JavaConventions::scannedIdentifier (144 bytes)
Event: 3.918 Thread 0x0000026b044a1f40 nmethod 3094 0x0000026b6e635710 code [0x0000026b6e6359a0, 0x0000026b6e636428]
Event: 3.918 Thread 0x0000026b044a1f40 3095       3       org.eclipse.jdt.internal.compiler.parser.Scanner::setSource (70 bytes)
Event: 3.918 Thread 0x0000026b044a1f40 nmethod 3095 0x0000026b6e636810 code [0x0000026b6e6369a0, 0x0000026b6e636b98]
Event: 3.918 Thread 0x0000026b044a1f40 3096       3       org.eclipse.jdt.internal.compiler.parser.Scanner::scanIdentifier (504 bytes)
Event: 3.921 Thread 0x0000026b044a1f40 nmethod 3096 0x0000026b6e636c90 code [0x0000026b6e636fa0, 0x0000026b6e638348]
Event: 3.921 Thread 0x0000026b044a1f40 3098       3       org.eclipse.jdt.core.JavaConventions::validateIdentifier (33 bytes)
Event: 3.921 Thread 0x0000026b044a1f40 nmethod 3098 0x0000026b6e638890 code [0x0000026b6e638a60, 0x0000026b6e638ce8]
Event: 3.921 Thread 0x0000026b044a1f40 3104       3       org.eclipse.jdt.internal.core.JavaModelStatus::getSeverity (60 bytes)
Event: 3.921 Thread 0x0000026b044a1f40 nmethod 3104 0x0000026b6e638e10 code [0x0000026b6e638fe0, 0x0000026b6e6393a8]
Event: 3.921 Thread 0x0000026b044a1f40 3105       3       org.eclipse.jdt.internal.core.util.WeakHashSet::cleanupGarbageCollectedValues (144 bytes)
Event: 3.922 Thread 0x0000026b044a1f40 nmethod 3105 0x0000026b6e639590 code [0x0000026b6e6397a0, 0x0000026b6e63a238]
Event: 3.931 Thread 0x0000026b044a1f40 3112       2       org.eclipse.jdt.internal.core.util.WeakHashSet::addValue (99 bytes)
Event: 3.931 Thread 0x0000026b044a1f40 nmethod 3112 0x0000026b6e63a610 code [0x0000026b6e63a7e0, 0x0000026b6e63ab58]

GC Heap History (20 events):
Event: 0.838 GC heap before
{Heap before GC invocations=1 (full 0):
 PSYoungGen      total 29696K, used 25600K [0x00000000eab00000, 0x00000000ecc00000, 0x0000000100000000)
  eden space 25600K, 100% used [0x00000000eab00000,0x00000000ec400000,0x00000000ec400000)
  from space 4096K, 0% used [0x00000000ec800000,0x00000000ec800000,0x00000000ecc00000)
  to   space 4096K, 0% used [0x00000000ec400000,0x00000000ec400000,0x00000000ec800000)
 ParOldGen       total 68608K, used 0K [0x00000000c0000000, 0x00000000c4300000, 0x00000000eab00000)
  object space 68608K, 0% used [0x00000000c0000000,0x00000000c0000000,0x00000000c4300000)
 Metaspace       used 11184K, committed 11328K, reserved 1114112K
  class space    used 1124K, committed 1216K, reserved 1048576K
}
Event: 0.844 GC heap after
{Heap after GC invocations=1 (full 0):
 PSYoungGen      total 29696K, used 3177K [0x00000000eab00000, 0x00000000ecc00000, 0x0000000100000000)
  eden space 25600K, 0% used [0x00000000eab00000,0x00000000eab00000,0x00000000ec400000)
  from space 4096K, 77% used [0x00000000ec400000,0x00000000ec71a490,0x00000000ec800000)
  to   space 4096K, 0% used [0x00000000ec800000,0x00000000ec800000,0x00000000ecc00000)
 ParOldGen       total 68608K, used 16K [0x00000000c0000000, 0x00000000c4300000, 0x00000000eab00000)
  object space 68608K, 0% used [0x00000000c0000000,0x00000000c0004000,0x00000000c4300000)
 Metaspace       used 11184K, committed 11328K, reserved 1114112K
  class space    used 1124K, committed 1216K, reserved 1048576K
}
Event: 1.374 GC heap before
{Heap before GC invocations=2 (full 0):
 PSYoungGen      total 29696K, used 28777K [0x00000000eab00000, 0x00000000ecc00000, 0x0000000100000000)
  eden space 25600K, 100% used [0x00000000eab00000,0x00000000ec400000,0x00000000ec400000)
  from space 4096K, 77% used [0x00000000ec400000,0x00000000ec71a490,0x00000000ec800000)
  to   space 4096K, 0% used [0x00000000ec800000,0x00000000ec800000,0x00000000ecc00000)
 ParOldGen       total 68608K, used 16K [0x00000000c0000000, 0x00000000c4300000, 0x00000000eab00000)
  object space 68608K, 0% used [0x00000000c0000000,0x00000000c0004000,0x00000000c4300000)
 Metaspace       used 15493K, committed 15744K, reserved 1114112K
  class space    used 1589K, committed 1728K, reserved 1048576K
}
Event: 1.380 GC heap after
{Heap after GC invocations=2 (full 0):
 PSYoungGen      total 29696K, used 4073K [0x00000000eab00000, 0x00000000ecc00000, 0x0000000100000000)
  eden space 25600K, 0% used [0x00000000eab00000,0x00000000eab00000,0x00000000ec400000)
  from space 4096K, 99% used [0x00000000ec800000,0x00000000ecbfa490,0x00000000ecc00000)
  to   space 4096K, 0% used [0x00000000ec400000,0x00000000ec400000,0x00000000ec800000)
 ParOldGen       total 68608K, used 770K [0x00000000c0000000, 0x00000000c4300000, 0x00000000eab00000)
  object space 68608K, 1% used [0x00000000c0000000,0x00000000c00c0a50,0x00000000c4300000)
 Metaspace       used 15493K, committed 15744K, reserved 1114112K
  class space    used 1589K, committed 1728K, reserved 1048576K
}
Event: 1.889 GC heap before
{Heap before GC invocations=3 (full 0):
 PSYoungGen      total 29696K, used 29673K [0x00000000eab00000, 0x00000000ecc00000, 0x0000000100000000)
  eden space 25600K, 100% used [0x00000000eab00000,0x00000000ec400000,0x00000000ec400000)
  from space 4096K, 99% used [0x00000000ec800000,0x00000000ecbfa490,0x00000000ecc00000)
  to   space 4096K, 0% used [0x00000000ec400000,0x00000000ec400000,0x00000000ec800000)
 ParOldGen       total 68608K, used 770K [0x00000000c0000000, 0x00000000c4300000, 0x00000000eab00000)
  object space 68608K, 1% used [0x00000000c0000000,0x00000000c00c0a50,0x00000000c4300000)
 Metaspace       used 20433K, committed 20864K, reserved 1114112K
  class space    used 2092K, committed 2304K, reserved 1048576K
}
Event: 1.894 GC heap after
{Heap after GC invocations=3 (full 0):
 PSYoungGen      total 29696K, used 4087K [0x00000000eab00000, 0x00000000ecc00000, 0x0000000100000000)
  eden space 25600K, 0% used [0x00000000eab00000,0x00000000eab00000,0x00000000ec400000)
  from space 4096K, 99% used [0x00000000ec400000,0x00000000ec7fddc8,0x00000000ec800000)
  to   space 4096K, 0% used [0x00000000ec800000,0x00000000ec800000,0x00000000ecc00000)
 ParOldGen       total 68608K, used 2747K [0x00000000c0000000, 0x00000000c4300000, 0x00000000eab00000)
  object space 68608K, 4% used [0x00000000c0000000,0x00000000c02aec60,0x00000000c4300000)
 Metaspace       used 20433K, committed 20864K, reserved 1114112K
  class space    used 2092K, committed 2304K, reserved 1048576K
}
Event: 1.960 GC heap before
{Heap before GC invocations=4 (full 0):
 PSYoungGen      total 29696K, used 8311K [0x00000000eab00000, 0x00000000ecc00000, 0x0000000100000000)
  eden space 25600K, 16% used [0x00000000eab00000,0x00000000eaf201e0,0x00000000ec400000)
  from space 4096K, 99% used [0x00000000ec400000,0x00000000ec7fddc8,0x00000000ec800000)
  to   space 4096K, 0% used [0x00000000ec800000,0x00000000ec800000,0x00000000ecc00000)
 ParOldGen       total 68608K, used 2747K [0x00000000c0000000, 0x00000000c4300000, 0x00000000eab00000)
  object space 68608K, 4% used [0x00000000c0000000,0x00000000c02aec60,0x00000000c4300000)
 Metaspace       used 21095K, committed 21504K, reserved 1114112K
  class space    used 2167K, committed 2368K, reserved 1048576K
}
Event: 1.963 GC heap after
{Heap after GC invocations=4 (full 0):
 PSYoungGen      total 29696K, used 4093K [0x00000000eab00000, 0x00000000ecc00000, 0x0000000100000000)
  eden space 25600K, 0% used [0x00000000eab00000,0x00000000eab00000,0x00000000ec400000)
  from space 4096K, 99% used [0x00000000ec800000,0x00000000ecbff480,0x00000000ecc00000)
  to   space 4096K, 0% used [0x00000000ec400000,0x00000000ec400000,0x00000000ec800000)
 ParOldGen       total 68608K, used 2883K [0x00000000c0000000, 0x00000000c4300000, 0x00000000eab00000)
  object space 68608K, 4% used [0x00000000c0000000,0x00000000c02d0c60,0x00000000c4300000)
 Metaspace       used 21095K, committed 21504K, reserved 1114112K
  class space    used 2167K, committed 2368K, reserved 1048576K
}
Event: 1.963 GC heap before
{Heap before GC invocations=5 (full 1):
 PSYoungGen      total 29696K, used 4093K [0x00000000eab00000, 0x00000000ecc00000, 0x0000000100000000)
  eden space 25600K, 0% used [0x00000000eab00000,0x00000000eab00000,0x00000000ec400000)
  from space 4096K, 99% used [0x00000000ec800000,0x00000000ecbff480,0x00000000ecc00000)
  to   space 4096K, 0% used [0x00000000ec400000,0x00000000ec400000,0x00000000ec800000)
 ParOldGen       total 68608K, used 2883K [0x00000000c0000000, 0x00000000c4300000, 0x00000000eab00000)
  object space 68608K, 4% used [0x00000000c0000000,0x00000000c02d0c60,0x00000000c4300000)
 Metaspace       used 21095K, committed 21504K, reserved 1114112K
  class space    used 2167K, committed 2368K, reserved 1048576K
}
Event: 1.982 GC heap after
{Heap after GC invocations=5 (full 1):
 PSYoungGen      total 29696K, used 0K [0x00000000eab00000, 0x00000000ecc00000, 0x0000000100000000)
  eden space 25600K, 0% used [0x00000000eab00000,0x00000000eab00000,0x00000000ec400000)
  from space 4096K, 0% used [0x00000000ec800000,0x00000000ec800000,0x00000000ecc00000)
  to   space 4096K, 0% used [0x00000000ec400000,0x00000000ec400000,0x00000000ec800000)
 ParOldGen       total 68608K, used 6785K [0x00000000c0000000, 0x00000000c4300000, 0x00000000eab00000)
  object space 68608K, 9% used [0x00000000c0000000,0x00000000c06a06a8,0x00000000c4300000)
 Metaspace       used 21082K, committed 21504K, reserved 1114112K
  class space    used 2163K, committed 2368K, reserved 1048576K
}
Event: 2.188 GC heap before
{Heap before GC invocations=6 (full 1):
 PSYoungGen      total 29696K, used 25600K [0x00000000eab00000, 0x00000000ecc00000, 0x0000000100000000)
  eden space 25600K, 100% used [0x00000000eab00000,0x00000000ec400000,0x00000000ec400000)
  from space 4096K, 0% used [0x00000000ec800000,0x00000000ec800000,0x00000000ecc00000)
  to   space 4096K, 0% used [0x00000000ec400000,0x00000000ec400000,0x00000000ec800000)
 ParOldGen       total 68608K, used 6785K [0x00000000c0000000, 0x00000000c4300000, 0x00000000eab00000)
  object space 68608K, 9% used [0x00000000c0000000,0x00000000c06a06a8,0x00000000c4300000)
 Metaspace       used 24561K, committed 25024K, reserved 1114112K
  class space    used 2419K, committed 2624K, reserved 1048576K
}
Event: 2.189 GC heap after
{Heap after GC invocations=6 (full 1):
 PSYoungGen      total 26112K, used 691K [0x00000000eab00000, 0x00000000ec880000, 0x0000000100000000)
  eden space 25088K, 0% used [0x00000000eab00000,0x00000000eab00000,0x00000000ec380000)
  from space 1024K, 67% used [0x00000000ec400000,0x00000000ec4ace10,0x00000000ec500000)
  to   space 2560K, 0% used [0x00000000ec600000,0x00000000ec600000,0x00000000ec880000)
 ParOldGen       total 68608K, used 6785K [0x00000000c0000000, 0x00000000c4300000, 0x00000000eab00000)
  object space 68608K, 9% used [0x00000000c0000000,0x00000000c06a06a8,0x00000000c4300000)
 Metaspace       used 24561K, committed 25024K, reserved 1114112K
  class space    used 2419K, committed 2624K, reserved 1048576K
}
Event: 2.372 GC heap before
{Heap before GC invocations=7 (full 1):
 PSYoungGen      total 26112K, used 25779K [0x00000000eab00000, 0x00000000ec880000, 0x0000000100000000)
  eden space 25088K, 100% used [0x00000000eab00000,0x00000000ec380000,0x00000000ec380000)
  from space 1024K, 67% used [0x00000000ec400000,0x00000000ec4ace10,0x00000000ec500000)
  to   space 2560K, 0% used [0x00000000ec600000,0x00000000ec600000,0x00000000ec880000)
 ParOldGen       total 68608K, used 6785K [0x00000000c0000000, 0x00000000c4300000, 0x00000000eab00000)
  object space 68608K, 9% used [0x00000000c0000000,0x00000000c06a06a8,0x00000000c4300000)
 Metaspace       used 27436K, committed 27904K, reserved 1114112K
  class space    used 2654K, committed 2880K, reserved 1048576K
}
Event: 2.373 GC heap after
{Heap after GC invocations=7 (full 1):
 PSYoungGen      total 26112K, used 1252K [0x00000000eab00000, 0x00000000ec780000, 0x0000000100000000)
  eden space 24576K, 0% used [0x00000000eab00000,0x00000000eab00000,0x00000000ec300000)
  from space 1536K, 81% used [0x00000000ec600000,0x00000000ec7392f8,0x00000000ec780000)
  to   space 1536K, 0% used [0x00000000ec480000,0x00000000ec480000,0x00000000ec600000)
 ParOldGen       total 68608K, used 6793K [0x00000000c0000000, 0x00000000c4300000, 0x00000000eab00000)
  object space 68608K, 9% used [0x00000000c0000000,0x00000000c06a26a8,0x00000000c4300000)
 Metaspace       used 27436K, committed 27904K, reserved 1114112K
  class space    used 2654K, committed 2880K, reserved 1048576K
}
Event: 3.340 GC heap before
{Heap before GC invocations=8 (full 1):
 PSYoungGen      total 26112K, used 25828K [0x00000000eab00000, 0x00000000ec780000, 0x0000000100000000)
  eden space 24576K, 100% used [0x00000000eab00000,0x00000000ec300000,0x00000000ec300000)
  from space 1536K, 81% used [0x00000000ec600000,0x00000000ec7392f8,0x00000000ec780000)
  to   space 1536K, 0% used [0x00000000ec480000,0x00000000ec480000,0x00000000ec600000)
 ParOldGen       total 68608K, used 6793K [0x00000000c0000000, 0x00000000c4300000, 0x00000000eab00000)
  object space 68608K, 9% used [0x00000000c0000000,0x00000000c06a26a8,0x00000000c4300000)
 Metaspace       used 31650K, committed 32320K, reserved 1114112K
  class space    used 3136K, committed 3392K, reserved 1048576K
}
Event: 3.343 GC heap after
{Heap after GC invocations=8 (full 1):
 PSYoungGen      total 25600K, used 1529K [0x00000000eab00000, 0x00000000ec980000, 0x0000000100000000)
  eden space 24064K, 0% used [0x00000000eab00000,0x00000000eab00000,0x00000000ec280000)
  from space 1536K, 99% used [0x00000000ec480000,0x00000000ec5fe788,0x00000000ec600000)
  to   space 3584K, 0% used [0x00000000ec600000,0x00000000ec600000,0x00000000ec980000)
 ParOldGen       total 68608K, used 8364K [0x00000000c0000000, 0x00000000c4300000, 0x00000000eab00000)
  object space 68608K, 12% used [0x00000000c0000000,0x00000000c082b2f0,0x00000000c4300000)
 Metaspace       used 31650K, committed 32320K, reserved 1114112K
  class space    used 3136K, committed 3392K, reserved 1048576K
}
Event: 3.781 GC heap before
{Heap before GC invocations=9 (full 1):
 PSYoungGen      total 25600K, used 23506K [0x00000000eab00000, 0x00000000ec980000, 0x0000000100000000)
  eden space 24064K, 91% used [0x00000000eab00000,0x00000000ec0763c8,0x00000000ec280000)
  from space 1536K, 99% used [0x00000000ec480000,0x00000000ec5fe788,0x00000000ec600000)
  to   space 3584K, 0% used [0x00000000ec600000,0x00000000ec600000,0x00000000ec980000)
 ParOldGen       total 68608K, used 8364K [0x00000000c0000000, 0x00000000c4300000, 0x00000000eab00000)
  object space 68608K, 12% used [0x00000000c0000000,0x00000000c082b2f0,0x00000000c4300000)
 Metaspace       used 35247K, committed 35840K, reserved 1114112K
  class space    used 3602K, committed 3840K, reserved 1048576K
}
Event: 3.784 GC heap after
{Heap after GC invocations=9 (full 1):
 PSYoungGen      total 27648K, used 3108K [0x00000000eab00000, 0x00000000ec980000, 0x0000000100000000)
  eden space 24064K, 0% used [0x00000000eab00000,0x00000000eab00000,0x00000000ec280000)
  from space 3584K, 86% used [0x00000000ec600000,0x00000000ec9091e0,0x00000000ec980000)
  to   space 3584K, 0% used [0x00000000ec280000,0x00000000ec280000,0x00000000ec600000)
 ParOldGen       total 68608K, used 8372K [0x00000000c0000000, 0x00000000c4300000, 0x00000000eab00000)
  object space 68608K, 12% used [0x00000000c0000000,0x00000000c082d2f0,0x00000000c4300000)
 Metaspace       used 35247K, committed 35840K, reserved 1114112K
  class space    used 3602K, committed 3840K, reserved 1048576K
}
Event: 3.784 GC heap before
{Heap before GC invocations=10 (full 2):
 PSYoungGen      total 27648K, used 3108K [0x00000000eab00000, 0x00000000ec980000, 0x0000000100000000)
  eden space 24064K, 0% used [0x00000000eab00000,0x00000000eab00000,0x00000000ec280000)
  from space 3584K, 86% used [0x00000000ec600000,0x00000000ec9091e0,0x00000000ec980000)
  to   space 3584K, 0% used [0x00000000ec280000,0x00000000ec280000,0x00000000ec600000)
 ParOldGen       total 68608K, used 8372K [0x00000000c0000000, 0x00000000c4300000, 0x00000000eab00000)
  object space 68608K, 12% used [0x00000000c0000000,0x00000000c082d2f0,0x00000000c4300000)
 Metaspace       used 35247K, committed 35840K, reserved 1114112K
  class space    used 3602K, committed 3840K, reserved 1048576K
}
Event: 3.811 GC heap after
{Heap after GC invocations=10 (full 2):
 PSYoungGen      total 27648K, used 0K [0x00000000eab00000, 0x00000000ec980000, 0x0000000100000000)
  eden space 24064K, 0% used [0x00000000eab00000,0x00000000eab00000,0x00000000ec280000)
  from space 3584K, 0% used [0x00000000ec600000,0x00000000ec600000,0x00000000ec980000)
  to   space 3584K, 0% used [0x00000000ec280000,0x00000000ec280000,0x00000000ec600000)
 ParOldGen       total 68608K, used 11166K [0x00000000c0000000, 0x00000000c4300000, 0x00000000eab00000)
  object space 68608K, 16% used [0x00000000c0000000,0x00000000c0ae7a10,0x00000000c4300000)
 Metaspace       used 35247K, committed 35840K, reserved 1114112K
  class space    used 3602K, committed 3840K, reserved 1048576K
}

Dll operation events (10 events):
Event: 0.008 Loaded shared library c:\Users\shiden\.vscode\extensions\redhat.java-1.21.0-win32-x64\jre\17.0.7-win32-x86_64\bin\java.dll
Event: 0.212 Loaded shared library c:\Users\shiden\.vscode\extensions\redhat.java-1.21.0-win32-x64\jre\17.0.7-win32-x86_64\bin\zip.dll
Event: 0.215 Loaded shared library C:\Users\shiden\.vscode\extensions\redhat.java-1.21.0-win32-x64\jre\17.0.7-win32-x86_64\bin\instrument.dll
Event: 0.227 Loaded shared library C:\Users\shiden\.vscode\extensions\redhat.java-1.21.0-win32-x64\jre\17.0.7-win32-x86_64\bin\net.dll
Event: 0.229 Loaded shared library C:\Users\shiden\.vscode\extensions\redhat.java-1.21.0-win32-x64\jre\17.0.7-win32-x86_64\bin\nio.dll
Event: 0.234 Loaded shared library C:\Users\shiden\.vscode\extensions\redhat.java-1.21.0-win32-x64\jre\17.0.7-win32-x86_64\bin\zip.dll
Event: 0.245 Loaded shared library C:\Users\shiden\.vscode\extensions\redhat.java-1.21.0-win32-x64\jre\17.0.7-win32-x86_64\bin\jimage.dll
Event: 0.293 Loaded shared library c:\Users\shiden\.vscode\extensions\redhat.java-1.21.0-win32-x64\jre\17.0.7-win32-x86_64\bin\verify.dll
Event: 1.228 Loaded shared library C:\Users\shiden\AppData\Roaming\Code\User\globalStorage\redhat.java\1.21.0\config_ss_win\org.eclipse.equinox.launcher\org.eclipse.equinox.launcher.win32.win32.x86_64_1.2.700.v20221108-1024\eclipse_11801.dll
Event: 3.265 Loaded shared library C:\Users\shiden\AppData\Local\Temp\jna--903341351\jna7211738758616692211.dll

Deoptimization events (20 events):
Event: 3.587 Thread 0x0000026b6b36f120 Uncommon trap: trap_request=0xffffff45 fr.pc=0x0000026b75af7ec8 relative=0x0000000000000048
Event: 3.587 Thread 0x0000026b6b36f120 Uncommon trap: reason=unstable_if action=reinterpret pc=0x0000026b75af7ec8 method=java.lang.CharacterData.of(I)Ljava/lang/CharacterData; @ 4 c2
Event: 3.587 Thread 0x0000026b6b36f120 DEOPT PACKING pc=0x0000026b75af7ec8 sp=0x0000009e1ebfd770
Event: 3.587 Thread 0x0000026b6b36f120 DEOPT UNPACKING pc=0x0000026b755866a3 sp=0x0000009e1ebfd708 mode 2
Event: 3.591 Thread 0x0000026b6b36f120 Uncommon trap: trap_request=0xffffff45 fr.pc=0x0000026b75ae6b74 relative=0x0000000000000354
Event: 3.591 Thread 0x0000026b6b36f120 Uncommon trap: reason=unstable_if action=reinterpret pc=0x0000026b75ae6b74 method=java.lang.StringLatin1.canEncode(I)Z @ 4 c2
Event: 3.591 Thread 0x0000026b6b36f120 DEOPT PACKING pc=0x0000026b75ae6b74 sp=0x0000009e1ebfdfd0
Event: 3.591 Thread 0x0000026b6b36f120 DEOPT UNPACKING pc=0x0000026b755866a3 sp=0x0000009e1ebfdef8 mode 2
Event: 3.591 Thread 0x0000026b6b36f120 Uncommon trap: trap_request=0xffffff45 fr.pc=0x0000026b75b1f82c relative=0x000000000000030c
Event: 3.591 Thread 0x0000026b6b36f120 Uncommon trap: reason=unstable_if action=reinterpret pc=0x0000026b75b1f82c method=java.lang.AbstractStringBuilder.append(C)Ljava/lang/AbstractStringBuilder; @ 14 c2
Event: 3.591 Thread 0x0000026b6b36f120 DEOPT PACKING pc=0x0000026b75b1f82c sp=0x0000009e1ebfdfe0
Event: 3.591 Thread 0x0000026b6b36f120 DEOPT UNPACKING pc=0x0000026b755866a3 sp=0x0000009e1ebfdfd0 mode 2
Event: 3.708 Thread 0x0000026b060e3c10 Uncommon trap: trap_request=0xffffff45 fr.pc=0x0000026b75b92f0c relative=0x00000000000001ec
Event: 3.708 Thread 0x0000026b060e3c10 Uncommon trap: reason=unstable_if action=reinterpret pc=0x0000026b75b92f0c method=java.net.URI$Parser.scan(IIJJ)I @ 42 c2
Event: 3.708 Thread 0x0000026b060e3c10 DEOPT PACKING pc=0x0000026b75b92f0c sp=0x0000009e20efdae0
Event: 3.708 Thread 0x0000026b060e3c10 DEOPT UNPACKING pc=0x0000026b755866a3 sp=0x0000009e20efda60 mode 2
Event: 3.711 Thread 0x0000026b060e3c10 Uncommon trap: trap_request=0xffffff45 fr.pc=0x0000026b75b48150 relative=0x0000000000000790
Event: 3.712 Thread 0x0000026b060e3c10 Uncommon trap: reason=unstable_if action=reinterpret pc=0x0000026b75b48150 method=java.lang.StringLatin1.toUpperCase(Ljava/lang/String;[BLjava/util/Locale;)Ljava/lang/String; @ 73 c2
Event: 3.712 Thread 0x0000026b060e3c10 DEOPT PACKING pc=0x0000026b75b48150 sp=0x0000009e20efda20
Event: 3.712 Thread 0x0000026b060e3c10 DEOPT UNPACKING pc=0x0000026b755866a3 sp=0x0000009e20efd9c0 mode 2

Classes unloaded (7 events):
Event: 1.965 Thread 0x0000026b04460c20 Unloading class 0x000000010021b000 'java/lang/invoke/LambdaForm$MH+0x000000010021b000'
Event: 1.965 Thread 0x0000026b04460c20 Unloading class 0x000000010021ac00 'java/lang/invoke/LambdaForm$MH+0x000000010021ac00'
Event: 1.965 Thread 0x0000026b04460c20 Unloading class 0x000000010021a800 'java/lang/invoke/LambdaForm$MH+0x000000010021a800'
Event: 1.965 Thread 0x0000026b04460c20 Unloading class 0x000000010021a400 'java/lang/invoke/LambdaForm$MH+0x000000010021a400'
Event: 1.965 Thread 0x0000026b04460c20 Unloading class 0x000000010021a000 'java/lang/invoke/LambdaForm$BMH+0x000000010021a000'
Event: 1.965 Thread 0x0000026b04460c20 Unloading class 0x0000000100219c00 'java/lang/invoke/LambdaForm$DMH+0x0000000100219c00'
Event: 1.965 Thread 0x0000026b04460c20 Unloading class 0x0000000100215000 'java/lang/invoke/LambdaForm$DMH+0x0000000100215000'

Classes redefined (0 events):
No events

Internal exceptions (20 events):
Event: 3.080 Thread 0x0000026b05a46310 Exception <a 'java/lang/ClassNotFoundException'{0x00000000eb578040}: com/sun/org/apache/xml/internal/serializer/spi/XMLEntitiesProvider> (0x00000000eb578040) 
thrown [s\src\hotspot\share\classfile\systemDictionary.cpp, line 256]
Event: 3.118 Thread 0x0000026b060e2400 Exception <a 'java/lang/NoSuchMethodError'{0x00000000eab82790}: 'int java.lang.invoke.DirectMethodHandle$Holder.invokeVirtual(java.lang.Object, java.lang.Object)'> (0x00000000eab82790) 
thrown [s\src\hotspot\share\interpreter\linkResolver.cpp, line 759]
Event: 3.220 Thread 0x0000026b05a46310 Exception <a 'java/io/FileNotFoundException'{0x00000000ebb4bc60}> (0x00000000ebb4bc60) 
thrown [s\src\hotspot\share\prims\jni.cpp, line 516]
Event: 3.295 Thread 0x0000026b05a46310 Exception <a 'java/lang/UnsatisfiedLinkError'{0x00000000ec154f90}: Belirtilen yordam bulunamadÄ±.
> (0x00000000ec154f90) 
thrown [s\src\hotspot\share\prims\jni.cpp, line 535]
Event: 3.300 Thread 0x0000026b05a46310 Exception <a 'java/io/FileNotFoundException'{0x00000000ec178170}> (0x00000000ec178170) 
thrown [s\src\hotspot\share\prims\jni.cpp, line 516]
Event: 3.309 Thread 0x0000026b05a46310 Exception <a 'java/io/FileNotFoundException'{0x00000000ec1ed720}> (0x00000000ec1ed720) 
thrown [s\src\hotspot\share\prims\jni.cpp, line 516]
Event: 3.322 Thread 0x0000026b05a46310 Exception <a 'java/lang/UnsatisfiedLinkError'{0x00000000ec279b48}: Belirtilen yordam bulunamadÄ±.
> (0x00000000ec279b48) 
thrown [s\src\hotspot\share\prims\jni.cpp, line 535]
Event: 3.376 Thread 0x0000026b6b36f120 Exception <a 'java/lang/NoSuchMethodError'{0x00000000eac52cb8}: 'java.lang.Object java.lang.invoke.DirectMethodHandle$Holder.invokeStatic(java.lang.Object, java.lang.Object, long, java.lang.Object)'> (0x00000000eac52cb8) 
thrown [s\src\hotspot\share\interpreter\linkResolver.cpp, line 759]
Event: 3.378 Thread 0x0000026b6b36f120 Exception <a 'java/lang/NoSuchMethodError'{0x00000000eac56750}: 'java.lang.Object java.lang.invoke.DirectMethodHandle$Holder.invokeStaticInit(java.lang.Object, java.lang.Object, long, java.lang.Object)'> (0x00000000eac56750) 
thrown [s\src\hotspot\share\interpreter\linkResolver.cpp, line 759]
Event: 3.380 Thread 0x0000026b6b36f120 Exception <a 'java/lang/NoSuchMethodError'{0x00000000eac5cd60}: 'java.lang.Object java.lang.invoke.DirectMethodHandle$Holder.newInvokeSpecial(java.lang.Object, java.lang.Object, long)'> (0x00000000eac5cd60) 
thrown [s\src\hotspot\share\interpreter\linkResolver.cpp, line 759]
Event: 3.417 Thread 0x0000026b6b36f120 Exception <a 'java/lang/NoSuchMethodError'{0x00000000eadf4a20}: 'void java.lang.invoke.DirectMethodHandle$Holder.invokeStatic(java.lang.Object, java.lang.Object, java.lang.Object, java.lang.Object)'> (0x00000000eadf4a20) 
thrown [s\src\hotspot\share\interpreter\linkResolver.cpp, line 759]
Event: 3.536 Thread 0x0000026b6b36f120 Exception <a 'java/lang/NoSuchMethodError'{0x00000000eb6055b8}: 'void java.lang.invoke.DirectMethodHandle$Holder.invokeSpecial(java.lang.Object, java.lang.Object, java.lang.Object, java.lang.Object, java.lang.Object, java.lang.Object)'> (0x00000000eb6055b8) 
thrown [s\src\hotspot\share\interpreter\linkResolver.cpp, line 759]
Event: 3.538 Thread 0x0000026b6b36f120 Exception <a 'java/lang/IncompatibleClassChangeError'{0x00000000eb60ede8}: Found class java.lang.Object, but interface was expected> (0x00000000eb60ede8) 
thrown [s\src\hotspot\share\interpreter\linkResolver.cpp, line 826]
Event: 3.711 Thread 0x0000026b060e3c10 Exception <a 'java/io/FileNotFoundException'{0x00000000ebbf8810}> (0x00000000ebbf8810) 
thrown [s\src\hotspot\share\prims\jni.cpp, line 516]
Event: 3.737 Thread 0x0000026b060e3c10 Exception <a 'sun/nio/fs/WindowsException'{0x00000000ebd72de0}> (0x00000000ebd72de0) 
thrown [s\src\hotspot\share\prims\jni.cpp, line 516]
Event: 3.739 Thread 0x0000026b061e69c0 Exception <a 'java/io/FileNotFoundException'{0x00000000ebd7e378}> (0x00000000ebd7e378) 
thrown [s\src\hotspot\share\prims\jni.cpp, line 516]
Event: 3.740 Thread 0x0000026b061e69c0 Exception <a 'java/io/FileNotFoundException'{0x00000000ebd7fa70}> (0x00000000ebd7fa70) 
thrown [s\src\hotspot\share\prims\jni.cpp, line 516]
Event: 3.772 Thread 0x0000026b060e2400 Exception <a 'java/io/FileNotFoundException'{0x00000000ebfc75f0}> (0x00000000ebfc75f0) 
thrown [s\src\hotspot\share\prims\jni.cpp, line 516]
Event: 3.773 Thread 0x0000026b060e2400 Exception <a 'java/io/FileNotFoundException'{0x00000000ebfc91f8}> (0x00000000ebfc91f8) 
thrown [s\src\hotspot\share\prims\jni.cpp, line 516]
Event: 3.775 Thread 0x0000026b060e2400 Exception <a 'java/lang/NoSuchMethodError'{0x00000000ebfeacd0}: 'void java.lang.invoke.DirectMethodHandle$Holder.invokeStaticInit(java.lang.Object, java.lang.Object, java.lang.Object)'> (0x00000000ebfeacd0) 
thrown [s\src\hotspot\share\interpreter\linkResolver.cpp, line 759]

VM Operations (20 events):
Event: 2.369 Executing VM operation: HandshakeAllThreads
Event: 2.369 Executing VM operation: HandshakeAllThreads done
Event: 2.372 Executing VM operation: ParallelGCFailedAllocation
Event: 2.373 Executing VM operation: ParallelGCFailedAllocation done
Event: 3.127 Executing VM operation: HandshakeAllThreads
Event: 3.127 Executing VM operation: HandshakeAllThreads done
Event: 3.280 Executing VM operation: HandshakeAllThreads
Event: 3.280 Executing VM operation: HandshakeAllThreads done
Event: 3.331 Executing VM operation: ICBufferFull
Event: 3.331 Executing VM operation: ICBufferFull done
Event: 3.340 Executing VM operation: ParallelGCFailedAllocation
Event: 3.343 Executing VM operation: ParallelGCFailedAllocation done
Event: 3.344 Executing VM operation: HandshakeAllThreads
Event: 3.344 Executing VM operation: HandshakeAllThreads done
Event: 3.588 Executing VM operation: HandshakeAllThreads
Event: 3.588 Executing VM operation: HandshakeAllThreads done
Event: 3.699 Executing VM operation: HandshakeAllThreads
Event: 3.699 Executing VM operation: HandshakeAllThreads done
Event: 3.781 Executing VM operation: CollectForMetadataAllocation
Event: 3.811 Executing VM operation: CollectForMetadataAllocation done

Events (20 events):
Event: 3.629 loading class sun/reflect/generics/repository/FieldRepository
Event: 3.629 loading class sun/reflect/generics/repository/FieldRepository done
Event: 3.636 loading class jdk/internal/reflect/UnsafeQualifiedIntegerFieldAccessorImpl
Event: 3.637 loading class jdk/internal/reflect/UnsafeQualifiedIntegerFieldAccessorImpl done
Event: 3.688 loading class java/io/InvalidObjectException
Event: 3.688 loading class java/io/ObjectStreamException
Event: 3.688 loading class java/io/ObjectStreamException done
Event: 3.688 loading class java/io/InvalidObjectException done
Event: 3.751 loading class java/util/concurrent/CompletableFuture$AltResult
Event: 3.752 loading class java/util/concurrent/CompletableFuture$AltResult done
Event: 3.752 loading class java/util/concurrent/CompletableFuture$Completion
Event: 3.752 loading class java/util/concurrent/CompletableFuture$AsynchronousCompletionTask
Event: 3.752 loading class java/util/concurrent/CompletableFuture$AsynchronousCompletionTask done
Event: 3.752 loading class java/util/concurrent/ForkJoinTask
Event: 3.753 loading class java/util/concurrent/ForkJoinTask done
Event: 3.753 loading class java/util/concurrent/CompletableFuture$Completion done
Event: 3.819 loading class java/util/regex/Pattern$BackRef
Event: 3.819 loading class java/util/regex/Pattern$BackRef done
Event: 3.831 loading class java/lang/ThreadLocal$SuppliedThreadLocal
Event: 3.831 loading class java/lang/ThreadLocal$SuppliedThreadLocal done


Dynamic libraries:
0x00007ff7d5c10000 - 0x00007ff7d5c1e000 	c:\Users\shiden\.vscode\extensions\redhat.java-1.21.0-win32-x64\jre\17.0.7-win32-x86_64\bin\java.exe
0x00007ffa92750000 - 0x00007ffa92948000 	C:\Windows\SYSTEM32\ntdll.dll
0x00007ffa92650000 - 0x00007ffa9270f000 	C:\Windows\System32\KERNEL32.DLL
0x00007ffa8fee0000 - 0x00007ffa901d6000 	C:\Windows\System32\KERNELBASE.dll
0x00007ffa90550000 - 0x00007ffa90650000 	C:\Windows\System32\ucrtbase.dll
0x00007ffa79660000 - 0x00007ffa79677000 	c:\Users\shiden\.vscode\extensions\redhat.java-1.21.0-win32-x64\jre\17.0.7-win32-x86_64\bin\jli.dll
0x00007ffa91e30000 - 0x00007ffa91fcd000 	C:\Windows\System32\USER32.dll
0x00007ffa906e0000 - 0x00007ffa90702000 	C:\Windows\System32\win32u.dll
0x00007ffa91e00000 - 0x00007ffa91e2c000 	C:\Windows\System32\GDI32.dll
0x00007ffa901e0000 - 0x00007ffa902f5000 	C:\Windows\System32\gdi32full.dll
0x00007ffa90710000 - 0x00007ffa907ad000 	C:\Windows\System32\msvcp_win.dll
0x00007ffa775e0000 - 0x00007ffa775f9000 	c:\Users\shiden\.vscode\extensions\redhat.java-1.21.0-win32-x64\jre\17.0.7-win32-x86_64\bin\VCRUNTIME140.dll
0x00007ffa86af0000 - 0x00007ffa86d8a000 	C:\Windows\WinSxS\amd64_microsoft.windows.common-controls_6595b64144ccf1df_6.0.19041.1110_none_60b5254171f9507e\COMCTL32.dll
0x00007ffa912d0000 - 0x00007ffa9136e000 	C:\Windows\System32\msvcrt.dll
0x00007ffa90fe0000 - 0x00007ffa91010000 	C:\Windows\System32\IMM32.DLL
0x00007ffa7d490000 - 0x00007ffa7d49c000 	c:\Users\shiden\.vscode\extensions\redhat.java-1.21.0-win32-x64\jre\17.0.7-win32-x86_64\bin\vcruntime140_1.dll
0x00007ffa67420000 - 0x00007ffa674b1000 	c:\Users\shiden\.vscode\extensions\redhat.java-1.21.0-win32-x64\jre\17.0.7-win32-x86_64\bin\msvcp140.dll
0x00007ffa608d0000 - 0x00007ffa61518000 	c:\Users\shiden\.vscode\extensions\redhat.java-1.21.0-win32-x64\jre\17.0.7-win32-x86_64\bin\server\jvm.dll
0x00007ffa924c0000 - 0x00007ffa9256f000 	C:\Windows\System32\ADVAPI32.dll
0x00007ffa91880000 - 0x00007ffa9191c000 	C:\Windows\System32\sechost.dll
0x00007ffa92390000 - 0x00007ffa924b6000 	C:\Windows\System32\RPCRT4.dll
0x00007ffa87e60000 - 0x00007ffa87e69000 	C:\Windows\SYSTEM32\WSOCK32.dll
0x00007ffa91920000 - 0x00007ffa9198b000 	C:\Windows\System32\WS2_32.dll
0x00007ffa88e80000 - 0x00007ffa88ea7000 	C:\Windows\SYSTEM32\WINMM.dll
0x00007ffa88980000 - 0x00007ffa8898a000 	C:\Windows\SYSTEM32\VERSION.dll
0x00007ffa8dcf0000 - 0x00007ffa8dd02000 	C:\Windows\SYSTEM32\kernel.appcore.dll
0x00007ffa79c80000 - 0x00007ffa79c8a000 	c:\Users\shiden\.vscode\extensions\redhat.java-1.21.0-win32-x64\jre\17.0.7-win32-x86_64\bin\jimage.dll
0x00007ffa84ce0000 - 0x00007ffa84ec4000 	C:\Windows\SYSTEM32\DBGHELP.DLL
0x00007ffa85120000 - 0x00007ffa85154000 	C:\Windows\SYSTEM32\dbgcore.DLL
0x00007ffa90650000 - 0x00007ffa906d2000 	C:\Windows\System32\bcryptPrimitives.dll
0x00007ffa79c50000 - 0x00007ffa79c5e000 	c:\Users\shiden\.vscode\extensions\redhat.java-1.21.0-win32-x64\jre\17.0.7-win32-x86_64\bin\instrument.dll
0x00007ffa6dc20000 - 0x00007ffa6dc45000 	c:\Users\shiden\.vscode\extensions\redhat.java-1.21.0-win32-x64\jre\17.0.7-win32-x86_64\bin\java.dll
0x00007ffa77470000 - 0x00007ffa77488000 	c:\Users\shiden\.vscode\extensions\redhat.java-1.21.0-win32-x64\jre\17.0.7-win32-x86_64\bin\zip.dll
0x00007ffa907b0000 - 0x00007ffa90ef4000 	C:\Windows\System32\SHELL32.dll
0x00007ffa8def0000 - 0x00007ffa8e683000 	C:\Windows\SYSTEM32\windows.storage.dll
0x00007ffa91370000 - 0x00007ffa916c4000 	C:\Windows\System32\combase.dll
0x00007ffa8f7a0000 - 0x00007ffa8f7ce000 	C:\Windows\SYSTEM32\Wldp.dll
0x00007ffa917a0000 - 0x00007ffa9184d000 	C:\Windows\System32\SHCORE.dll
0x00007ffa92330000 - 0x00007ffa92385000 	C:\Windows\System32\shlwapi.dll
0x00007ffa8fd70000 - 0x00007ffa8fd8f000 	C:\Windows\SYSTEM32\profapi.dll
0x00007ffa772a0000 - 0x00007ffa772b9000 	C:\Users\shiden\.vscode\extensions\redhat.java-1.21.0-win32-x64\jre\17.0.7-win32-x86_64\bin\net.dll
0x00007ffa89b20000 - 0x00007ffa89c2a000 	C:\Windows\SYSTEM32\WINHTTP.dll
0x00007ffa8f510000 - 0x00007ffa8f57a000 	C:\Windows\system32\mswsock.dll
0x00007ffa8f500000 - 0x00007ffa8f50a000 	C:\Windows\system32\wshqos.dll
0x00007ffa8f4f0000 - 0x00007ffa8f4f8000 	C:\Windows\SYSTEM32\wshtcpip.DLL
0x00007ffa8f4e0000 - 0x00007ffa8f4e8000 	C:\Windows\SYSTEM32\wship6.dll
0x00007ffa6d5e0000 - 0x00007ffa6d5f5000 	C:\Users\shiden\.vscode\extensions\redhat.java-1.21.0-win32-x64\jre\17.0.7-win32-x86_64\bin\nio.dll
0x00007ffa7cd30000 - 0x00007ffa7cd40000 	c:\Users\shiden\.vscode\extensions\redhat.java-1.21.0-win32-x64\jre\17.0.7-win32-x86_64\bin\verify.dll
0x00007ffa670a0000 - 0x00007ffa670de000 	C:\Users\shiden\AppData\Roaming\Code\User\globalStorage\redhat.java\1.21.0\config_ss_win\org.eclipse.equinox.launcher\org.eclipse.equinox.launcher.win32.win32.x86_64_1.2.700.v20221108-1024\eclipse_11801.dll
0x00007ffa910d0000 - 0x00007ffa911fa000 	C:\Windows\System32\ole32.dll
0x00007ffa8f700000 - 0x00007ffa8f718000 	C:\Windows\SYSTEM32\CRYPTSP.dll
0x00007ffa8ee00000 - 0x00007ffa8ee34000 	C:\Windows\system32\rsaenh.dll
0x00007ffa903c0000 - 0x00007ffa903e7000 	C:\Windows\System32\bcrypt.dll
0x00007ffa8fd30000 - 0x00007ffa8fd5e000 	C:\Windows\SYSTEM32\USERENV.dll
0x00007ffa8fbc0000 - 0x00007ffa8fbcc000 	C:\Windows\SYSTEM32\CRYPTBASE.dll
0x00007ffa8f1d0000 - 0x00007ffa8f20c000 	C:\Windows\SYSTEM32\IPHLPAPI.DLL
0x00007ffa91790000 - 0x00007ffa91798000 	C:\Windows\System32\NSI.dll
0x00007ffa89a60000 - 0x00007ffa89a77000 	C:\Windows\SYSTEM32\dhcpcsvc6.DLL
0x00007ffa89a40000 - 0x00007ffa89a5d000 	C:\Windows\SYSTEM32\dhcpcsvc.DLL
0x00007ffa8f210000 - 0x00007ffa8f2db000 	C:\Windows\SYSTEM32\DNSAPI.dll
0x00007ffa66e80000 - 0x00007ffa66ec5000 	C:\Users\shiden\AppData\Local\Temp\jna--903341351\jna7211738758616692211.dll
0x00007ffa916d0000 - 0x00007ffa916d8000 	C:\Windows\System32\PSAPI.DLL

dbghelp: loaded successfully - version: 4.0.5 - missing functions: none
symbol engine: initialized successfully - sym options: 0x614 - pdb path: .;c:\Users\shiden\.vscode\extensions\redhat.java-1.21.0-win32-x64\jre\17.0.7-win32-x86_64\bin;C:\Windows\SYSTEM32;C:\Windows\WinSxS\amd64_microsoft.windows.common-controls_6595b64144ccf1df_6.0.19041.1110_none_60b5254171f9507e;c:\Users\shiden\.vscode\extensions\redhat.java-1.21.0-win32-x64\jre\17.0.7-win32-x86_64\bin\server;C:\Users\shiden\AppData\Roaming\Code\User\globalStorage\redhat.java\1.21.0\config_ss_win\org.eclipse.equinox.launcher\org.eclipse.equinox.launcher.win32.win32.x86_64_1.2.700.v20221108-1024;C:\Users\shiden\AppData\Local\Temp\jna--903341351

VM Arguments:
jvm_args: --add-modules=ALL-SYSTEM --add-opens=java.base/java.util=ALL-UNNAMED --add-opens=java.base/java.lang=ALL-UNNAMED --add-opens=java.base/sun.nio.fs=ALL-UNNAMED -Declipse.application=org.eclipse.jdt.ls.core.id1 -Dosgi.bundles.defaultStartLevel=4 -Declipse.product=org.eclipse.jdt.ls.core.product -Djava.import.generatesMetadataFilesAtProjectRoot=false -Dfile.encoding=utf8 -XX:+UseParallelGC -XX:GCTimeRatio=4 -XX:AdaptiveSizePolicyWeight=90 -Dsun.zip.disableMemoryMapping=true -Xmx1G -Xms100m -Xlog:disable -javaagent:c:\Users\shiden\.vscode\extensions\redhat.java-1.21.0-win32-x64\lombok\lombok-1.18.28.jar 
java_command: c:\Users\shiden\.vscode\extensions\redhat.java-1.21.0-win32-x64\server\plugins\org.eclipse.equinox.launcher_1.6.500.v20230717-2134.jar -configuration c:\Users\shiden\AppData\Roaming\Code\User\globalStorage\redhat.java\1.21.0\config_ss_win -data c:\Users\shiden\AppData\Roaming\Code\User\workspaceStorage\d4d7edd73409818630550ea46e1e96b1\redhat.java\ss_ws
java_class_path (initial): c:\Users\shiden\.vscode\extensions\redhat.java-1.21.0-win32-x64\server\plugins\org.eclipse.equinox.launcher_1.6.500.v20230717-2134.jar
Launcher Type: SUN_STANDARD

[Global flags]
    uintx AdaptiveSizePolicyWeight                 = 90                                        {product} {command line}
     intx CICompilerCount                          = 4                                         {product} {ergonomic}
    uintx GCTimeRatio                              = 4                                         {product} {command line}
   size_t InitialHeapSize                          = 104857600                                 {product} {command line}
   size_t MaxHeapSize                              = 1073741824                                {product} {command line}
   size_t MaxNewSize                               = 357564416                                 {product} {ergonomic}
   size_t MinHeapDeltaBytes                        = 524288                                    {product} {ergonomic}
   size_t MinHeapSize                              = 104857600                                 {product} {command line}
   size_t NewSize                                  = 34603008                                  {product} {ergonomic}
    uintx NonNMethodCodeHeapSize                   = 5839372                                {pd product} {ergonomic}
    uintx NonProfiledCodeHeapSize                  = 122909434                              {pd product} {ergonomic}
   size_t OldSize                                  = 70254592                                  {product} {ergonomic}
    uintx ProfiledCodeHeapSize                     = 122909434                              {pd product} {ergonomic}
    uintx ReservedCodeCacheSize                    = 251658240                              {pd product} {ergonomic}
     bool SegmentedCodeCache                       = true                                      {product} {ergonomic}
   size_t SoftMaxHeapSize                          = 1073741824                             {manageable} {ergonomic}
     bool UseCompressedClassPointers               = true                           {product lp64_product} {ergonomic}
     bool UseCompressedOops                        = true                           {product lp64_product} {ergonomic}
     bool UseLargePagesIndividualAllocation        = false                                  {pd product} {ergonomic}
     bool UseParallelGC                            = true                                      {product} {command line}

Logging:
Log output configuration:
 #0: stdout all=off uptime,level,tags
 #1: stderr all=off uptime,level,tags

Environment Variables:
JAVA_HOME=C:\Program Files\Unity\Hub\Editor\2021.3.29f1\Editor\Data\PlaybackEngines\AndroidPlayer\OpenJDK
PATH=C:\Program Files\Common Files\Oracle\Java\javapath;C:\Windows\system32;C:\Windows;C:\Windows\System32\Wbem;C:\Windows\System32\WindowsPowerShell\v1.0\;C:\Program Files\dotnet\;C:\Program Files\Microsoft SQL Server\150\Tools\Binn\;C:\Program Files\Microsoft SQL Server\Client SDK\ODBC\170\Tools\Binn\;C:\Users\shiden\AppData\Local\Microsoft\WindowsApps;C:\ortamlar\java\bin;C:\Program Files\JetBrains\JetBrains Rider 2023.1.3\bin;;C:\Users\shiden\AppData\Local\Programs\Microsoft VS Code\bin;C:\Users\shiden\.dotnet\tools;C:\Users\shiden\AppData\Local\GitHubDesktop\bin;C:\ortam\java\bin;;C:\Program Files\Azure Data Studio\bin
USERNAME=shiden
OS=Windows_NT
PROCESSOR_IDENTIFIER=AMD64 Family 23 Model 104 Stepping 1, AuthenticAMD
TMP=C:\Users\shiden\AppData\Local\Temp
TEMP=C:\Users\shiden\AppData\Local\Temp



---------------  S Y S T E M  ---------------

OS:
 Windows 10 , 64 bit Build 19041 (10.0.19041.2913)
OS uptime: 0 days 6:56 hours

CPU: total 8 (initial active 8) (8 cores per cpu, 2 threads per core) family 23 model 104 stepping 1 microcode 0x0, cx8, cmov, fxsr, ht, mmx, 3dnowpref, sse, sse2, sse3, ssse3, sse4a, sse4.1, sse4.2, popcnt, lzcnt, tsc, tscinvbit, avx, avx2, aes, clmul, bmi1, bmi2, adx, sha, fma, vzeroupper, clflush, clflushopt

Memory: 4k page, system-wide physical 3429M (243M free)
TotalPageFile size 11621M (AvailPageFile size 5M)
current process WorkingSet (physical memory assigned to process): 157M, peak: 158M
current process commit charge ("private bytes"): 259M, peak: 260M

vm_info: OpenJDK 64-Bit Server VM (17.0.7+7) for windows-amd64 JRE (17.0.7+7), built on Apr 18 2023 22:10:42 by "temurin" with MS VC++ 16.7 (VS2019)

END.
