#
# There is insufficient memory for the Java Runtime Environment to continue.
# Native memory allocation (malloc) failed to allocate 584016 bytes for Chunk::new
# Possible reasons:
#   The system is out of physical RAM or swap space
#   The process is running with CompressedOops enabled, and the Java Heap may be blocking the growth of the native heap
# Possible solutions:
#   Reduce memory load on the system
#   Increase physical memory or swap space
#   Check if swap backing store is full
#   Decrease Java heap size (-Xmx/-Xms)
#   Decrease number of Java threads
#   Decrease Java thread stack sizes (-Xss)
#   Set larger code cache with -XX:ReservedCodeCacheSize=
#   JVM is running with Unscaled Compressed Oops mode in which the Java heap is
#     placed in the first 4GB address space. The Java Heap base address is the
#     maximum limit for the native heap growth. Please use -XX:HeapBaseMinAddress
#     to set the Java Heap base and to place the Java Heap above 4GB virtual address.
# This output file may be truncated or incomplete.
#
#  Out of Memory Error (arena.cpp:189), pid=9396, tid=2552
#
# JRE version: OpenJDK Runtime Environment Temurin-17.0.7+7 (17.0.7+7) (build 17.0.7+7)
# Java VM: OpenJDK 64-Bit Server VM Temurin-17.0.7+7 (17.0.7+7, mixed mode, tiered, compressed oops, compressed class ptrs, parallel gc, windows-amd64)
# No core dump will be written. Minidumps are not enabled by default on client versions of Windows
#

---------------  S U M M A R Y ------------

Command Line: --add-modules=ALL-SYSTEM --add-opens=java.base/java.util=ALL-UNNAMED --add-opens=java.base/java.lang=ALL-UNNAMED --add-opens=java.base/sun.nio.fs=ALL-UNNAMED -Declipse.application=org.eclipse.jdt.ls.core.id1 -Dosgi.bundles.defaultStartLevel=4 -Declipse.product=org.eclipse.jdt.ls.core.product -Djava.import.generatesMetadataFilesAtProjectRoot=false -Dfile.encoding=utf8 -XX:+UseParallelGC -XX:GCTimeRatio=4 -XX:AdaptiveSizePolicyWeight=90 -Dsun.zip.disableMemoryMapping=true -Xmx1G -Xms100m -Xlog:disable -javaagent:c:\Users\shiden\.vscode\extensions\redhat.java-1.21.0-win32-x64\lombok\lombok-1.18.28.jar c:\Users\shiden\.vscode\extensions\redhat.java-1.21.0-win32-x64\server\plugins\org.eclipse.equinox.launcher_1.6.500.v20230717-2134.jar -configuration c:\Users\shiden\AppData\Roaming\Code\User\globalStorage\redhat.java\1.21.0\config_ss_win -data c:\Users\shiden\AppData\Roaming\Code\User\workspaceStorage\d4d7edd73409818630550ea46e1e96b1\redhat.java\ss_ws

Host: AMD Ryzen 3 5300U with Radeon Graphics         , 8 cores, 3G,  Windows 10 , 64 bit Build 19041 (10.0.19041.2913)
Time: Fri Aug 11 13:09:25 2023 Türkiye Standart Saati elapsed time: 3.677721 seconds (0d 0h 0m 3s)

---------------  T H R E A D  ---------------

Current thread (0x0000010c966cbac0):  JavaThread "C2 CompilerThread0" daemon [_thread_in_native, id=2552, stack(0x0000000100f00000,0x0000000101000000)]


Current CompileTask:
C2:   3677 2795       4       jdk.internal.org.objectweb.asm.Frame::execute (2318 bytes)

Stack: [0x0000000100f00000,0x0000000101000000]
Native frames: (J=compiled Java code, j=interpreted, Vv=VM code, C=native code)
V  [jvm.dll+0x67754a]
V  [jvm.dll+0x834304]
V  [jvm.dll+0x835aae]
V  [jvm.dll+0x836113]
V  [jvm.dll+0x24696f]
V  [jvm.dll+0xac0ac]
V  [jvm.dll+0xac67c]
V  [jvm.dll+0x2adbef]
V  [jvm.dll+0x580067]
V  [jvm.dll+0x221e72]
V  [jvm.dll+0x22224f]
V  [jvm.dll+0x21b4a5]
V  [jvm.dll+0x21895b]
V  [jvm.dll+0x1a4d8d]
V  [jvm.dll+0x2284da]
V  [jvm.dll+0x226615]
V  [jvm.dll+0x7ea90b]
V  [jvm.dll+0x7e4e7a]
V  [jvm.dll+0x676395]
C  [ucrtbase.dll+0x21bb2]
C  [KERNEL32.DLL+0x17614]
C  [ntdll.dll+0x526a1]


---------------  P R O C E S S  ---------------

Threads class SMR info:
_java_thread_list=0x0000010c978b9020, length=23, elements={
0x0000010c3ab6bf00, 0x0000010c966924d0, 0x0000010c96693d60, 0x0000010c966c5480,
0x0000010c966c62f0, 0x0000010c966c7160, 0x0000010c966c8d20, 0x0000010c966cbac0,
0x0000010c966ccd00, 0x0000010c9674a6f0, 0x0000010c967ced00, 0x0000010c969610d0,
0x0000010c97406ca0, 0x0000010c973f6cd0, 0x0000010c973f7470, 0x0000010c9746aa40,
0x0000010c973ee960, 0x0000010c9760c1d0, 0x0000010c974a39c0, 0x0000010c977ba870,
0x0000010c977bb6e0, 0x0000010c977b9060, 0x0000010c977bad40
}

Java Threads: ( => current thread )
  0x0000010c3ab6bf00 JavaThread "main" [_thread_in_vm, id=9940, stack(0x0000000100600000,0x0000000100700000)]
  0x0000010c966924d0 JavaThread "Reference Handler" daemon [_thread_blocked, id=7668, stack(0x0000000100900000,0x0000000100a00000)]
  0x0000010c96693d60 JavaThread "Finalizer" daemon [_thread_blocked, id=10612, stack(0x0000000100a00000,0x0000000100b00000)]
  0x0000010c966c5480 JavaThread "Signal Dispatcher" daemon [_thread_blocked, id=6168, stack(0x0000000100b00000,0x0000000100c00000)]
  0x0000010c966c62f0 JavaThread "Attach Listener" daemon [_thread_blocked, id=5432, stack(0x0000000100c00000,0x0000000100d00000)]
  0x0000010c966c7160 JavaThread "Service Thread" daemon [_thread_blocked, id=11828, stack(0x0000000100d00000,0x0000000100e00000)]
  0x0000010c966c8d20 JavaThread "Monitor Deflation Thread" daemon [_thread_blocked, id=256, stack(0x0000000100e00000,0x0000000100f00000)]
=>0x0000010c966cbac0 JavaThread "C2 CompilerThread0" daemon [_thread_in_native, id=2552, stack(0x0000000100f00000,0x0000000101000000)]
  0x0000010c966ccd00 JavaThread "C1 CompilerThread0" daemon [_thread_blocked, id=10020, stack(0x0000000101000000,0x0000000101100000)]
  0x0000010c9674a6f0 JavaThread "Sweeper thread" daemon [_thread_blocked, id=6956, stack(0x0000000101100000,0x0000000101200000)]
  0x0000010c967ced00 JavaThread "Common-Cleaner" daemon [_thread_blocked, id=11172, stack(0x0000000101200000,0x0000000101300000)]
  0x0000010c969610d0 JavaThread "Notification Thread" daemon [_thread_blocked, id=6516, stack(0x0000000101400000,0x0000000101500000)]
  0x0000010c97406ca0 JavaThread "Active Thread: Equinox Container: 40ec0c2e-8a2a-4a72-97d0-94d5b6755bdc" [_thread_blocked, id=12184, stack(0x0000000101c00000,0x0000000101d00000)]
  0x0000010c973f6cd0 JavaThread "Framework Event Dispatcher: Equinox Container: 40ec0c2e-8a2a-4a72-97d0-94d5b6755bdc" daemon [_thread_blocked, id=484, stack(0x0000000101d00000,0x0000000101e00000)]
  0x0000010c973f7470 JavaThread "Start Level: Equinox Container: 40ec0c2e-8a2a-4a72-97d0-94d5b6755bdc" daemon [_thread_blocked, id=5352, stack(0x0000000101e00000,0x0000000101f00000)]
  0x0000010c9746aa40 JavaThread "SCR Component Actor" daemon [_thread_blocked, id=5740, stack(0x0000000101f00000,0x0000000102000000)]
  0x0000010c973ee960 JavaThread "SCR Component Registry" daemon [_thread_blocked, id=7304, stack(0x0000000102100000,0x0000000102200000)]
  0x0000010c9760c1d0 JavaThread "Worker-JM" [_thread_blocked, id=8392, stack(0x0000000102200000,0x0000000102300000)]
  0x0000010c974a39c0 JavaThread "Worker-0" [_thread_blocked, id=3928, stack(0x0000000102300000,0x0000000102400000)]
  0x0000010c977ba870 JavaThread "Worker-1" [_thread_blocked, id=1672, stack(0x0000000102400000,0x0000000102500000)]
  0x0000010c977bb6e0 JavaThread "Worker-2" [_thread_blocked, id=4404, stack(0x0000000101300000,0x0000000101400000)]
  0x0000010c977b9060 JavaThread "JNA Cleaner" daemon [_thread_blocked, id=8416, stack(0x0000000102500000,0x0000000102600000)]
  0x0000010c977bad40 JavaThread "pool-2-thread-1" [_thread_blocked, id=11456, stack(0x0000000102600000,0x0000000102700000)]

Other Threads:
  0x0000010c508218f0 VMThread "VM Thread" [stack: 0x0000000100800000,0x0000000100900000] [id=1876]
  0x0000010c969615a0 WatcherThread [stack: 0x0000000101500000,0x0000000101600000] [id=11780]
  0x0000010c3ab84110 GCTaskThread "GC Thread#0" [stack: 0x0000000100700000,0x0000000100800000] [id=10024]
  0x0000010c971fb390 GCTaskThread "GC Thread#1" [stack: 0x0000000101600000,0x0000000101700000] [id=5364]
  0x0000010c971fba50 GCTaskThread "GC Thread#2" [stack: 0x0000000101700000,0x0000000101800000] [id=7832]
  0x0000010c96a0d520 GCTaskThread "GC Thread#3" [stack: 0x0000000101800000,0x0000000101900000] [id=4568]
  0x0000010c96a0d7d0 GCTaskThread "GC Thread#4" [stack: 0x0000000101900000,0x0000000101a00000] [id=10384]
  0x0000010c96a0da80 GCTaskThread "GC Thread#5" [stack: 0x0000000101a00000,0x0000000101b00000] [id=396]
  0x0000010c96a0dd30 GCTaskThread "GC Thread#6" [stack: 0x0000000101b00000,0x0000000101c00000] [id=6644]
  0x0000010c96a0e1f0 GCTaskThread "GC Thread#7" [stack: 0x0000000102000000,0x0000000102100000] [id=11332]

Threads with active compile tasks:
C2 CompilerThread0     3693 2795       4       jdk.internal.org.objectweb.asm.Frame::execute (2318 bytes)

VM state: not at safepoint (normal execution)

VM Mutex/Monitor currently owned by a thread: None

Heap address: 0x00000000c0000000, size: 1024 MB, Compressed Oops mode: 32-bit

CDS archive(s) not mapped
Compressed class space mapped at: 0x0000010c51000000-0x0000010c91000000, reserved size: 1073741824
Narrow klass base: 0x0000010c51000000, Narrow klass shift: 0, Narrow klass range: 0x40000000

GC Precious Log:
 CPUs: 8 total, 8 available
 Memory: 3429M
 Large Page Support: Disabled
 NUMA Support: Disabled
 Compressed Oops: Enabled (32-bit)
 Alignments: Space 512K, Generation 512K, Heap 2M
 Heap Min Capacity: 100M
 Heap Initial Capacity: 100M
 Heap Max Capacity: 1G
 Pre-touch: Disabled
 Parallel Workers: 8

Heap:
 PSYoungGen      total 26112K, used 9637K [0x00000000eab00000, 0x00000000ec980000, 0x0000000100000000)
  eden space 24064K, 31% used [0x00000000eab00000,0x00000000eb270f60,0x00000000ec280000)
  from space 2048K, 98% used [0x00000000ec380000,0x00000000ec578770,0x00000000ec580000)
  to   space 3584K, 0% used [0x00000000ec600000,0x00000000ec600000,0x00000000ec980000)
 ParOldGen       total 68608K, used 7803K [0x00000000c0000000, 0x00000000c4300000, 0x00000000eab00000)
  object space 68608K, 11% used [0x00000000c0000000,0x00000000c079ec48,0x00000000c4300000)
 Metaspace       used 32676K, committed 33408K, reserved 1114112K
  class space    used 3274K, committed 3584K, reserved 1048576K

Card table byte_map: [0x0000010c4e1f0000,0x0000010c4e400000] _byte_map_base: 0x0000010c4dbf0000

Marking Bits: (ParMarkBitMap*) 0x00007ffa614552c0
 Begin Bits: [0x0000010c4e560000, 0x0000010c4f560000)
 End Bits:   [0x0000010c4f560000, 0x0000010c50560000)

Polling page: 0x0000010c3ac40000

Metaspace:

Usage:
  Non-class:     28.71 MB used.
      Class:      3.20 MB used.
       Both:     31.91 MB used.

Virtual space:
  Non-class space:       64.00 MB reserved,      29.12 MB ( 46%) committed,  1 nodes.
      Class space:        1.00 GB reserved,       3.50 MB ( <1%) committed,  1 nodes.
             Both:        1.06 GB reserved,      32.62 MB (  3%) committed. 

Chunk freelists:
   Non-Class:  2.09 MB
       Class:  12.45 MB
        Both:  14.55 MB

MaxMetaspaceSize: unlimited
CompressedClassSpaceSize: 1.00 GB
Initial GC threshold: 21.00 MB
Current GC threshold: 35.00 MB
CDS: off
MetaspaceReclaimPolicy: balanced
 - commit_granule_bytes: 65536.
 - commit_granule_words: 8192.
 - virtual_space_node_default_size: 8388608.
 - enlarge_chunks_in_place: 1.
 - new_chunks_are_fully_committed: 0.
 - uncommit_free_chunks: 1.
 - use_allocation_guard: 0.
 - handle_deallocations: 1.


Internal statistics:

num_allocs_failed_limit: 3.
num_arena_births: 346.
num_arena_deaths: 14.
num_vsnodes_births: 2.
num_vsnodes_deaths: 0.
num_space_committed: 522.
num_space_uncommitted: 0.
num_chunks_returned_to_freelist: 17.
num_chunks_taken_from_freelist: 1304.
num_chunk_merges: 4.
num_chunk_splits: 852.
num_chunks_enlarged: 568.
num_inconsistent_stats: 0.

CodeHeap 'non-profiled nmethods': size=120000Kb used=1187Kb max_used=1187Kb free=118813Kb
 bounds [0x0000010c46ae0000, 0x0000010c46d50000, 0x0000010c4e010000]
CodeHeap 'profiled nmethods': size=120000Kb used=5699Kb max_used=5699Kb free=114300Kb
 bounds [0x0000010c3f010000, 0x0000010c3f5b0000, 0x0000010c46540000]
CodeHeap 'non-nmethods': size=5760Kb used=1254Kb max_used=1278Kb free=4506Kb
 bounds [0x0000010c46540000, 0x0000010c467b0000, 0x0000010c46ae0000]
 total_blobs=3428 nmethods=2860 adapters=482
 compilation: enabled
              stopped_count=0, restarted_count=0
 full_count=0

Compilation events (20 events):
Event: 3.667 Thread 0x0000010c966ccd00 nmethod 2847 0x0000010c3f594f90 code [0x0000010c3f595120, 0x0000010c3f595238]
Event: 3.667 Thread 0x0000010c966ccd00 2848       3       java.util.stream.AbstractPipeline::<init> (55 bytes)
Event: 3.668 Thread 0x0000010c966ccd00 nmethod 2848 0x0000010c3f595310 code [0x0000010c3f5954c0, 0x0000010c3f5956f8]
Event: 3.668 Thread 0x0000010c966ccd00 2849       1       java.lang.reflect.Method::getGenericSignature (5 bytes)
Event: 3.668 Thread 0x0000010c966ccd00 nmethod 2849 0x0000010c46c08490 code [0x0000010c46c08620, 0x0000010c46c086f8]
Event: 3.668 Thread 0x0000010c966ccd00 2846       3       java.lang.reflect.Constructor::getRoot (5 bytes)
Event: 3.668 Thread 0x0000010c966ccd00 nmethod 2846 0x0000010c3f595810 code [0x0000010c3f5959a0, 0x0000010c3f595ab8]
Event: 3.668 Thread 0x0000010c966ccd00 2851       3       sun.reflect.generics.parser.SignatureParser::parsePackageNameAndSimpleClassTypeSignature (119 bytes)
Event: 3.669 Thread 0x0000010c966ccd00 nmethod 2851 0x0000010c3f595b90 code [0x0000010c3f595e80, 0x0000010c3f596948]
Event: 3.669 Thread 0x0000010c966ccd00 2850       3       sun.reflect.generics.parser.SignatureParser::parseClassTypeSignature (118 bytes)
Event: 3.671 Thread 0x0000010c966ccd00 nmethod 2850 0x0000010c3f596d90 code [0x0000010c3f597120, 0x0000010c3f598478]
Event: 3.671 Thread 0x0000010c966ccd00 2852       3       sun.reflect.generics.tree.SimpleClassTypeSignature::make (11 bytes)
Event: 3.671 Thread 0x0000010c966ccd00 nmethod 2852 0x0000010c3f598c10 code [0x0000010c3f598dc0, 0x0000010c3f598ff8]
Event: 3.671 Thread 0x0000010c966ccd00 2853       3       java.util.Objects::hashCode (13 bytes)
Event: 3.672 Thread 0x0000010c966ccd00 nmethod 2853 0x0000010c3f599110 code [0x0000010c3f5992c0, 0x0000010c3f5994e8]
Event: 3.672 Thread 0x0000010c966ccd00 2854       3       sun.reflect.generics.tree.ClassTypeSignature::accept (8 bytes)
Event: 3.673 Thread 0x0000010c966ccd00 nmethod 2854 0x0000010c3f599590 code [0x0000010c3f599740, 0x0000010c3f5998e8]
Event: 3.673 Thread 0x0000010c966ccd00 2855       3       sun.reflect.generics.visitor.Reifier::visitClassTypeSignature (381 bytes)
Event: 3.675 Thread 0x0000010c966ccd00 nmethod 2855 0x0000010c3f599a10 code [0x0000010c3f599e20, 0x0000010c3f59b9a8]
Event: 3.675 Thread 0x0000010c966ccd00 2856       3       java.nio.ByteBuffer::limit (6 bytes)

GC Heap History (16 events):
Event: 0.925 GC heap before
{Heap before GC invocations=1 (full 0):
 PSYoungGen      total 29696K, used 25600K [0x00000000eab00000, 0x00000000ecc00000, 0x0000000100000000)
  eden space 25600K, 100% used [0x00000000eab00000,0x00000000ec400000,0x00000000ec400000)
  from space 4096K, 0% used [0x00000000ec800000,0x00000000ec800000,0x00000000ecc00000)
  to   space 4096K, 0% used [0x00000000ec400000,0x00000000ec400000,0x00000000ec800000)
 ParOldGen       total 68608K, used 0K [0x00000000c0000000, 0x00000000c4300000, 0x00000000eab00000)
  object space 68608K, 0% used [0x00000000c0000000,0x00000000c0000000,0x00000000c4300000)
 Metaspace       used 11208K, committed 11392K, reserved 1114112K
  class space    used 1125K, committed 1216K, reserved 1048576K
}
Event: 0.933 GC heap after
{Heap after GC invocations=1 (full 0):
 PSYoungGen      total 29696K, used 3193K [0x00000000eab00000, 0x00000000ecc00000, 0x0000000100000000)
  eden space 25600K, 0% used [0x00000000eab00000,0x00000000eab00000,0x00000000ec400000)
  from space 4096K, 77% used [0x00000000ec400000,0x00000000ec71e4a0,0x00000000ec800000)
  to   space 4096K, 0% used [0x00000000ec800000,0x00000000ec800000,0x00000000ecc00000)
 ParOldGen       total 68608K, used 16K [0x00000000c0000000, 0x00000000c4300000, 0x00000000eab00000)
  object space 68608K, 0% used [0x00000000c0000000,0x00000000c0004000,0x00000000c4300000)
 Metaspace       used 11208K, committed 11392K, reserved 1114112K
  class space    used 1125K, committed 1216K, reserved 1048576K
}
Event: 1.537 GC heap before
{Heap before GC invocations=2 (full 0):
 PSYoungGen      total 29696K, used 28793K [0x00000000eab00000, 0x00000000ecc00000, 0x0000000100000000)
  eden space 25600K, 100% used [0x00000000eab00000,0x00000000ec400000,0x00000000ec400000)
  from space 4096K, 77% used [0x00000000ec400000,0x00000000ec71e4a0,0x00000000ec800000)
  to   space 4096K, 0% used [0x00000000ec800000,0x00000000ec800000,0x00000000ecc00000)
 ParOldGen       total 68608K, used 16K [0x00000000c0000000, 0x00000000c4300000, 0x00000000eab00000)
  object space 68608K, 0% used [0x00000000c0000000,0x00000000c0004000,0x00000000c4300000)
 Metaspace       used 15486K, committed 15744K, reserved 1114112K
  class space    used 1587K, committed 1728K, reserved 1048576K
}
Event: 1.542 GC heap after
{Heap after GC invocations=2 (full 0):
 PSYoungGen      total 29696K, used 4079K [0x00000000eab00000, 0x00000000ecc00000, 0x0000000100000000)
  eden space 25600K, 0% used [0x00000000eab00000,0x00000000eab00000,0x00000000ec400000)
  from space 4096K, 99% used [0x00000000ec800000,0x00000000ecbfbce0,0x00000000ecc00000)
  to   space 4096K, 0% used [0x00000000ec400000,0x00000000ec400000,0x00000000ec800000)
 ParOldGen       total 68608K, used 766K [0x00000000c0000000, 0x00000000c4300000, 0x00000000eab00000)
  object space 68608K, 1% used [0x00000000c0000000,0x00000000c00bf820,0x00000000c4300000)
 Metaspace       used 15486K, committed 15744K, reserved 1114112K
  class space    used 1587K, committed 1728K, reserved 1048576K
}
Event: 2.024 GC heap before
{Heap before GC invocations=3 (full 0):
 PSYoungGen      total 29696K, used 29679K [0x00000000eab00000, 0x00000000ecc00000, 0x0000000100000000)
  eden space 25600K, 100% used [0x00000000eab00000,0x00000000ec400000,0x00000000ec400000)
  from space 4096K, 99% used [0x00000000ec800000,0x00000000ecbfbce0,0x00000000ecc00000)
  to   space 4096K, 0% used [0x00000000ec400000,0x00000000ec400000,0x00000000ec800000)
 ParOldGen       total 68608K, used 766K [0x00000000c0000000, 0x00000000c4300000, 0x00000000eab00000)
  object space 68608K, 1% used [0x00000000c0000000,0x00000000c00bf820,0x00000000c4300000)
 Metaspace       used 20484K, committed 20928K, reserved 1114112K
  class space    used 2096K, committed 2304K, reserved 1048576K
}
Event: 2.029 GC heap after
{Heap after GC invocations=3 (full 0):
 PSYoungGen      total 29696K, used 4095K [0x00000000eab00000, 0x00000000ecc00000, 0x0000000100000000)
  eden space 25600K, 0% used [0x00000000eab00000,0x00000000eab00000,0x00000000ec400000)
  from space 4096K, 99% used [0x00000000ec400000,0x00000000ec7ffe10,0x00000000ec800000)
  to   space 4096K, 0% used [0x00000000ec800000,0x00000000ec800000,0x00000000ecc00000)
 ParOldGen       total 68608K, used 2527K [0x00000000c0000000, 0x00000000c4300000, 0x00000000eab00000)
  object space 68608K, 3% used [0x00000000c0000000,0x00000000c0277f40,0x00000000c4300000)
 Metaspace       used 20484K, committed 20928K, reserved 1114112K
  class space    used 2096K, committed 2304K, reserved 1048576K
}
Event: 2.084 GC heap before
{Heap before GC invocations=4 (full 0):
 PSYoungGen      total 29696K, used 7463K [0x00000000eab00000, 0x00000000ecc00000, 0x0000000100000000)
  eden space 25600K, 13% used [0x00000000eab00000,0x00000000eae4a0d0,0x00000000ec400000)
  from space 4096K, 99% used [0x00000000ec400000,0x00000000ec7ffe10,0x00000000ec800000)
  to   space 4096K, 0% used [0x00000000ec800000,0x00000000ec800000,0x00000000ecc00000)
 ParOldGen       total 68608K, used 2527K [0x00000000c0000000, 0x00000000c4300000, 0x00000000eab00000)
  object space 68608K, 3% used [0x00000000c0000000,0x00000000c0277f40,0x00000000c4300000)
 Metaspace       used 21009K, committed 21504K, reserved 1114112K
  class space    used 2158K, committed 2368K, reserved 1048576K
}
Event: 2.087 GC heap after
{Heap after GC invocations=4 (full 0):
 PSYoungGen      total 29696K, used 4069K [0x00000000eab00000, 0x00000000ecc00000, 0x0000000100000000)
  eden space 25600K, 0% used [0x00000000eab00000,0x00000000eab00000,0x00000000ec400000)
  from space 4096K, 99% used [0x00000000ec800000,0x00000000ecbf9640,0x00000000ecc00000)
  to   space 4096K, 0% used [0x00000000ec400000,0x00000000ec400000,0x00000000ec800000)
 ParOldGen       total 68608K, used 2724K [0x00000000c0000000, 0x00000000c4300000, 0x00000000eab00000)
  object space 68608K, 3% used [0x00000000c0000000,0x00000000c02a9138,0x00000000c4300000)
 Metaspace       used 21009K, committed 21504K, reserved 1114112K
  class space    used 2158K, committed 2368K, reserved 1048576K
}
Event: 2.087 GC heap before
{Heap before GC invocations=5 (full 1):
 PSYoungGen      total 29696K, used 4069K [0x00000000eab00000, 0x00000000ecc00000, 0x0000000100000000)
  eden space 25600K, 0% used [0x00000000eab00000,0x00000000eab00000,0x00000000ec400000)
  from space 4096K, 99% used [0x00000000ec800000,0x00000000ecbf9640,0x00000000ecc00000)
  to   space 4096K, 0% used [0x00000000ec400000,0x00000000ec400000,0x00000000ec800000)
 ParOldGen       total 68608K, used 2724K [0x00000000c0000000, 0x00000000c4300000, 0x00000000eab00000)
  object space 68608K, 3% used [0x00000000c0000000,0x00000000c02a9138,0x00000000c4300000)
 Metaspace       used 21009K, committed 21504K, reserved 1114112K
  class space    used 2158K, committed 2368K, reserved 1048576K
}
Event: 2.106 GC heap after
{Heap after GC invocations=5 (full 1):
 PSYoungGen      total 29696K, used 0K [0x00000000eab00000, 0x00000000ecc00000, 0x0000000100000000)
  eden space 25600K, 0% used [0x00000000eab00000,0x00000000eab00000,0x00000000ec400000)
  from space 4096K, 0% used [0x00000000ec800000,0x00000000ec800000,0x00000000ecc00000)
  to   space 4096K, 0% used [0x00000000ec400000,0x00000000ec400000,0x00000000ec800000)
 ParOldGen       total 68608K, used 6572K [0x00000000c0000000, 0x00000000c4300000, 0x00000000eab00000)
  object space 68608K, 9% used [0x00000000c0000000,0x00000000c066b0a0,0x00000000c4300000)
 Metaspace       used 20996K, committed 21504K, reserved 1114112K
  class space    used 2154K, committed 2368K, reserved 1048576K
}
Event: 2.315 GC heap before
{Heap before GC invocations=6 (full 1):
 PSYoungGen      total 29696K, used 25600K [0x00000000eab00000, 0x00000000ecc00000, 0x0000000100000000)
  eden space 25600K, 100% used [0x00000000eab00000,0x00000000ec400000,0x00000000ec400000)
  from space 4096K, 0% used [0x00000000ec800000,0x00000000ec800000,0x00000000ecc00000)
  to   space 4096K, 0% used [0x00000000ec400000,0x00000000ec400000,0x00000000ec800000)
 ParOldGen       total 68608K, used 6572K [0x00000000c0000000, 0x00000000c4300000, 0x00000000eab00000)
  object space 68608K, 9% used [0x00000000c0000000,0x00000000c066b0a0,0x00000000c4300000)
 Metaspace       used 24453K, committed 24960K, reserved 1114112K
  class space    used 2412K, committed 2624K, reserved 1048576K
}
Event: 2.316 GC heap after
{Heap after GC invocations=6 (full 1):
 PSYoungGen      total 26112K, used 632K [0x00000000eab00000, 0x00000000ec880000, 0x0000000100000000)
  eden space 25088K, 0% used [0x00000000eab00000,0x00000000eab00000,0x00000000ec380000)
  from space 1024K, 61% used [0x00000000ec400000,0x00000000ec49e3d0,0x00000000ec500000)
  to   space 2560K, 0% used [0x00000000ec600000,0x00000000ec600000,0x00000000ec880000)
 ParOldGen       total 68608K, used 6580K [0x00000000c0000000, 0x00000000c4300000, 0x00000000eab00000)
  object space 68608K, 9% used [0x00000000c0000000,0x00000000c066d0a0,0x00000000c4300000)
 Metaspace       used 24453K, committed 24960K, reserved 1114112K
  class space    used 2412K, committed 2624K, reserved 1048576K
}
Event: 2.556 GC heap before
{Heap before GC invocations=7 (full 1):
 PSYoungGen      total 26112K, used 25720K [0x00000000eab00000, 0x00000000ec880000, 0x0000000100000000)
  eden space 25088K, 100% used [0x00000000eab00000,0x00000000ec380000,0x00000000ec380000)
  from space 1024K, 61% used [0x00000000ec400000,0x00000000ec49e3d0,0x00000000ec500000)
  to   space 2560K, 0% used [0x00000000ec600000,0x00000000ec600000,0x00000000ec880000)
 ParOldGen       total 68608K, used 6580K [0x00000000c0000000, 0x00000000c4300000, 0x00000000eab00000)
  object space 68608K, 9% used [0x00000000c0000000,0x00000000c066d0a0,0x00000000c4300000)
 Metaspace       used 27297K, committed 27840K, reserved 1114112K
  class space    used 2640K, committed 2880K, reserved 1048576K
}
Event: 2.557 GC heap after
{Heap after GC invocations=7 (full 1):
 PSYoungGen      total 26112K, used 1502K [0x00000000eab00000, 0x00000000ec780000, 0x0000000100000000)
  eden space 24576K, 0% used [0x00000000eab00000,0x00000000eab00000,0x00000000ec300000)
  from space 1536K, 97% used [0x00000000ec600000,0x00000000ec7779b8,0x00000000ec780000)
  to   space 2048K, 0% used [0x00000000ec380000,0x00000000ec380000,0x00000000ec580000)
 ParOldGen       total 68608K, used 6588K [0x00000000c0000000, 0x00000000c4300000, 0x00000000eab00000)
  object space 68608K, 9% used [0x00000000c0000000,0x00000000c066f0a0,0x00000000c4300000)
 Metaspace       used 27297K, committed 27840K, reserved 1114112K
  class space    used 2640K, committed 2880K, reserved 1048576K
}
Event: 3.488 GC heap before
{Heap before GC invocations=8 (full 1):
 PSYoungGen      total 26112K, used 26078K [0x00000000eab00000, 0x00000000ec780000, 0x0000000100000000)
  eden space 24576K, 100% used [0x00000000eab00000,0x00000000ec300000,0x00000000ec300000)
  from space 1536K, 97% used [0x00000000ec600000,0x00000000ec7779b8,0x00000000ec780000)
  to   space 2048K, 0% used [0x00000000ec380000,0x00000000ec380000,0x00000000ec580000)
 ParOldGen       total 68608K, used 6588K [0x00000000c0000000, 0x00000000c4300000, 0x00000000eab00000)
  object space 68608K, 9% used [0x00000000c0000000,0x00000000c066f0a0,0x00000000c4300000)
 Metaspace       used 31562K, committed 32192K, reserved 1114112K
  class space    used 3124K, committed 3392K, reserved 1048576K
}
Event: 3.491 GC heap after
{Heap after GC invocations=8 (full 1):
 PSYoungGen      total 26112K, used 2017K [0x00000000eab00000, 0x00000000ec980000, 0x0000000100000000)
  eden space 24064K, 0% used [0x00000000eab00000,0x00000000eab00000,0x00000000ec280000)
  from space 2048K, 98% used [0x00000000ec380000,0x00000000ec578770,0x00000000ec580000)
  to   space 3584K, 0% used [0x00000000ec600000,0x00000000ec600000,0x00000000ec980000)
 ParOldGen       total 68608K, used 7803K [0x00000000c0000000, 0x00000000c4300000, 0x00000000eab00000)
  object space 68608K, 11% used [0x00000000c0000000,0x00000000c079ec48,0x00000000c4300000)
 Metaspace       used 31562K, committed 32192K, reserved 1114112K
  class space    used 3124K, committed 3392K, reserved 1048576K
}

Dll operation events (10 events):
Event: 0.005 Loaded shared library c:\Users\shiden\.vscode\extensions\redhat.java-1.21.0-win32-x64\jre\17.0.7-win32-x86_64\bin\java.dll
Event: 0.168 Loaded shared library c:\Users\shiden\.vscode\extensions\redhat.java-1.21.0-win32-x64\jre\17.0.7-win32-x86_64\bin\zip.dll
Event: 0.171 Loaded shared library C:\Users\shiden\.vscode\extensions\redhat.java-1.21.0-win32-x64\jre\17.0.7-win32-x86_64\bin\instrument.dll
Event: 0.184 Loaded shared library C:\Users\shiden\.vscode\extensions\redhat.java-1.21.0-win32-x64\jre\17.0.7-win32-x86_64\bin\net.dll
Event: 0.186 Loaded shared library C:\Users\shiden\.vscode\extensions\redhat.java-1.21.0-win32-x64\jre\17.0.7-win32-x86_64\bin\nio.dll
Event: 0.191 Loaded shared library C:\Users\shiden\.vscode\extensions\redhat.java-1.21.0-win32-x64\jre\17.0.7-win32-x86_64\bin\zip.dll
Event: 0.205 Loaded shared library C:\Users\shiden\.vscode\extensions\redhat.java-1.21.0-win32-x64\jre\17.0.7-win32-x86_64\bin\jimage.dll
Event: 0.245 Loaded shared library c:\Users\shiden\.vscode\extensions\redhat.java-1.21.0-win32-x64\jre\17.0.7-win32-x86_64\bin\verify.dll
Event: 1.384 Loaded shared library C:\Users\shiden\AppData\Roaming\Code\User\globalStorage\redhat.java\1.21.0\config_ss_win\org.eclipse.equinox.launcher\org.eclipse.equinox.launcher.win32.win32.x86_64_1.2.700.v20221108-1024\eclipse_11801.dll
Event: 3.442 Loaded shared library C:\Users\shiden\AppData\Local\Temp\jna--903341351\jna7519307987694121757.dll

Deoptimization events (20 events):
Event: 3.290 Thread 0x0000010c977ba870 Uncommon trap: trap_request=0xffffffc6 fr.pc=0x0000010c46be17fc relative=0x000000000000085c
Event: 3.290 Thread 0x0000010c977ba870 Uncommon trap: reason=bimorphic_or_optimized_type_check action=maybe_recompile pc=0x0000010c46be17fc method=java.util.HashMap.putVal(ILjava/lang/Object;Ljava/lang/Object;ZZ)Ljava/lang/Object; @ 91 c2
Event: 3.290 Thread 0x0000010c977ba870 DEOPT PACKING pc=0x0000010c46be17fc sp=0x00000001024fe310
Event: 3.290 Thread 0x0000010c977ba870 DEOPT UNPACKING pc=0x0000010c465966a3 sp=0x00000001024fe218 mode 2
Event: 3.297 Thread 0x0000010c974a39c0 Uncommon trap: trap_request=0xffffff45 fr.pc=0x0000010c46b16aa0 relative=0x0000000000000460
Event: 3.297 Thread 0x0000010c974a39c0 Uncommon trap: reason=unstable_if action=reinterpret pc=0x0000010c46b16aa0 method=java.util.HashMap$HashIterator.<init>(Ljava/util/HashMap;)V @ 45 c2
Event: 3.298 Thread 0x0000010c974a39c0 DEOPT PACKING pc=0x0000010c46b16aa0 sp=0x00000001023ff3a0
Event: 3.298 Thread 0x0000010c974a39c0 DEOPT UNPACKING pc=0x0000010c465966a3 sp=0x00000001023ff210 mode 2
Event: 3.366 Thread 0x0000010c973f7470 DEOPT PACKING pc=0x0000010c3f4d0acf sp=0x0000000101efd320
Event: 3.366 Thread 0x0000010c973f7470 DEOPT UNPACKING pc=0x0000010c46596e43 sp=0x0000000101efc830 mode 0
Event: 3.372 Thread 0x0000010c973f7470 DEOPT PACKING pc=0x0000010c3f4d0acf sp=0x0000000101efd2c0
Event: 3.372 Thread 0x0000010c973f7470 DEOPT UNPACKING pc=0x0000010c46596e43 sp=0x0000000101efc7d0 mode 0
Event: 3.435 Thread 0x0000010c973f7470 Uncommon trap: trap_request=0xffffff45 fr.pc=0x0000010c46b104f4 relative=0x0000000000000674
Event: 3.435 Thread 0x0000010c973f7470 Uncommon trap: reason=unstable_if action=reinterpret pc=0x0000010c46b104f4 method=java.lang.String.replace(Ljava/lang/CharSequence;Ljava/lang/CharSequence;)Ljava/lang/String; @ 42 c2
Event: 3.435 Thread 0x0000010c973f7470 DEOPT PACKING pc=0x0000010c46b104f4 sp=0x0000000101efb520
Event: 3.435 Thread 0x0000010c973f7470 DEOPT UNPACKING pc=0x0000010c465966a3 sp=0x0000000101efb4b0 mode 2
Event: 3.461 Thread 0x0000010c973f7470 Uncommon trap: trap_request=0xffffff45 fr.pc=0x0000010c46ba38a0 relative=0x0000000000000aa0
Event: 3.461 Thread 0x0000010c973f7470 Uncommon trap: reason=unstable_if action=reinterpret pc=0x0000010c46ba38a0 method=jdk.internal.org.objectweb.asm.SymbolTable.put(Ljdk/internal/org/objectweb/asm/SymbolTable$Entry;)Ljdk/internal/org/objectweb/asm/SymbolTable$Entry; @ 13 c2
Event: 3.461 Thread 0x0000010c973f7470 DEOPT PACKING pc=0x0000010c46ba38a0 sp=0x0000000101efba10
Event: 3.462 Thread 0x0000010c973f7470 DEOPT UNPACKING pc=0x0000010c465966a3 sp=0x0000000101efb958 mode 2

Classes unloaded (7 events):
Event: 2.089 Thread 0x0000010c508218f0 Unloading class 0x0000010c51219000 'java/lang/invoke/LambdaForm$MH+0x0000010c51219000'
Event: 2.089 Thread 0x0000010c508218f0 Unloading class 0x0000010c51218c00 'java/lang/invoke/LambdaForm$MH+0x0000010c51218c00'
Event: 2.089 Thread 0x0000010c508218f0 Unloading class 0x0000010c51218800 'java/lang/invoke/LambdaForm$MH+0x0000010c51218800'
Event: 2.089 Thread 0x0000010c508218f0 Unloading class 0x0000010c51218400 'java/lang/invoke/LambdaForm$MH+0x0000010c51218400'
Event: 2.089 Thread 0x0000010c508218f0 Unloading class 0x0000010c51218000 'java/lang/invoke/LambdaForm$BMH+0x0000010c51218000'
Event: 2.089 Thread 0x0000010c508218f0 Unloading class 0x0000010c51217c00 'java/lang/invoke/LambdaForm$DMH+0x0000010c51217c00'
Event: 2.089 Thread 0x0000010c508218f0 Unloading class 0x0000010c51215000 'java/lang/invoke/LambdaForm$DMH+0x0000010c51215000'

Classes redefined (0 events):
No events

Internal exceptions (20 events):
Event: 2.526 Thread 0x0000010c973f7470 Exception <a 'java/lang/ClassNotFoundException'{0x00000000ec1bbce0}: com/sun/org/apache/xerces/internal/impl/msg/spi/DOMMessagesProvider> (0x00000000ec1bbce0) 
thrown [s\src\hotspot\share\classfile\systemDictionary.cpp, line 256]
Event: 2.530 Thread 0x0000010c973f7470 Exception <a 'java/lang/ClassNotFoundException'{0x00000000ec1e7bd8}: com/sun/org/apache/xerces/internal/impl/msg/spi/XMLSerializerMessagesProvider> (0x00000000ec1e7bd8) 
thrown [s\src\hotspot\share\classfile\systemDictionary.cpp, line 256]
Event: 2.533 Thread 0x0000010c973f7470 Exception <a 'java/lang/ClassNotFoundException'{0x00000000ec1f6110}: com/sun/org/apache/xerces/internal/impl/msg/spi/XMLMessagesProvider> (0x00000000ec1f6110) 
thrown [s\src\hotspot\share\classfile\systemDictionary.cpp, line 256]
Event: 2.547 Thread 0x0000010c973f7470 Exception <a 'java/lang/NoSuchMethodError'{0x00000000ec29ad58}: 'void java.lang.invoke.DirectMethodHandle$Holder.invokeVirtual(java.lang.Object, java.lang.Object)'> (0x00000000ec29ad58) 
thrown [s\src\hotspot\share\interpreter\linkResolver.cpp, line 759]
Event: 3.091 Thread 0x0000010c973f7470 Exception <a 'java/lang/NoSuchMethodError'{0x00000000eac8f608}: 'java.lang.Object java.lang.invoke.DirectMethodHandle$Holder.invokeStaticInit(java.lang.Object, int, int, int, int)'> (0x00000000eac8f608) 
thrown [s\src\hotspot\share\interpreter\linkResolver.cpp, line 759]
Event: 3.139 Thread 0x0000010c973f7470 Exception <a 'java/lang/NoSuchMethodError'{0x00000000ead27dd0}: 'java.lang.Object java.lang.invoke.DirectMethodHandle$Holder.invokeStaticInit(java.lang.Object, java.lang.Object, int, int, int, int)'> (0x00000000ead27dd0) 
thrown [s\src\hotspot\share\interpreter\linkResolver.cpp, line 759]
Event: 3.170 Thread 0x0000010c973f7470 Exception <a 'sun/nio/fs/WindowsException'{0x00000000eaeb1b90}> (0x00000000eaeb1b90) 
thrown [s\src\hotspot\share\prims\jni.cpp, line 516]
Event: 3.194 Thread 0x0000010c973f7470 Exception <a 'java/lang/NoSuchMethodError'{0x00000000eb120b68}: 'java.lang.Object java.lang.invoke.DirectMethodHandle$Holder.invokeStaticInit(java.lang.Object, int)'> (0x00000000eb120b68) 
thrown [s\src\hotspot\share\interpreter\linkResolver.cpp, line 759]
Event: 3.215 Thread 0x0000010c973f7470 Implicit null exception at 0x0000010c46bc9778 to 0x0000010c46bca3f0
Event: 3.248 Thread 0x0000010c973f7470 Exception <a 'java/lang/ClassNotFoundException'{0x00000000eb608e98}: com/sun/org/apache/xml/internal/serializer/spi/XMLEntitiesProvider> (0x00000000eb608e98) 
thrown [s\src\hotspot\share\classfile\systemDictionary.cpp, line 256]
Event: 3.275 Thread 0x0000010c974a39c0 Exception <a 'java/lang/NoSuchMethodError'{0x00000000eabee098}: 'int java.lang.invoke.DirectMethodHandle$Holder.invokeVirtual(java.lang.Object, java.lang.Object)'> (0x00000000eabee098) 
thrown [s\src\hotspot\share\interpreter\linkResolver.cpp, line 759]
Event: 3.388 Thread 0x0000010c973f7470 Exception <a 'java/io/FileNotFoundException'{0x00000000ebbe5970}> (0x00000000ebbe5970) 
thrown [s\src\hotspot\share\prims\jni.cpp, line 516]
Event: 3.467 Thread 0x0000010c973f7470 Exception <a 'java/lang/UnsatisfiedLinkError'{0x00000000ec20ab08}: Belirtilen yordam bulunamadÄ±.
> (0x00000000ec20ab08) 
thrown [s\src\hotspot\share\prims\jni.cpp, line 535]
Event: 3.472 Thread 0x0000010c973f7470 Exception <a 'java/io/FileNotFoundException'{0x00000000ec22dce8}> (0x00000000ec22dce8) 
thrown [s\src\hotspot\share\prims\jni.cpp, line 516]
Event: 3.482 Thread 0x0000010c973f7470 Exception <a 'java/io/FileNotFoundException'{0x00000000ec2a2578}> (0x00000000ec2a2578) 
thrown [s\src\hotspot\share\prims\jni.cpp, line 516]
Event: 3.498 Thread 0x0000010c973f7470 Exception <a 'java/lang/UnsatisfiedLinkError'{0x00000000eab2e988}: Belirtilen yordam bulunamadÄ±.
> (0x00000000eab2e988) 
thrown [s\src\hotspot\share\prims\jni.cpp, line 535]
Event: 3.534 Thread 0x0000010c3ab6bf00 Exception <a 'java/lang/NoSuchMethodError'{0x00000000ead3df48}: 'java.lang.Object java.lang.invoke.DirectMethodHandle$Holder.invokeStatic(java.lang.Object, java.lang.Object, long, java.lang.Object)'> (0x00000000ead3df48) 
thrown [s\src\hotspot\share\interpreter\linkResolver.cpp, line 759]
Event: 3.534 Thread 0x0000010c3ab6bf00 Exception <a 'java/lang/NoSuchMethodError'{0x00000000ead419e0}: 'java.lang.Object java.lang.invoke.DirectMethodHandle$Holder.invokeStaticInit(java.lang.Object, java.lang.Object, long, java.lang.Object)'> (0x00000000ead419e0) 
thrown [s\src\hotspot\share\interpreter\linkResolver.cpp, line 759]
Event: 3.535 Thread 0x0000010c3ab6bf00 Exception <a 'java/lang/NoSuchMethodError'{0x00000000ead48260}: 'java.lang.Object java.lang.invoke.DirectMethodHandle$Holder.newInvokeSpecial(java.lang.Object, java.lang.Object, long)'> (0x00000000ead48260) 
thrown [s\src\hotspot\share\interpreter\linkResolver.cpp, line 759]
Event: 3.587 Thread 0x0000010c3ab6bf00 Exception <a 'java/lang/NoSuchMethodError'{0x00000000eaed9558}: 'void java.lang.invoke.DirectMethodHandle$Holder.invokeStatic(java.lang.Object, java.lang.Object, java.lang.Object, java.lang.Object)'> (0x00000000eaed9558) 
thrown [s\src\hotspot\share\interpreter\linkResolver.cpp, line 759]

VM Operations (20 events):
Event: 2.084 Executing VM operation: HandshakeAllThreads
Event: 2.084 Executing VM operation: HandshakeAllThreads done
Event: 2.084 Executing VM operation: CollectForMetadataAllocation
Event: 2.106 Executing VM operation: CollectForMetadataAllocation done
Event: 2.306 Executing VM operation: HandshakeAllThreads
Event: 2.306 Executing VM operation: HandshakeAllThreads done
Event: 2.314 Executing VM operation: ParallelGCFailedAllocation
Event: 2.316 Executing VM operation: ParallelGCFailedAllocation done
Event: 2.555 Executing VM operation: ParallelGCFailedAllocation
Event: 2.557 Executing VM operation: ParallelGCFailedAllocation done
Event: 2.571 Executing VM operation: HandshakeAllThreads
Event: 2.571 Executing VM operation: HandshakeAllThreads done
Event: 3.288 Executing VM operation: HandshakeAllThreads
Event: 3.288 Executing VM operation: HandshakeAllThreads done
Event: 3.454 Executing VM operation: HandshakeAllThreads
Event: 3.454 Executing VM operation: HandshakeAllThreads done
Event: 3.488 Executing VM operation: ParallelGCFailedAllocation
Event: 3.491 Executing VM operation: ParallelGCFailedAllocation done
Event: 3.513 Executing VM operation: HandshakeAllThreads
Event: 3.513 Executing VM operation: HandshakeAllThreads done

Events (20 events):
Event: 3.568 loading class sun/reflect/generics/tree/ClassSignature
Event: 3.568 loading class sun/reflect/generics/tree/ClassSignature done
Event: 3.568 loading class sun/reflect/generics/tree/TypeVariableSignature
Event: 3.568 loading class sun/reflect/generics/tree/TypeVariableSignature done
Event: 3.568 loading class sun/reflect/generics/reflectiveObjects/TypeVariableImpl
Event: 3.568 loading class sun/reflect/generics/reflectiveObjects/LazyReflectiveObjectGenerator
Event: 3.568 loading class sun/reflect/generics/reflectiveObjects/LazyReflectiveObjectGenerator done
Event: 3.568 loading class sun/reflect/generics/reflectiveObjects/TypeVariableImpl done
Event: 3.589 loading class java/lang/Deprecated
Event: 3.589 loading class java/lang/Deprecated done
Event: 3.590 loading class jdk/internal/vm/annotation/IntrinsicCandidate
Event: 3.590 loading class jdk/internal/vm/annotation/IntrinsicCandidate done
Event: 3.638 loading class sun/reflect/generics/tree/BottomSignature
Event: 3.638 loading class sun/reflect/generics/tree/BottomSignature done
Event: 3.638 loading class sun/reflect/generics/tree/Wildcard
Event: 3.638 loading class sun/reflect/generics/tree/Wildcard done
Event: 3.639 loading class sun/reflect/generics/reflectiveObjects/WildcardTypeImpl
Event: 3.639 loading class java/lang/reflect/WildcardType
Event: 3.639 loading class java/lang/reflect/WildcardType done
Event: 3.639 loading class sun/reflect/generics/reflectiveObjects/WildcardTypeImpl done


Dynamic libraries:
0x00007ff7d5c10000 - 0x00007ff7d5c1e000 	c:\Users\shiden\.vscode\extensions\redhat.java-1.21.0-win32-x64\jre\17.0.7-win32-x86_64\bin\java.exe
0x00007ffa92750000 - 0x00007ffa92948000 	C:\Windows\SYSTEM32\ntdll.dll
0x00007ffa92650000 - 0x00007ffa9270f000 	C:\Windows\System32\KERNEL32.DLL
0x00007ffa8fee0000 - 0x00007ffa901d6000 	C:\Windows\System32\KERNELBASE.dll
0x00007ffa90550000 - 0x00007ffa90650000 	C:\Windows\System32\ucrtbase.dll
0x00007ffa79660000 - 0x00007ffa79677000 	c:\Users\shiden\.vscode\extensions\redhat.java-1.21.0-win32-x64\jre\17.0.7-win32-x86_64\bin\jli.dll
0x00007ffa775e0000 - 0x00007ffa775f9000 	c:\Users\shiden\.vscode\extensions\redhat.java-1.21.0-win32-x64\jre\17.0.7-win32-x86_64\bin\VCRUNTIME140.dll
0x00007ffa91e30000 - 0x00007ffa91fcd000 	C:\Windows\System32\USER32.dll
0x00007ffa86af0000 - 0x00007ffa86d8a000 	C:\Windows\WinSxS\amd64_microsoft.windows.common-controls_6595b64144ccf1df_6.0.19041.1110_none_60b5254171f9507e\COMCTL32.dll
0x00007ffa906e0000 - 0x00007ffa90702000 	C:\Windows\System32\win32u.dll
0x00007ffa912d0000 - 0x00007ffa9136e000 	C:\Windows\System32\msvcrt.dll
0x00007ffa91e00000 - 0x00007ffa91e2c000 	C:\Windows\System32\GDI32.dll
0x00007ffa901e0000 - 0x00007ffa902f5000 	C:\Windows\System32\gdi32full.dll
0x00007ffa90710000 - 0x00007ffa907ad000 	C:\Windows\System32\msvcp_win.dll
0x00007ffa90fe0000 - 0x00007ffa91010000 	C:\Windows\System32\IMM32.DLL
0x00007ffa7d490000 - 0x00007ffa7d49c000 	c:\Users\shiden\.vscode\extensions\redhat.java-1.21.0-win32-x64\jre\17.0.7-win32-x86_64\bin\vcruntime140_1.dll
0x00007ffa67420000 - 0x00007ffa674b1000 	c:\Users\shiden\.vscode\extensions\redhat.java-1.21.0-win32-x64\jre\17.0.7-win32-x86_64\bin\msvcp140.dll
0x00007ffa608d0000 - 0x00007ffa61518000 	c:\Users\shiden\.vscode\extensions\redhat.java-1.21.0-win32-x64\jre\17.0.7-win32-x86_64\bin\server\jvm.dll
0x00007ffa924c0000 - 0x00007ffa9256f000 	C:\Windows\System32\ADVAPI32.dll
0x00007ffa91880000 - 0x00007ffa9191c000 	C:\Windows\System32\sechost.dll
0x00007ffa92390000 - 0x00007ffa924b6000 	C:\Windows\System32\RPCRT4.dll
0x00007ffa87e60000 - 0x00007ffa87e69000 	C:\Windows\SYSTEM32\WSOCK32.dll
0x00007ffa91920000 - 0x00007ffa9198b000 	C:\Windows\System32\WS2_32.dll
0x00007ffa88e80000 - 0x00007ffa88ea7000 	C:\Windows\SYSTEM32\WINMM.dll
0x00007ffa88980000 - 0x00007ffa8898a000 	C:\Windows\SYSTEM32\VERSION.dll
0x00007ffa8dcf0000 - 0x00007ffa8dd02000 	C:\Windows\SYSTEM32\kernel.appcore.dll
0x00007ffa7cd30000 - 0x00007ffa7cd3a000 	c:\Users\shiden\.vscode\extensions\redhat.java-1.21.0-win32-x64\jre\17.0.7-win32-x86_64\bin\jimage.dll
0x00007ffa84ce0000 - 0x00007ffa84ec4000 	C:\Windows\SYSTEM32\DBGHELP.DLL
0x00007ffa85120000 - 0x00007ffa85154000 	C:\Windows\SYSTEM32\dbgcore.DLL
0x00007ffa90650000 - 0x00007ffa906d2000 	C:\Windows\System32\bcryptPrimitives.dll
0x00007ffa79c80000 - 0x00007ffa79c8e000 	c:\Users\shiden\.vscode\extensions\redhat.java-1.21.0-win32-x64\jre\17.0.7-win32-x86_64\bin\instrument.dll
0x00007ffa6dc20000 - 0x00007ffa6dc45000 	c:\Users\shiden\.vscode\extensions\redhat.java-1.21.0-win32-x64\jre\17.0.7-win32-x86_64\bin\java.dll
0x00007ffa77470000 - 0x00007ffa77488000 	c:\Users\shiden\.vscode\extensions\redhat.java-1.21.0-win32-x64\jre\17.0.7-win32-x86_64\bin\zip.dll
0x00007ffa907b0000 - 0x00007ffa90ef4000 	C:\Windows\System32\SHELL32.dll
0x00007ffa8def0000 - 0x00007ffa8e683000 	C:\Windows\SYSTEM32\windows.storage.dll
0x00007ffa91370000 - 0x00007ffa916c4000 	C:\Windows\System32\combase.dll
0x00007ffa8f7a0000 - 0x00007ffa8f7ce000 	C:\Windows\SYSTEM32\Wldp.dll
0x00007ffa917a0000 - 0x00007ffa9184d000 	C:\Windows\System32\SHCORE.dll
0x00007ffa92330000 - 0x00007ffa92385000 	C:\Windows\System32\shlwapi.dll
0x00007ffa8fd70000 - 0x00007ffa8fd8f000 	C:\Windows\SYSTEM32\profapi.dll
0x00007ffa772a0000 - 0x00007ffa772b9000 	C:\Users\shiden\.vscode\extensions\redhat.java-1.21.0-win32-x64\jre\17.0.7-win32-x86_64\bin\net.dll
0x00007ffa89b20000 - 0x00007ffa89c2a000 	C:\Windows\SYSTEM32\WINHTTP.dll
0x00007ffa8f510000 - 0x00007ffa8f57a000 	C:\Windows\system32\mswsock.dll
0x00007ffa8f500000 - 0x00007ffa8f50a000 	C:\Windows\system32\wshqos.dll
0x00007ffa8f4f0000 - 0x00007ffa8f4f8000 	C:\Windows\SYSTEM32\wshtcpip.DLL
0x00007ffa8f4e0000 - 0x00007ffa8f4e8000 	C:\Windows\SYSTEM32\wship6.dll
0x00007ffa6d5e0000 - 0x00007ffa6d5f5000 	C:\Users\shiden\.vscode\extensions\redhat.java-1.21.0-win32-x64\jre\17.0.7-win32-x86_64\bin\nio.dll
0x00007ffa79c50000 - 0x00007ffa79c60000 	c:\Users\shiden\.vscode\extensions\redhat.java-1.21.0-win32-x64\jre\17.0.7-win32-x86_64\bin\verify.dll
0x00007ffa670a0000 - 0x00007ffa670de000 	C:\Users\shiden\AppData\Roaming\Code\User\globalStorage\redhat.java\1.21.0\config_ss_win\org.eclipse.equinox.launcher\org.eclipse.equinox.launcher.win32.win32.x86_64_1.2.700.v20221108-1024\eclipse_11801.dll
0x00007ffa910d0000 - 0x00007ffa911fa000 	C:\Windows\System32\ole32.dll
0x00007ffa8f700000 - 0x00007ffa8f718000 	C:\Windows\SYSTEM32\CRYPTSP.dll
0x00007ffa8ee00000 - 0x00007ffa8ee34000 	C:\Windows\system32\rsaenh.dll
0x00007ffa903c0000 - 0x00007ffa903e7000 	C:\Windows\System32\bcrypt.dll
0x00007ffa8fd30000 - 0x00007ffa8fd5e000 	C:\Windows\SYSTEM32\USERENV.dll
0x00007ffa8fbc0000 - 0x00007ffa8fbcc000 	C:\Windows\SYSTEM32\CRYPTBASE.dll
0x00007ffa8f1d0000 - 0x00007ffa8f20c000 	C:\Windows\SYSTEM32\IPHLPAPI.DLL
0x00007ffa91790000 - 0x00007ffa91798000 	C:\Windows\System32\NSI.dll
0x00007ffa89a60000 - 0x00007ffa89a77000 	C:\Windows\SYSTEM32\dhcpcsvc6.DLL
0x00007ffa89a40000 - 0x00007ffa89a5d000 	C:\Windows\SYSTEM32\dhcpcsvc.DLL
0x00007ffa8f210000 - 0x00007ffa8f2db000 	C:\Windows\SYSTEM32\DNSAPI.dll
0x00007ffa66e80000 - 0x00007ffa66ec5000 	C:\Users\shiden\AppData\Local\Temp\jna--903341351\jna7519307987694121757.dll
0x00007ffa916d0000 - 0x00007ffa916d8000 	C:\Windows\System32\PSAPI.DLL

dbghelp: loaded successfully - version: 4.0.5 - missing functions: none
symbol engine: initialized successfully - sym options: 0x614 - pdb path: .;c:\Users\shiden\.vscode\extensions\redhat.java-1.21.0-win32-x64\jre\17.0.7-win32-x86_64\bin;C:\Windows\SYSTEM32;C:\Windows\WinSxS\amd64_microsoft.windows.common-controls_6595b64144ccf1df_6.0.19041.1110_none_60b5254171f9507e;c:\Users\shiden\.vscode\extensions\redhat.java-1.21.0-win32-x64\jre\17.0.7-win32-x86_64\bin\server;C:\Users\shiden\AppData\Roaming\Code\User\globalStorage\redhat.java\1.21.0\config_ss_win\org.eclipse.equinox.launcher\org.eclipse.equinox.launcher.win32.win32.x86_64_1.2.700.v20221108-1024;C:\Users\shiden\AppData\Local\Temp\jna--903341351

VM Arguments:
jvm_args: --add-modules=ALL-SYSTEM --add-opens=java.base/java.util=ALL-UNNAMED --add-opens=java.base/java.lang=ALL-UNNAMED --add-opens=java.base/sun.nio.fs=ALL-UNNAMED -Declipse.application=org.eclipse.jdt.ls.core.id1 -Dosgi.bundles.defaultStartLevel=4 -Declipse.product=org.eclipse.jdt.ls.core.product -Djava.import.generatesMetadataFilesAtProjectRoot=false -Dfile.encoding=utf8 -XX:+UseParallelGC -XX:GCTimeRatio=4 -XX:AdaptiveSizePolicyWeight=90 -Dsun.zip.disableMemoryMapping=true -Xmx1G -Xms100m -Xlog:disable -javaagent:c:\Users\shiden\.vscode\extensions\redhat.java-1.21.0-win32-x64\lombok\lombok-1.18.28.jar 
java_command: c:\Users\shiden\.vscode\extensions\redhat.java-1.21.0-win32-x64\server\plugins\org.eclipse.equinox.launcher_1.6.500.v20230717-2134.jar -configuration c:\Users\shiden\AppData\Roaming\Code\User\globalStorage\redhat.java\1.21.0\config_ss_win -data c:\Users\shiden\AppData\Roaming\Code\User\workspaceStorage\d4d7edd73409818630550ea46e1e96b1\redhat.java\ss_ws
java_class_path (initial): c:\Users\shiden\.vscode\extensions\redhat.java-1.21.0-win32-x64\server\plugins\org.eclipse.equinox.launcher_1.6.500.v20230717-2134.jar
Launcher Type: SUN_STANDARD

[Global flags]
    uintx AdaptiveSizePolicyWeight                 = 90                                        {product} {command line}
     intx CICompilerCount                          = 4                                         {product} {ergonomic}
    uintx GCTimeRatio                              = 4                                         {product} {command line}
   size_t InitialHeapSize                          = 104857600                                 {product} {command line}
   size_t MaxHeapSize                              = 1073741824                                {product} {command line}
   size_t MaxNewSize                               = 357564416                                 {product} {ergonomic}
   size_t MinHeapDeltaBytes                        = 524288                                    {product} {ergonomic}
   size_t MinHeapSize                              = 104857600                                 {product} {command line}
   size_t NewSize                                  = 34603008                                  {product} {ergonomic}
    uintx NonNMethodCodeHeapSize                   = 5839372                                {pd product} {ergonomic}
    uintx NonProfiledCodeHeapSize                  = 122909434                              {pd product} {ergonomic}
   size_t OldSize                                  = 70254592                                  {product} {ergonomic}
    uintx ProfiledCodeHeapSize                     = 122909434                              {pd product} {ergonomic}
    uintx ReservedCodeCacheSize                    = 251658240                              {pd product} {ergonomic}
     bool SegmentedCodeCache                       = true                                      {product} {ergonomic}
   size_t SoftMaxHeapSize                          = 1073741824                             {manageable} {ergonomic}
     bool UseCompressedClassPointers               = true                           {product lp64_product} {ergonomic}
     bool UseCompressedOops                        = true                           {product lp64_product} {ergonomic}
     bool UseLargePagesIndividualAllocation        = false                                  {pd product} {ergonomic}
     bool UseParallelGC                            = true                                      {product} {command line}

Logging:
Log output configuration:
 #0: stdout all=off uptime,level,tags
 #1: stderr all=off uptime,level,tags

Environment Variables:
JAVA_HOME=C:\Program Files\Unity\Hub\Editor\2021.3.29f1\Editor\Data\PlaybackEngines\AndroidPlayer\OpenJDK
PATH=C:\Program Files\Common Files\Oracle\Java\javapath;C:\Windows\system32;C:\Windows;C:\Windows\System32\Wbem;C:\Windows\System32\WindowsPowerShell\v1.0\;C:\Program Files\dotnet\;C:\Program Files\Microsoft SQL Server\150\Tools\Binn\;C:\Program Files\Microsoft SQL Server\Client SDK\ODBC\170\Tools\Binn\;C:\Users\shiden\AppData\Local\Microsoft\WindowsApps;C:\ortamlar\java\bin;C:\Program Files\JetBrains\JetBrains Rider 2023.1.3\bin;;C:\Users\shiden\AppData\Local\Programs\Microsoft VS Code\bin;C:\Users\shiden\.dotnet\tools;C:\Users\shiden\AppData\Local\GitHubDesktop\bin;C:\ortam\java\bin;;C:\Program Files\Azure Data Studio\bin
USERNAME=shiden
OS=Windows_NT
PROCESSOR_IDENTIFIER=AMD64 Family 23 Model 104 Stepping 1, AuthenticAMD
TMP=C:\Users\shiden\AppData\Local\Temp
TEMP=C:\Users\shiden\AppData\Local\Temp



---------------  S Y S T E M  ---------------

OS:
 Windows 10 , 64 bit Build 19041 (10.0.19041.2913)
OS uptime: 0 days 6:56 hours

CPU: total 8 (initial active 8) (8 cores per cpu, 2 threads per core) family 23 model 104 stepping 1 microcode 0x0, cx8, cmov, fxsr, ht, mmx, 3dnowpref, sse, sse2, sse3, ssse3, sse4a, sse4.1, sse4.2, popcnt, lzcnt, tsc, tscinvbit, avx, avx2, aes, clmul, bmi1, bmi2, adx, sha, fma, vzeroupper, clflush, clflushopt

Memory: 4k page, system-wide physical 3429M (240M free)
TotalPageFile size 11621M (AvailPageFile size 5M)
current process WorkingSet (physical memory assigned to process): 145M, peak: 145M
current process commit charge ("private bytes"): 251M, peak: 252M

vm_info: OpenJDK 64-Bit Server VM (17.0.7+7) for windows-amd64 JRE (17.0.7+7), built on Apr 18 2023 22:10:42 by "temurin" with MS VC++ 16.7 (VS2019)

END.
