#
# There is insufficient memory for the Java Runtime Environment to continue.
# Native memory allocation (malloc) failed to allocate 1366896 bytes for Chunk::new
# Possible reasons:
#   The system is out of physical RAM or swap space
#   The process is running with CompressedOops enabled, and the Java Heap may be blocking the growth of the native heap
# Possible solutions:
#   Reduce memory load on the system
#   Increase physical memory or swap space
#   Check if swap backing store is full
#   Decrease Java heap size (-Xmx/-Xms)
#   Decrease number of Java threads
#   Decrease Java thread stack sizes (-Xss)
#   Set larger code cache with -XX:ReservedCodeCacheSize=
#   JVM is running with Unscaled Compressed Oops mode in which the Java heap is
#     placed in the first 4GB address space. The Java Heap base address is the
#     maximum limit for the native heap growth. Please use -XX:HeapBaseMinAddress
#     to set the Java Heap base and to place the Java Heap above 4GB virtual address.
# This output file may be truncated or incomplete.
#
#  Out of Memory Error (arena.cpp:189), pid=6140, tid=4468
#
# JRE version: OpenJDK Runtime Environment Temurin-17.0.7+7 (17.0.7+7) (build 17.0.7+7)
# Java VM: OpenJDK 64-Bit Server VM Temurin-17.0.7+7 (17.0.7+7, mixed mode, tiered, compressed oops, compressed class ptrs, parallel gc, windows-amd64)
# No core dump will be written. Minidumps are not enabled by default on client versions of Windows
#

---------------  S U M M A R Y ------------

Command Line: --add-modules=ALL-SYSTEM --add-opens=java.base/java.util=ALL-UNNAMED --add-opens=java.base/java.lang=ALL-UNNAMED --add-opens=java.base/sun.nio.fs=ALL-UNNAMED -Declipse.application=org.eclipse.jdt.ls.core.id1 -Dosgi.bundles.defaultStartLevel=4 -Declipse.product=org.eclipse.jdt.ls.core.product -Djava.import.generatesMetadataFilesAtProjectRoot=false -Dfile.encoding=utf8 -XX:+UseParallelGC -XX:GCTimeRatio=4 -XX:AdaptiveSizePolicyWeight=90 -Dsun.zip.disableMemoryMapping=true -Xmx1G -Xms100m -Xlog:disable -javaagent:c:\Users\shiden\.vscode\extensions\redhat.java-1.21.0-win32-x64\lombok\lombok-1.18.28.jar -XX:+HeapDumpOnOutOfMemoryError -XX:HeapDumpPath=c:\Users\shiden\AppData\Roaming\Code\User\workspaceStorage\d4d7edd73409818630550ea46e1e96b1\redhat.java -Daether.dependencyCollector.impl=bf c:\Users\shiden\.vscode\extensions\redhat.java-1.21.0-win32-x64\server\plugins\org.eclipse.equinox.launcher_1.6.500.v20230717-2134.jar -configuration c:\Users\shiden\AppData\Roaming\Code\User\globalStorage\redhat.java\1.21.0\config_win -data c:\Users\shiden\AppData\Roaming\Code\User\workspaceStorage\d4d7edd73409818630550ea46e1e96b1\redhat.java\jdt_ws

Host: AMD Ryzen 3 5300U with Radeon Graphics         , 8 cores, 3G,  Windows 10 , 64 bit Build 19041 (10.0.19041.2913)
Time: Fri Aug 11 13:09:18 2023 Türkiye Standart Saati elapsed time: 3.716730 seconds (0d 0h 0m 3s)

---------------  T H R E A D  ---------------

Current thread (0x000002259c8ea020):  JavaThread "C2 CompilerThread0" daemon [_thread_in_native, id=4468, stack(0x0000009c9d400000,0x0000009c9d500000)]


Current CompileTask:
C2:   3716 3336   !   4       org.eclipse.osgi.internal.loader.classpath.ClasspathManager::findClassImpl (308 bytes)

Stack: [0x0000009c9d400000,0x0000009c9d500000]
Native frames: (J=compiled Java code, j=interpreted, Vv=VM code, C=native code)
V  [jvm.dll+0x67754a]
V  [jvm.dll+0x834304]
V  [jvm.dll+0x835aae]
V  [jvm.dll+0x836113]
V  [jvm.dll+0x24696f]
V  [jvm.dll+0xac0ac]
V  [jvm.dll+0xac67c]
V  [jvm.dll+0x364de2]
V  [jvm.dll+0x32f6b1]
V  [jvm.dll+0x32eb5a]
V  [jvm.dll+0x219641]
V  [jvm.dll+0x218a61]
V  [jvm.dll+0x1a4d8d]
V  [jvm.dll+0x2284da]
V  [jvm.dll+0x226615]
V  [jvm.dll+0x7ea90b]
V  [jvm.dll+0x7e4e7a]
V  [jvm.dll+0x676395]
C  [ucrtbase.dll+0x21bb2]
C  [KERNEL32.DLL+0x17614]
C  [ntdll.dll+0x526a1]


---------------  P R O C E S S  ---------------

Threads class SMR info:
_java_thread_list=0x000002259f5efdc0, length=27, elements={
0x00000225817d2010, 0x00000225975a4270, 0x00000225975a4ff0, 0x000002259c8adfa0,
0x000002259c8aed20, 0x000002259c8b0240, 0x000002259c8dcbb0, 0x000002259c8ea020,
0x00000225975acfe0, 0x00000225975ae0c0, 0x000002259ca718e0, 0x000002259cbc9440,
0x000002259d869460, 0x000002259dead650, 0x000002259e2e8410, 0x000002259e465db0,
0x000002259e2d0f10, 0x000002259df940b0, 0x000002259e3f4950, 0x000002259e3a47e0,
0x000002259dffd930, 0x000002259dffc5f0, 0x000002259dffde00, 0x000002259dffe2d0,
0x000002259dffc120, 0x000002259dffa910, 0x000002259dffcac0
}

Java Threads: ( => current thread )
  0x00000225817d2010 JavaThread "main" [_thread_blocked, id=12116, stack(0x0000009c9cb00000,0x0000009c9cc00000)]
  0x00000225975a4270 JavaThread "Reference Handler" daemon [_thread_blocked, id=9852, stack(0x0000009c9ce00000,0x0000009c9cf00000)]
  0x00000225975a4ff0 JavaThread "Finalizer" daemon [_thread_blocked, id=6508, stack(0x0000009c9cf00000,0x0000009c9d000000)]
  0x000002259c8adfa0 JavaThread "Signal Dispatcher" daemon [_thread_blocked, id=9388, stack(0x0000009c9d000000,0x0000009c9d100000)]
  0x000002259c8aed20 JavaThread "Attach Listener" daemon [_thread_blocked, id=7504, stack(0x0000009c9d100000,0x0000009c9d200000)]
  0x000002259c8b0240 JavaThread "Service Thread" daemon [_thread_blocked, id=10564, stack(0x0000009c9d200000,0x0000009c9d300000)]
  0x000002259c8dcbb0 JavaThread "Monitor Deflation Thread" daemon [_thread_blocked, id=9812, stack(0x0000009c9d300000,0x0000009c9d400000)]
=>0x000002259c8ea020 JavaThread "C2 CompilerThread0" daemon [_thread_in_native, id=4468, stack(0x0000009c9d400000,0x0000009c9d500000)]
  0x00000225975acfe0 JavaThread "C1 CompilerThread0" daemon [_thread_blocked, id=10980, stack(0x0000009c9d500000,0x0000009c9d600000)]
  0x00000225975ae0c0 JavaThread "Sweeper thread" daemon [_thread_blocked, id=1088, stack(0x0000009c9d600000,0x0000009c9d700000)]
  0x000002259ca718e0 JavaThread "Common-Cleaner" daemon [_thread_blocked, id=6264, stack(0x0000009c9d700000,0x0000009c9d800000)]
  0x000002259cbc9440 JavaThread "Notification Thread" daemon [_thread_blocked, id=11024, stack(0x0000009c9d800000,0x0000009c9d900000)]
  0x000002259d869460 JavaThread "C2 CompilerThread1" daemon [_thread_in_native, id=3608, stack(0x0000009c9da00000,0x0000009c9db00000)]
  0x000002259dead650 JavaThread "Active Thread: Equinox Container: e7b19c9d-30f0-4856-b669-0d5d2623bef1" [_thread_blocked, id=3936, stack(0x0000009c9e100000,0x0000009c9e200000)]
  0x000002259e2e8410 JavaThread "Framework Event Dispatcher: Equinox Container: e7b19c9d-30f0-4856-b669-0d5d2623bef1" daemon [_thread_blocked, id=3464, stack(0x0000009c9e200000,0x0000009c9e300000)]
  0x000002259e465db0 JavaThread "Start Level: Equinox Container: e7b19c9d-30f0-4856-b669-0d5d2623bef1" daemon [_thread_blocked, id=6068, stack(0x0000009c9e300000,0x0000009c9e400000)]
  0x000002259e2d0f10 JavaThread "SCR Component Actor" daemon [_thread_blocked, id=11600, stack(0x0000009c9e400000,0x0000009c9e500000)]
  0x000002259df940b0 JavaThread "SCR Component Registry" daemon [_thread_blocked, id=9192, stack(0x0000009c9e600000,0x0000009c9e700000)]
  0x000002259e3f4950 JavaThread "Worker-JM" [_thread_blocked, id=11288, stack(0x0000009c9e700000,0x0000009c9e800000)]
  0x000002259e3a47e0 JavaThread "Worker-0: Repository registry initialization" [_thread_in_vm, id=464, stack(0x0000009c9e800000,0x0000009c9e900000)]
  0x000002259dffd930 JavaThread "Worker-1: Updating Maven Dependencies" [_thread_blocked, id=8092, stack(0x0000009c9e900000,0x0000009c9ea00000)]
  0x000002259dffc5f0 JavaThread "Java indexing" daemon [_thread_blocked, id=3620, stack(0x0000009c9ea00000,0x0000009c9eb00000)]
  0x000002259dffde00 JavaThread "JNA Cleaner" daemon [_thread_blocked, id=10176, stack(0x0000009c9eb00000,0x0000009c9ec00000)]
  0x000002259dffe2d0 JavaThread "pool-2-thread-1" [_thread_blocked, id=5008, stack(0x0000009c9ec00000,0x0000009c9ed00000)]
  0x000002259dffc120 JavaThread "Worker-2" [_thread_blocked, id=3616, stack(0x0000009c9ed00000,0x0000009c9ee00000)]
  0x000002259dffa910 JavaThread "WorkspaceEventsHandler" [_thread_blocked, id=8628, stack(0x0000009c9ee00000,0x0000009c9ef00000)]
  0x000002259dffcac0 JavaThread "pool-1-thread-1" [_thread_blocked, id=5512, stack(0x0000009c9ef00000,0x0000009c9f000000)]

Other Threads:
  0x000002259c8a0dc0 VMThread "VM Thread" [stack: 0x0000009c9cd00000,0x0000009c9ce00000] [id=11560]
  0x000002259d830b40 WatcherThread [stack: 0x0000009c9d900000,0x0000009c9da00000] [id=3748]
  0x00000225817eb1f0 GCTaskThread "GC Thread#0" [stack: 0x0000009c9cc00000,0x0000009c9cd00000] [id=1484]
  0x000002259ded7810 GCTaskThread "GC Thread#1" [stack: 0x0000009c9db00000,0x0000009c9dc00000] [id=11044]
  0x000002259ded7ed0 GCTaskThread "GC Thread#2" [stack: 0x0000009c9dc00000,0x0000009c9dd00000] [id=7460]
  0x000002259ded8180 GCTaskThread "GC Thread#3" [stack: 0x0000009c9dd00000,0x0000009c9de00000] [id=10144]
  0x000002259e186dc0 GCTaskThread "GC Thread#4" [stack: 0x0000009c9de00000,0x0000009c9df00000] [id=2940]
  0x000002259e187070 GCTaskThread "GC Thread#5" [stack: 0x0000009c9df00000,0x0000009c9e000000] [id=4868]
  0x000002259e187730 GCTaskThread "GC Thread#6" [stack: 0x0000009c9e000000,0x0000009c9e100000] [id=7964]
  0x000002259df59f00 GCTaskThread "GC Thread#7" [stack: 0x0000009c9e500000,0x0000009c9e600000] [id=11036]

Threads with active compile tasks:
C2 CompilerThread0     3730 3336   !   4       org.eclipse.osgi.internal.loader.classpath.ClasspathManager::findClassImpl (308 bytes)
C2 CompilerThread1     3730 3408   !   4       org.eclipse.osgi.internal.loader.classpath.ClasspathManager::findLocalClass (210 bytes)

VM state: not at safepoint (normal execution)

VM Mutex/Monitor currently owned by a thread: None

Heap address: 0x00000000c0000000, size: 1024 MB, Compressed Oops mode: 32-bit

CDS archive(s) not mapped
Compressed class space mapped at: 0x0000000100000000-0x0000000140000000, reserved size: 1073741824
Narrow klass base: 0x0000000000000000, Narrow klass shift: 3, Narrow klass range: 0x140000000

GC Precious Log:
 CPUs: 8 total, 8 available
 Memory: 3429M
 Large Page Support: Disabled
 NUMA Support: Disabled
 Compressed Oops: Enabled (32-bit)
 Alignments: Space 512K, Generation 512K, Heap 2M
 Heap Min Capacity: 100M
 Heap Initial Capacity: 100M
 Heap Max Capacity: 1G
 Pre-touch: Disabled
 Parallel Workers: 8

Heap:
 PSYoungGen      total 23552K, used 7437K [0x00000000eab00000, 0x00000000ec600000, 0x0000000100000000)
  eden space 22528K, 28% used [0x00000000eab00000,0x00000000eb1534d8,0x00000000ec100000)
  from space 1024K, 93% used [0x00000000ec500000,0x00000000ec5f0000,0x00000000ec600000)
  to   space 1536K, 0% used [0x00000000ec300000,0x00000000ec300000,0x00000000ec480000)
 ParOldGen       total 68608K, used 12621K [0x00000000c0000000, 0x00000000c4300000, 0x00000000eab00000)
  object space 68608K, 18% used [0x00000000c0000000,0x00000000c0c53638,0x00000000c4300000)
 Metaspace       used 39121K, committed 39872K, reserved 1114112K
  class space    used 4108K, committed 4480K, reserved 1048576K

Card table byte_map: [0x0000022594e20000,0x0000022595030000] _byte_map_base: 0x0000022594820000

Marking Bits: (ParMarkBitMap*) 0x00007ffa614552c0
 Begin Bits: [0x0000022595190000, 0x0000022596190000)
 End Bits:   [0x0000022596190000, 0x0000022597190000)

Polling page: 0x00000225818a0000

Metaspace:

Usage:
  Non-class:     34.19 MB used.
      Class:      4.01 MB used.
       Both:     38.20 MB used.

Virtual space:
  Non-class space:       64.00 MB reserved,      34.56 MB ( 54%) committed,  1 nodes.
      Class space:        1.00 GB reserved,       4.38 MB ( <1%) committed,  1 nodes.
             Both:        1.06 GB reserved,      38.94 MB (  4%) committed. 

Chunk freelists:
   Non-Class:  12.52 MB
       Class:  11.47 MB
        Both:  23.98 MB

MaxMetaspaceSize: unlimited
CompressedClassSpaceSize: 1.00 GB
Initial GC threshold: 21.00 MB
Current GC threshold: 58.38 MB
CDS: off
MetaspaceReclaimPolicy: balanced
 - commit_granule_bytes: 65536.
 - commit_granule_words: 8192.
 - virtual_space_node_default_size: 8388608.
 - enlarge_chunks_in_place: 1.
 - new_chunks_are_fully_committed: 0.
 - uncommit_free_chunks: 1.
 - use_allocation_guard: 0.
 - handle_deallocations: 1.


Internal statistics:

num_allocs_failed_limit: 6.
num_arena_births: 386.
num_arena_deaths: 14.
num_vsnodes_births: 2.
num_vsnodes_deaths: 0.
num_space_committed: 623.
num_space_uncommitted: 0.
num_chunks_returned_to_freelist: 20.
num_chunks_taken_from_freelist: 1671.
num_chunk_merges: 10.
num_chunk_splits: 1068.
num_chunks_enlarged: 691.
num_inconsistent_stats: 0.

CodeHeap 'non-profiled nmethods': size=120000Kb used=1562Kb max_used=1562Kb free=118437Kb
 bounds [0x000002258d710000, 0x000002258d980000, 0x0000022594c40000]
CodeHeap 'profiled nmethods': size=120000Kb used=7026Kb max_used=7026Kb free=112973Kb
 bounds [0x0000022585c40000, 0x0000022586320000, 0x000002258d170000]
CodeHeap 'non-nmethods': size=5760Kb used=1271Kb max_used=1318Kb free=4488Kb
 bounds [0x000002258d170000, 0x000002258d3e0000, 0x000002258d710000]
 total_blobs=4049 nmethods=3454 adapters=508
 compilation: enabled
              stopped_count=0, restarted_count=0
 full_count=0

Compilation events (20 events):
Event: 3.702 Thread 0x00000225975acfe0 nmethod 3442 0x0000022586308890 code [0x0000022586308a80, 0x0000022586308fb8]
Event: 3.702 Thread 0x00000225975acfe0 3443       3       java.nio.CharBuffer::limit (8 bytes)
Event: 3.702 Thread 0x00000225975acfe0 nmethod 3443 0x0000022586309190 code [0x0000022586309320, 0x0000022586309468]
Event: 3.702 Thread 0x00000225975acfe0 3444       3       java.nio.CharBuffer::<init> (24 bytes)
Event: 3.703 Thread 0x00000225975acfe0 nmethod 3444 0x0000022586309510 code [0x00000225863096a0, 0x0000022586309828]
Event: 3.703 Thread 0x00000225975acfe0 3445       3       java.nio.CharBuffer::limit (6 bytes)
Event: 3.703 Thread 0x00000225975acfe0 nmethod 3445 0x0000022586309910 code [0x0000022586309ac0, 0x0000022586309c68]
Event: 3.703 Thread 0x00000225975acfe0 3435   !   3       java.nio.CharBuffer::wrap (21 bytes)
Event: 3.703 Thread 0x00000225975acfe0 nmethod 3435 0x0000022586309d10 code [0x0000022586309ec0, 0x000002258630a158]
Event: 3.703 Thread 0x00000225975acfe0 3447       3       java.nio.HeapCharBuffer::<init> (23 bytes)
Event: 3.703 Thread 0x00000225975acfe0 nmethod 3447 0x000002258630a290 code [0x000002258630a440, 0x000002258630a5c8]
Event: 3.703 Thread 0x00000225975acfe0 3446   !   3       sun.nio.cs.StreamDecoder::read0 (116 bytes)
Event: 3.703 Thread 0x00000225975acfe0 nmethod 3446 0x000002258630a690 code [0x000002258630a860, 0x000002258630ad68]
Event: 3.703 Thread 0x00000225975acfe0 3453       1       org.codehaus.plexus.util.xml.pull.MXParser::getEventType (5 bytes)
Event: 3.703 Thread 0x00000225975acfe0 nmethod 3453 0x000002258d896290 code [0x000002258d896420, 0x000002258d8964f8]
Event: 3.707 Thread 0x00000225975acfe0 3459       3       org.codehaus.plexus.util.xml.pull.MXParser::isWhitespace (114 bytes)
Event: 3.708 Thread 0x00000225975acfe0 nmethod 3459 0x000002258630af10 code [0x000002258630b120, 0x000002258630b988]
Event: 3.708 Thread 0x00000225975acfe0 3460       3       org.codehaus.plexus.util.xml.pull.MXParser::parseEndTag (429 bytes)
Event: 3.711 Thread 0x00000225975acfe0 nmethod 3460 0x000002258630bb90 code [0x000002258630c180, 0x000002258630e868]
Event: 3.711 Thread 0x00000225975acfe0 3463       3       org.codehaus.plexus.util.xml.pull.MXParser::parseStartTag (1190 bytes)

GC Heap History (20 events):
Event: 1.804 GC heap before
{Heap before GC invocations=3 (full 0):
 PSYoungGen      total 29696K, used 29658K [0x00000000eab00000, 0x00000000ecc00000, 0x0000000100000000)
  eden space 25600K, 99% used [0x00000000eab00000,0x00000000ec3fe1b0,0x00000000ec400000)
  from space 4096K, 99% used [0x00000000ec800000,0x00000000ecbf8918,0x00000000ecc00000)
  to   space 4096K, 0% used [0x00000000ec400000,0x00000000ec400000,0x00000000ec800000)
 ParOldGen       total 68608K, used 1434K [0x00000000c0000000, 0x00000000c4300000, 0x00000000eab00000)
  object space 68608K, 2% used [0x00000000c0000000,0x00000000c0166b18,0x00000000c4300000)
 Metaspace       used 19848K, committed 20224K, reserved 1114112K
  class space    used 2022K, committed 2176K, reserved 1048576K
}
Event: 1.811 GC heap after
{Heap after GC invocations=3 (full 0):
 PSYoungGen      total 29696K, used 4071K [0x00000000eab00000, 0x00000000ecc00000, 0x0000000100000000)
  eden space 25600K, 0% used [0x00000000eab00000,0x00000000eab00000,0x00000000ec400000)
  from space 4096K, 99% used [0x00000000ec400000,0x00000000ec7f9cf8,0x00000000ec800000)
  to   space 4096K, 0% used [0x00000000ec800000,0x00000000ec800000,0x00000000ecc00000)
 ParOldGen       total 68608K, used 3464K [0x00000000c0000000, 0x00000000c4300000, 0x00000000eab00000)
  object space 68608K, 5% used [0x00000000c0000000,0x00000000c0362380,0x00000000c4300000)
 Metaspace       used 19848K, committed 20224K, reserved 1114112K
  class space    used 2022K, committed 2176K, reserved 1048576K
}
Event: 1.935 GC heap before
{Heap before GC invocations=4 (full 0):
 PSYoungGen      total 29696K, used 11618K [0x00000000eab00000, 0x00000000ecc00000, 0x0000000100000000)
  eden space 25600K, 29% used [0x00000000eab00000,0x00000000eb25ebc8,0x00000000ec400000)
  from space 4096K, 99% used [0x00000000ec400000,0x00000000ec7f9cf8,0x00000000ec800000)
  to   space 4096K, 0% used [0x00000000ec800000,0x00000000ec800000,0x00000000ecc00000)
 ParOldGen       total 68608K, used 3464K [0x00000000c0000000, 0x00000000c4300000, 0x00000000eab00000)
  object space 68608K, 5% used [0x00000000c0000000,0x00000000c0362380,0x00000000c4300000)
 Metaspace       used 21077K, committed 21504K, reserved 1114112K
  class space    used 2156K, committed 2368K, reserved 1048576K
}
Event: 1.938 GC heap after
{Heap after GC invocations=4 (full 0):
 PSYoungGen      total 29696K, used 4087K [0x00000000eab00000, 0x00000000ecc00000, 0x0000000100000000)
  eden space 25600K, 0% used [0x00000000eab00000,0x00000000eab00000,0x00000000ec400000)
  from space 4096K, 99% used [0x00000000ec800000,0x00000000ecbfdce8,0x00000000ecc00000)
  to   space 4096K, 0% used [0x00000000ec400000,0x00000000ec400000,0x00000000ec800000)
 ParOldGen       total 68608K, used 3768K [0x00000000c0000000, 0x00000000c4300000, 0x00000000eab00000)
  object space 68608K, 5% used [0x00000000c0000000,0x00000000c03ae3a0,0x00000000c4300000)
 Metaspace       used 21077K, committed 21504K, reserved 1114112K
  class space    used 2156K, committed 2368K, reserved 1048576K
}
Event: 1.938 GC heap before
{Heap before GC invocations=5 (full 1):
 PSYoungGen      total 29696K, used 4087K [0x00000000eab00000, 0x00000000ecc00000, 0x0000000100000000)
  eden space 25600K, 0% used [0x00000000eab00000,0x00000000eab00000,0x00000000ec400000)
  from space 4096K, 99% used [0x00000000ec800000,0x00000000ecbfdce8,0x00000000ecc00000)
  to   space 4096K, 0% used [0x00000000ec400000,0x00000000ec400000,0x00000000ec800000)
 ParOldGen       total 68608K, used 3768K [0x00000000c0000000, 0x00000000c4300000, 0x00000000eab00000)
  object space 68608K, 5% used [0x00000000c0000000,0x00000000c03ae3a0,0x00000000c4300000)
 Metaspace       used 21077K, committed 21504K, reserved 1114112K
  class space    used 2156K, committed 2368K, reserved 1048576K
}
Event: 1.955 GC heap after
{Heap after GC invocations=5 (full 1):
 PSYoungGen      total 29696K, used 0K [0x00000000eab00000, 0x00000000ecc00000, 0x0000000100000000)
  eden space 25600K, 0% used [0x00000000eab00000,0x00000000eab00000,0x00000000ec400000)
  from space 4096K, 0% used [0x00000000ec800000,0x00000000ec800000,0x00000000ecc00000)
  to   space 4096K, 0% used [0x00000000ec400000,0x00000000ec400000,0x00000000ec800000)
 ParOldGen       total 68608K, used 7606K [0x00000000c0000000, 0x00000000c4300000, 0x00000000eab00000)
  object space 68608K, 11% used [0x00000000c0000000,0x00000000c076d960,0x00000000c4300000)
 Metaspace       used 21064K, committed 21504K, reserved 1114112K
  class space    used 2153K, committed 2368K, reserved 1048576K
}
Event: 2.294 GC heap before
{Heap before GC invocations=6 (full 1):
 PSYoungGen      total 29696K, used 25600K [0x00000000eab00000, 0x00000000ecc00000, 0x0000000100000000)
  eden space 25600K, 100% used [0x00000000eab00000,0x00000000ec400000,0x00000000ec400000)
  from space 4096K, 0% used [0x00000000ec800000,0x00000000ec800000,0x00000000ecc00000)
  to   space 4096K, 0% used [0x00000000ec400000,0x00000000ec400000,0x00000000ec800000)
 ParOldGen       total 68608K, used 7606K [0x00000000c0000000, 0x00000000c4300000, 0x00000000eab00000)
  object space 68608K, 11% used [0x00000000c0000000,0x00000000c076d960,0x00000000c4300000)
 Metaspace       used 24580K, committed 25152K, reserved 1114112K
  class space    used 2554K, committed 2816K, reserved 1048576K
}
Event: 2.295 GC heap after
{Heap after GC invocations=6 (full 1):
 PSYoungGen      total 28160K, used 2913K [0x00000000eab00000, 0x00000000eca80000, 0x0000000100000000)
  eden space 25088K, 0% used [0x00000000eab00000,0x00000000eab00000,0x00000000ec380000)
  from space 3072K, 94% used [0x00000000ec400000,0x00000000ec6d85c8,0x00000000ec700000)
  to   space 3584K, 0% used [0x00000000ec700000,0x00000000ec700000,0x00000000eca80000)
 ParOldGen       total 68608K, used 7614K [0x00000000c0000000, 0x00000000c4300000, 0x00000000eab00000)
  object space 68608K, 11% used [0x00000000c0000000,0x00000000c076f960,0x00000000c4300000)
 Metaspace       used 24580K, committed 25152K, reserved 1114112K
  class space    used 2554K, committed 2816K, reserved 1048576K
}
Event: 2.472 GC heap before
{Heap before GC invocations=7 (full 1):
 PSYoungGen      total 28160K, used 28001K [0x00000000eab00000, 0x00000000eca80000, 0x0000000100000000)
  eden space 25088K, 100% used [0x00000000eab00000,0x00000000ec380000,0x00000000ec380000)
  from space 3072K, 94% used [0x00000000ec400000,0x00000000ec6d85c8,0x00000000ec700000)
  to   space 3584K, 0% used [0x00000000ec700000,0x00000000ec700000,0x00000000eca80000)
 ParOldGen       total 68608K, used 7614K [0x00000000c0000000, 0x00000000c4300000, 0x00000000eab00000)
  object space 68608K, 11% used [0x00000000c0000000,0x00000000c076f960,0x00000000c4300000)
 Metaspace       used 28017K, committed 28608K, reserved 1114112K
  class space    used 2797K, committed 3072K, reserved 1048576K
}
Event: 2.474 GC heap after
{Heap after GC invocations=7 (full 1):
 PSYoungGen      total 28160K, used 3091K [0x00000000eab00000, 0x00000000eca80000, 0x0000000100000000)
  eden space 24576K, 0% used [0x00000000eab00000,0x00000000eab00000,0x00000000ec300000)
  from space 3584K, 86% used [0x00000000ec700000,0x00000000eca04f90,0x00000000eca80000)
  to   space 3584K, 0% used [0x00000000ec380000,0x00000000ec380000,0x00000000ec700000)
 ParOldGen       total 68608K, used 7622K [0x00000000c0000000, 0x00000000c4300000, 0x00000000eab00000)
  object space 68608K, 11% used [0x00000000c0000000,0x00000000c0771960,0x00000000c4300000)
 Metaspace       used 28017K, committed 28608K, reserved 1114112K
  class space    used 2797K, committed 3072K, reserved 1048576K
}
Event: 2.709 GC heap before
{Heap before GC invocations=8 (full 1):
 PSYoungGen      total 28160K, used 27667K [0x00000000eab00000, 0x00000000eca80000, 0x0000000100000000)
  eden space 24576K, 99% used [0x00000000eab00000,0x00000000ec2fffd0,0x00000000ec300000)
  from space 3584K, 86% used [0x00000000ec700000,0x00000000eca04f90,0x00000000eca80000)
  to   space 3584K, 0% used [0x00000000ec380000,0x00000000ec380000,0x00000000ec700000)
 ParOldGen       total 68608K, used 7622K [0x00000000c0000000, 0x00000000c4300000, 0x00000000eab00000)
  object space 68608K, 11% used [0x00000000c0000000,0x00000000c0771960,0x00000000c4300000)
 Metaspace       used 30908K, committed 31552K, reserved 1114112K
  class space    used 3044K, committed 3328K, reserved 1048576K
}
Event: 2.712 GC heap after
{Heap after GC invocations=8 (full 1):
 PSYoungGen      total 27648K, used 3582K [0x00000000eab00000, 0x00000000eca80000, 0x0000000100000000)
  eden space 24064K, 0% used [0x00000000eab00000,0x00000000eab00000,0x00000000ec280000)
  from space 3584K, 99% used [0x00000000ec380000,0x00000000ec6ffbe0,0x00000000ec700000)
  to   space 3584K, 0% used [0x00000000ec700000,0x00000000ec700000,0x00000000eca80000)
 ParOldGen       total 68608K, used 7788K [0x00000000c0000000, 0x00000000c4300000, 0x00000000eab00000)
  object space 68608K, 11% used [0x00000000c0000000,0x00000000c079b078,0x00000000c4300000)
 Metaspace       used 30908K, committed 31552K, reserved 1114112K
  class space    used 3044K, committed 3328K, reserved 1048576K
}
Event: 3.275 GC heap before
{Heap before GC invocations=9 (full 1):
 PSYoungGen      total 27648K, used 27646K [0x00000000eab00000, 0x00000000eca80000, 0x0000000100000000)
  eden space 24064K, 100% used [0x00000000eab00000,0x00000000ec280000,0x00000000ec280000)
  from space 3584K, 99% used [0x00000000ec380000,0x00000000ec6ffbe0,0x00000000ec700000)
  to   space 3584K, 0% used [0x00000000ec700000,0x00000000ec700000,0x00000000eca80000)
 ParOldGen       total 68608K, used 7788K [0x00000000c0000000, 0x00000000c4300000, 0x00000000eab00000)
  object space 68608K, 11% used [0x00000000c0000000,0x00000000c079b078,0x00000000c4300000)
 Metaspace       used 34886K, committed 35648K, reserved 1114112K
  class space    used 3538K, committed 3904K, reserved 1048576K
}
Event: 3.279 GC heap after
{Heap after GC invocations=9 (full 1):
 PSYoungGen      total 26624K, used 3573K [0x00000000eab00000, 0x00000000ecd00000, 0x0000000100000000)
  eden space 23040K, 0% used [0x00000000eab00000,0x00000000eab00000,0x00000000ec180000)
  from space 3584K, 99% used [0x00000000ec700000,0x00000000eca7d600,0x00000000eca80000)
  to   space 5632K, 0% used [0x00000000ec180000,0x00000000ec180000,0x00000000ec700000)
 ParOldGen       total 68608K, used 9236K [0x00000000c0000000, 0x00000000c4300000, 0x00000000eab00000)
  object space 68608K, 13% used [0x00000000c0000000,0x00000000c0905118,0x00000000c4300000)
 Metaspace       used 34886K, committed 35648K, reserved 1114112K
  class space    used 3538K, committed 3904K, reserved 1048576K
}
Event: 3.297 GC heap before
{Heap before GC invocations=10 (full 1):
 PSYoungGen      total 26624K, used 5010K [0x00000000eab00000, 0x00000000ecd00000, 0x0000000100000000)
  eden space 23040K, 6% used [0x00000000eab00000,0x00000000eac67240,0x00000000ec180000)
  from space 3584K, 99% used [0x00000000ec700000,0x00000000eca7d600,0x00000000eca80000)
  to   space 5632K, 0% used [0x00000000ec180000,0x00000000ec180000,0x00000000ec700000)
 ParOldGen       total 68608K, used 9236K [0x00000000c0000000, 0x00000000c4300000, 0x00000000eab00000)
  object space 68608K, 13% used [0x00000000c0000000,0x00000000c0905118,0x00000000c4300000)
 Metaspace       used 35065K, committed 35840K, reserved 1114112K
  class space    used 3563K, committed 3904K, reserved 1048576K
}
Event: 3.299 GC heap after
{Heap after GC invocations=10 (full 1):
 PSYoungGen      total 24576K, used 1366K [0x00000000eab00000, 0x00000000ec800000, 0x0000000100000000)
  eden space 23040K, 0% used [0x00000000eab00000,0x00000000eab00000,0x00000000ec180000)
  from space 1536K, 88% used [0x00000000ec180000,0x00000000ec2d5ac8,0x00000000ec300000)
  to   space 3072K, 0% used [0x00000000ec500000,0x00000000ec500000,0x00000000ec800000)
 ParOldGen       total 68608K, used 11581K [0x00000000c0000000, 0x00000000c4300000, 0x00000000eab00000)
  object space 68608K, 16% used [0x00000000c0000000,0x00000000c0b4f4b0,0x00000000c4300000)
 Metaspace       used 35065K, committed 35840K, reserved 1114112K
  class space    used 3563K, committed 3904K, reserved 1048576K
}
Event: 3.299 GC heap before
{Heap before GC invocations=11 (full 2):
 PSYoungGen      total 24576K, used 1366K [0x00000000eab00000, 0x00000000ec800000, 0x0000000100000000)
  eden space 23040K, 0% used [0x00000000eab00000,0x00000000eab00000,0x00000000ec180000)
  from space 1536K, 88% used [0x00000000ec180000,0x00000000ec2d5ac8,0x00000000ec300000)
  to   space 3072K, 0% used [0x00000000ec500000,0x00000000ec500000,0x00000000ec800000)
 ParOldGen       total 68608K, used 11581K [0x00000000c0000000, 0x00000000c4300000, 0x00000000eab00000)
  object space 68608K, 16% used [0x00000000c0000000,0x00000000c0b4f4b0,0x00000000c4300000)
 Metaspace       used 35065K, committed 35840K, reserved 1114112K
  class space    used 3563K, committed 3904K, reserved 1048576K
}
Event: 3.323 GC heap after
{Heap after GC invocations=11 (full 2):
 PSYoungGen      total 24576K, used 0K [0x00000000eab00000, 0x00000000ec800000, 0x0000000100000000)
  eden space 23040K, 0% used [0x00000000eab00000,0x00000000eab00000,0x00000000ec180000)
  from space 1536K, 0% used [0x00000000ec180000,0x00000000ec180000,0x00000000ec300000)
  to   space 3072K, 0% used [0x00000000ec500000,0x00000000ec500000,0x00000000ec800000)
 ParOldGen       total 68608K, used 12613K [0x00000000c0000000, 0x00000000c4300000, 0x00000000eab00000)
  object space 68608K, 18% used [0x00000000c0000000,0x00000000c0c51638,0x00000000c4300000)
 Metaspace       used 35065K, committed 35840K, reserved 1114112K
  class space    used 3563K, committed 3904K, reserved 1048576K
}
Event: 3.598 GC heap before
{Heap before GC invocations=12 (full 2):
 PSYoungGen      total 24576K, used 23040K [0x00000000eab00000, 0x00000000ec800000, 0x0000000100000000)
  eden space 23040K, 100% used [0x00000000eab00000,0x00000000ec180000,0x00000000ec180000)
  from space 1536K, 0% used [0x00000000ec180000,0x00000000ec180000,0x00000000ec300000)
  to   space 3072K, 0% used [0x00000000ec500000,0x00000000ec500000,0x00000000ec800000)
 ParOldGen       total 68608K, used 12613K [0x00000000c0000000, 0x00000000c4300000, 0x00000000eab00000)
  object space 68608K, 18% used [0x00000000c0000000,0x00000000c0c51638,0x00000000c4300000)
 Metaspace       used 38629K, committed 39360K, reserved 1114112K
  class space    used 4049K, committed 4416K, reserved 1048576K
}
Event: 3.600 GC heap after
{Heap after GC invocations=12 (full 2):
 PSYoungGen      total 23552K, used 960K [0x00000000eab00000, 0x00000000ec600000, 0x0000000100000000)
  eden space 22528K, 0% used [0x00000000eab00000,0x00000000eab00000,0x00000000ec100000)
  from space 1024K, 93% used [0x00000000ec500000,0x00000000ec5f0000,0x00000000ec600000)
  to   space 1536K, 0% used [0x00000000ec300000,0x00000000ec300000,0x00000000ec480000)
 ParOldGen       total 68608K, used 12621K [0x00000000c0000000, 0x00000000c4300000, 0x00000000eab00000)
  object space 68608K, 18% used [0x00000000c0000000,0x00000000c0c53638,0x00000000c4300000)
 Metaspace       used 38629K, committed 39360K, reserved 1114112K
  class space    used 4049K, committed 4416K, reserved 1048576K
}

Dll operation events (10 events):
Event: 0.004 Loaded shared library c:\Users\shiden\.vscode\extensions\redhat.java-1.21.0-win32-x64\jre\17.0.7-win32-x86_64\bin\java.dll
Event: 0.148 Loaded shared library c:\Users\shiden\.vscode\extensions\redhat.java-1.21.0-win32-x64\jre\17.0.7-win32-x86_64\bin\zip.dll
Event: 0.151 Loaded shared library C:\Users\shiden\.vscode\extensions\redhat.java-1.21.0-win32-x64\jre\17.0.7-win32-x86_64\bin\instrument.dll
Event: 0.163 Loaded shared library C:\Users\shiden\.vscode\extensions\redhat.java-1.21.0-win32-x64\jre\17.0.7-win32-x86_64\bin\net.dll
Event: 0.165 Loaded shared library C:\Users\shiden\.vscode\extensions\redhat.java-1.21.0-win32-x64\jre\17.0.7-win32-x86_64\bin\nio.dll
Event: 0.173 Loaded shared library C:\Users\shiden\.vscode\extensions\redhat.java-1.21.0-win32-x64\jre\17.0.7-win32-x86_64\bin\zip.dll
Event: 0.190 Loaded shared library C:\Users\shiden\.vscode\extensions\redhat.java-1.21.0-win32-x64\jre\17.0.7-win32-x86_64\bin\jimage.dll
Event: 0.236 Loaded shared library c:\Users\shiden\.vscode\extensions\redhat.java-1.21.0-win32-x64\jre\17.0.7-win32-x86_64\bin\verify.dll
Event: 1.197 Loaded shared library C:\Users\shiden\AppData\Roaming\Code\User\globalStorage\redhat.java\1.21.0\config_win\org.eclipse.equinox.launcher\org.eclipse.equinox.launcher.win32.win32.x86_64_1.2.700.v20221108-1024\eclipse_11801.dll
Event: 2.957 Loaded shared library C:\Users\shiden\AppData\Local\Temp\jna--903341351\jna9568113850371272582.dll

Deoptimization events (20 events):
Event: 3.339 Thread 0x000002259e3a47e0 Uncommon trap: trap_request=0xffffffde fr.pc=0x000002258d8279b0 relative=0x0000000000000090
Event: 3.339 Thread 0x000002259e3a47e0 Uncommon trap: reason=class_check action=maybe_recompile pc=0x000002258d8279b0 method=java.lang.Character.codePointAt(Ljava/lang/CharSequence;I)I @ 2 c2
Event: 3.339 Thread 0x000002259e3a47e0 DEOPT PACKING pc=0x000002258d8279b0 sp=0x0000009c9e8fe8a0
Event: 3.339 Thread 0x000002259e3a47e0 DEOPT UNPACKING pc=0x000002258d1c66a3 sp=0x0000009c9e8fe828 mode 2
Event: 3.379 Thread 0x00000225817d2010 Uncommon trap: trap_request=0xffffffde fr.pc=0x000002258d86a4bc relative=0x000000000000003c
Event: 3.379 Thread 0x00000225817d2010 Uncommon trap: reason=class_check action=maybe_recompile pc=0x000002258d86a4bc method=java.lang.StringConcatHelper.stringOf(Ljava/lang/Object;)Ljava/lang/String; @ 5 c2
Event: 3.379 Thread 0x00000225817d2010 DEOPT PACKING pc=0x000002258d86a4bc sp=0x0000009c9cbfdfd0
Event: 3.379 Thread 0x00000225817d2010 DEOPT UNPACKING pc=0x000002258d1c66a3 sp=0x0000009c9cbfdf60 mode 2
Event: 3.390 Thread 0x00000225817d2010 Uncommon trap: trap_request=0xffffff45 fr.pc=0x000002258d7d1234 relative=0x0000000000000114
Event: 3.390 Thread 0x00000225817d2010 Uncommon trap: reason=unstable_if action=reinterpret pc=0x000002258d7d1234 method=jdk.internal.org.objectweb.asm.SymbolTable.put(Ljdk/internal/org/objectweb/asm/SymbolTable$Entry;)Ljdk/internal/org/objectweb/asm/SymbolTable$Entry; @ 13 c2
Event: 3.390 Thread 0x00000225817d2010 DEOPT PACKING pc=0x000002258d7d1234 sp=0x0000009c9cbfdc10
Event: 3.390 Thread 0x00000225817d2010 DEOPT UNPACKING pc=0x000002258d1c66a3 sp=0x0000009c9cbfdb70 mode 2
Event: 3.701 Thread 0x000002259e3a47e0 Uncommon trap: trap_request=0xffffff45 fr.pc=0x000002258d7e26b4 relative=0x0000000000000114
Event: 3.701 Thread 0x000002259e3a47e0 Uncommon trap: reason=unstable_if action=reinterpret pc=0x000002258d7e26b4 method=java.util.ArrayList.indexOfRange(Ljava/lang/Object;II)I @ 7 c2
Event: 3.701 Thread 0x000002259e3a47e0 DEOPT PACKING pc=0x000002258d7e26b4 sp=0x0000009c9e8fe430
Event: 3.701 Thread 0x000002259e3a47e0 DEOPT UNPACKING pc=0x000002258d1c66a3 sp=0x0000009c9e8fe2f0 mode 2
Event: 3.711 Thread 0x000002259e3a47e0 Uncommon trap: trap_request=0xffffff45 fr.pc=0x000002258d7cb890 relative=0x00000000000000f0
Event: 3.711 Thread 0x000002259e3a47e0 Uncommon trap: reason=unstable_if action=reinterpret pc=0x000002258d7cb890 method=java.util.ArrayList.indexOfRange(Ljava/lang/Object;II)I @ 7 c2
Event: 3.711 Thread 0x000002259e3a47e0 DEOPT PACKING pc=0x000002258d7cb890 sp=0x0000009c9e8fe350
Event: 3.711 Thread 0x000002259e3a47e0 DEOPT UNPACKING pc=0x000002258d1c66a3 sp=0x0000009c9e8fe2f0 mode 2

Classes unloaded (7 events):
Event: 1.940 Thread 0x000002259c8a0dc0 Unloading class 0x0000000100210000 'java/lang/invoke/LambdaForm$MH+0x0000000100210000'
Event: 1.940 Thread 0x000002259c8a0dc0 Unloading class 0x000000010020fc00 'java/lang/invoke/LambdaForm$MH+0x000000010020fc00'
Event: 1.940 Thread 0x000002259c8a0dc0 Unloading class 0x000000010020f800 'java/lang/invoke/LambdaForm$MH+0x000000010020f800'
Event: 1.940 Thread 0x000002259c8a0dc0 Unloading class 0x000000010020f400 'java/lang/invoke/LambdaForm$MH+0x000000010020f400'
Event: 1.940 Thread 0x000002259c8a0dc0 Unloading class 0x000000010020f000 'java/lang/invoke/LambdaForm$BMH+0x000000010020f000'
Event: 1.940 Thread 0x000002259c8a0dc0 Unloading class 0x000000010020ec00 'java/lang/invoke/LambdaForm$DMH+0x000000010020ec00'
Event: 1.940 Thread 0x000002259c8a0dc0 Unloading class 0x000000010020c000 'java/lang/invoke/LambdaForm$DMH+0x000000010020c000'

Classes redefined (0 events):
No events

Internal exceptions (20 events):
Event: 2.613 Thread 0x000002259e465db0 Exception <a 'java/lang/ClassNotFoundException'{0x00000000ebfb2028}: com/sun/org/apache/xerces/internal/impl/msg/spi/XMLMessagesProvider> (0x00000000ebfb2028) 
thrown [s\src\hotspot\share\classfile\systemDictionary.cpp, line 256]
Event: 2.623 Thread 0x000002259e465db0 Exception <a 'java/lang/NoSuchMethodError'{0x00000000ec056f38}: 'void java.lang.invoke.DirectMethodHandle$Holder.invokeVirtual(java.lang.Object, java.lang.Object)'> (0x00000000ec056f38) 
thrown [s\src\hotspot\share\interpreter\linkResolver.cpp, line 759]
Event: 2.651 Thread 0x000002259e465db0 Exception <a 'java/lang/NoSuchMethodError'{0x00000000ec2632c8}: 'java.lang.Object java.lang.invoke.DirectMethodHandle$Holder.invokeStaticInit(java.lang.Object, int, int, int, int)'> (0x00000000ec2632c8) 
thrown [s\src\hotspot\share\interpreter\linkResolver.cpp, line 759]
Event: 2.713 Thread 0x000002259e465db0 Exception <a 'java/lang/NoSuchMethodError'{0x00000000eab06a80}: 'java.lang.Object java.lang.invoke.DirectMethodHandle$Holder.invokeStaticInit(java.lang.Object, java.lang.Object, int, int, int, int)'> (0x00000000eab06a80) 
thrown [s\src\hotspot\share\interpreter\linkResolver.cpp, line 759]
Event: 2.788 Thread 0x000002259e465db0 Exception <a 'java/lang/ClassNotFoundException'{0x00000000eae83898}: com/sun/org/apache/xml/internal/serializer/spi/XMLEntitiesProvider> (0x00000000eae83898) 
thrown [s\src\hotspot\share\classfile\systemDictionary.cpp, line 256]
Event: 2.919 Thread 0x000002259e465db0 Exception <a 'java/io/FileNotFoundException'{0x00000000eb1f3158}> (0x00000000eb1f3158) 
thrown [s\src\hotspot\share\prims\jni.cpp, line 516]
Event: 2.993 Thread 0x000002259e465db0 Exception <a 'java/lang/UnsatisfiedLinkError'{0x00000000eb4a29e8}: Belirtilen yordam bulunamadÄ±.
> (0x00000000eb4a29e8) 
thrown [s\src\hotspot\share\prims\jni.cpp, line 535]
Event: 2.999 Thread 0x000002259e465db0 Exception <a 'java/io/FileNotFoundException'{0x00000000eb4c5bc8}> (0x00000000eb4c5bc8) 
thrown [s\src\hotspot\share\prims\jni.cpp, line 516]
Event: 3.007 Thread 0x000002259e465db0 Exception <a 'java/io/FileNotFoundException'{0x00000000eb539ec0}> (0x00000000eb539ec0) 
thrown [s\src\hotspot\share\prims\jni.cpp, line 516]
Event: 3.018 Thread 0x000002259e465db0 Exception <a 'java/lang/UnsatisfiedLinkError'{0x00000000eb5c62c8}: Belirtilen yordam bulunamadÄ±.
> (0x00000000eb5c62c8) 
thrown [s\src\hotspot\share\prims\jni.cpp, line 535]
Event: 3.140 Thread 0x000002259dffd930 Exception <a 'java/lang/NoSuchMethodError'{0x00000000eac3f338}: 'int java.lang.invoke.DirectMethodHandle$Holder.invokeVirtual(java.lang.Object, java.lang.Object)'> (0x00000000eac3f338) 
thrown [s\src\hotspot\share\interpreter\linkResolver.cpp, line 759]
Event: 3.172 Thread 0x00000225817d2010 Exception <a 'java/lang/NoSuchMethodError'{0x00000000ebbe8f40}: 'java.lang.Object java.lang.invoke.DirectMethodHandle$Holder.invokeStatic(java.lang.Object, java.lang.Object, long, java.lang.Object)'> (0x00000000ebbe8f40) 
thrown [s\src\hotspot\share\interpreter\linkResolver.cpp, line 759]
Event: 3.172 Thread 0x00000225817d2010 Exception <a 'java/lang/NoSuchMethodError'{0x00000000ebbec9d8}: 'java.lang.Object java.lang.invoke.DirectMethodHandle$Holder.invokeStaticInit(java.lang.Object, java.lang.Object, long, java.lang.Object)'> (0x00000000ebbec9d8) 
thrown [s\src\hotspot\share\interpreter\linkResolver.cpp, line 759]
Event: 3.173 Thread 0x00000225817d2010 Exception <a 'java/lang/NoSuchMethodError'{0x00000000ebbf34b0}: 'java.lang.Object java.lang.invoke.DirectMethodHandle$Holder.newInvokeSpecial(java.lang.Object, java.lang.Object, long)'> (0x00000000ebbf34b0) 
thrown [s\src\hotspot\share\interpreter\linkResolver.cpp, line 759]
Event: 3.206 Thread 0x00000225817d2010 Exception <a 'java/lang/NoSuchMethodError'{0x00000000ebd86300}: 'void java.lang.invoke.DirectMethodHandle$Holder.invokeStatic(java.lang.Object, java.lang.Object, java.lang.Object, java.lang.Object)'> (0x00000000ebd86300) 
thrown [s\src\hotspot\share\interpreter\linkResolver.cpp, line 759]
Event: 3.358 Thread 0x000002259e3a47e0 Exception <a 'java/lang/NoSuchMethodError'{0x00000000eaee9178}: 'java.lang.Object java.lang.invoke.DirectMethodHandle$Holder.invokeSpecialIFC(java.lang.Object, java.lang.Object, java.lang.Object, java.lang.Object)'> (0x00000000eaee9178) 
thrown [s\src\hotspot\share\interpreter\linkResolver.cpp, line 759]
Event: 3.377 Thread 0x00000225817d2010 Exception <a 'java/lang/NoSuchMethodError'{0x00000000eb101c50}: 'void java.lang.invoke.DirectMethodHandle$Holder.invokeSpecial(java.lang.Object, java.lang.Object, java.lang.Object, java.lang.Object, java.lang.Object, java.lang.Object)'> (0x00000000eb101c50) 
thrown [s\src\hotspot\share\interpreter\linkResolver.cpp, line 759]
Event: 3.379 Thread 0x00000225817d2010 Exception <a 'java/lang/IncompatibleClassChangeError'{0x00000000eb10b500}: Found class java.lang.Object, but interface was expected> (0x00000000eb10b500) 
thrown [s\src\hotspot\share\interpreter\linkResolver.cpp, line 826]
Event: 3.499 Thread 0x000002259e3a47e0 Exception <a 'java/lang/NoSuchMethodError'{0x00000000ebd85718}: 'int java.lang.invoke.DirectMethodHandle$Holder.invokeSpecialIFC(java.lang.Object, java.lang.Object, java.lang.Object, java.lang.Object, java.lang.Object)'> (0x00000000ebd85718) 
thrown [s\src\hotspot\share\interpreter\linkResolver.cpp, line 759]
Event: 3.669 Thread 0x000002259e3a47e0 Exception <a 'java/lang/NoClassDefFoundError'{0x00000000ead225a8}: javax/enterprise/inject/Typed> (0x00000000ead225a8) 
thrown [s\src\hotspot\share\classfile\systemDictionary.cpp, line 245]

VM Operations (20 events):
Event: 2.709 Executing VM operation: ParallelGCFailedAllocation
Event: 2.712 Executing VM operation: ParallelGCFailedAllocation done
Event: 2.831 Executing VM operation: HandshakeAllThreads
Event: 2.831 Executing VM operation: HandshakeAllThreads done
Event: 2.975 Executing VM operation: HandshakeAllThreads
Event: 2.976 Executing VM operation: HandshakeAllThreads done
Event: 3.275 Executing VM operation: ParallelGCFailedAllocation
Event: 3.279 Executing VM operation: ParallelGCFailedAllocation done
Event: 3.297 Executing VM operation: CollectForMetadataAllocation
Event: 3.323 Executing VM operation: CollectForMetadataAllocation done
Event: 3.329 Executing VM operation: HandshakeAllThreads
Event: 3.330 Executing VM operation: HandshakeAllThreads done
Event: 3.369 Executing VM operation: HandshakeAllThreads
Event: 3.369 Executing VM operation: HandshakeAllThreads done
Event: 3.598 Executing VM operation: ParallelGCFailedAllocation
Event: 3.600 Executing VM operation: ParallelGCFailedAllocation done
Event: 3.647 Executing VM operation: HandshakeAllThreads
Event: 3.647 Executing VM operation: HandshakeAllThreads done
Event: 3.647 Executing VM operation: HandshakeAllThreads
Event: 3.647 Executing VM operation: HandshakeAllThreads done

Events (20 events):
Event: 3.478 loading class java/util/stream/Streams$ConcatSpliterator$OfRef
Event: 3.478 loading class java/util/stream/Streams$ConcatSpliterator
Event: 3.478 loading class java/util/stream/Streams$ConcatSpliterator done
Event: 3.478 loading class java/util/stream/Streams$ConcatSpliterator$OfRef done
Event: 3.478 loading class java/util/stream/Streams$2
Event: 3.478 loading class java/util/stream/Streams$2 done
Event: 3.486 loading class java/io/InvalidObjectException
Event: 3.486 loading class java/io/ObjectStreamException
Event: 3.486 loading class java/io/ObjectStreamException done
Event: 3.486 loading class java/io/InvalidObjectException done
Event: 3.506 loading class java/util/stream/SortedOps$SizedRefSortingSink
Event: 3.506 loading class java/util/stream/SortedOps$SizedRefSortingSink done
Event: 3.539 loading class java/lang/annotation/ElementType
Event: 3.539 loading class java/lang/annotation/ElementType done
Event: 3.552 loading class java/util/concurrent/CancellationException
Event: 3.552 loading class java/util/concurrent/CancellationException done
Event: 3.651 loading class java/lang/Short$ShortCache
Event: 3.652 loading class java/lang/Short$ShortCache done
Event: 3.668 loading class java/lang/annotation/IncompleteAnnotationException
Event: 3.668 loading class java/lang/annotation/IncompleteAnnotationException done


Dynamic libraries:
0x00007ff7d5c10000 - 0x00007ff7d5c1e000 	c:\Users\shiden\.vscode\extensions\redhat.java-1.21.0-win32-x64\jre\17.0.7-win32-x86_64\bin\java.exe
0x00007ffa92750000 - 0x00007ffa92948000 	C:\Windows\SYSTEM32\ntdll.dll
0x00007ffa92650000 - 0x00007ffa9270f000 	C:\Windows\System32\KERNEL32.DLL
0x00007ffa8fee0000 - 0x00007ffa901d6000 	C:\Windows\System32\KERNELBASE.dll
0x00007ffa90550000 - 0x00007ffa90650000 	C:\Windows\System32\ucrtbase.dll
0x00007ffa79660000 - 0x00007ffa79677000 	c:\Users\shiden\.vscode\extensions\redhat.java-1.21.0-win32-x64\jre\17.0.7-win32-x86_64\bin\jli.dll
0x00007ffa775e0000 - 0x00007ffa775f9000 	c:\Users\shiden\.vscode\extensions\redhat.java-1.21.0-win32-x64\jre\17.0.7-win32-x86_64\bin\VCRUNTIME140.dll
0x00007ffa91e30000 - 0x00007ffa91fcd000 	C:\Windows\System32\USER32.dll
0x00007ffa906e0000 - 0x00007ffa90702000 	C:\Windows\System32\win32u.dll
0x00007ffa86af0000 - 0x00007ffa86d8a000 	C:\Windows\WinSxS\amd64_microsoft.windows.common-controls_6595b64144ccf1df_6.0.19041.1110_none_60b5254171f9507e\COMCTL32.dll
0x00007ffa91e00000 - 0x00007ffa91e2c000 	C:\Windows\System32\GDI32.dll
0x00007ffa912d0000 - 0x00007ffa9136e000 	C:\Windows\System32\msvcrt.dll
0x00007ffa901e0000 - 0x00007ffa902f5000 	C:\Windows\System32\gdi32full.dll
0x00007ffa90710000 - 0x00007ffa907ad000 	C:\Windows\System32\msvcp_win.dll
0x00007ffa90fe0000 - 0x00007ffa91010000 	C:\Windows\System32\IMM32.DLL
0x00007ffa7d490000 - 0x00007ffa7d49c000 	c:\Users\shiden\.vscode\extensions\redhat.java-1.21.0-win32-x64\jre\17.0.7-win32-x86_64\bin\vcruntime140_1.dll
0x00007ffa67420000 - 0x00007ffa674b1000 	c:\Users\shiden\.vscode\extensions\redhat.java-1.21.0-win32-x64\jre\17.0.7-win32-x86_64\bin\msvcp140.dll
0x00007ffa608d0000 - 0x00007ffa61518000 	c:\Users\shiden\.vscode\extensions\redhat.java-1.21.0-win32-x64\jre\17.0.7-win32-x86_64\bin\server\jvm.dll
0x00007ffa924c0000 - 0x00007ffa9256f000 	C:\Windows\System32\ADVAPI32.dll
0x00007ffa91880000 - 0x00007ffa9191c000 	C:\Windows\System32\sechost.dll
0x00007ffa92390000 - 0x00007ffa924b6000 	C:\Windows\System32\RPCRT4.dll
0x00007ffa87e60000 - 0x00007ffa87e69000 	C:\Windows\SYSTEM32\WSOCK32.dll
0x00007ffa88e80000 - 0x00007ffa88ea7000 	C:\Windows\SYSTEM32\WINMM.dll
0x00007ffa88980000 - 0x00007ffa8898a000 	C:\Windows\SYSTEM32\VERSION.dll
0x00007ffa91920000 - 0x00007ffa9198b000 	C:\Windows\System32\WS2_32.dll
0x00007ffa8dcf0000 - 0x00007ffa8dd02000 	C:\Windows\SYSTEM32\kernel.appcore.dll
0x00007ffa79c80000 - 0x00007ffa79c8a000 	c:\Users\shiden\.vscode\extensions\redhat.java-1.21.0-win32-x64\jre\17.0.7-win32-x86_64\bin\jimage.dll
0x00007ffa84ce0000 - 0x00007ffa84ec4000 	C:\Windows\SYSTEM32\DBGHELP.DLL
0x00007ffa85120000 - 0x00007ffa85154000 	C:\Windows\SYSTEM32\dbgcore.DLL
0x00007ffa90650000 - 0x00007ffa906d2000 	C:\Windows\System32\bcryptPrimitives.dll
0x00007ffa79c50000 - 0x00007ffa79c5e000 	c:\Users\shiden\.vscode\extensions\redhat.java-1.21.0-win32-x64\jre\17.0.7-win32-x86_64\bin\instrument.dll
0x00007ffa6dc20000 - 0x00007ffa6dc45000 	c:\Users\shiden\.vscode\extensions\redhat.java-1.21.0-win32-x64\jre\17.0.7-win32-x86_64\bin\java.dll
0x00007ffa77470000 - 0x00007ffa77488000 	c:\Users\shiden\.vscode\extensions\redhat.java-1.21.0-win32-x64\jre\17.0.7-win32-x86_64\bin\zip.dll
0x00007ffa907b0000 - 0x00007ffa90ef4000 	C:\Windows\System32\SHELL32.dll
0x00007ffa8def0000 - 0x00007ffa8e683000 	C:\Windows\SYSTEM32\windows.storage.dll
0x00007ffa91370000 - 0x00007ffa916c4000 	C:\Windows\System32\combase.dll
0x00007ffa8f7a0000 - 0x00007ffa8f7ce000 	C:\Windows\SYSTEM32\Wldp.dll
0x00007ffa917a0000 - 0x00007ffa9184d000 	C:\Windows\System32\SHCORE.dll
0x00007ffa92330000 - 0x00007ffa92385000 	C:\Windows\System32\shlwapi.dll
0x00007ffa8fd70000 - 0x00007ffa8fd8f000 	C:\Windows\SYSTEM32\profapi.dll
0x00007ffa772a0000 - 0x00007ffa772b9000 	C:\Users\shiden\.vscode\extensions\redhat.java-1.21.0-win32-x64\jre\17.0.7-win32-x86_64\bin\net.dll
0x00007ffa89b20000 - 0x00007ffa89c2a000 	C:\Windows\SYSTEM32\WINHTTP.dll
0x00007ffa8f510000 - 0x00007ffa8f57a000 	C:\Windows\system32\mswsock.dll
0x00007ffa8f500000 - 0x00007ffa8f50a000 	C:\Windows\system32\wshqos.dll
0x00007ffa8f4f0000 - 0x00007ffa8f4f8000 	C:\Windows\SYSTEM32\wshtcpip.DLL
0x00007ffa8f4e0000 - 0x00007ffa8f4e8000 	C:\Windows\SYSTEM32\wship6.dll
0x00007ffa6d5e0000 - 0x00007ffa6d5f5000 	C:\Users\shiden\.vscode\extensions\redhat.java-1.21.0-win32-x64\jre\17.0.7-win32-x86_64\bin\nio.dll
0x00007ffa7cd30000 - 0x00007ffa7cd40000 	c:\Users\shiden\.vscode\extensions\redhat.java-1.21.0-win32-x64\jre\17.0.7-win32-x86_64\bin\verify.dll
0x00007ffa66f20000 - 0x00007ffa66f5e000 	C:\Users\shiden\AppData\Roaming\Code\User\globalStorage\redhat.java\1.21.0\config_win\org.eclipse.equinox.launcher\org.eclipse.equinox.launcher.win32.win32.x86_64_1.2.700.v20221108-1024\eclipse_11801.dll
0x00007ffa910d0000 - 0x00007ffa911fa000 	C:\Windows\System32\ole32.dll
0x00007ffa8f700000 - 0x00007ffa8f718000 	C:\Windows\SYSTEM32\CRYPTSP.dll
0x00007ffa8ee00000 - 0x00007ffa8ee34000 	C:\Windows\system32\rsaenh.dll
0x00007ffa903c0000 - 0x00007ffa903e7000 	C:\Windows\System32\bcrypt.dll
0x00007ffa8fd30000 - 0x00007ffa8fd5e000 	C:\Windows\SYSTEM32\USERENV.dll
0x00007ffa8fbc0000 - 0x00007ffa8fbcc000 	C:\Windows\SYSTEM32\CRYPTBASE.dll
0x00007ffa8f1d0000 - 0x00007ffa8f20c000 	C:\Windows\SYSTEM32\IPHLPAPI.DLL
0x00007ffa91790000 - 0x00007ffa91798000 	C:\Windows\System32\NSI.dll
0x00007ffa89a60000 - 0x00007ffa89a77000 	C:\Windows\SYSTEM32\dhcpcsvc6.DLL
0x00007ffa89a40000 - 0x00007ffa89a5d000 	C:\Windows\SYSTEM32\dhcpcsvc.DLL
0x00007ffa8f210000 - 0x00007ffa8f2db000 	C:\Windows\SYSTEM32\DNSAPI.dll
0x00007ffa66ed0000 - 0x00007ffa66f15000 	C:\Users\shiden\AppData\Local\Temp\jna--903341351\jna9568113850371272582.dll
0x00007ffa916d0000 - 0x00007ffa916d8000 	C:\Windows\System32\PSAPI.DLL

dbghelp: loaded successfully - version: 4.0.5 - missing functions: none
symbol engine: initialized successfully - sym options: 0x614 - pdb path: .;c:\Users\shiden\.vscode\extensions\redhat.java-1.21.0-win32-x64\jre\17.0.7-win32-x86_64\bin;C:\Windows\SYSTEM32;C:\Windows\WinSxS\amd64_microsoft.windows.common-controls_6595b64144ccf1df_6.0.19041.1110_none_60b5254171f9507e;c:\Users\shiden\.vscode\extensions\redhat.java-1.21.0-win32-x64\jre\17.0.7-win32-x86_64\bin\server;C:\Users\shiden\AppData\Roaming\Code\User\globalStorage\redhat.java\1.21.0\config_win\org.eclipse.equinox.launcher\org.eclipse.equinox.launcher.win32.win32.x86_64_1.2.700.v20221108-1024;C:\Users\shiden\AppData\Local\Temp\jna--903341351

VM Arguments:
jvm_args: --add-modules=ALL-SYSTEM --add-opens=java.base/java.util=ALL-UNNAMED --add-opens=java.base/java.lang=ALL-UNNAMED --add-opens=java.base/sun.nio.fs=ALL-UNNAMED -Declipse.application=org.eclipse.jdt.ls.core.id1 -Dosgi.bundles.defaultStartLevel=4 -Declipse.product=org.eclipse.jdt.ls.core.product -Djava.import.generatesMetadataFilesAtProjectRoot=false -Dfile.encoding=utf8 -XX:+UseParallelGC -XX:GCTimeRatio=4 -XX:AdaptiveSizePolicyWeight=90 -Dsun.zip.disableMemoryMapping=true -Xmx1G -Xms100m -Xlog:disable -javaagent:c:\Users\shiden\.vscode\extensions\redhat.java-1.21.0-win32-x64\lombok\lombok-1.18.28.jar -XX:+HeapDumpOnOutOfMemoryError -XX:HeapDumpPath=c:\Users\shiden\AppData\Roaming\Code\User\workspaceStorage\d4d7edd73409818630550ea46e1e96b1\redhat.java -Daether.dependencyCollector.impl=bf 
java_command: c:\Users\shiden\.vscode\extensions\redhat.java-1.21.0-win32-x64\server\plugins\org.eclipse.equinox.launcher_1.6.500.v20230717-2134.jar -configuration c:\Users\shiden\AppData\Roaming\Code\User\globalStorage\redhat.java\1.21.0\config_win -data c:\Users\shiden\AppData\Roaming\Code\User\workspaceStorage\d4d7edd73409818630550ea46e1e96b1\redhat.java\jdt_ws
java_class_path (initial): c:\Users\shiden\.vscode\extensions\redhat.java-1.21.0-win32-x64\server\plugins\org.eclipse.equinox.launcher_1.6.500.v20230717-2134.jar
Launcher Type: SUN_STANDARD

[Global flags]
    uintx AdaptiveSizePolicyWeight                 = 90                                        {product} {command line}
     intx CICompilerCount                          = 4                                         {product} {ergonomic}
    uintx GCTimeRatio                              = 4                                         {product} {command line}
     bool HeapDumpOnOutOfMemoryError               = true                                   {manageable} {command line}
    ccstr HeapDumpPath                             = c:\Users\shiden\AppData\Roaming\Code\User\workspaceStorage\d4d7edd73409818630550ea46e1e96b1\redhat.java         {manageable} {command line}
   size_t InitialHeapSize                          = 104857600                                 {product} {command line}
   size_t MaxHeapSize                              = 1073741824                                {product} {command line}
   size_t MaxNewSize                               = 357564416                                 {product} {ergonomic}
   size_t MinHeapDeltaBytes                        = 524288                                    {product} {ergonomic}
   size_t MinHeapSize                              = 104857600                                 {product} {command line}
   size_t NewSize                                  = 34603008                                  {product} {ergonomic}
    uintx NonNMethodCodeHeapSize                   = 5839372                                {pd product} {ergonomic}
    uintx NonProfiledCodeHeapSize                  = 122909434                              {pd product} {ergonomic}
   size_t OldSize                                  = 70254592                                  {product} {ergonomic}
    uintx ProfiledCodeHeapSize                     = 122909434                              {pd product} {ergonomic}
    uintx ReservedCodeCacheSize                    = 251658240                              {pd product} {ergonomic}
     bool SegmentedCodeCache                       = true                                      {product} {ergonomic}
   size_t SoftMaxHeapSize                          = 1073741824                             {manageable} {ergonomic}
     bool UseCompressedClassPointers               = true                           {product lp64_product} {ergonomic}
     bool UseCompressedOops                        = true                           {product lp64_product} {ergonomic}
     bool UseLargePagesIndividualAllocation        = false                                  {pd product} {ergonomic}
     bool UseParallelGC                            = true                                      {product} {command line}

Logging:
Log output configuration:
 #0: stdout all=off uptime,level,tags
 #1: stderr all=off uptime,level,tags

Environment Variables:
JAVA_HOME=C:\Program Files\Unity\Hub\Editor\2021.3.29f1\Editor\Data\PlaybackEngines\AndroidPlayer\OpenJDK
PATH=C:\Program Files\Common Files\Oracle\Java\javapath;C:\Windows\system32;C:\Windows;C:\Windows\System32\Wbem;C:\Windows\System32\WindowsPowerShell\v1.0\;C:\Program Files\dotnet\;C:\Program Files\Microsoft SQL Server\150\Tools\Binn\;C:\Program Files\Microsoft SQL Server\Client SDK\ODBC\170\Tools\Binn\;C:\Users\shiden\AppData\Local\Microsoft\WindowsApps;C:\ortamlar\java\bin;C:\Program Files\JetBrains\JetBrains Rider 2023.1.3\bin;;C:\Users\shiden\AppData\Local\Programs\Microsoft VS Code\bin;C:\Users\shiden\.dotnet\tools;C:\Users\shiden\AppData\Local\GitHubDesktop\bin;C:\ortam\java\bin;;C:\Program Files\Azure Data Studio\bin
USERNAME=shiden
OS=Windows_NT
PROCESSOR_IDENTIFIER=AMD64 Family 23 Model 104 Stepping 1, AuthenticAMD
TMP=C:\Users\shiden\AppData\Local\Temp
TEMP=C:\Users\shiden\AppData\Local\Temp



---------------  S Y S T E M  ---------------

OS:
 Windows 10 , 64 bit Build 19041 (10.0.19041.2913)
OS uptime: 0 days 6:56 hours

CPU: total 8 (initial active 8) (8 cores per cpu, 2 threads per core) family 23 model 104 stepping 1 microcode 0x0, cx8, cmov, fxsr, ht, mmx, 3dnowpref, sse, sse2, sse3, ssse3, sse4a, sse4.1, sse4.2, popcnt, lzcnt, tsc, tscinvbit, avx, avx2, aes, clmul, bmi1, bmi2, adx, sha, fma, vzeroupper, clflush, clflushopt

Memory: 4k page, system-wide physical 3429M (243M free)
TotalPageFile size 11621M (AvailPageFile size 5M)
current process WorkingSet (physical memory assigned to process): 159M, peak: 159M
current process commit charge ("private bytes"): 259M, peak: 260M

vm_info: OpenJDK 64-Bit Server VM (17.0.7+7) for windows-amd64 JRE (17.0.7+7), built on Apr 18 2023 22:10:42 by "temurin" with MS VC++ 16.7 (VS2019)

END.
