#
# There is insufficient memory for the Java Runtime Environment to continue.
# Native memory allocation (malloc) failed to allocate 539808 bytes for Chunk::new
# Possible reasons:
#   The system is out of physical RAM or swap space
#   The process is running with CompressedOops enabled, and the Java Heap may be blocking the growth of the native heap
# Possible solutions:
#   Reduce memory load on the system
#   Increase physical memory or swap space
#   Check if swap backing store is full
#   Decrease Java heap size (-Xmx/-Xms)
#   Decrease number of Java threads
#   Decrease Java thread stack sizes (-Xss)
#   Set larger code cache with -XX:ReservedCodeCacheSize=
#   JVM is running with Unscaled Compressed Oops mode in which the Java heap is
#     placed in the first 4GB address space. The Java Heap base address is the
#     maximum limit for the native heap growth. Please use -XX:HeapBaseMinAddress
#     to set the Java Heap base and to place the Java Heap above 4GB virtual address.
# This output file may be truncated or incomplete.
#
#  Out of Memory Error (arena.cpp:189), pid=12116, tid=11560
#
# JRE version: OpenJDK Runtime Environment Temurin-17.0.7+7 (17.0.7+7) (build 17.0.7+7)
# Java VM: OpenJDK 64-Bit Server VM Temurin-17.0.7+7 (17.0.7+7, mixed mode, tiered, compressed oops, compressed class ptrs, parallel gc, windows-amd64)
# No core dump will be written. Minidumps are not enabled by default on client versions of Windows
#

---------------  S U M M A R Y ------------

Command Line: --add-modules=ALL-SYSTEM --add-opens=java.base/java.util=ALL-UNNAMED --add-opens=java.base/java.lang=ALL-UNNAMED --add-opens=java.base/sun.nio.fs=ALL-UNNAMED -Declipse.application=org.eclipse.jdt.ls.core.id1 -Dosgi.bundles.defaultStartLevel=4 -Declipse.product=org.eclipse.jdt.ls.core.product -Djava.import.generatesMetadataFilesAtProjectRoot=false -Dfile.encoding=utf8 -XX:+UseParallelGC -XX:GCTimeRatio=4 -XX:AdaptiveSizePolicyWeight=90 -Dsun.zip.disableMemoryMapping=true -Xmx1G -Xms100m -Xlog:disable -javaagent:c:\Users\shiden\.vscode\extensions\redhat.java-1.21.0-win32-x64\lombok\lombok-1.18.28.jar -XX:+HeapDumpOnOutOfMemoryError -XX:HeapDumpPath=c:\Users\shiden\AppData\Roaming\Code\User\workspaceStorage\d4d7edd73409818630550ea46e1e96b1\redhat.java -Daether.dependencyCollector.impl=bf c:\Users\shiden\.vscode\extensions\redhat.java-1.21.0-win32-x64\server\plugins\org.eclipse.equinox.launcher_1.6.500.v20230717-2134.jar -configuration c:\Users\shiden\AppData\Roaming\Code\User\globalStorage\redhat.java\1.21.0\config_win -data c:\Users\shiden\AppData\Roaming\Code\User\workspaceStorage\d4d7edd73409818630550ea46e1e96b1\redhat.java\jdt_ws

Host: AMD Ryzen 3 5300U with Radeon Graphics         , 8 cores, 3G,  Windows 10 , 64 bit Build 19041 (10.0.19041.2913)
Time: Fri Aug 11 13:08:30 2023 Türkiye Standart Saati elapsed time: 4.514984 seconds (0d 0h 0m 4s)

---------------  T H R E A D  ---------------

Current thread (0x00000202957d9ec0):  JavaThread "C2 CompilerThread0" daemon [_thread_in_native, id=11560, stack(0x0000008825300000,0x0000008825400000)]


Current CompileTask:
C2:   4515 3659       4       org.eclipse.osgi.internal.loader.classpath.ClasspathEntry::findEntry (56 bytes)

Stack: [0x0000008825300000,0x0000008825400000]
Native frames: (J=compiled Java code, j=interpreted, Vv=VM code, C=native code)
V  [jvm.dll+0x67754a]
V  [jvm.dll+0x834304]
V  [jvm.dll+0x835aae]
V  [jvm.dll+0x836113]
V  [jvm.dll+0x24696f]
V  [jvm.dll+0xac0ac]
V  [jvm.dll+0xac67c]
V  [jvm.dll+0x364e37]
V  [jvm.dll+0x32f6b1]
V  [jvm.dll+0x32eb5a]
V  [jvm.dll+0x219641]
V  [jvm.dll+0x218a61]
V  [jvm.dll+0x1a4d8d]
V  [jvm.dll+0x2284da]
V  [jvm.dll+0x226615]
V  [jvm.dll+0x7ea90b]
V  [jvm.dll+0x7e4e7a]
V  [jvm.dll+0x676395]
C  [ucrtbase.dll+0x21bb2]
C  [KERNEL32.DLL+0x17614]
C  [ntdll.dll+0x526a1]


---------------  P R O C E S S  ---------------

Threads class SMR info:
_java_thread_list=0x0000020297d66ab0, length=28, elements={
0x00000202fc5fc340, 0x00000202ff483750, 0x00000202ff486ff0, 0x00000202957c9230,
0x00000202957ce0b0, 0x00000202957cf6c0, 0x00000202957d3d90, 0x00000202957d9ec0,
0x00000202957dd060, 0x00000202ff48e020, 0x00000202958b7630, 0x0000020295a7dc50,
0x000002029715d8a0, 0x00000202971dca10, 0x0000020296ef2ac0, 0x0000020296d73210,
0x0000020297393da0, 0x00000202975aa470, 0x00000202975f58c0, 0x00000202974cf820,
0x00000202974cfcf0, 0x00000202974d01c0, 0x00000202974d0690, 0x00000202974d0b60,
0x00000202974d1030, 0x00000202974d1500, 0x00000202974d19d0, 0x00000202974d2d10
}

Java Threads: ( => current thread )
  0x00000202fc5fc340 JavaThread "main" [_thread_blocked, id=4056, stack(0x0000008824a00000,0x0000008824b00000)]
  0x00000202ff483750 JavaThread "Reference Handler" daemon [_thread_blocked, id=1432, stack(0x0000008824d00000,0x0000008824e00000)]
  0x00000202ff486ff0 JavaThread "Finalizer" daemon [_thread_blocked, id=9272, stack(0x0000008824e00000,0x0000008824f00000)]
  0x00000202957c9230 JavaThread "Signal Dispatcher" daemon [_thread_blocked, id=11304, stack(0x0000008824f00000,0x0000008825000000)]
  0x00000202957ce0b0 JavaThread "Attach Listener" daemon [_thread_blocked, id=12236, stack(0x0000008825000000,0x0000008825100000)]
  0x00000202957cf6c0 JavaThread "Service Thread" daemon [_thread_blocked, id=7056, stack(0x0000008825100000,0x0000008825200000)]
  0x00000202957d3d90 JavaThread "Monitor Deflation Thread" daemon [_thread_blocked, id=8716, stack(0x0000008825200000,0x0000008825300000)]
=>0x00000202957d9ec0 JavaThread "C2 CompilerThread0" daemon [_thread_in_native, id=11560, stack(0x0000008825300000,0x0000008825400000)]
  0x00000202957dd060 JavaThread "C1 CompilerThread0" daemon [_thread_blocked, id=9096, stack(0x0000008825400000,0x0000008825500000)]
  0x00000202ff48e020 JavaThread "Sweeper thread" daemon [_thread_blocked, id=4912, stack(0x0000008825500000,0x0000008825600000)]
  0x00000202958b7630 JavaThread "Common-Cleaner" daemon [_thread_blocked, id=1084, stack(0x0000008825600000,0x0000008825700000)]
  0x0000020295a7dc50 JavaThread "Notification Thread" daemon [_thread_blocked, id=10088, stack(0x0000008825700000,0x0000008825800000)]
  0x000002029715d8a0 JavaThread "Active Thread: Equinox Container: 3dbb2312-4999-4d8b-a476-3ae7d759a7c7" [_thread_blocked, id=8824, stack(0x0000008826000000,0x0000008826100000)]
  0x00000202971dca10 JavaThread "Framework Event Dispatcher: Equinox Container: 3dbb2312-4999-4d8b-a476-3ae7d759a7c7" daemon [_thread_blocked, id=7556, stack(0x0000008826100000,0x0000008826200000)]
  0x0000020296ef2ac0 JavaThread "Start Level: Equinox Container: 3dbb2312-4999-4d8b-a476-3ae7d759a7c7" daemon [_thread_blocked, id=6204, stack(0x0000008826200000,0x0000008826300000)]
  0x0000020296d73210 JavaThread "SCR Component Actor" daemon [_thread_blocked, id=9452, stack(0x0000008826300000,0x0000008826400000)]
  0x0000020297393da0 JavaThread "SCR Component Registry" daemon [_thread_blocked, id=8588, stack(0x0000008826500000,0x0000008826600000)]
  0x00000202975aa470 JavaThread "Worker-JM" [_thread_blocked, id=9892, stack(0x0000008825900000,0x0000008825a00000)]
  0x00000202975f58c0 JavaThread "Worker-0: Repository registry initialization" [_thread_in_vm, id=11568, stack(0x0000008826600000,0x0000008826700000)]
  0x00000202974cf820 JavaThread "Worker-1: Updating Maven Dependencies" [_thread_blocked, id=12120, stack(0x0000008826700000,0x0000008826800000)]
  0x00000202974cfcf0 JavaThread "Java indexing" daemon [_thread_blocked, id=5608, stack(0x0000008826800000,0x0000008826900000)]
  0x00000202974d01c0 JavaThread "Worker-2" [_thread_blocked, id=4436, stack(0x0000008826900000,0x0000008826a00000)]
  0x00000202974d0690 JavaThread "JNA Cleaner" daemon [_thread_blocked, id=10452, stack(0x0000008826a00000,0x0000008826b00000)]
  0x00000202974d0b60 JavaThread "pool-2-thread-1" [_thread_blocked, id=4244, stack(0x0000008826b00000,0x0000008826c00000)]
  0x00000202974d1030 JavaThread "WorkspaceEventsHandler" [_thread_blocked, id=6312, stack(0x0000008826c00000,0x0000008826d00000)]
  0x00000202974d1500 JavaThread "pool-1-thread-1" [_thread_blocked, id=9240, stack(0x0000008826d00000,0x0000008826e00000)]
  0x00000202974d19d0 JavaThread "Worker-3" [_thread_blocked, id=3752, stack(0x0000008826e00000,0x0000008826f00000)]
  0x00000202974d2d10 JavaThread "Worker-4" [_thread_blocked, id=11572, stack(0x0000008826f00000,0x0000008827000000)]

Other Threads:
  0x00000202957a0dc0 VMThread "VM Thread" [stack: 0x0000008824c00000,0x0000008824d00000] [id=11460]
  0x0000020295a8dce0 WatcherThread [stack: 0x0000008825800000,0x0000008825900000] [id=2516]
  0x00000202fc611530 GCTaskThread "GC Thread#0" [stack: 0x0000008824b00000,0x0000008824c00000] [id=10284]
  0x0000020296795bc0 GCTaskThread "GC Thread#1" [stack: 0x0000008825a00000,0x0000008825b00000] [id=7140]
  0x0000020296dc7440 GCTaskThread "GC Thread#2" [stack: 0x0000008825b00000,0x0000008825c00000] [id=2704]
  0x0000020296dc76f0 GCTaskThread "GC Thread#3" [stack: 0x0000008825c00000,0x0000008825d00000] [id=8500]
  0x0000020296dc79a0 GCTaskThread "GC Thread#4" [stack: 0x0000008825d00000,0x0000008825e00000] [id=3248]
  0x0000020297050080 GCTaskThread "GC Thread#5" [stack: 0x0000008825e00000,0x0000008825f00000] [id=7764]
  0x0000020297050330 GCTaskThread "GC Thread#6" [stack: 0x0000008825f00000,0x0000008826000000] [id=1420]
  0x0000020297315ce0 GCTaskThread "GC Thread#7" [stack: 0x0000008826400000,0x0000008826500000] [id=12040]

Threads with active compile tasks:
C2 CompilerThread0     4528 3659       4       org.eclipse.osgi.internal.loader.classpath.ClasspathEntry::findEntry (56 bytes)

VM state: not at safepoint (normal execution)

VM Mutex/Monitor currently owned by a thread: None

Heap address: 0x00000000c0000000, size: 1024 MB, Compressed Oops mode: 32-bit

CDS archive(s) not mapped
Compressed class space mapped at: 0x0000000100000000-0x0000000140000000, reserved size: 1073741824
Narrow klass base: 0x0000000000000000, Narrow klass shift: 3, Narrow klass range: 0x140000000

GC Precious Log:
 CPUs: 8 total, 8 available
 Memory: 3429M
 Large Page Support: Disabled
 NUMA Support: Disabled
 Compressed Oops: Enabled (32-bit)
 Alignments: Space 512K, Generation 512K, Heap 2M
 Heap Min Capacity: 100M
 Heap Initial Capacity: 100M
 Heap Max Capacity: 1G
 Pre-touch: Disabled
 Parallel Workers: 8

Heap:
 PSYoungGen      total 24064K, used 6651K [0x00000000eab00000, 0x00000000ec580000, 0x0000000100000000)
  eden space 22528K, 26% used [0x00000000eab00000,0x00000000eb0cefb8,0x00000000ec100000)
  from space 1536K, 45% used [0x00000000ec300000,0x00000000ec3b0000,0x00000000ec480000)
  to   space 1024K, 0% used [0x00000000ec480000,0x00000000ec480000,0x00000000ec580000)
 ParOldGen       total 68608K, used 13740K [0x00000000c0000000, 0x00000000c4300000, 0x00000000eab00000)
  object space 68608K, 20% used [0x00000000c0000000,0x00000000c0d6b328,0x00000000c4300000)
 Metaspace       used 41154K, committed 41856K, reserved 1114112K
  class space    used 4366K, committed 4672K, reserved 1048576K

Card table byte_map: [0x00000202fbfb0000,0x00000202fc1c0000] _byte_map_base: 0x00000202fb9b0000

Marking Bits: (ParMarkBitMap*) 0x00007ffa614552c0
 Begin Bits: [0x000002028f000000, 0x0000020290000000)
 End Bits:   [0x0000020290000000, 0x0000020291000000)

Polling page: 0x00000202fa5c0000

Metaspace:

Usage:
  Non-class:     35.93 MB used.
      Class:      4.26 MB used.
       Both:     40.19 MB used.

Virtual space:
  Non-class space:       64.00 MB reserved,      36.31 MB ( 57%) committed,  1 nodes.
      Class space:        1.00 GB reserved,       4.56 MB ( <1%) committed,  1 nodes.
             Both:        1.06 GB reserved,      40.88 MB (  4%) committed. 

Chunk freelists:
   Non-Class:  11.00 MB
       Class:  11.39 MB
        Both:  22.39 MB

MaxMetaspaceSize: unlimited
CompressedClassSpaceSize: 1.00 GB
Initial GC threshold: 21.00 MB
Current GC threshold: 58.38 MB
CDS: off
MetaspaceReclaimPolicy: balanced
 - commit_granule_bytes: 65536.
 - commit_granule_words: 8192.
 - virtual_space_node_default_size: 8388608.
 - enlarge_chunks_in_place: 1.
 - new_chunks_are_fully_committed: 0.
 - uncommit_free_chunks: 1.
 - use_allocation_guard: 0.
 - handle_deallocations: 1.


Internal statistics:

num_allocs_failed_limit: 6.
num_arena_births: 394.
num_arena_deaths: 14.
num_vsnodes_births: 2.
num_vsnodes_deaths: 0.
num_space_committed: 654.
num_space_uncommitted: 0.
num_chunks_returned_to_freelist: 20.
num_chunks_taken_from_freelist: 1708.
num_chunk_merges: 10.
num_chunk_splits: 1135.
num_chunks_enlarged: 767.
num_inconsistent_stats: 0.

CodeHeap 'non-profiled nmethods': size=120000Kb used=1494Kb max_used=1494Kb free=118505Kb
 bounds [0x0000020287ad0000, 0x0000020287d40000, 0x000002028f000000]
CodeHeap 'profiled nmethods': size=120000Kb used=7371Kb max_used=7371Kb free=112628Kb
 bounds [0x0000020280000000, 0x0000020280740000, 0x0000020287530000]
CodeHeap 'non-nmethods': size=5760Kb used=1273Kb max_used=1313Kb free=4486Kb
 bounds [0x0000020287530000, 0x00000202877a0000, 0x0000020287ad0000]
 total_blobs=4285 nmethods=3690 adapters=509
 compilation: enabled
              stopped_count=0, restarted_count=0
 full_count=0

Compilation events (20 events):
Event: 4.507 Thread 0x00000202957dd060 3689       3       com.google.common.base.Preconditions::checkArgument (13 bytes)
Event: 4.507 Thread 0x00000202957dd060 nmethod 3689 0x000002028071e790 code [0x000002028071e940, 0x000002028071eb28]
Event: 4.507 Thread 0x00000202957dd060 3690       3       com.google.common.base.Preconditions::checkPositionIndex (8 bytes)
Event: 4.508 Thread 0x00000202957dd060 nmethod 3690 0x000002028071ec10 code [0x000002028071eda0, 0x000002028071eec8]
Event: 4.508 Thread 0x00000202957dd060 3691       3       com.google.common.base.Preconditions::checkPositionIndex (25 bytes)
Event: 4.508 Thread 0x00000202957dd060 nmethod 3691 0x000002028071ef90 code [0x000002028071f140, 0x000002028071f398]
Event: 4.508 Thread 0x00000202957dd060 3692       3       com.google.inject.internal.DeclaredMembers::getDeclaredMethods (76 bytes)
Event: 4.510 Thread 0x00000202957dd060 nmethod 3692 0x000002028071f490 code [0x000002028071f9e0, 0x0000020280722b08]
Event: 4.510 Thread 0x00000202957dd060 3695       3       java.lang.Class::copyFields (36 bytes)
Event: 4.511 Thread 0x00000202957dd060 nmethod 3695 0x0000020280723810 code [0x0000020280723a60, 0x0000020280724448]
Event: 4.511 Thread 0x00000202957dd060 3694       3       com.google.common.collect.Ordering::<init> (5 bytes)
Event: 4.511 Thread 0x00000202957dd060 nmethod 3694 0x0000020280724890 code [0x0000020280724a20, 0x0000020280724b78]
Event: 4.511 Thread 0x00000202957dd060 3693       3       com.google.common.collect.Ordering::from (23 bytes)
Event: 4.511 Thread 0x00000202957dd060 nmethod 3693 0x0000020280724c10 code [0x0000020280724e00, 0x0000020280725528]
Event: 4.511 Thread 0x00000202957dd060 3696       3       java.util.stream.SortedOps$OfRef::opWrapSink (60 bytes)
Event: 4.512 Thread 0x00000202957dd060 nmethod 3696 0x0000020280725710 code [0x00000202807259a0, 0x0000020280726808]
Event: 4.512 Thread 0x00000202957dd060 3697       3       java.util.stream.SortedOps$AbstractRefSortingSink::<init> (11 bytes)
Event: 4.512 Thread 0x00000202957dd060 nmethod 3697 0x0000020280726c90 code [0x0000020280726e60, 0x00000202807272c8]
Event: 4.512 Thread 0x00000202957dd060 3698       3       jdk.internal.org.objectweb.asm.ClassWriter::visitEnd (1 bytes)
Event: 4.512 Thread 0x00000202957dd060 nmethod 3698 0x0000020280727490 code [0x0000020280727620, 0x0000020280727738]

GC Heap History (20 events):
Event: 2.618 GC heap before
{Heap before GC invocations=4 (full 0):
 PSYoungGen      total 29696K, used 11282K [0x00000000eab00000, 0x00000000ecc00000, 0x0000000100000000)
  eden space 25600K, 28% used [0x00000000eab00000,0x00000000eb208b60,0x00000000ec400000)
  from space 4096K, 99% used [0x00000000ec400000,0x00000000ec7fbd50,0x00000000ec800000)
  to   space 4096K, 0% used [0x00000000ec800000,0x00000000ec800000,0x00000000ecc00000)
 ParOldGen       total 68608K, used 3770K [0x00000000c0000000, 0x00000000c4300000, 0x00000000eab00000)
  object space 68608K, 5% used [0x00000000c0000000,0x00000000c03ae8e0,0x00000000c4300000)
 Metaspace       used 21033K, committed 21504K, reserved 1114112K
  class space    used 2149K, committed 2368K, reserved 1048576K
}
Event: 2.621 GC heap after
{Heap after GC invocations=4 (full 0):
 PSYoungGen      total 29696K, used 4079K [0x00000000eab00000, 0x00000000ecc00000, 0x0000000100000000)
  eden space 25600K, 0% used [0x00000000eab00000,0x00000000eab00000,0x00000000ec400000)
  from space 4096K, 99% used [0x00000000ec800000,0x00000000ecbfbd50,0x00000000ecc00000)
  to   space 4096K, 0% used [0x00000000ec400000,0x00000000ec400000,0x00000000ec800000)
 ParOldGen       total 68608K, used 4066K [0x00000000c0000000, 0x00000000c4300000, 0x00000000eab00000)
  object space 68608K, 5% used [0x00000000c0000000,0x00000000c03f88e0,0x00000000c4300000)
 Metaspace       used 21033K, committed 21504K, reserved 1114112K
  class space    used 2149K, committed 2368K, reserved 1048576K
}
Event: 2.621 GC heap before
{Heap before GC invocations=5 (full 1):
 PSYoungGen      total 29696K, used 4079K [0x00000000eab00000, 0x00000000ecc00000, 0x0000000100000000)
  eden space 25600K, 0% used [0x00000000eab00000,0x00000000eab00000,0x00000000ec400000)
  from space 4096K, 99% used [0x00000000ec800000,0x00000000ecbfbd50,0x00000000ecc00000)
  to   space 4096K, 0% used [0x00000000ec400000,0x00000000ec400000,0x00000000ec800000)
 ParOldGen       total 68608K, used 4066K [0x00000000c0000000, 0x00000000c4300000, 0x00000000eab00000)
  object space 68608K, 5% used [0x00000000c0000000,0x00000000c03f88e0,0x00000000c4300000)
 Metaspace       used 21033K, committed 21504K, reserved 1114112K
  class space    used 2149K, committed 2368K, reserved 1048576K
}
Event: 2.639 GC heap after
{Heap after GC invocations=5 (full 1):
 PSYoungGen      total 29696K, used 0K [0x00000000eab00000, 0x00000000ecc00000, 0x0000000100000000)
  eden space 25600K, 0% used [0x00000000eab00000,0x00000000eab00000,0x00000000ec400000)
  from space 4096K, 0% used [0x00000000ec800000,0x00000000ec800000,0x00000000ecc00000)
  to   space 4096K, 0% used [0x00000000ec400000,0x00000000ec400000,0x00000000ec800000)
 ParOldGen       total 68608K, used 7920K [0x00000000c0000000, 0x00000000c4300000, 0x00000000eab00000)
  object space 68608K, 11% used [0x00000000c0000000,0x00000000c07bc390,0x00000000c4300000)
 Metaspace       used 21020K, committed 21504K, reserved 1114112K
  class space    used 2146K, committed 2368K, reserved 1048576K
}
Event: 2.965 GC heap before
{Heap before GC invocations=6 (full 1):
 PSYoungGen      total 29696K, used 25600K [0x00000000eab00000, 0x00000000ecc00000, 0x0000000100000000)
  eden space 25600K, 100% used [0x00000000eab00000,0x00000000ec400000,0x00000000ec400000)
  from space 4096K, 0% used [0x00000000ec800000,0x00000000ec800000,0x00000000ecc00000)
  to   space 4096K, 0% used [0x00000000ec400000,0x00000000ec400000,0x00000000ec800000)
 ParOldGen       total 68608K, used 7920K [0x00000000c0000000, 0x00000000c4300000, 0x00000000eab00000)
  object space 68608K, 11% used [0x00000000c0000000,0x00000000c07bc390,0x00000000c4300000)
 Metaspace       used 24553K, committed 25088K, reserved 1114112K
  class space    used 2553K, committed 2816K, reserved 1048576K
}
Event: 2.967 GC heap after
{Heap after GC invocations=6 (full 1):
 PSYoungGen      total 28160K, used 2882K [0x00000000eab00000, 0x00000000eca80000, 0x0000000100000000)
  eden space 25088K, 0% used [0x00000000eab00000,0x00000000eab00000,0x00000000ec380000)
  from space 3072K, 93% used [0x00000000ec400000,0x00000000ec6d0ad0,0x00000000ec700000)
  to   space 3584K, 0% used [0x00000000ec700000,0x00000000ec700000,0x00000000eca80000)
 ParOldGen       total 68608K, used 7928K [0x00000000c0000000, 0x00000000c4300000, 0x00000000eab00000)
  object space 68608K, 11% used [0x00000000c0000000,0x00000000c07be390,0x00000000c4300000)
 Metaspace       used 24553K, committed 25088K, reserved 1114112K
  class space    used 2553K, committed 2816K, reserved 1048576K
}
Event: 3.150 GC heap before
{Heap before GC invocations=7 (full 1):
 PSYoungGen      total 28160K, used 27970K [0x00000000eab00000, 0x00000000eca80000, 0x0000000100000000)
  eden space 25088K, 100% used [0x00000000eab00000,0x00000000ec380000,0x00000000ec380000)
  from space 3072K, 93% used [0x00000000ec400000,0x00000000ec6d0ad0,0x00000000ec700000)
  to   space 3584K, 0% used [0x00000000ec700000,0x00000000ec700000,0x00000000eca80000)
 ParOldGen       total 68608K, used 7928K [0x00000000c0000000, 0x00000000c4300000, 0x00000000eab00000)
  object space 68608K, 11% used [0x00000000c0000000,0x00000000c07be390,0x00000000c4300000)
 Metaspace       used 28095K, committed 28736K, reserved 1114112K
  class space    used 2810K, committed 3072K, reserved 1048576K
}
Event: 3.152 GC heap after
{Heap after GC invocations=7 (full 1):
 PSYoungGen      total 27648K, used 2760K [0x00000000eab00000, 0x00000000eca00000, 0x0000000100000000)
  eden space 24576K, 0% used [0x00000000eab00000,0x00000000eab00000,0x00000000ec300000)
  from space 3072K, 89% used [0x00000000ec700000,0x00000000ec9b2098,0x00000000eca00000)
  to   space 3072K, 0% used [0x00000000ec400000,0x00000000ec400000,0x00000000ec700000)
 ParOldGen       total 68608K, used 7928K [0x00000000c0000000, 0x00000000c4300000, 0x00000000eab00000)
  object space 68608K, 11% used [0x00000000c0000000,0x00000000c07be390,0x00000000c4300000)
 Metaspace       used 28095K, committed 28736K, reserved 1114112K
  class space    used 2810K, committed 3072K, reserved 1048576K
}
Event: 3.362 GC heap before
{Heap before GC invocations=8 (full 1):
 PSYoungGen      total 27648K, used 27336K [0x00000000eab00000, 0x00000000eca00000, 0x0000000100000000)
  eden space 24576K, 100% used [0x00000000eab00000,0x00000000ec300000,0x00000000ec300000)
  from space 3072K, 89% used [0x00000000ec700000,0x00000000ec9b2098,0x00000000eca00000)
  to   space 3072K, 0% used [0x00000000ec400000,0x00000000ec400000,0x00000000ec700000)
 ParOldGen       total 68608K, used 7928K [0x00000000c0000000, 0x00000000c4300000, 0x00000000eab00000)
  object space 68608K, 11% used [0x00000000c0000000,0x00000000c07be390,0x00000000c4300000)
 Metaspace       used 30936K, committed 31552K, reserved 1114112K
  class space    used 3049K, committed 3328K, reserved 1048576K
}
Event: 3.365 GC heap after
{Heap after GC invocations=8 (full 1):
 PSYoungGen      total 27136K, used 3068K [0x00000000eab00000, 0x00000000ec980000, 0x0000000100000000)
  eden space 24064K, 0% used [0x00000000eab00000,0x00000000eab00000,0x00000000ec280000)
  from space 3072K, 99% used [0x00000000ec400000,0x00000000ec6ff2b0,0x00000000ec700000)
  to   space 2560K, 0% used [0x00000000ec700000,0x00000000ec700000,0x00000000ec980000)
 ParOldGen       total 68608K, used 8310K [0x00000000c0000000, 0x00000000c4300000, 0x00000000eab00000)
  object space 68608K, 12% used [0x00000000c0000000,0x00000000c081dac8,0x00000000c4300000)
 Metaspace       used 30936K, committed 31552K, reserved 1114112K
  class space    used 3049K, committed 3328K, reserved 1048576K
}
Event: 3.768 GC heap before
{Heap before GC invocations=9 (full 1):
 PSYoungGen      total 27136K, used 27132K [0x00000000eab00000, 0x00000000ec980000, 0x0000000100000000)
  eden space 24064K, 99% used [0x00000000eab00000,0x00000000ec27ffc8,0x00000000ec280000)
  from space 3072K, 99% used [0x00000000ec400000,0x00000000ec6ff2b0,0x00000000ec700000)
  to   space 2560K, 0% used [0x00000000ec700000,0x00000000ec700000,0x00000000ec980000)
 ParOldGen       total 68608K, used 8310K [0x00000000c0000000, 0x00000000c4300000, 0x00000000eab00000)
  object space 68608K, 12% used [0x00000000c0000000,0x00000000c081dac8,0x00000000c4300000)
 Metaspace       used 34703K, committed 35456K, reserved 1114112K
  class space    used 3491K, committed 3776K, reserved 1048576K
}
Event: 3.772 GC heap after
{Heap after GC invocations=9 (full 1):
 PSYoungGen      total 26112K, used 2545K [0x00000000eab00000, 0x00000000ecc00000, 0x0000000100000000)
  eden space 23552K, 0% used [0x00000000eab00000,0x00000000eab00000,0x00000000ec200000)
  from space 2560K, 99% used [0x00000000ec700000,0x00000000ec97c5c0,0x00000000ec980000)
  to   space 5120K, 0% used [0x00000000ec200000,0x00000000ec200000,0x00000000ec700000)
 ParOldGen       total 68608K, used 10376K [0x00000000c0000000, 0x00000000c4300000, 0x00000000eab00000)
  object space 68608K, 15% used [0x00000000c0000000,0x00000000c0a22070,0x00000000c4300000)
 Metaspace       used 34703K, committed 35456K, reserved 1114112K
  class space    used 3491K, committed 3776K, reserved 1048576K
}
Event: 3.826 GC heap before
{Heap before GC invocations=10 (full 1):
 PSYoungGen      total 26112K, used 5789K [0x00000000eab00000, 0x00000000ecc00000, 0x0000000100000000)
  eden space 23552K, 13% used [0x00000000eab00000,0x00000000eae2b0c0,0x00000000ec200000)
  from space 2560K, 99% used [0x00000000ec700000,0x00000000ec97c5c0,0x00000000ec980000)
  to   space 5120K, 0% used [0x00000000ec200000,0x00000000ec200000,0x00000000ec700000)
 ParOldGen       total 68608K, used 10376K [0x00000000c0000000, 0x00000000c4300000, 0x00000000eab00000)
  object space 68608K, 15% used [0x00000000c0000000,0x00000000c0a22070,0x00000000c4300000)
 Metaspace       used 35183K, committed 35840K, reserved 1114112K
  class space    used 3556K, committed 3840K, reserved 1048576K
}
Event: 3.828 GC heap after
{Heap after GC invocations=10 (full 1):
 PSYoungGen      total 25088K, used 1117K [0x00000000eab00000, 0x00000000ec780000, 0x0000000100000000)
  eden space 23552K, 0% used [0x00000000eab00000,0x00000000eab00000,0x00000000ec200000)
  from space 1536K, 72% used [0x00000000ec200000,0x00000000ec3175d0,0x00000000ec380000)
  to   space 2560K, 0% used [0x00000000ec500000,0x00000000ec500000,0x00000000ec780000)
 ParOldGen       total 68608K, used 12099K [0x00000000c0000000, 0x00000000c4300000, 0x00000000eab00000)
  object space 68608K, 17% used [0x00000000c0000000,0x00000000c0bd0e78,0x00000000c4300000)
 Metaspace       used 35183K, committed 35840K, reserved 1114112K
  class space    used 3556K, committed 3840K, reserved 1048576K
}
Event: 3.828 GC heap before
{Heap before GC invocations=11 (full 2):
 PSYoungGen      total 25088K, used 1117K [0x00000000eab00000, 0x00000000ec780000, 0x0000000100000000)
  eden space 23552K, 0% used [0x00000000eab00000,0x00000000eab00000,0x00000000ec200000)
  from space 1536K, 72% used [0x00000000ec200000,0x00000000ec3175d0,0x00000000ec380000)
  to   space 2560K, 0% used [0x00000000ec500000,0x00000000ec500000,0x00000000ec780000)
 ParOldGen       total 68608K, used 12099K [0x00000000c0000000, 0x00000000c4300000, 0x00000000eab00000)
  object space 68608K, 17% used [0x00000000c0000000,0x00000000c0bd0e78,0x00000000c4300000)
 Metaspace       used 35183K, committed 35840K, reserved 1114112K
  class space    used 3556K, committed 3840K, reserved 1048576K
}
Event: 3.847 GC heap after
{Heap after GC invocations=11 (full 2):
 PSYoungGen      total 25088K, used 0K [0x00000000eab00000, 0x00000000ec780000, 0x0000000100000000)
  eden space 23552K, 0% used [0x00000000eab00000,0x00000000eab00000,0x00000000ec200000)
  from space 1536K, 0% used [0x00000000ec200000,0x00000000ec200000,0x00000000ec380000)
  to   space 2560K, 0% used [0x00000000ec500000,0x00000000ec500000,0x00000000ec780000)
 ParOldGen       total 68608K, used 12856K [0x00000000c0000000, 0x00000000c4300000, 0x00000000eab00000)
  object space 68608K, 18% used [0x00000000c0000000,0x00000000c0c8e008,0x00000000c4300000)
 Metaspace       used 35183K, committed 35840K, reserved 1114112K
  class space    used 3556K, committed 3840K, reserved 1048576K
}
Event: 4.176 GC heap before
{Heap before GC invocations=12 (full 2):
 PSYoungGen      total 25088K, used 23552K [0x00000000eab00000, 0x00000000ec780000, 0x0000000100000000)
  eden space 23552K, 100% used [0x00000000eab00000,0x00000000ec200000,0x00000000ec200000)
  from space 1536K, 0% used [0x00000000ec200000,0x00000000ec200000,0x00000000ec380000)
  to   space 2560K, 0% used [0x00000000ec500000,0x00000000ec500000,0x00000000ec780000)
 ParOldGen       total 68608K, used 12856K [0x00000000c0000000, 0x00000000c4300000, 0x00000000eab00000)
  object space 68608K, 18% used [0x00000000c0000000,0x00000000c0c8e008,0x00000000c4300000)
 Metaspace       used 38747K, committed 39488K, reserved 1114112K
  class space    used 4040K, committed 4352K, reserved 1048576K
}
Event: 4.178 GC heap after
{Heap after GC invocations=12 (full 2):
 PSYoungGen      total 24064K, used 992K [0x00000000eab00000, 0x00000000ec600000, 0x0000000100000000)
  eden space 23040K, 0% used [0x00000000eab00000,0x00000000eab00000,0x00000000ec180000)
  from space 1024K, 96% used [0x00000000ec500000,0x00000000ec5f8000,0x00000000ec600000)
  to   space 1536K, 0% used [0x00000000ec300000,0x00000000ec300000,0x00000000ec480000)
 ParOldGen       total 68608K, used 12864K [0x00000000c0000000, 0x00000000c4300000, 0x00000000eab00000)
  object space 68608K, 18% used [0x00000000c0000000,0x00000000c0c90008,0x00000000c4300000)
 Metaspace       used 38747K, committed 39488K, reserved 1114112K
  class space    used 4040K, committed 4352K, reserved 1048576K
}
Event: 4.461 GC heap before
{Heap before GC invocations=13 (full 2):
 PSYoungGen      total 24064K, used 24032K [0x00000000eab00000, 0x00000000ec600000, 0x0000000100000000)
  eden space 23040K, 100% used [0x00000000eab00000,0x00000000ec180000,0x00000000ec180000)
  from space 1024K, 96% used [0x00000000ec500000,0x00000000ec5f8000,0x00000000ec600000)
  to   space 1536K, 0% used [0x00000000ec300000,0x00000000ec300000,0x00000000ec480000)
 ParOldGen       total 68608K, used 12864K [0x00000000c0000000, 0x00000000c4300000, 0x00000000eab00000)
  object space 68608K, 18% used [0x00000000c0000000,0x00000000c0c90008,0x00000000c4300000)
 Metaspace       used 40616K, committed 41408K, reserved 1114112K
  class space    used 4289K, committed 4608K, reserved 1048576K
}
Event: 4.462 GC heap after
{Heap after GC invocations=13 (full 2):
 PSYoungGen      total 24064K, used 704K [0x00000000eab00000, 0x00000000ec580000, 0x0000000100000000)
  eden space 22528K, 0% used [0x00000000eab00000,0x00000000eab00000,0x00000000ec100000)
  from space 1536K, 45% used [0x00000000ec300000,0x00000000ec3b0000,0x00000000ec480000)
  to   space 1024K, 0% used [0x00000000ec480000,0x00000000ec480000,0x00000000ec580000)
 ParOldGen       total 68608K, used 13740K [0x00000000c0000000, 0x00000000c4300000, 0x00000000eab00000)
  object space 68608K, 20% used [0x00000000c0000000,0x00000000c0d6b328,0x00000000c4300000)
 Metaspace       used 40616K, committed 41408K, reserved 1114112K
  class space    used 4289K, committed 4608K, reserved 1048576K
}

Dll operation events (10 events):
Event: 0.007 Loaded shared library c:\Users\shiden\.vscode\extensions\redhat.java-1.21.0-win32-x64\jre\17.0.7-win32-x86_64\bin\java.dll
Event: 0.164 Loaded shared library c:\Users\shiden\.vscode\extensions\redhat.java-1.21.0-win32-x64\jre\17.0.7-win32-x86_64\bin\zip.dll
Event: 0.168 Loaded shared library C:\Users\shiden\.vscode\extensions\redhat.java-1.21.0-win32-x64\jre\17.0.7-win32-x86_64\bin\instrument.dll
Event: 0.184 Loaded shared library C:\Users\shiden\.vscode\extensions\redhat.java-1.21.0-win32-x64\jre\17.0.7-win32-x86_64\bin\net.dll
Event: 0.187 Loaded shared library C:\Users\shiden\.vscode\extensions\redhat.java-1.21.0-win32-x64\jre\17.0.7-win32-x86_64\bin\nio.dll
Event: 0.193 Loaded shared library C:\Users\shiden\.vscode\extensions\redhat.java-1.21.0-win32-x64\jre\17.0.7-win32-x86_64\bin\zip.dll
Event: 0.209 Loaded shared library C:\Users\shiden\.vscode\extensions\redhat.java-1.21.0-win32-x64\jre\17.0.7-win32-x86_64\bin\jimage.dll
Event: 0.270 Loaded shared library c:\Users\shiden\.vscode\extensions\redhat.java-1.21.0-win32-x64\jre\17.0.7-win32-x86_64\bin\verify.dll
Event: 1.596 Loaded shared library C:\Users\shiden\AppData\Roaming\Code\User\globalStorage\redhat.java\1.21.0\config_win\org.eclipse.equinox.launcher\org.eclipse.equinox.launcher.win32.win32.x86_64_1.2.700.v20221108-1024\eclipse_11801.dll
Event: 3.642 Loaded shared library C:\Users\shiden\AppData\Local\Temp\jna--903341351\jna6844153299507801739.dll

Deoptimization events (20 events):
Event: 4.332 Thread 0x00000202975f58c0 DEOPT PACKING pc=0x0000020287c26c14 sp=0x00000088266fe120
Event: 4.332 Thread 0x00000202975f58c0 DEOPT UNPACKING pc=0x00000202875866a3 sp=0x00000088266fe0a0 mode 2
Event: 4.353 Thread 0x00000202975f58c0 Uncommon trap: trap_request=0xffffff66 fr.pc=0x0000020287be387c relative=0x00000000000000dc
Event: 4.353 Thread 0x00000202975f58c0 Uncommon trap: reason=speculate_class_check action=maybe_recompile pc=0x0000020287be387c method=java.util.regex.Pattern$CharPredicate.lambda$negate$3(I)Z @ 2 c2
Event: 4.353 Thread 0x00000202975f58c0 DEOPT PACKING pc=0x0000020287be387c sp=0x00000088266fe580
Event: 4.353 Thread 0x00000202975f58c0 DEOPT UNPACKING pc=0x00000202875866a3 sp=0x00000088266fe4a0 mode 2
Event: 4.353 Thread 0x00000202975f58c0 Uncommon trap: trap_request=0xffffff66 fr.pc=0x0000020287be387c relative=0x00000000000000dc
Event: 4.353 Thread 0x00000202975f58c0 Uncommon trap: reason=speculate_class_check action=maybe_recompile pc=0x0000020287be387c method=java.util.regex.Pattern$CharPredicate.lambda$negate$3(I)Z @ 2 c2
Event: 4.353 Thread 0x00000202975f58c0 DEOPT PACKING pc=0x0000020287be387c sp=0x00000088266fe580
Event: 4.353 Thread 0x00000202975f58c0 DEOPT UNPACKING pc=0x00000202875866a3 sp=0x00000088266fe4a0 mode 2
Event: 4.354 Thread 0x00000202975f58c0 Uncommon trap: trap_request=0xffffff66 fr.pc=0x0000020287be387c relative=0x00000000000000dc
Event: 4.354 Thread 0x00000202975f58c0 Uncommon trap: reason=speculate_class_check action=maybe_recompile pc=0x0000020287be387c method=java.util.regex.Pattern$CharPredicate.lambda$negate$3(I)Z @ 2 c2
Event: 4.354 Thread 0x00000202975f58c0 DEOPT PACKING pc=0x0000020287be387c sp=0x00000088266fe580
Event: 4.354 Thread 0x00000202975f58c0 DEOPT UNPACKING pc=0x00000202875866a3 sp=0x00000088266fe4a0 mode 2
Event: 4.354 Thread 0x00000202975f58c0 Uncommon trap: trap_request=0xffffff66 fr.pc=0x0000020287be387c relative=0x00000000000000dc
Event: 4.354 Thread 0x00000202975f58c0 Uncommon trap: reason=speculate_class_check action=maybe_recompile pc=0x0000020287be387c method=java.util.regex.Pattern$CharPredicate.lambda$negate$3(I)Z @ 2 c2
Event: 4.354 Thread 0x00000202975f58c0 DEOPT PACKING pc=0x0000020287be387c sp=0x00000088266fe580
Event: 4.354 Thread 0x00000202975f58c0 DEOPT UNPACKING pc=0x00000202875866a3 sp=0x00000088266fe4a0 mode 2
Event: 4.398 Thread 0x00000202975f58c0 DEOPT PACKING pc=0x00000202806e80d9 sp=0x00000088266fe530
Event: 4.398 Thread 0x00000202975f58c0 DEOPT UNPACKING pc=0x0000020287586e43 sp=0x00000088266fd988 mode 0

Classes unloaded (7 events):
Event: 2.624 Thread 0x00000202957a0dc0 Unloading class 0x000000010020c000 'java/lang/invoke/LambdaForm$MH+0x000000010020c000'
Event: 2.624 Thread 0x00000202957a0dc0 Unloading class 0x000000010020bc00 'java/lang/invoke/LambdaForm$MH+0x000000010020bc00'
Event: 2.624 Thread 0x00000202957a0dc0 Unloading class 0x000000010020b800 'java/lang/invoke/LambdaForm$MH+0x000000010020b800'
Event: 2.624 Thread 0x00000202957a0dc0 Unloading class 0x000000010020b400 'java/lang/invoke/LambdaForm$MH+0x000000010020b400'
Event: 2.624 Thread 0x00000202957a0dc0 Unloading class 0x000000010020b000 'java/lang/invoke/LambdaForm$BMH+0x000000010020b000'
Event: 2.624 Thread 0x00000202957a0dc0 Unloading class 0x000000010020ac00 'java/lang/invoke/LambdaForm$DMH+0x000000010020ac00'
Event: 2.624 Thread 0x00000202957a0dc0 Unloading class 0x0000000100208000 'java/lang/invoke/LambdaForm$DMH+0x0000000100208000'

Classes redefined (0 events):
No events

Internal exceptions (20 events):
Event: 3.305 Thread 0x0000020296ef2ac0 Exception <a 'java/lang/NoSuchMethodError'{0x00000000ec266620}: 'java.lang.Object java.lang.invoke.DirectMethodHandle$Holder.invokeStaticInit(java.lang.Object, int, int, int, int)'> (0x00000000ec266620) 
thrown [s\src\hotspot\share\interpreter\linkResolver.cpp, line 759]
Event: 3.362 Thread 0x0000020296ef2ac0 Exception <a 'java/lang/NoSuchMethodError'{0x00000000ec2fe838}: 'java.lang.Object java.lang.invoke.DirectMethodHandle$Holder.invokeStaticInit(java.lang.Object, java.lang.Object, int, int, int, int)'> (0x00000000ec2fe838) 
thrown [s\src\hotspot\share\interpreter\linkResolver.cpp, line 759]
Event: 3.397 Thread 0x0000020296ef2ac0 Exception <a 'sun/nio/fs/WindowsException'{0x00000000eac96a78}> (0x00000000eac96a78) 
thrown [s\src\hotspot\share\prims\jni.cpp, line 516]
Event: 3.411 Thread 0x0000020296ef2ac0 Exception <a 'java/lang/NoSuchMethodError'{0x00000000eadbe298}: 'java.lang.Object java.lang.invoke.DirectMethodHandle$Holder.invokeStaticInit(java.lang.Object, int)'> (0x00000000eadbe298) 
thrown [s\src\hotspot\share\interpreter\linkResolver.cpp, line 759]
Event: 3.475 Thread 0x0000020296ef2ac0 Exception <a 'java/lang/ClassNotFoundException'{0x00000000eb26f888}: com/sun/org/apache/xml/internal/serializer/spi/XMLEntitiesProvider> (0x00000000eb26f888) 
thrown [s\src\hotspot\share\classfile\systemDictionary.cpp, line 256]
Event: 3.523 Thread 0x00000202975f58c0 Exception <a 'java/lang/NoSuchMethodError'{0x00000000eabd0e40}: 'int java.lang.invoke.DirectMethodHandle$Holder.invokeVirtual(java.lang.Object, java.lang.Object)'> (0x00000000eabd0e40) 
thrown [s\src\hotspot\share\interpreter\linkResolver.cpp, line 759]
Event: 3.596 Thread 0x0000020296ef2ac0 Exception <a 'java/io/FileNotFoundException'{0x00000000eb804608}> (0x00000000eb804608) 
thrown [s\src\hotspot\share\prims\jni.cpp, line 516]
Event: 3.670 Thread 0x0000020296ef2ac0 Exception <a 'java/lang/UnsatisfiedLinkError'{0x00000000ebd8a480}: Belirtilen yordam bulunamadÄ±.
> (0x00000000ebd8a480) 
thrown [s\src\hotspot\share\prims\jni.cpp, line 535]
Event: 3.673 Thread 0x0000020296ef2ac0 Exception <a 'java/io/FileNotFoundException'{0x00000000ebdad628}> (0x00000000ebdad628) 
thrown [s\src\hotspot\share\prims\jni.cpp, line 516]
Event: 3.680 Thread 0x0000020296ef2ac0 Exception <a 'java/io/FileNotFoundException'{0x00000000ebe21430}> (0x00000000ebe21430) 
thrown [s\src\hotspot\share\prims\jni.cpp, line 516]
Event: 3.688 Thread 0x0000020296ef2ac0 Exception <a 'java/lang/UnsatisfiedLinkError'{0x00000000ebeadaf8}: Belirtilen yordam bulunamadÄ±.
> (0x00000000ebeadaf8) 
thrown [s\src\hotspot\share\prims\jni.cpp, line 535]
Event: 3.729 Thread 0x00000202fc5fc340 Exception <a 'java/lang/NoSuchMethodError'{0x00000000ec096a78}: 'java.lang.Object java.lang.invoke.DirectMethodHandle$Holder.invokeStatic(java.lang.Object, java.lang.Object, long, java.lang.Object)'> (0x00000000ec096a78) 
thrown [s\src\hotspot\share\interpreter\linkResolver.cpp, line 759]
Event: 3.729 Thread 0x00000202fc5fc340 Exception <a 'java/lang/NoSuchMethodError'{0x00000000ec09a510}: 'java.lang.Object java.lang.invoke.DirectMethodHandle$Holder.invokeStaticInit(java.lang.Object, java.lang.Object, long, java.lang.Object)'> (0x00000000ec09a510) 
thrown [s\src\hotspot\share\interpreter\linkResolver.cpp, line 759]
Event: 3.730 Thread 0x00000202fc5fc340 Exception <a 'java/lang/NoSuchMethodError'{0x00000000ec0a0b20}: 'java.lang.Object java.lang.invoke.DirectMethodHandle$Holder.newInvokeSpecial(java.lang.Object, java.lang.Object, long)'> (0x00000000ec0a0b20) 
thrown [s\src\hotspot\share\interpreter\linkResolver.cpp, line 759]
Event: 3.762 Thread 0x00000202fc5fc340 Exception <a 'java/lang/NoSuchMethodError'{0x00000000ec231260}: 'void java.lang.invoke.DirectMethodHandle$Holder.invokeStatic(java.lang.Object, java.lang.Object, java.lang.Object, java.lang.Object)'> (0x00000000ec231260) 
thrown [s\src\hotspot\share\interpreter\linkResolver.cpp, line 759]
Event: 3.915 Thread 0x00000202fc5fc340 Exception <a 'java/lang/NoSuchMethodError'{0x00000000eb0fb978}: 'void java.lang.invoke.DirectMethodHandle$Holder.invokeSpecial(java.lang.Object, java.lang.Object, java.lang.Object, java.lang.Object, java.lang.Object, java.lang.Object)'> (0x00000000eb0fb978) 
thrown [s\src\hotspot\share\interpreter\linkResolver.cpp, line 759]
Event: 3.917 Thread 0x00000202fc5fc340 Exception <a 'java/lang/IncompatibleClassChangeError'{0x00000000eb1050f8}: Found class java.lang.Object, but interface was expected> (0x00000000eb1050f8) 
thrown [s\src\hotspot\share\interpreter\linkResolver.cpp, line 826]
Event: 4.038 Thread 0x00000202975f58c0 Exception <a 'java/lang/NoSuchMethodError'{0x00000000eb873e38}: 'java.lang.Object java.lang.invoke.DirectMethodHandle$Holder.invokeSpecialIFC(java.lang.Object, java.lang.Object, java.lang.Object, java.lang.Object)'> (0x00000000eb873e38) 
thrown [s\src\hotspot\share\interpreter\linkResolver.cpp, line 759]
Event: 4.161 Thread 0x00000202975f58c0 Exception <a 'java/lang/NoSuchMethodError'{0x00000000ec09a4a0}: 'int java.lang.invoke.DirectMethodHandle$Holder.invokeSpecialIFC(java.lang.Object, java.lang.Object, java.lang.Object, java.lang.Object, java.lang.Object)'> (0x00000000ec09a4a0) 
thrown [s\src\hotspot\share\interpreter\linkResolver.cpp, line 759]
Event: 4.275 Thread 0x00000202975f58c0 Exception <a 'java/lang/NoClassDefFoundError'{0x00000000eaf894a8}: javax/enterprise/inject/Typed> (0x00000000eaf894a8) 
thrown [s\src\hotspot\share\classfile\systemDictionary.cpp, line 245]

VM Operations (20 events):
Event: 3.518 Executing VM operation: HandshakeAllThreads
Event: 3.518 Executing VM operation: HandshakeAllThreads done
Event: 3.656 Executing VM operation: HandshakeAllThreads
Event: 3.656 Executing VM operation: HandshakeAllThreads done
Event: 3.767 Executing VM operation: ParallelGCFailedAllocation
Event: 3.772 Executing VM operation: ParallelGCFailedAllocation done
Event: 3.826 Executing VM operation: CollectForMetadataAllocation
Event: 3.847 Executing VM operation: CollectForMetadataAllocation done
Event: 4.011 Executing VM operation: HandshakeAllThreads
Event: 4.014 Executing VM operation: HandshakeAllThreads done
Event: 4.049 Executing VM operation: HandshakeAllThreads
Event: 4.049 Executing VM operation: HandshakeAllThreads done
Event: 4.175 Executing VM operation: ParallelGCFailedAllocation
Event: 4.178 Executing VM operation: ParallelGCFailedAllocation done
Event: 4.257 Executing VM operation: HandshakeAllThreads
Event: 4.257 Executing VM operation: HandshakeAllThreads done
Event: 4.272 Executing VM operation: HandshakeAllThreads
Event: 4.272 Executing VM operation: HandshakeAllThreads done
Event: 4.461 Executing VM operation: ParallelGCFailedAllocation
Event: 4.462 Executing VM operation: ParallelGCFailedAllocation done

Events (20 events):
Event: 4.145 loading class sun/reflect/annotation/AnnotatedTypeFactory$AnnotatedTypeBaseImpl done
Event: 4.145 loading class java/util/stream/Streams$ConcatSpliterator$OfRef
Event: 4.145 loading class java/util/stream/Streams$ConcatSpliterator
Event: 4.145 loading class java/util/stream/Streams$ConcatSpliterator done
Event: 4.145 loading class java/util/stream/Streams$ConcatSpliterator$OfRef done
Event: 4.145 loading class java/util/stream/Streams$2
Event: 4.145 loading class java/util/stream/Streams$2 done
Event: 4.193 loading class java/lang/annotation/ElementType
Event: 4.194 loading class java/lang/annotation/ElementType done
Event: 4.261 loading class java/lang/Short$ShortCache
Event: 4.261 loading class java/lang/Short$ShortCache done
Event: 4.274 loading class java/lang/annotation/IncompleteAnnotationException
Event: 4.274 loading class java/lang/annotation/IncompleteAnnotationException done
Event: 4.311 loading class jdk/internal/access/foreign/MemorySegmentProxy
Event: 4.311 loading class jdk/internal/access/foreign/MemorySegmentProxy done
Event: 4.450 Thread 0x00000202974d2d10 Thread added: 0x00000202974d2d10
Event: 4.506 loading class sun/reflect/annotation/AnnotatedTypeFactory$AnnotatedParameterizedTypeImpl
Event: 4.506 loading class java/lang/reflect/AnnotatedParameterizedType
Event: 4.506 loading class java/lang/reflect/AnnotatedParameterizedType done
Event: 4.506 loading class sun/reflect/annotation/AnnotatedTypeFactory$AnnotatedParameterizedTypeImpl done


Dynamic libraries:
0x00007ff7d5c10000 - 0x00007ff7d5c1e000 	c:\Users\shiden\.vscode\extensions\redhat.java-1.21.0-win32-x64\jre\17.0.7-win32-x86_64\bin\java.exe
0x00007ffa92750000 - 0x00007ffa92948000 	C:\Windows\SYSTEM32\ntdll.dll
0x00007ffa92650000 - 0x00007ffa9270f000 	C:\Windows\System32\KERNEL32.DLL
0x00007ffa8fee0000 - 0x00007ffa901d6000 	C:\Windows\System32\KERNELBASE.dll
0x00007ffa90550000 - 0x00007ffa90650000 	C:\Windows\System32\ucrtbase.dll
0x00007ffa79660000 - 0x00007ffa79677000 	c:\Users\shiden\.vscode\extensions\redhat.java-1.21.0-win32-x64\jre\17.0.7-win32-x86_64\bin\jli.dll
0x00007ffa91e30000 - 0x00007ffa91fcd000 	C:\Windows\System32\USER32.dll
0x00007ffa906e0000 - 0x00007ffa90702000 	C:\Windows\System32\win32u.dll
0x00007ffa91e00000 - 0x00007ffa91e2c000 	C:\Windows\System32\GDI32.dll
0x00007ffa901e0000 - 0x00007ffa902f5000 	C:\Windows\System32\gdi32full.dll
0x00007ffa90710000 - 0x00007ffa907ad000 	C:\Windows\System32\msvcp_win.dll
0x00007ffa775e0000 - 0x00007ffa775f9000 	c:\Users\shiden\.vscode\extensions\redhat.java-1.21.0-win32-x64\jre\17.0.7-win32-x86_64\bin\VCRUNTIME140.dll
0x00007ffa86af0000 - 0x00007ffa86d8a000 	C:\Windows\WinSxS\amd64_microsoft.windows.common-controls_6595b64144ccf1df_6.0.19041.1110_none_60b5254171f9507e\COMCTL32.dll
0x00007ffa912d0000 - 0x00007ffa9136e000 	C:\Windows\System32\msvcrt.dll
0x00007ffa90fe0000 - 0x00007ffa91010000 	C:\Windows\System32\IMM32.DLL
0x00007ffa7d490000 - 0x00007ffa7d49c000 	c:\Users\shiden\.vscode\extensions\redhat.java-1.21.0-win32-x64\jre\17.0.7-win32-x86_64\bin\vcruntime140_1.dll
0x00007ffa67420000 - 0x00007ffa674b1000 	c:\Users\shiden\.vscode\extensions\redhat.java-1.21.0-win32-x64\jre\17.0.7-win32-x86_64\bin\msvcp140.dll
0x00007ffa608d0000 - 0x00007ffa61518000 	c:\Users\shiden\.vscode\extensions\redhat.java-1.21.0-win32-x64\jre\17.0.7-win32-x86_64\bin\server\jvm.dll
0x00007ffa924c0000 - 0x00007ffa9256f000 	C:\Windows\System32\ADVAPI32.dll
0x00007ffa91880000 - 0x00007ffa9191c000 	C:\Windows\System32\sechost.dll
0x00007ffa92390000 - 0x00007ffa924b6000 	C:\Windows\System32\RPCRT4.dll
0x00007ffa88e80000 - 0x00007ffa88ea7000 	C:\Windows\SYSTEM32\WINMM.dll
0x00007ffa87e60000 - 0x00007ffa87e69000 	C:\Windows\SYSTEM32\WSOCK32.dll
0x00007ffa88980000 - 0x00007ffa8898a000 	C:\Windows\SYSTEM32\VERSION.dll
0x00007ffa91920000 - 0x00007ffa9198b000 	C:\Windows\System32\WS2_32.dll
0x00007ffa8dcf0000 - 0x00007ffa8dd02000 	C:\Windows\SYSTEM32\kernel.appcore.dll
0x00007ffa79c80000 - 0x00007ffa79c8a000 	c:\Users\shiden\.vscode\extensions\redhat.java-1.21.0-win32-x64\jre\17.0.7-win32-x86_64\bin\jimage.dll
0x00007ffa84ce0000 - 0x00007ffa84ec4000 	C:\Windows\SYSTEM32\DBGHELP.DLL
0x00007ffa85120000 - 0x00007ffa85154000 	C:\Windows\SYSTEM32\dbgcore.DLL
0x00007ffa90650000 - 0x00007ffa906d2000 	C:\Windows\System32\bcryptPrimitives.dll
0x00007ffa79c50000 - 0x00007ffa79c5e000 	c:\Users\shiden\.vscode\extensions\redhat.java-1.21.0-win32-x64\jre\17.0.7-win32-x86_64\bin\instrument.dll
0x00007ffa6dc20000 - 0x00007ffa6dc45000 	c:\Users\shiden\.vscode\extensions\redhat.java-1.21.0-win32-x64\jre\17.0.7-win32-x86_64\bin\java.dll
0x00007ffa77470000 - 0x00007ffa77488000 	c:\Users\shiden\.vscode\extensions\redhat.java-1.21.0-win32-x64\jre\17.0.7-win32-x86_64\bin\zip.dll
0x00007ffa907b0000 - 0x00007ffa90ef4000 	C:\Windows\System32\SHELL32.dll
0x00007ffa8def0000 - 0x00007ffa8e683000 	C:\Windows\SYSTEM32\windows.storage.dll
0x00007ffa91370000 - 0x00007ffa916c4000 	C:\Windows\System32\combase.dll
0x00007ffa8f7a0000 - 0x00007ffa8f7ce000 	C:\Windows\SYSTEM32\Wldp.dll
0x00007ffa917a0000 - 0x00007ffa9184d000 	C:\Windows\System32\SHCORE.dll
0x00007ffa92330000 - 0x00007ffa92385000 	C:\Windows\System32\shlwapi.dll
0x00007ffa8fd70000 - 0x00007ffa8fd8f000 	C:\Windows\SYSTEM32\profapi.dll
0x00007ffa772a0000 - 0x00007ffa772b9000 	C:\Users\shiden\.vscode\extensions\redhat.java-1.21.0-win32-x64\jre\17.0.7-win32-x86_64\bin\net.dll
0x00007ffa89b20000 - 0x00007ffa89c2a000 	C:\Windows\SYSTEM32\WINHTTP.dll
0x00007ffa8f510000 - 0x00007ffa8f57a000 	C:\Windows\system32\mswsock.dll
0x00007ffa8f500000 - 0x00007ffa8f50a000 	C:\Windows\system32\wshqos.dll
0x00007ffa8f4f0000 - 0x00007ffa8f4f8000 	C:\Windows\SYSTEM32\wshtcpip.DLL
0x00007ffa8f4e0000 - 0x00007ffa8f4e8000 	C:\Windows\SYSTEM32\wship6.dll
0x00007ffa6d5e0000 - 0x00007ffa6d5f5000 	C:\Users\shiden\.vscode\extensions\redhat.java-1.21.0-win32-x64\jre\17.0.7-win32-x86_64\bin\nio.dll
0x00007ffa79a20000 - 0x00007ffa79a30000 	c:\Users\shiden\.vscode\extensions\redhat.java-1.21.0-win32-x64\jre\17.0.7-win32-x86_64\bin\verify.dll
0x00007ffa66f20000 - 0x00007ffa66f5e000 	C:\Users\shiden\AppData\Roaming\Code\User\globalStorage\redhat.java\1.21.0\config_win\org.eclipse.equinox.launcher\org.eclipse.equinox.launcher.win32.win32.x86_64_1.2.700.v20221108-1024\eclipse_11801.dll
0x00007ffa910d0000 - 0x00007ffa911fa000 	C:\Windows\System32\ole32.dll
0x00007ffa8f700000 - 0x00007ffa8f718000 	C:\Windows\SYSTEM32\CRYPTSP.dll
0x00007ffa8ee00000 - 0x00007ffa8ee34000 	C:\Windows\system32\rsaenh.dll
0x00007ffa903c0000 - 0x00007ffa903e7000 	C:\Windows\System32\bcrypt.dll
0x00007ffa8fd30000 - 0x00007ffa8fd5e000 	C:\Windows\SYSTEM32\USERENV.dll
0x00007ffa8fbc0000 - 0x00007ffa8fbcc000 	C:\Windows\SYSTEM32\CRYPTBASE.dll
0x00007ffa8f1d0000 - 0x00007ffa8f20c000 	C:\Windows\SYSTEM32\IPHLPAPI.DLL
0x00007ffa91790000 - 0x00007ffa91798000 	C:\Windows\System32\NSI.dll
0x00007ffa89a60000 - 0x00007ffa89a77000 	C:\Windows\SYSTEM32\dhcpcsvc6.DLL
0x00007ffa89a40000 - 0x00007ffa89a5d000 	C:\Windows\SYSTEM32\dhcpcsvc.DLL
0x00007ffa8f210000 - 0x00007ffa8f2db000 	C:\Windows\SYSTEM32\DNSAPI.dll
0x00007ffa66ed0000 - 0x00007ffa66f15000 	C:\Users\shiden\AppData\Local\Temp\jna--903341351\jna6844153299507801739.dll
0x00007ffa916d0000 - 0x00007ffa916d8000 	C:\Windows\System32\PSAPI.DLL

dbghelp: loaded successfully - version: 4.0.5 - missing functions: none
symbol engine: initialized successfully - sym options: 0x614 - pdb path: .;c:\Users\shiden\.vscode\extensions\redhat.java-1.21.0-win32-x64\jre\17.0.7-win32-x86_64\bin;C:\Windows\SYSTEM32;C:\Windows\WinSxS\amd64_microsoft.windows.common-controls_6595b64144ccf1df_6.0.19041.1110_none_60b5254171f9507e;c:\Users\shiden\.vscode\extensions\redhat.java-1.21.0-win32-x64\jre\17.0.7-win32-x86_64\bin\server;C:\Users\shiden\AppData\Roaming\Code\User\globalStorage\redhat.java\1.21.0\config_win\org.eclipse.equinox.launcher\org.eclipse.equinox.launcher.win32.win32.x86_64_1.2.700.v20221108-1024;C:\Users\shiden\AppData\Local\Temp\jna--903341351

VM Arguments:
jvm_args: --add-modules=ALL-SYSTEM --add-opens=java.base/java.util=ALL-UNNAMED --add-opens=java.base/java.lang=ALL-UNNAMED --add-opens=java.base/sun.nio.fs=ALL-UNNAMED -Declipse.application=org.eclipse.jdt.ls.core.id1 -Dosgi.bundles.defaultStartLevel=4 -Declipse.product=org.eclipse.jdt.ls.core.product -Djava.import.generatesMetadataFilesAtProjectRoot=false -Dfile.encoding=utf8 -XX:+UseParallelGC -XX:GCTimeRatio=4 -XX:AdaptiveSizePolicyWeight=90 -Dsun.zip.disableMemoryMapping=true -Xmx1G -Xms100m -Xlog:disable -javaagent:c:\Users\shiden\.vscode\extensions\redhat.java-1.21.0-win32-x64\lombok\lombok-1.18.28.jar -XX:+HeapDumpOnOutOfMemoryError -XX:HeapDumpPath=c:\Users\shiden\AppData\Roaming\Code\User\workspaceStorage\d4d7edd73409818630550ea46e1e96b1\redhat.java -Daether.dependencyCollector.impl=bf 
java_command: c:\Users\shiden\.vscode\extensions\redhat.java-1.21.0-win32-x64\server\plugins\org.eclipse.equinox.launcher_1.6.500.v20230717-2134.jar -configuration c:\Users\shiden\AppData\Roaming\Code\User\globalStorage\redhat.java\1.21.0\config_win -data c:\Users\shiden\AppData\Roaming\Code\User\workspaceStorage\d4d7edd73409818630550ea46e1e96b1\redhat.java\jdt_ws
java_class_path (initial): c:\Users\shiden\.vscode\extensions\redhat.java-1.21.0-win32-x64\server\plugins\org.eclipse.equinox.launcher_1.6.500.v20230717-2134.jar
Launcher Type: SUN_STANDARD

[Global flags]
    uintx AdaptiveSizePolicyWeight                 = 90                                        {product} {command line}
     intx CICompilerCount                          = 4                                         {product} {ergonomic}
    uintx GCTimeRatio                              = 4                                         {product} {command line}
     bool HeapDumpOnOutOfMemoryError               = true                                   {manageable} {command line}
    ccstr HeapDumpPath                             = c:\Users\shiden\AppData\Roaming\Code\User\workspaceStorage\d4d7edd73409818630550ea46e1e96b1\redhat.java         {manageable} {command line}
   size_t InitialHeapSize                          = 104857600                                 {product} {command line}
   size_t MaxHeapSize                              = 1073741824                                {product} {command line}
   size_t MaxNewSize                               = 357564416                                 {product} {ergonomic}
   size_t MinHeapDeltaBytes                        = 524288                                    {product} {ergonomic}
   size_t MinHeapSize                              = 104857600                                 {product} {command line}
   size_t NewSize                                  = 34603008                                  {product} {ergonomic}
    uintx NonNMethodCodeHeapSize                   = 5839372                                {pd product} {ergonomic}
    uintx NonProfiledCodeHeapSize                  = 122909434                              {pd product} {ergonomic}
   size_t OldSize                                  = 70254592                                  {product} {ergonomic}
    uintx ProfiledCodeHeapSize                     = 122909434                              {pd product} {ergonomic}
    uintx ReservedCodeCacheSize                    = 251658240                              {pd product} {ergonomic}
     bool SegmentedCodeCache                       = true                                      {product} {ergonomic}
   size_t SoftMaxHeapSize                          = 1073741824                             {manageable} {ergonomic}
     bool UseCompressedClassPointers               = true                           {product lp64_product} {ergonomic}
     bool UseCompressedOops                        = true                           {product lp64_product} {ergonomic}
     bool UseLargePagesIndividualAllocation        = false                                  {pd product} {ergonomic}
     bool UseParallelGC                            = true                                      {product} {command line}

Logging:
Log output configuration:
 #0: stdout all=off uptime,level,tags
 #1: stderr all=off uptime,level,tags

Environment Variables:
JAVA_HOME=C:\Program Files\Unity\Hub\Editor\2021.3.29f1\Editor\Data\PlaybackEngines\AndroidPlayer\OpenJDK
PATH=C:\Program Files\Common Files\Oracle\Java\javapath;C:\Windows\system32;C:\Windows;C:\Windows\System32\Wbem;C:\Windows\System32\WindowsPowerShell\v1.0\;C:\Program Files\dotnet\;C:\Program Files\Microsoft SQL Server\150\Tools\Binn\;C:\Program Files\Microsoft SQL Server\Client SDK\ODBC\170\Tools\Binn\;C:\Users\shiden\AppData\Local\Microsoft\WindowsApps;C:\ortamlar\java\bin;C:\Program Files\JetBrains\JetBrains Rider 2023.1.3\bin;;C:\Users\shiden\AppData\Local\Programs\Microsoft VS Code\bin;C:\Users\shiden\.dotnet\tools;C:\Users\shiden\AppData\Local\GitHubDesktop\bin;C:\ortam\java\bin;;C:\Program Files\Azure Data Studio\bin
USERNAME=shiden
OS=Windows_NT
PROCESSOR_IDENTIFIER=AMD64 Family 23 Model 104 Stepping 1, AuthenticAMD
TMP=C:\Users\shiden\AppData\Local\Temp
TEMP=C:\Users\shiden\AppData\Local\Temp



---------------  S Y S T E M  ---------------

OS:
 Windows 10 , 64 bit Build 19041 (10.0.19041.2913)
OS uptime: 0 days 6:55 hours

CPU: total 8 (initial active 8) (8 cores per cpu, 2 threads per core) family 23 model 104 stepping 1 microcode 0x0, cx8, cmov, fxsr, ht, mmx, 3dnowpref, sse, sse2, sse3, ssse3, sse4a, sse4.1, sse4.2, popcnt, lzcnt, tsc, tscinvbit, avx, avx2, aes, clmul, bmi1, bmi2, adx, sha, fma, vzeroupper, clflush, clflushopt

Memory: 4k page, system-wide physical 3429M (248M free)
TotalPageFile size 11621M (AvailPageFile size 5M)
current process WorkingSet (physical memory assigned to process): 166M, peak: 166M
current process commit charge ("private bytes"): 265M, peak: 268M

vm_info: OpenJDK 64-Bit Server VM (17.0.7+7) for windows-amd64 JRE (17.0.7+7), built on Apr 18 2023 22:10:42 by "temurin" with MS VC++ 16.7 (VS2019)

END.
